105 105
166 166
18 18
41 41
27 27
50 50
61 61
432 432
38 38
314 314
51 51
59 59
105 105
47 47
23 23
36 36
106 106
19 19
134 134
53 53
24 24
69 69
199 199
134 134
90 90
71 71
67 67
88 88
124 124
16 16
35 35
141 141
57 57
97 97
217 217
39 39
80 80
270 270
111 111
30 30
179 179
52 52
64 64
32 32
394 394
47 47
73 73
142 142
62 62
70 70
79 79
124 124
233 233
146 146
187 187
30 30
161 161
232 232
43 43
32 32
139 139
164 164
185 185
50 50
349 349
33 33
125 125
83 83
64 64
29 29
102 102
169 169
82 82
114 114
31 31
88 88
48 48
131 131
46 46
41 41
45 45
61 61
135 135
56 56
60 60
30 30
33 33
90 90
20 20
39 39
115 115
14 14
35 35
113 113
239 239
42 42
132 132
29 29
37 37
70 70
138 138
42 42
104 104
88 88
97 97
130 130
155 155
56 56
41 41
35 35
42 42
100 100
49 49
102 102
240 240
36 36
57 57
21 21
504 504
94 94
408 408
260 260
110 110
133 133
32 32
170 170
603 510
137 137
50 50
122 122
57 57
190 190
261 261
96 96
203 203
89 89
73 73
84 84
82 82
42 42
20 20
24 24
46 46
28 28
105 105 105
166 166 166
18 18 18
41 41 41
27 27 27
50 50 50
61 61 61
432 432 432
38 38 38
314 314 314
51 51 51
59 59 59
105 105 105
47 47 47
23 23 23
36 36 36
106 106 106
19 19 19
134 134 134
53 53 53
24 24 24
69 69 69
199 199 199
134 134 134
90 90 90
71 71 71
67 67 67
88 88 88
124 124 124
16 16 16
35 35 35
141 141 141
57 57 57
97 97 97
217 217 217
39 39 39
80 80 80
270 270 270
111 111 111
30 30 30
179 179 179
52 52 52
64 64 64
32 32 32
394 394 394
47 47 47
73 73 73
142 142 142
62 62 62
70 70 70
79 79 79
124 124 124
233 233 233
146 146 146
187 187 187
30 30 30
161 161 161
232 232 232
43 43 43
32 32 32
139 139 139
164 164 164
185 185 185
50 50 50
349 349 349
33 33 33
125 125 125
83 83 83
64 64 64
29 29 29
102 102 102
169 169 169
82 82 82
114 114 114
31 31 31
88 88 88
48 48 48
131 131 131
46 46 46
41 41 41
45 45 45
61 61 61
135 135 135
56 56 56
60 60 60
30 30 30
33 33 33
90 90 90
20 20 20
39 39 39
115 115 115
14 14 14
35 35 35
113 113 113
239 239 239
42 42 42
132 132 132
29 29 29
37 37 37
70 70 70
138 138 138
42 42 42
104 104 104
88 88 88
97 97 97
130 130 130
155 155 155
56 56 56
41 41 41
35 35 35
42 42 42
100 100 100
49 49 49
102 102 102
240 240 240
36 36 36
57 57 57
21 21 21
504 504 504
94 94 94
408 408 408
260 260 260
110 110 110
133 133 133
32 32 32
170 170 170
603 510 603
137 137 137
50 50 50
122 122 122
57 57 57
190 190 190
261 261 261
96 96 96
203 203 203
89 89 89
73 73 73
84 84 84
82 82 82
42 42 42
20 20 20
24 24 24
46 46 46
28 28 28
105 105
166 166
18 18
41 41
27 27
50 50
61 61
432 432
38 38
314 314
51 51
59 59
105 105
47 47
23 23
36 36
106 106
19 19
134 134
53 53
24 24
69 69
199 199
134 134
90 90
71 71
67 67
88 88
124 124
16 16
35 35
141 141
57 57
97 97
217 217
39 39
80 80
270 270
111 111
30 30
179 179
52 52
64 64
32 32
394 394
47 47
73 73
142 142
62 62
70 70
79 79
124 124
233 233
146 146
187 187
30 30
161 161
232 232
43 43
32 32
139 139
164 164
185 185
50 50
349 349
33 33
125 125
83 83
64 64
29 29
102 102
169 169
82 82
114 114
31 31
88 88
48 48
131 131
46 46
41 41
45 45
61 61
135 135
56 56
60 60
30 30
33 33
90 90
20 20
39 39
115 115
14 14
35 35
113 113
239 239
42 42
132 132
29 29
37 37
70 70
138 138
42 42
104 104
88 88
97 97
130 130
155 155
56 56
41 41
35 35
42 42
100 100
49 49
102 102
240 240
36 36
57 57
21 21
504 504
94 94
408 408
260 260
110 110
133 133
32 32
170 170
603 510
137 137
50 50
122 122
57 57
190 190
261 261
96 96
203 203
89 89
73 73
84 84
82 82
42 42
20 20
24 24
46 46
28 28
105 105 105
166 166 166
18 18 18
41 41 41
27 27 27
50 50 50
61 61 61
432 432 432
38 38 38
314 314 314
51 51 51
59 59 59
105 105 105
47 47 47
23 23 23
36 36 36
106 106 106
19 19 19
134 134 134
53 53 53
24 24 24
69 69 69
199 199 199
134 134 134
90 90 90
71 71 71
67 67 67
88 88 88
124 124 124
16 16 16
35 35 35
141 141 141
57 57 57
97 97 97
217 217 217
39 39 39
80 80 80
270 270 270
111 111 111
30 30 30
179 179 179
52 52 52
64 64 64
32 32 32
394 394 394
47 47 47
73 73 73
142 142 142
62 62 62
70 70 70
79 79 79
124 124 124
233 233 233
146 146 146
187 187 187
30 30 30
161 161 161
232 232 232
43 43 43
32 32 32
139 139 139
164 164 164
185 185 185
50 50 50
349 349 349
33 33 33
125 125 125
83 83 83
64 64 64
29 29 29
102 102 102
169 169 169
82 82 82
114 114 114
31 31 31
88 88 88
48 48 48
131 131 131
46 46 46
41 41 41
45 45 45
61 61 61
135 135 135
56 56 56
60 60 60
30 30 30
33 33 33
90 90 90
20 20 20
39 39 39
115 115 115
14 14 14
35 35 35
113 113 113
239 239 239
42 42 42
132 132 132
29 29 29
37 37 37
70 70 70
138 138 138
42 42 42
104 104 104
88 88 88
97 97 97
130 130 130
155 155 155
56 56 56
41 41 41
35 35 35
42 42 42
100 100 100
49 49 49
102 102 102
240 240 240
36 36 36
57 57 57
21 21 21
504 504 504
94 94 94
408 408 408
260 260 260
110 110 110
133 133 133
32 32 32
170 170 170
603 510 603
137 137 137
50 50 50
122 122 122
57 57 57
190 190 190
261 261 261
96 96 96
203 203 203
89 89 89
73 73 73
84 84 84
82 82 82
42 42 42
20 20 20
24 24 24
46 46 46
28 28 28
105 105
166 166
18 18
41 41
27 27
50 50
61 61
432 432
38 38
314 314
51 51
59 59
105 105
47 47
23 23
36 36
106 106
19 19
134 134
53 53
24 24
69 69
199 199
134 134
90 90
71 71
67 67
88 88
124 124
16 16
35 35
141 141
57 57
97 97
217 217
39 39
80 80
270 270
111 111
30 30
179 179
52 52
64 64
32 32
394 394
47 47
73 73
142 142
62 62
70 70
79 79
124 124
233 233
146 146
187 187
30 30
161 161
232 232
43 43
32 32
139 139
164 164
185 185
50 50
349 349
33 33
125 125
83 83
64 64
29 29
102 102
169 169
82 82
114 114
31 31
88 88
48 48
131 131
46 46
41 41
45 45
61 61
135 135
56 56
60 60
30 30
33 33
90 90
20 20
39 39
115 115
14 14
35 35
113 113
239 239
42 42
132 132
29 29
37 37
70 70
138 138
42 42
104 104
88 88
97 97
130 130
155 155
56 56
41 41
35 35
42 42
100 100
49 49
102 102
240 240
36 36
57 57
21 21
504 504
94 94
408 408
260 260
110 110
133 133
32 32
170 170
603 510
137 137
50 50
122 122
57 57
190 190
261 261
96 96
203 203
89 89
73 73
84 84
82 82
42 42
20 20
24 24
46 46
28 28
105 105 105
166 166 166
18 18 18
41 41 41
27 27 27
50 50 50
61 61 61
432 432 432
38 38 38
314 314 314
51 51 51
59 59 59
105 105 105
47 47 47
23 23 23
36 36 36
106 106 106
19 19 19
134 134 134
53 53 53
24 24 24
69 69 69
199 199 199
134 134 134
90 90 90
71 71 71
67 67 67
88 88 88
124 124 124
16 16 16
35 35 35
141 141 141
57 57 57
97 97 97
217 217 217
39 39 39
80 80 80
270 270 270
111 111 111
30 30 30
179 179 179
52 52 52
64 64 64
32 32 32
394 394 394
47 47 47
73 73 73
142 142 142
62 62 62
70 70 70
79 79 79
124 124 124
233 233 233
146 146 146
187 187 187
30 30 30
161 161 161
232 232 232
43 43 43
32 32 32
139 139 139
164 164 164
185 185 185
50 50 50
349 349 349
33 33 33
125 125 125
83 83 83
64 64 64
29 29 29
102 102 102
169 169 169
82 82 82
114 114 114
31 31 31
88 88 88
48 48 48
131 131 131
46 46 46
41 41 41
45 45 45
61 61 61
135 135 135
56 56 56
60 60 60
30 30 30
33 33 33
90 90 90
20 20 20
39 39 39
115 115 115
14 14 14
35 35 35
113 113 113
239 239 239
42 42 42
132 132 132
29 29 29
37 37 37
70 70 70
138 138 138
42 42 42
104 104 104
88 88 88
97 97 97
130 130 130
155 155 155
56 56 56
41 41 41
35 35 35
42 42 42
100 100 100
49 49 49
102 102 102
240 240 240
36 36 36
57 57 57
21 21 21
504 504 504
94 94 94
408 408 408
260 260 260
110 110 110
133 133 133
32 32 32
170 170 170
603 510 603
137 137 137
50 50 50
122 122 122
57 57 57
190 190 190
261 261 261
96 96 96
203 203 203
89 89 89
73 73 73
84 84 84
82 82 82
42 42 42
20 20 20
24 24 24
46 46 46
28 28 28
105 105
166 166
18 18
41 41
27 27
50 50
61 61
432 432
38 38
314 314
51 51
59 59
105 105
47 47
23 23
36 36
106 106
19 19
134 134
53 53
24 24
69 69
199 199
134 134
90 90
71 71
67 67
88 88
124 124
16 16
35 35
141 141
57 57
97 97
217 217
39 39
80 80
270 270
111 111
30 30
179 179
52 52
64 64
32 32
394 394
47 47
73 73
142 142
62 62
70 70
79 79
124 124
233 233
146 146
187 187
30 30
161 161
232 232
43 43
32 32
139 139
164 164
185 185
50 50
349 349
33 33
125 125
83 83
64 64
29 29
102 102
169 169
82 82
114 114
31 31
88 88
48 48
131 131
46 46
41 41
45 45
61 61
135 135
56 56
60 60
30 30
33 33
90 90
20 20
39 39
115 115
14 14
35 35
113 113
239 239
42 42
132 132
29 29
37 37
70 70
138 138
42 42
104 104
88 88
97 97
130 130
155 155
56 56
41 41
35 35
42 42
100 100
49 49
102 102
240 240
36 36
57 57
21 21
504 504
94 94
408 408
260 260
110 110
133 133
32 32
170 170
603 510
137 137
50 50
122 122
57 57
190 190
261 261
96 96
203 203
89 89
73 73
84 84
82 82
42 42
20 20
24 24
46 46
28 28
105 105 105
166 166 166
18 18 18
41 41 41
27 27 27
50 50 50
61 61 61
432 432 432
38 38 38
314 314 314
51 51 51
59 59 59
105 105 105
47 47 47
23 23 23
36 36 36
106 106 106
19 19 19
134 134 134
53 53 53
24 24 24
69 69 69
199 199 199
134 134 134
90 90 90
71 71 71
67 67 67
88 88 88
124 124 124
16 16 16
35 35 35
141 141 141
57 57 57
97 97 97
217 217 217
39 39 39
80 80 80
270 270 270
111 111 111
30 30 30
179 179 179
52 52 52
64 64 64
32 32 32
394 394 394
47 47 47
73 73 73
142 142 142
62 62 62
70 70 70
79 79 79
124 124 124
233 233 233
146 146 146
187 187 187
30 30 30
161 161 161
232 232 232
43 43 43
32 32 32
139 139 139
164 164 164
185 185 185
50 50 50
349 349 349
33 33 33
125 125 125
83 83 83
64 64 64
29 29 29
102 102 102
169 169 169
82 82 82
114 114 114
31 31 31
88 88 88
48 48 48
131 131 131
46 46 46
41 41 41
45 45 45
61 61 61
135 135 135
56 56 56
60 60 60
30 30 30
33 33 33
90 90 90
20 20 20
39 39 39
115 115 115
14 14 14
35 35 35
113 113 113
239 239 239
42 42 42
132 132 132
29 29 29
37 37 37
70 70 70
138 138 138
42 42 42
104 104 104
88 88 88
97 97 97
130 130 130
155 155 155
56 56 56
41 41 41
35 35 35
42 42 42
100 100 100
49 49 49
102 102 102
240 240 240
36 36 36
57 57 57
21 21 21
504 504 504
94 94 94
408 408 408
260 260 260
110 110 110
133 133 133
32 32 32
170 170 170
603 510 603
137 137 137
50 50 50
122 122 122
57 57 57
190 190 190
261 261 261
96 96 96
203 203 203
89 89 89
73 73 73
84 84 84
82 82 82
42 42 42
20 20 20
24 24 24
46 46 46
28 28 28
