## 测试场景"1", 测试用例"第二十八条_1", 覆盖变量数目为6, 未覆盖的变量包括['交易方向', '交易时间']
## 测试场景"1", 测试用例"第二十八条_2", 覆盖变量数目为5, 未覆盖的变量包括['交易方式', '交易方向', '交易时间']
## 测试场景"1", 测试用例"第二十九条_3", 覆盖变量数目为5, 未覆盖的变量包括['操作', '交易时间', '单笔交易数量']
## 测试场景"1", 测试用例"第二十九条_4", 覆盖变量数目为4, 未覆盖的变量包括['操作', '交易方向', '交易时间', '单笔交易数量']
## 测试场景"1", 测试用例"第二十九条_5", 覆盖变量数目为5, 未覆盖的变量包括['操作', '交易时间', '单笔交易数量']
## 测试场景"1", 测试用例"第二十九条_6", 覆盖变量数目为4, 未覆盖的变量包括['操作', '交易方向', '交易时间', '单笔交易数量']
## 测试场景"1", 测试用例"第二十九条_7", 覆盖变量数目为4, 未覆盖的变量包括['操作', '交易方向', '交易时间', '单笔交易数量']
## 测试场景"1", 测试用例"第三十条_1", 覆盖变量数目为4, 未覆盖的变量包括['操作', '交易方式', '交易时间', '单笔交易数量']
## 测试场景"1", 测试用例"第三十条_2", 覆盖变量数目为3, 未覆盖的变量包括['操作', '交易方式', '交易方向', '交易时间', '单笔交易数量']
## 测试场景"1", 测试用例"第三十条_3", 覆盖变量数目为4, 未覆盖的变量包括['操作', '交易方式', '交易时间', '单笔交易数量']
## 测试场景"1", 测试用例"第三十条_4", 覆盖变量数目为3, 未覆盖的变量包括['操作', '交易方式', '交易方向', '交易时间', '单笔交易数量']
## 测试场景"1", 测试用例"第三十条_5", 覆盖变量数目为4, 未覆盖的变量包括['操作', '交易方式', '交易时间', '单笔交易数量']
## 测试场景"1", 测试用例"第三十条_6", 覆盖变量数目为3, 未覆盖的变量包括['操作', '交易方式', '交易方向', '交易时间', '单笔交易数量']
## 测试场景"1", 测试用例"第三十一条_1", 覆盖变量数目为5, 未覆盖的变量包括['操作', '交易时间', '单笔交易数量']
## 测试场景"1", 测试用例"第三十一条_2", 覆盖变量数目为5, 未覆盖的变量包括['操作', '交易时间', '单笔交易数量']
## 测试场景"1", 测试用例"第三十一条_4", 覆盖变量数目为5, 未覆盖的变量包括['操作', '交易时间', '单笔交易数量']
## 测试场景"1", 测试用例"第三十二条_1", 覆盖变量数目为3, 未覆盖的变量包括['操作', '交易市场', '交易方向', '交易时间', '单笔交易数量']
## 测试场景"1", 测试用例"第三十二条_2", 覆盖变量数目为2, 未覆盖的变量包括['操作', '交易市场', '交易方式', '交易方向', '交易时间', '单笔交易数量']
## 测试场景"1", 测试用例"第三十二条_3", 覆盖变量数目为3, 未覆盖的变量包括['操作', '交易市场', '交易方向', '交易时间', '单笔交易数量']
## 测试场景"1", 测试用例"第三十二条_4", 覆盖变量数目为2, 未覆盖的变量包括['操作', '交易市场', '交易方式', '交易方向', '交易时间', '单笔交易数量']
## 测试场景"1", 测试用例"第三十三条_1", 覆盖变量数目为3, 未覆盖的变量包括['操作', '交易市场', '交易方向', '交易时间', '单笔交易数量']
## 测试场景"1", 测试用例"第三十三条_2", 覆盖变量数目为2, 未覆盖的变量包括['操作', '交易市场', '交易方式', '交易方向', '交易时间', '单笔交易数量']
## 测试场景"1", 测试用例"第三十三条_3", 覆盖变量数目为2, 未覆盖的变量包括['操作', '交易市场', '交易方式', '交易方向', '交易时间', '单笔交易数量']
## 测试场景"1", 测试用例"第三十四条_2", 覆盖变量数目为3, 未覆盖的变量包括['操作', '交易方式', '交易方向', '交易时间', '单笔交易数量']
### 测试场景"1", 覆盖变量的最大数目为7, 整体未覆盖的变量包括['交易时间']

## 测试场景"2", 测试用例"第二十八条_1", 覆盖变量数目为7, 未覆盖的变量包括['交易方向', '交易时间']
## 测试场景"2", 测试用例"第二十八条_2", 覆盖变量数目为6, 未覆盖的变量包括['交易方式', '交易方向', '交易时间']
## 测试场景"2", 测试用例"第二十九条_3", 覆盖变量数目为5, 未覆盖的变量包括['操作', '交易时间', '单笔交易数量', '交易金额']
## 测试场景"2", 测试用例"第二十九条_4", 覆盖变量数目为4, 未覆盖的变量包括['操作', '交易方向', '交易时间', '单笔交易数量', '交易金额']
## 测试场景"2", 测试用例"第二十九条_5", 覆盖变量数目为5, 未覆盖的变量包括['操作', '交易时间', '单笔交易数量', '交易金额']
## 测试场景"2", 测试用例"第二十九条_6", 覆盖变量数目为4, 未覆盖的变量包括['操作', '交易方向', '交易时间', '单笔交易数量', '交易金额']
## 测试场景"2", 测试用例"第二十九条_7", 覆盖变量数目为4, 未覆盖的变量包括['操作', '交易方向', '交易时间', '单笔交易数量', '交易金额']
## 测试场景"2", 测试用例"第三十条_1", 覆盖变量数目为4, 未覆盖的变量包括['操作', '交易方式', '交易时间', '单笔交易数量', '交易金额']
## 测试场景"2", 测试用例"第三十条_2", 覆盖变量数目为3, 未覆盖的变量包括['操作', '交易方式', '交易方向', '交易时间', '单笔交易数量', '交易金额']
## 测试场景"2", 测试用例"第三十条_3", 覆盖变量数目为4, 未覆盖的变量包括['操作', '交易方式', '交易时间', '单笔交易数量', '交易金额']
## 测试场景"2", 测试用例"第三十条_4", 覆盖变量数目为3, 未覆盖的变量包括['操作', '交易方式', '交易方向', '交易时间', '单笔交易数量', '交易金额']
## 测试场景"2", 测试用例"第三十条_5", 覆盖变量数目为4, 未覆盖的变量包括['操作', '交易方式', '交易时间', '单笔交易数量', '交易金额']
## 测试场景"2", 测试用例"第三十条_6", 覆盖变量数目为3, 未覆盖的变量包括['操作', '交易方式', '交易方向', '交易时间', '单笔交易数量', '交易金额']
## 测试场景"2", 测试用例"第三十一条_1", 覆盖变量数目为5, 未覆盖的变量包括['操作', '交易时间', '单笔交易数量', '交易金额']
## 测试场景"2", 测试用例"第三十一条_2", 覆盖变量数目为5, 未覆盖的变量包括['操作', '交易时间', '单笔交易数量', '交易金额']
## 测试场景"2", 测试用例"第三十一条_4", 覆盖变量数目为5, 未覆盖的变量包括['操作', '交易时间', '单笔交易数量', '交易金额']
## 测试场景"2", 测试用例"第三十二条_1", 覆盖变量数目为3, 未覆盖的变量包括['操作', '交易市场', '交易方向', '交易时间', '单笔交易数量', '交易金额']
## 测试场景"2", 测试用例"第三十二条_2", 覆盖变量数目为2, 未覆盖的变量包括['操作', '交易市场', '交易方式', '交易方向', '交易时间', '单笔交易数量', '交易金额']
## 测试场景"2", 测试用例"第三十二条_3", 覆盖变量数目为3, 未覆盖的变量包括['操作', '交易市场', '交易方向', '交易时间', '单笔交易数量', '交易金额']
## 测试场景"2", 测试用例"第三十二条_4", 覆盖变量数目为2, 未覆盖的变量包括['操作', '交易市场', '交易方式', '交易方向', '交易时间', '单笔交易数量', '交易金额']
## 测试场景"2", 测试用例"第三十三条_1", 覆盖变量数目为3, 未覆盖的变量包括['操作', '交易市场', '交易方向', '交易时间', '单笔交易数量', '交易金额']
## 测试场景"2", 测试用例"第三十三条_2", 覆盖变量数目为2, 未覆盖的变量包括['操作', '交易市场', '交易方式', '交易方向', '交易时间', '单笔交易数量', '交易金额']
## 测试场景"2", 测试用例"第三十三条_3", 覆盖变量数目为2, 未覆盖的变量包括['操作', '交易市场', '交易方式', '交易方向', '交易时间', '单笔交易数量', '交易金额']
## 测试场景"2", 测试用例"第三十四条_2", 覆盖变量数目为3, 未覆盖的变量包括['操作', '交易方式', '交易方向', '交易时间', '单笔交易数量', '交易金额']
### 测试场景"2", 覆盖变量的最大数目为8, 整体未覆盖的变量包括['交易时间']

## 测试场景"3", 测试用例"第二十八条_3", 覆盖变量数目为7, 未覆盖的变量包括['交易方向', '交易时间']
## 测试场景"3", 测试用例"第二十八条_4", 覆盖变量数目为6, 未覆盖的变量包括['交易方式', '交易方向', '交易时间']
### 测试场景"3", 覆盖变量的最大数目为7, 整体未覆盖的变量包括['交易方向', '交易时间']

## 测试场景"4", 测试用例"第二十八条_3", 覆盖变量数目为5, 未覆盖的变量包括['交易方向', '交易时间']
## 测试场景"4", 测试用例"第二十八条_4", 覆盖变量数目为4, 未覆盖的变量包括['交易方式', '交易方向', '交易时间']
### 测试场景"4", 覆盖变量的最大数目为5, 整体未覆盖的变量包括['交易方向', '交易时间']

## 测试场景"5", 测试用例"第二十八条_3", 覆盖变量数目为5, 未覆盖的变量包括['交易方向', '状态']
## 测试场景"5", 测试用例"第二十八条_4", 覆盖变量数目为4, 未覆盖的变量包括['交易方式', '交易方向', '状态']
### 测试场景"5", 覆盖变量的最大数目为5, 整体未覆盖的变量包括['交易方向', '状态']

## 测试场景"6", 测试用例"第二十八条_1", 覆盖变量数目为7, 未覆盖的变量包括['交易时间']
## 测试场景"6", 测试用例"第二十八条_2", 覆盖变量数目为6, 未覆盖的变量包括['交易方式', '交易时间']
## 测试场景"6", 测试用例"第二十九条_3", 覆盖变量数目为4, 未覆盖的变量包括['操作', '交易方向', '交易时间', '单笔交易数量']
## 测试场景"6", 测试用例"第二十九条_4", 覆盖变量数目为5, 未覆盖的变量包括['操作', '交易时间', '单笔交易数量']
## 测试场景"6", 测试用例"第二十九条_5", 覆盖变量数目为4, 未覆盖的变量包括['操作', '交易方向', '交易时间', '单笔交易数量']
## 测试场景"6", 测试用例"第二十九条_6", 覆盖变量数目为5, 未覆盖的变量包括['操作', '交易时间', '单笔交易数量']
## 测试场景"6", 测试用例"第二十九条_7", 覆盖变量数目为4, 未覆盖的变量包括['操作', '交易方向', '交易时间', '单笔交易数量']
## 测试场景"6", 测试用例"第三十条_1", 覆盖变量数目为3, 未覆盖的变量包括['操作', '交易方式', '交易方向', '交易时间', '单笔交易数量']
## 测试场景"6", 测试用例"第三十条_2", 覆盖变量数目为4, 未覆盖的变量包括['操作', '交易方式', '交易时间', '单笔交易数量']
## 测试场景"6", 测试用例"第三十条_3", 覆盖变量数目为3, 未覆盖的变量包括['操作', '交易方式', '交易方向', '交易时间', '单笔交易数量']
## 测试场景"6", 测试用例"第三十条_4", 覆盖变量数目为4, 未覆盖的变量包括['操作', '交易方式', '交易时间', '单笔交易数量']
## 测试场景"6", 测试用例"第三十条_5", 覆盖变量数目为3, 未覆盖的变量包括['操作', '交易方式', '交易方向', '交易时间', '单笔交易数量']
## 测试场景"6", 测试用例"第三十条_6", 覆盖变量数目为4, 未覆盖的变量包括['操作', '交易方式', '交易时间', '单笔交易数量']
## 测试场景"6", 测试用例"第三十一条_1", 覆盖变量数目为4, 未覆盖的变量包括['操作', '交易方向', '交易时间', '单笔交易数量']
## 测试场景"6", 测试用例"第三十一条_2", 覆盖变量数目为4, 未覆盖的变量包括['操作', '交易方向', '交易时间', '单笔交易数量']
## 测试场景"6", 测试用例"第三十一条_4", 覆盖变量数目为4, 未覆盖的变量包括['操作', '交易方向', '交易时间', '单笔交易数量']
## 测试场景"6", 测试用例"第三十二条_1", 覆盖变量数目为3, 未覆盖的变量包括['操作', '交易市场', '交易方向', '交易时间', '单笔交易数量']
## 测试场景"6", 测试用例"第三十二条_2", 覆盖变量数目为2, 未覆盖的变量包括['操作', '交易市场', '交易方式', '交易方向', '交易时间', '单笔交易数量']
## 测试场景"6", 测试用例"第三十二条_3", 覆盖变量数目为3, 未覆盖的变量包括['操作', '交易市场', '交易方向', '交易时间', '单笔交易数量']
## 测试场景"6", 测试用例"第三十二条_4", 覆盖变量数目为2, 未覆盖的变量包括['操作', '交易市场', '交易方式', '交易方向', '交易时间', '单笔交易数量']
## 测试场景"6", 测试用例"第三十三条_1", 覆盖变量数目为3, 未覆盖的变量包括['操作', '交易市场', '交易方向', '交易时间', '单笔交易数量']
## 测试场景"6", 测试用例"第三十三条_2", 覆盖变量数目为2, 未覆盖的变量包括['操作', '交易市场', '交易方式', '交易方向', '交易时间', '单笔交易数量']
## 测试场景"6", 测试用例"第三十三条_3", 覆盖变量数目为2, 未覆盖的变量包括['操作', '交易市场', '交易方式', '交易方向', '交易时间', '单笔交易数量']
## 测试场景"6", 测试用例"第三十四条_2", 覆盖变量数目为3, 未覆盖的变量包括['操作', '交易方式', '交易方向', '交易时间', '单笔交易数量']
### 测试场景"6", 覆盖变量的最大数目为7, 整体未覆盖的变量包括['交易时间']

## 测试场景"7", 测试用例"第二十八条_1", 覆盖变量数目为8, 未覆盖的变量包括['交易时间']
## 测试场景"7", 测试用例"第二十八条_2", 覆盖变量数目为7, 未覆盖的变量包括['交易方式', '交易时间']
## 测试场景"7", 测试用例"第二十九条_3", 覆盖变量数目为4, 未覆盖的变量包括['操作', '交易方向', '交易时间', '单笔交易数量', '交易金额']
## 测试场景"7", 测试用例"第二十九条_4", 覆盖变量数目为5, 未覆盖的变量包括['操作', '交易时间', '单笔交易数量', '交易金额']
## 测试场景"7", 测试用例"第二十九条_5", 覆盖变量数目为4, 未覆盖的变量包括['操作', '交易方向', '交易时间', '单笔交易数量', '交易金额']
## 测试场景"7", 测试用例"第二十九条_6", 覆盖变量数目为5, 未覆盖的变量包括['操作', '交易时间', '单笔交易数量', '交易金额']
## 测试场景"7", 测试用例"第二十九条_7", 覆盖变量数目为4, 未覆盖的变量包括['操作', '交易方向', '交易时间', '单笔交易数量', '交易金额']
## 测试场景"7", 测试用例"第三十条_1", 覆盖变量数目为3, 未覆盖的变量包括['操作', '交易方式', '交易方向', '交易时间', '单笔交易数量', '交易金额']
## 测试场景"7", 测试用例"第三十条_2", 覆盖变量数目为4, 未覆盖的变量包括['操作', '交易方式', '交易时间', '单笔交易数量', '交易金额']
## 测试场景"7", 测试用例"第三十条_3", 覆盖变量数目为3, 未覆盖的变量包括['操作', '交易方式', '交易方向', '交易时间', '单笔交易数量', '交易金额']
## 测试场景"7", 测试用例"第三十条_4", 覆盖变量数目为4, 未覆盖的变量包括['操作', '交易方式', '交易时间', '单笔交易数量', '交易金额']
## 测试场景"7", 测试用例"第三十条_5", 覆盖变量数目为3, 未覆盖的变量包括['操作', '交易方式', '交易方向', '交易时间', '单笔交易数量', '交易金额']
## 测试场景"7", 测试用例"第三十条_6", 覆盖变量数目为4, 未覆盖的变量包括['操作', '交易方式', '交易时间', '单笔交易数量', '交易金额']
## 测试场景"7", 测试用例"第三十一条_1", 覆盖变量数目为4, 未覆盖的变量包括['操作', '交易方向', '交易时间', '单笔交易数量', '交易金额']
## 测试场景"7", 测试用例"第三十一条_2", 覆盖变量数目为4, 未覆盖的变量包括['操作', '交易方向', '交易时间', '单笔交易数量', '交易金额']
## 测试场景"7", 测试用例"第三十一条_4", 覆盖变量数目为4, 未覆盖的变量包括['操作', '交易方向', '交易时间', '单笔交易数量', '交易金额']
## 测试场景"7", 测试用例"第三十二条_1", 覆盖变量数目为3, 未覆盖的变量包括['操作', '交易市场', '交易方向', '交易时间', '单笔交易数量', '交易金额']
## 测试场景"7", 测试用例"第三十二条_2", 覆盖变量数目为2, 未覆盖的变量包括['操作', '交易市场', '交易方式', '交易方向', '交易时间', '单笔交易数量', '交易金额']
## 测试场景"7", 测试用例"第三十二条_3", 覆盖变量数目为3, 未覆盖的变量包括['操作', '交易市场', '交易方向', '交易时间', '单笔交易数量', '交易金额']
## 测试场景"7", 测试用例"第三十二条_4", 覆盖变量数目为2, 未覆盖的变量包括['操作', '交易市场', '交易方式', '交易方向', '交易时间', '单笔交易数量', '交易金额']
## 测试场景"7", 测试用例"第三十三条_1", 覆盖变量数目为3, 未覆盖的变量包括['操作', '交易市场', '交易方向', '交易时间', '单笔交易数量', '交易金额']
## 测试场景"7", 测试用例"第三十三条_2", 覆盖变量数目为2, 未覆盖的变量包括['操作', '交易市场', '交易方式', '交易方向', '交易时间', '单笔交易数量', '交易金额']
## 测试场景"7", 测试用例"第三十三条_3", 覆盖变量数目为2, 未覆盖的变量包括['操作', '交易市场', '交易方式', '交易方向', '交易时间', '单笔交易数量', '交易金额']
## 测试场景"7", 测试用例"第三十四条_2", 覆盖变量数目为3, 未覆盖的变量包括['操作', '交易方式', '交易方向', '交易时间', '单笔交易数量', '交易金额']
### 测试场景"7", 覆盖变量的最大数目为8, 整体未覆盖的变量包括['交易时间']

## 测试场景"8", 测试用例"第二十八条_3", 覆盖变量数目为8, 未覆盖的变量包括['交易时间']
## 测试场景"8", 测试用例"第二十八条_4", 覆盖变量数目为7, 未覆盖的变量包括['交易方式', '交易时间']
### 测试场景"8", 覆盖变量的最大数目为8, 整体未覆盖的变量包括['交易时间']

## 测试场景"9", 测试用例"第二十八条_3", 覆盖变量数目为6, 未覆盖的变量包括['交易时间']
## 测试场景"9", 测试用例"第二十八条_4", 覆盖变量数目为5, 未覆盖的变量包括['交易方式', '交易时间']
### 测试场景"9", 覆盖变量的最大数目为6, 整体未覆盖的变量包括['交易时间']

## 测试场景"10", 测试用例"第二十八条_3", 覆盖变量数目为6, 未覆盖的变量包括['状态']
## 测试场景"10", 测试用例"第二十八条_4", 覆盖变量数目为5, 未覆盖的变量包括['交易方式', '状态']
### 测试场景"10", 覆盖变量的最大数目为6, 整体未覆盖的变量包括['状态']

## 测试场景"11", 测试用例"第二十八条_1", 覆盖变量数目为5, 未覆盖的变量包括['交易方式', '交易方向', '交易时间']
## 测试场景"11", 测试用例"第二十八条_2", 覆盖变量数目为6, 未覆盖的变量包括['交易方向', '交易时间']
## 测试场景"11", 测试用例"第二十九条_3", 覆盖变量数目为4, 未覆盖的变量包括['操作', '交易方式', '交易时间', '单笔交易数量']
## 测试场景"11", 测试用例"第二十九条_4", 覆盖变量数目为3, 未覆盖的变量包括['操作', '交易方式', '交易方向', '交易时间', '单笔交易数量']
## 测试场景"11", 测试用例"第二十九条_5", 覆盖变量数目为4, 未覆盖的变量包括['操作', '交易方式', '交易时间', '单笔交易数量']
## 测试场景"11", 测试用例"第二十九条_6", 覆盖变量数目为3, 未覆盖的变量包括['操作', '交易方式', '交易方向', '交易时间', '单笔交易数量']
## 测试场景"11", 测试用例"第二十九条_7", 覆盖变量数目为3, 未覆盖的变量包括['操作', '交易方式', '交易方向', '交易时间', '单笔交易数量']
## 测试场景"11", 测试用例"第三十条_1", 覆盖变量数目为5, 未覆盖的变量包括['操作', '交易时间', '单笔交易数量']
## 测试场景"11", 测试用例"第三十条_2", 覆盖变量数目为4, 未覆盖的变量包括['操作', '交易方向', '交易时间', '单笔交易数量']
## 测试场景"11", 测试用例"第三十条_3", 覆盖变量数目为5, 未覆盖的变量包括['操作', '交易时间', '单笔交易数量']
## 测试场景"11", 测试用例"第三十条_4", 覆盖变量数目为4, 未覆盖的变量包括['操作', '交易方向', '交易时间', '单笔交易数量']
## 测试场景"11", 测试用例"第三十条_5", 覆盖变量数目为5, 未覆盖的变量包括['操作', '交易时间', '单笔交易数量']
## 测试场景"11", 测试用例"第三十条_6", 覆盖变量数目为4, 未覆盖的变量包括['操作', '交易方向', '交易时间', '单笔交易数量']
## 测试场景"11", 测试用例"第三十一条_1", 覆盖变量数目为4, 未覆盖的变量包括['操作', '交易方式', '交易时间', '单笔交易数量']
## 测试场景"11", 测试用例"第三十一条_2", 覆盖变量数目为4, 未覆盖的变量包括['操作', '交易方式', '交易时间', '单笔交易数量']
## 测试场景"11", 测试用例"第三十一条_4", 覆盖变量数目为4, 未覆盖的变量包括['操作', '交易方式', '交易时间', '单笔交易数量']
## 测试场景"11", 测试用例"第三十二条_1", 覆盖变量数目为2, 未覆盖的变量包括['操作', '交易市场', '交易方式', '交易方向', '交易时间', '单笔交易数量']
## 测试场景"11", 测试用例"第三十二条_2", 覆盖变量数目为3, 未覆盖的变量包括['操作', '交易市场', '交易方向', '交易时间', '单笔交易数量']
## 测试场景"11", 测试用例"第三十二条_3", 覆盖变量数目为2, 未覆盖的变量包括['操作', '交易市场', '交易方式', '交易方向', '交易时间', '单笔交易数量']
## 测试场景"11", 测试用例"第三十二条_4", 覆盖变量数目为3, 未覆盖的变量包括['操作', '交易市场', '交易方向', '交易时间', '单笔交易数量']
## 测试场景"11", 测试用例"第三十三条_1", 覆盖变量数目为2, 未覆盖的变量包括['操作', '交易市场', '交易方式', '交易方向', '交易时间', '单笔交易数量']
## 测试场景"11", 测试用例"第三十三条_2", 覆盖变量数目为3, 未覆盖的变量包括['操作', '交易市场', '交易方向', '交易时间', '单笔交易数量']
## 测试场景"11", 测试用例"第三十三条_3", 覆盖变量数目为2, 未覆盖的变量包括['操作', '交易市场', '交易方式', '交易方向', '交易时间', '单笔交易数量']
## 测试场景"11", 测试用例"第三十四条_2", 覆盖变量数目为3, 未覆盖的变量包括['操作', '交易方式', '交易方向', '交易时间', '单笔交易数量']
### 测试场景"11", 覆盖变量的最大数目为7, 整体未覆盖的变量包括['交易时间']

## 测试场景"12", 测试用例"第二十八条_1", 覆盖变量数目为6, 未覆盖的变量包括['交易方式', '交易方向', '交易时间']
## 测试场景"12", 测试用例"第二十八条_2", 覆盖变量数目为7, 未覆盖的变量包括['交易方向', '交易时间']
## 测试场景"12", 测试用例"第二十九条_3", 覆盖变量数目为4, 未覆盖的变量包括['操作', '交易方式', '交易时间', '单笔交易数量', '交易金额']
## 测试场景"12", 测试用例"第二十九条_4", 覆盖变量数目为3, 未覆盖的变量包括['操作', '交易方式', '交易方向', '交易时间', '单笔交易数量', '交易金额']
## 测试场景"12", 测试用例"第二十九条_5", 覆盖变量数目为4, 未覆盖的变量包括['操作', '交易方式', '交易时间', '单笔交易数量', '交易金额']
## 测试场景"12", 测试用例"第二十九条_6", 覆盖变量数目为3, 未覆盖的变量包括['操作', '交易方式', '交易方向', '交易时间', '单笔交易数量', '交易金额']
## 测试场景"12", 测试用例"第二十九条_7", 覆盖变量数目为3, 未覆盖的变量包括['操作', '交易方式', '交易方向', '交易时间', '单笔交易数量', '交易金额']
## 测试场景"12", 测试用例"第三十条_1", 覆盖变量数目为5, 未覆盖的变量包括['操作', '交易时间', '单笔交易数量', '交易金额']
## 测试场景"12", 测试用例"第三十条_2", 覆盖变量数目为4, 未覆盖的变量包括['操作', '交易方向', '交易时间', '单笔交易数量', '交易金额']
## 测试场景"12", 测试用例"第三十条_3", 覆盖变量数目为5, 未覆盖的变量包括['操作', '交易时间', '单笔交易数量', '交易金额']
## 测试场景"12", 测试用例"第三十条_4", 覆盖变量数目为4, 未覆盖的变量包括['操作', '交易方向', '交易时间', '单笔交易数量', '交易金额']
## 测试场景"12", 测试用例"第三十条_5", 覆盖变量数目为5, 未覆盖的变量包括['操作', '交易时间', '单笔交易数量', '交易金额']
## 测试场景"12", 测试用例"第三十条_6", 覆盖变量数目为4, 未覆盖的变量包括['操作', '交易方向', '交易时间', '单笔交易数量', '交易金额']
## 测试场景"12", 测试用例"第三十一条_1", 覆盖变量数目为4, 未覆盖的变量包括['操作', '交易方式', '交易时间', '单笔交易数量', '交易金额']
## 测试场景"12", 测试用例"第三十一条_2", 覆盖变量数目为4, 未覆盖的变量包括['操作', '交易方式', '交易时间', '单笔交易数量', '交易金额']
## 测试场景"12", 测试用例"第三十一条_4", 覆盖变量数目为4, 未覆盖的变量包括['操作', '交易方式', '交易时间', '单笔交易数量', '交易金额']
## 测试场景"12", 测试用例"第三十二条_1", 覆盖变量数目为2, 未覆盖的变量包括['操作', '交易市场', '交易方式', '交易方向', '交易时间', '单笔交易数量', '交易金额']
## 测试场景"12", 测试用例"第三十二条_2", 覆盖变量数目为3, 未覆盖的变量包括['操作', '交易市场', '交易方向', '交易时间', '单笔交易数量', '交易金额']
## 测试场景"12", 测试用例"第三十二条_3", 覆盖变量数目为2, 未覆盖的变量包括['操作', '交易市场', '交易方式', '交易方向', '交易时间', '单笔交易数量', '交易金额']
## 测试场景"12", 测试用例"第三十二条_4", 覆盖变量数目为3, 未覆盖的变量包括['操作', '交易市场', '交易方向', '交易时间', '单笔交易数量', '交易金额']
## 测试场景"12", 测试用例"第三十三条_1", 覆盖变量数目为2, 未覆盖的变量包括['操作', '交易市场', '交易方式', '交易方向', '交易时间', '单笔交易数量', '交易金额']
## 测试场景"12", 测试用例"第三十三条_2", 覆盖变量数目为3, 未覆盖的变量包括['操作', '交易市场', '交易方向', '交易时间', '单笔交易数量', '交易金额']
## 测试场景"12", 测试用例"第三十三条_3", 覆盖变量数目为2, 未覆盖的变量包括['操作', '交易市场', '交易方式', '交易方向', '交易时间', '单笔交易数量', '交易金额']
## 测试场景"12", 测试用例"第三十四条_2", 覆盖变量数目为3, 未覆盖的变量包括['操作', '交易方式', '交易方向', '交易时间', '单笔交易数量', '交易金额']
### 测试场景"12", 覆盖变量的最大数目为8, 整体未覆盖的变量包括['交易时间']

## 测试场景"13", 测试用例"第二十八条_3", 覆盖变量数目为6, 未覆盖的变量包括['交易方式', '交易方向', '交易时间']
## 测试场景"13", 测试用例"第二十八条_4", 覆盖变量数目为7, 未覆盖的变量包括['交易方向', '交易时间']
### 测试场景"13", 覆盖变量的最大数目为7, 整体未覆盖的变量包括['交易方向', '交易时间']

## 测试场景"14", 测试用例"第二十八条_3", 覆盖变量数目为4, 未覆盖的变量包括['交易方式', '交易方向', '交易时间']
## 测试场景"14", 测试用例"第二十八条_4", 覆盖变量数目为5, 未覆盖的变量包括['交易方向', '交易时间']
### 测试场景"14", 覆盖变量的最大数目为5, 整体未覆盖的变量包括['交易方向', '交易时间']

## 测试场景"15", 测试用例"第二十八条_3", 覆盖变量数目为4, 未覆盖的变量包括['交易方式', '交易方向', '状态']
## 测试场景"15", 测试用例"第二十八条_4", 覆盖变量数目为5, 未覆盖的变量包括['交易方向', '状态']
### 测试场景"15", 覆盖变量的最大数目为5, 整体未覆盖的变量包括['交易方向', '状态']

## 测试场景"16", 测试用例"第二十八条_1", 覆盖变量数目为6, 未覆盖的变量包括['交易方式', '交易时间']
## 测试场景"16", 测试用例"第二十八条_2", 覆盖变量数目为7, 未覆盖的变量包括['交易时间']
## 测试场景"16", 测试用例"第二十九条_3", 覆盖变量数目为3, 未覆盖的变量包括['操作', '交易方式', '交易方向', '交易时间', '单笔交易数量']
## 测试场景"16", 测试用例"第二十九条_4", 覆盖变量数目为4, 未覆盖的变量包括['操作', '交易方式', '交易时间', '单笔交易数量']
## 测试场景"16", 测试用例"第二十九条_5", 覆盖变量数目为3, 未覆盖的变量包括['操作', '交易方式', '交易方向', '交易时间', '单笔交易数量']
## 测试场景"16", 测试用例"第二十九条_6", 覆盖变量数目为4, 未覆盖的变量包括['操作', '交易方式', '交易时间', '单笔交易数量']
## 测试场景"16", 测试用例"第二十九条_7", 覆盖变量数目为3, 未覆盖的变量包括['操作', '交易方式', '交易方向', '交易时间', '单笔交易数量']
## 测试场景"16", 测试用例"第三十条_1", 覆盖变量数目为4, 未覆盖的变量包括['操作', '交易方向', '交易时间', '单笔交易数量']
## 测试场景"16", 测试用例"第三十条_2", 覆盖变量数目为5, 未覆盖的变量包括['操作', '交易时间', '单笔交易数量']
## 测试场景"16", 测试用例"第三十条_3", 覆盖变量数目为4, 未覆盖的变量包括['操作', '交易方向', '交易时间', '单笔交易数量']
## 测试场景"16", 测试用例"第三十条_4", 覆盖变量数目为5, 未覆盖的变量包括['操作', '交易时间', '单笔交易数量']
## 测试场景"16", 测试用例"第三十条_5", 覆盖变量数目为4, 未覆盖的变量包括['操作', '交易方向', '交易时间', '单笔交易数量']
## 测试场景"16", 测试用例"第三十条_6", 覆盖变量数目为5, 未覆盖的变量包括['操作', '交易时间', '单笔交易数量']
## 测试场景"16", 测试用例"第三十一条_1", 覆盖变量数目为3, 未覆盖的变量包括['操作', '交易方式', '交易方向', '交易时间', '单笔交易数量']
## 测试场景"16", 测试用例"第三十一条_2", 覆盖变量数目为3, 未覆盖的变量包括['操作', '交易方式', '交易方向', '交易时间', '单笔交易数量']
## 测试场景"16", 测试用例"第三十一条_4", 覆盖变量数目为3, 未覆盖的变量包括['操作', '交易方式', '交易方向', '交易时间', '单笔交易数量']
## 测试场景"16", 测试用例"第三十二条_1", 覆盖变量数目为2, 未覆盖的变量包括['操作', '交易市场', '交易方式', '交易方向', '交易时间', '单笔交易数量']
## 测试场景"16", 测试用例"第三十二条_2", 覆盖变量数目为3, 未覆盖的变量包括['操作', '交易市场', '交易方向', '交易时间', '单笔交易数量']
## 测试场景"16", 测试用例"第三十二条_3", 覆盖变量数目为2, 未覆盖的变量包括['操作', '交易市场', '交易方式', '交易方向', '交易时间', '单笔交易数量']
## 测试场景"16", 测试用例"第三十二条_4", 覆盖变量数目为3, 未覆盖的变量包括['操作', '交易市场', '交易方向', '交易时间', '单笔交易数量']
## 测试场景"16", 测试用例"第三十三条_1", 覆盖变量数目为2, 未覆盖的变量包括['操作', '交易市场', '交易方式', '交易方向', '交易时间', '单笔交易数量']
## 测试场景"16", 测试用例"第三十三条_2", 覆盖变量数目为3, 未覆盖的变量包括['操作', '交易市场', '交易方向', '交易时间', '单笔交易数量']
## 测试场景"16", 测试用例"第三十三条_3", 覆盖变量数目为2, 未覆盖的变量包括['操作', '交易市场', '交易方式', '交易方向', '交易时间', '单笔交易数量']
## 测试场景"16", 测试用例"第三十四条_2", 覆盖变量数目为3, 未覆盖的变量包括['操作', '交易方式', '交易方向', '交易时间', '单笔交易数量']
### 测试场景"16", 覆盖变量的最大数目为7, 整体未覆盖的变量包括['交易时间']

## 测试场景"17", 测试用例"第二十八条_1", 覆盖变量数目为7, 未覆盖的变量包括['交易方式', '交易时间']
## 测试场景"17", 测试用例"第二十八条_2", 覆盖变量数目为8, 未覆盖的变量包括['交易时间']
## 测试场景"17", 测试用例"第二十九条_3", 覆盖变量数目为3, 未覆盖的变量包括['操作', '交易方式', '交易方向', '交易时间', '单笔交易数量', '交易金额']
## 测试场景"17", 测试用例"第二十九条_4", 覆盖变量数目为4, 未覆盖的变量包括['操作', '交易方式', '交易时间', '单笔交易数量', '交易金额']
## 测试场景"17", 测试用例"第二十九条_5", 覆盖变量数目为3, 未覆盖的变量包括['操作', '交易方式', '交易方向', '交易时间', '单笔交易数量', '交易金额']
## 测试场景"17", 测试用例"第二十九条_6", 覆盖变量数目为4, 未覆盖的变量包括['操作', '交易方式', '交易时间', '单笔交易数量', '交易金额']
## 测试场景"17", 测试用例"第二十九条_7", 覆盖变量数目为3, 未覆盖的变量包括['操作', '交易方式', '交易方向', '交易时间', '单笔交易数量', '交易金额']
## 测试场景"17", 测试用例"第三十条_1", 覆盖变量数目为4, 未覆盖的变量包括['操作', '交易方向', '交易时间', '单笔交易数量', '交易金额']
## 测试场景"17", 测试用例"第三十条_2", 覆盖变量数目为5, 未覆盖的变量包括['操作', '交易时间', '单笔交易数量', '交易金额']
## 测试场景"17", 测试用例"第三十条_3", 覆盖变量数目为4, 未覆盖的变量包括['操作', '交易方向', '交易时间', '单笔交易数量', '交易金额']
## 测试场景"17", 测试用例"第三十条_4", 覆盖变量数目为5, 未覆盖的变量包括['操作', '交易时间', '单笔交易数量', '交易金额']
## 测试场景"17", 测试用例"第三十条_5", 覆盖变量数目为4, 未覆盖的变量包括['操作', '交易方向', '交易时间', '单笔交易数量', '交易金额']
## 测试场景"17", 测试用例"第三十条_6", 覆盖变量数目为5, 未覆盖的变量包括['操作', '交易时间', '单笔交易数量', '交易金额']
## 测试场景"17", 测试用例"第三十一条_1", 覆盖变量数目为3, 未覆盖的变量包括['操作', '交易方式', '交易方向', '交易时间', '单笔交易数量', '交易金额']
## 测试场景"17", 测试用例"第三十一条_2", 覆盖变量数目为3, 未覆盖的变量包括['操作', '交易方式', '交易方向', '交易时间', '单笔交易数量', '交易金额']
## 测试场景"17", 测试用例"第三十一条_4", 覆盖变量数目为3, 未覆盖的变量包括['操作', '交易方式', '交易方向', '交易时间', '单笔交易数量', '交易金额']
## 测试场景"17", 测试用例"第三十二条_1", 覆盖变量数目为2, 未覆盖的变量包括['操作', '交易市场', '交易方式', '交易方向', '交易时间', '单笔交易数量', '交易金额']
## 测试场景"17", 测试用例"第三十二条_2", 覆盖变量数目为3, 未覆盖的变量包括['操作', '交易市场', '交易方向', '交易时间', '单笔交易数量', '交易金额']
## 测试场景"17", 测试用例"第三十二条_3", 覆盖变量数目为2, 未覆盖的变量包括['操作', '交易市场', '交易方式', '交易方向', '交易时间', '单笔交易数量', '交易金额']
## 测试场景"17", 测试用例"第三十二条_4", 覆盖变量数目为3, 未覆盖的变量包括['操作', '交易市场', '交易方向', '交易时间', '单笔交易数量', '交易金额']
## 测试场景"17", 测试用例"第三十三条_1", 覆盖变量数目为2, 未覆盖的变量包括['操作', '交易市场', '交易方式', '交易方向', '交易时间', '单笔交易数量', '交易金额']
## 测试场景"17", 测试用例"第三十三条_2", 覆盖变量数目为3, 未覆盖的变量包括['操作', '交易市场', '交易方向', '交易时间', '单笔交易数量', '交易金额']
## 测试场景"17", 测试用例"第三十三条_3", 覆盖变量数目为2, 未覆盖的变量包括['操作', '交易市场', '交易方式', '交易方向', '交易时间', '单笔交易数量', '交易金额']
## 测试场景"17", 测试用例"第三十四条_2", 覆盖变量数目为3, 未覆盖的变量包括['操作', '交易方式', '交易方向', '交易时间', '单笔交易数量', '交易金额']
### 测试场景"17", 覆盖变量的最大数目为8, 整体未覆盖的变量包括['交易时间']

## 测试场景"18", 测试用例"第二十八条_3", 覆盖变量数目为7, 未覆盖的变量包括['交易方式', '交易时间']
## 测试场景"18", 测试用例"第二十八条_4", 覆盖变量数目为8, 未覆盖的变量包括['交易时间']
### 测试场景"18", 覆盖变量的最大数目为8, 整体未覆盖的变量包括['交易时间']

## 测试场景"19", 测试用例"第二十八条_3", 覆盖变量数目为5, 未覆盖的变量包括['交易方式', '交易时间']
## 测试场景"19", 测试用例"第二十八条_4", 覆盖变量数目为6, 未覆盖的变量包括['交易时间']
### 测试场景"19", 覆盖变量的最大数目为6, 整体未覆盖的变量包括['交易时间']

## 测试场景"20", 测试用例"第二十八条_3", 覆盖变量数目为5, 未覆盖的变量包括['交易方式', '状态']
## 测试场景"20", 测试用例"第二十八条_4", 覆盖变量数目为6, 未覆盖的变量包括['状态']
### 测试场景"20", 覆盖变量的最大数目为6, 整体未覆盖的变量包括['状态']

## 测试场景"21", 测试用例"第二十八条_1", 覆盖变量数目为5, 未覆盖的变量包括['交易方向', '时间', '申报价格']
## 测试场景"21", 测试用例"第二十八条_2", 覆盖变量数目为4, 未覆盖的变量包括['交易方式', '交易方向', '时间', '申报价格']
## 测试场景"21", 测试用例"第二十九条_3", 覆盖变量数目为5, 未覆盖的变量包括['操作', '时间', '申报价格']
## 测试场景"21", 测试用例"第二十九条_4", 覆盖变量数目为4, 未覆盖的变量包括['操作', '交易方向', '时间', '申报价格']
## 测试场景"21", 测试用例"第二十九条_5", 覆盖变量数目为5, 未覆盖的变量包括['操作', '时间', '申报价格']
## 测试场景"21", 测试用例"第二十九条_6", 覆盖变量数目为4, 未覆盖的变量包括['操作', '交易方向', '时间', '申报价格']
## 测试场景"21", 测试用例"第二十九条_7", 覆盖变量数目为4, 未覆盖的变量包括['操作', '交易方向', '时间', '申报价格']
## 测试场景"21", 测试用例"第三十条_1", 覆盖变量数目为4, 未覆盖的变量包括['操作', '交易方式', '时间', '申报价格']
## 测试场景"21", 测试用例"第三十条_2", 覆盖变量数目为3, 未覆盖的变量包括['操作', '交易方式', '交易方向', '时间', '申报价格']
## 测试场景"21", 测试用例"第三十条_3", 覆盖变量数目为4, 未覆盖的变量包括['操作', '交易方式', '时间', '申报价格']
## 测试场景"21", 测试用例"第三十条_4", 覆盖变量数目为3, 未覆盖的变量包括['操作', '交易方式', '交易方向', '时间', '申报价格']
## 测试场景"21", 测试用例"第三十条_5", 覆盖变量数目为4, 未覆盖的变量包括['操作', '交易方式', '时间', '申报价格']
## 测试场景"21", 测试用例"第三十条_6", 覆盖变量数目为3, 未覆盖的变量包括['操作', '交易方式', '交易方向', '时间', '申报价格']
## 测试场景"21", 测试用例"第三十一条_1", 覆盖变量数目为7, 未覆盖的变量包括['操作']
## 测试场景"21", 测试用例"第三十一条_2", 覆盖变量数目为6, 未覆盖的变量包括['操作', '申报价格']
## 测试场景"21", 测试用例"第三十一条_4", 覆盖变量数目为5, 未覆盖的变量包括['操作', '时间', '申报价格']
## 测试场景"21", 测试用例"第三十二条_1", 覆盖变量数目为3, 未覆盖的变量包括['操作', '交易市场', '交易方向', '时间', '申报价格']
## 测试场景"21", 测试用例"第三十二条_2", 覆盖变量数目为2, 未覆盖的变量包括['操作', '交易市场', '交易方式', '交易方向', '时间', '申报价格']
## 测试场景"21", 测试用例"第三十二条_3", 覆盖变量数目为3, 未覆盖的变量包括['操作', '交易市场', '交易方向', '时间', '申报价格']
## 测试场景"21", 测试用例"第三十二条_4", 覆盖变量数目为2, 未覆盖的变量包括['操作', '交易市场', '交易方式', '交易方向', '时间', '申报价格']
## 测试场景"21", 测试用例"第三十三条_1", 覆盖变量数目为3, 未覆盖的变量包括['操作', '交易市场', '交易方向', '时间', '申报价格']
## 测试场景"21", 测试用例"第三十三条_2", 覆盖变量数目为2, 未覆盖的变量包括['操作', '交易市场', '交易方式', '交易方向', '时间', '申报价格']
## 测试场景"21", 测试用例"第三十三条_3", 覆盖变量数目为2, 未覆盖的变量包括['操作', '交易市场', '交易方式', '交易方向', '时间', '申报价格']
## 测试场景"21", 测试用例"第三十四条_2", 覆盖变量数目为3, 未覆盖的变量包括['操作', '交易方式', '交易方向', '时间', '申报价格']
### 测试场景"21", 覆盖变量的最大数目为8, 所有变量全部覆盖

## 测试场景"22", 测试用例"第二十八条_3", 覆盖变量数目为5, 未覆盖的变量包括['交易方向', '时间', '申报价格']
## 测试场景"22", 测试用例"第二十八条_4", 覆盖变量数目为4, 未覆盖的变量包括['交易方式', '交易方向', '时间', '申报价格']
### 测试场景"22", 覆盖变量的最大数目为5, 整体未覆盖的变量包括['交易方向', '时间', '申报价格']

## 测试场景"23", 测试用例"第二十八条_1", 覆盖变量数目为5, 未覆盖的变量包括['交易方向', '时间', '申报价格']
## 测试场景"23", 测试用例"第二十八条_2", 覆盖变量数目为4, 未覆盖的变量包括['交易方式', '交易方向', '时间', '申报价格']
## 测试场景"23", 测试用例"第二十九条_3", 覆盖变量数目为5, 未覆盖的变量包括['操作', '时间', '申报价格']
## 测试场景"23", 测试用例"第二十九条_4", 覆盖变量数目为4, 未覆盖的变量包括['操作', '交易方向', '时间', '申报价格']
## 测试场景"23", 测试用例"第二十九条_5", 覆盖变量数目为5, 未覆盖的变量包括['操作', '时间', '申报价格']
## 测试场景"23", 测试用例"第二十九条_6", 覆盖变量数目为4, 未覆盖的变量包括['操作', '交易方向', '时间', '申报价格']
## 测试场景"23", 测试用例"第二十九条_7", 覆盖变量数目为4, 未覆盖的变量包括['操作', '交易方向', '时间', '申报价格']
## 测试场景"23", 测试用例"第三十条_1", 覆盖变量数目为4, 未覆盖的变量包括['操作', '交易方式', '时间', '申报价格']
## 测试场景"23", 测试用例"第三十条_2", 覆盖变量数目为3, 未覆盖的变量包括['操作', '交易方式', '交易方向', '时间', '申报价格']
## 测试场景"23", 测试用例"第三十条_3", 覆盖变量数目为4, 未覆盖的变量包括['操作', '交易方式', '时间', '申报价格']
## 测试场景"23", 测试用例"第三十条_4", 覆盖变量数目为3, 未覆盖的变量包括['操作', '交易方式', '交易方向', '时间', '申报价格']
## 测试场景"23", 测试用例"第三十条_5", 覆盖变量数目为4, 未覆盖的变量包括['操作', '交易方式', '时间', '申报价格']
## 测试场景"23", 测试用例"第三十条_6", 覆盖变量数目为3, 未覆盖的变量包括['操作', '交易方式', '交易方向', '时间', '申报价格']
## 测试场景"23", 测试用例"第三十一条_1", 覆盖变量数目为6, 未覆盖的变量包括['操作', '申报价格']
## 测试场景"23", 测试用例"第三十一条_2", 覆盖变量数目为7, 未覆盖的变量包括['操作']
## 测试场景"23", 测试用例"第三十一条_4", 覆盖变量数目为5, 未覆盖的变量包括['操作', '时间', '申报价格']
## 测试场景"23", 测试用例"第三十二条_1", 覆盖变量数目为3, 未覆盖的变量包括['操作', '交易市场', '交易方向', '时间', '申报价格']
## 测试场景"23", 测试用例"第三十二条_2", 覆盖变量数目为2, 未覆盖的变量包括['操作', '交易市场', '交易方式', '交易方向', '时间', '申报价格']
## 测试场景"23", 测试用例"第三十二条_3", 覆盖变量数目为3, 未覆盖的变量包括['操作', '交易市场', '交易方向', '时间', '申报价格']
## 测试场景"23", 测试用例"第三十二条_4", 覆盖变量数目为2, 未覆盖的变量包括['操作', '交易市场', '交易方式', '交易方向', '时间', '申报价格']
## 测试场景"23", 测试用例"第三十三条_1", 覆盖变量数目为3, 未覆盖的变量包括['操作', '交易市场', '交易方向', '时间', '申报价格']
## 测试场景"23", 测试用例"第三十三条_2", 覆盖变量数目为2, 未覆盖的变量包括['操作', '交易市场', '交易方式', '交易方向', '时间', '申报价格']
## 测试场景"23", 测试用例"第三十三条_3", 覆盖变量数目为2, 未覆盖的变量包括['操作', '交易市场', '交易方式', '交易方向', '时间', '申报价格']
## 测试场景"23", 测试用例"第三十四条_2", 覆盖变量数目为3, 未覆盖的变量包括['操作', '交易方式', '交易方向', '时间', '申报价格']
### 测试场景"23", 覆盖变量的最大数目为8, 所有变量全部覆盖

## 测试场景"24", 测试用例"第二十八条_3", 覆盖变量数目为5, 未覆盖的变量包括['交易方向', '时间', '申报价格']
## 测试场景"24", 测试用例"第二十八条_4", 覆盖变量数目为4, 未覆盖的变量包括['交易方式', '交易方向', '时间', '申报价格']
### 测试场景"24", 覆盖变量的最大数目为5, 整体未覆盖的变量包括['交易方向', '时间', '申报价格']

chatglm在数据集data4的业务场景覆盖率为0.8302
