## 测试场景"1", 测试用例"3.1_1", 覆盖变量数目为5, 未覆盖的变量包括['交易品种', '盘后定价交易申报时间', '申报数量', '价格']
## 测试场景"1", 测试用例"3.1_2", 覆盖变量数目为4, 未覆盖的变量包括['交易品种', '交易方向', '盘后定价交易申报时间', '申报数量', '价格']
## 测试场景"1", 测试用例"3.1_3", 覆盖变量数目为5, 未覆盖的变量包括['交易品种', '盘后定价交易申报时间', '申报数量', '价格']
## 测试场景"1", 测试用例"3.1_4", 覆盖变量数目为4, 未覆盖的变量包括['交易品种', '交易方向', '盘后定价交易申报时间', '申报数量', '价格']
## 测试场景"1", 测试用例"3.1_5", 覆盖变量数目为5, 未覆盖的变量包括['交易品种', '盘后定价交易申报时间', '申报数量', '价格']
## 测试场景"1", 测试用例"3.1_6", 覆盖变量数目为4, 未覆盖的变量包括['交易品种', '交易方向', '盘后定价交易申报时间', '申报数量', '价格']
## 测试场景"1", 测试用例"3.2_3", 覆盖变量数目为5, 未覆盖的变量包括['交易品种', '盘后定价交易申报时间', '申报数量', '价格']
## 测试场景"1", 测试用例"3.2_4", 覆盖变量数目为4, 未覆盖的变量包括['交易品种', '交易方向', '盘后定价交易申报时间', '申报数量', '价格']
## 测试场景"1", 测试用例"3.2_5", 覆盖变量数目为5, 未覆盖的变量包括['交易品种', '盘后定价交易申报时间', '申报数量', '价格']
## 测试场景"1", 测试用例"3.2_6", 覆盖变量数目为4, 未覆盖的变量包括['交易品种', '交易方向', '盘后定价交易申报时间', '申报数量', '价格']
## 测试场景"1", 测试用例"3.2_7", 覆盖变量数目为5, 未覆盖的变量包括['交易品种', '盘后定价交易申报时间', '申报数量', '价格']
## 测试场景"1", 测试用例"3.2_8", 覆盖变量数目为4, 未覆盖的变量包括['交易品种', '交易方向', '盘后定价交易申报时间', '申报数量', '价格']
## 测试场景"1", 测试用例"3.2_9", 覆盖变量数目为5, 未覆盖的变量包括['交易品种', '盘后定价交易申报时间', '申报数量', '价格']
## 测试场景"1", 测试用例"3.3_1", 覆盖变量数目为5, 未覆盖的变量包括['操作', '交易品种', '盘后定价交易申报时间', '价格']
## 测试场景"1", 测试用例"3.3_2", 覆盖变量数目为4, 未覆盖的变量包括['操作', '交易品种', '交易方向', '盘后定价交易申报时间', '价格']
## 测试场景"1", 测试用例"3.4_1", 覆盖变量数目为5, 未覆盖的变量包括['操作', '交易品种', '盘后定价交易申报时间', '价格']
## 测试场景"1", 测试用例"3.4_2", 覆盖变量数目为4, 未覆盖的变量包括['操作', '交易品种', '交易方向', '盘后定价交易申报时间', '价格']
## 测试场景"1", 测试用例"3.5_3", 覆盖变量数目为5, 未覆盖的变量包括['操作', '交易品种', '盘后定价交易申报时间', '价格']
## 测试场景"1", 测试用例"3.5_4", 覆盖变量数目为4, 未覆盖的变量包括['操作', '交易品种', '交易方向', '盘后定价交易申报时间', '价格']
## 测试场景"1", 测试用例"3.6_2", 覆盖变量数目为3, 未覆盖的变量包括['操作', '交易品种', '交易方向', '盘后定价交易申报时间', '申报数量', '价格']
## 测试场景"1", 测试用例"3.6_3", 覆盖变量数目为4, 未覆盖的变量包括['操作', '交易品种', '盘后定价交易申报时间', '申报数量', '价格']
## 测试场景"1", 测试用例"3.6_4", 覆盖变量数目为3, 未覆盖的变量包括['操作', '交易品种', '交易方向', '盘后定价交易申报时间', '申报数量', '价格']
## 测试场景"1", 测试用例"3.7_1", 覆盖变量数目为5, 未覆盖的变量包括['操作', '交易品种', '盘后定价交易申报时间', '价格']
## 测试场景"1", 测试用例"3.7_2", 覆盖变量数目为4, 未覆盖的变量包括['操作', '交易品种', '交易方向', '盘后定价交易申报时间', '价格']
## 测试场景"1", 测试用例"3.8_1", 覆盖变量数目为5, 未覆盖的变量包括['操作', '交易品种', '盘后定价交易申报时间', '价格']
## 测试场景"1", 测试用例"3.8_2", 覆盖变量数目为4, 未覆盖的变量包括['操作', '交易品种', '交易方向', '盘后定价交易申报时间', '价格']
## 测试场景"1", 测试用例"3.10_1", 覆盖变量数目为3, 未覆盖的变量包括['操作', '交易品种', '交易方向', '盘后定价交易申报时间', '申报数量', '价格']
## 测试场景"1", 测试用例"3.10_2", 覆盖变量数目为3, 未覆盖的变量包括['操作', '交易品种', '交易方向', '盘后定价交易申报时间', '申报数量', '价格']
## 测试场景"1", 测试用例"3.11_1", 覆盖变量数目为3, 未覆盖的变量包括['操作', '交易品种', '交易方向', '盘后定价交易申报时间', '申报数量', '价格']
## 测试场景"1", 测试用例"3.11_3", 覆盖变量数目为3, 未覆盖的变量包括['操作', '交易品种', '交易方向', '盘后定价交易申报时间', '申报数量', '价格']
### 测试场景"1", 覆盖变量的最大数目为6, 整体未覆盖的变量包括['交易品种', '盘后定价交易申报时间', '价格']

### 测试场景"2", 覆盖变量的最大数目为0, 整体未覆盖的变量包括['操作', '交易市场', '交易品种', '交易方式', '交易方向', '盘后定价交易申报时间', '申报数量', '价格', '结果']

### 测试场景"3", 覆盖变量的最大数目为0, 整体未覆盖的变量包括['操作', '交易市场', '交易品种', '交易方式', '交易方向', '盘后定价交易申报时间', '申报数量', '结果']

### 测试场景"4", 覆盖变量的最大数目为0, 整体未覆盖的变量包括['操作', '交易市场', '交易品种', '交易方式', '交易方向', '盘后定价交易申报时间', '结果']

## 测试场景"5", 测试用例"3.1_1", 覆盖变量数目为4, 未覆盖的变量包括['交易品种', '交易方向', '盘后定价交易申报时间', '申报数量', '价格']
## 测试场景"5", 测试用例"3.1_2", 覆盖变量数目为5, 未覆盖的变量包括['交易品种', '盘后定价交易申报时间', '申报数量', '价格']
## 测试场景"5", 测试用例"3.1_3", 覆盖变量数目为4, 未覆盖的变量包括['交易品种', '交易方向', '盘后定价交易申报时间', '申报数量', '价格']
## 测试场景"5", 测试用例"3.1_4", 覆盖变量数目为5, 未覆盖的变量包括['交易品种', '盘后定价交易申报时间', '申报数量', '价格']
## 测试场景"5", 测试用例"3.1_5", 覆盖变量数目为4, 未覆盖的变量包括['交易品种', '交易方向', '盘后定价交易申报时间', '申报数量', '价格']
## 测试场景"5", 测试用例"3.1_6", 覆盖变量数目为5, 未覆盖的变量包括['交易品种', '盘后定价交易申报时间', '申报数量', '价格']
## 测试场景"5", 测试用例"3.2_3", 覆盖变量数目为4, 未覆盖的变量包括['交易品种', '交易方向', '盘后定价交易申报时间', '申报数量', '价格']
## 测试场景"5", 测试用例"3.2_4", 覆盖变量数目为5, 未覆盖的变量包括['交易品种', '盘后定价交易申报时间', '申报数量', '价格']
## 测试场景"5", 测试用例"3.2_5", 覆盖变量数目为4, 未覆盖的变量包括['交易品种', '交易方向', '盘后定价交易申报时间', '申报数量', '价格']
## 测试场景"5", 测试用例"3.2_6", 覆盖变量数目为5, 未覆盖的变量包括['交易品种', '盘后定价交易申报时间', '申报数量', '价格']
## 测试场景"5", 测试用例"3.2_7", 覆盖变量数目为4, 未覆盖的变量包括['交易品种', '交易方向', '盘后定价交易申报时间', '申报数量', '价格']
## 测试场景"5", 测试用例"3.2_8", 覆盖变量数目为5, 未覆盖的变量包括['交易品种', '盘后定价交易申报时间', '申报数量', '价格']
## 测试场景"5", 测试用例"3.2_9", 覆盖变量数目为4, 未覆盖的变量包括['交易品种', '交易方向', '盘后定价交易申报时间', '申报数量', '价格']
## 测试场景"5", 测试用例"3.3_1", 覆盖变量数目为4, 未覆盖的变量包括['操作', '交易品种', '交易方向', '盘后定价交易申报时间', '价格']
## 测试场景"5", 测试用例"3.3_2", 覆盖变量数目为5, 未覆盖的变量包括['操作', '交易品种', '盘后定价交易申报时间', '价格']
## 测试场景"5", 测试用例"3.4_1", 覆盖变量数目为4, 未覆盖的变量包括['操作', '交易品种', '交易方向', '盘后定价交易申报时间', '价格']
## 测试场景"5", 测试用例"3.4_2", 覆盖变量数目为5, 未覆盖的变量包括['操作', '交易品种', '盘后定价交易申报时间', '价格']
## 测试场景"5", 测试用例"3.5_3", 覆盖变量数目为4, 未覆盖的变量包括['操作', '交易品种', '交易方向', '盘后定价交易申报时间', '价格']
## 测试场景"5", 测试用例"3.5_4", 覆盖变量数目为5, 未覆盖的变量包括['操作', '交易品种', '盘后定价交易申报时间', '价格']
## 测试场景"5", 测试用例"3.6_2", 覆盖变量数目为4, 未覆盖的变量包括['操作', '交易品种', '盘后定价交易申报时间', '申报数量', '价格']
## 测试场景"5", 测试用例"3.6_3", 覆盖变量数目为3, 未覆盖的变量包括['操作', '交易品种', '交易方向', '盘后定价交易申报时间', '申报数量', '价格']
## 测试场景"5", 测试用例"3.6_4", 覆盖变量数目为4, 未覆盖的变量包括['操作', '交易品种', '盘后定价交易申报时间', '申报数量', '价格']
## 测试场景"5", 测试用例"3.7_1", 覆盖变量数目为4, 未覆盖的变量包括['操作', '交易品种', '交易方向', '盘后定价交易申报时间', '价格']
## 测试场景"5", 测试用例"3.7_2", 覆盖变量数目为5, 未覆盖的变量包括['操作', '交易品种', '盘后定价交易申报时间', '价格']
## 测试场景"5", 测试用例"3.8_1", 覆盖变量数目为4, 未覆盖的变量包括['操作', '交易品种', '交易方向', '盘后定价交易申报时间', '价格']
## 测试场景"5", 测试用例"3.8_2", 覆盖变量数目为5, 未覆盖的变量包括['操作', '交易品种', '盘后定价交易申报时间', '价格']
## 测试场景"5", 测试用例"3.10_1", 覆盖变量数目为3, 未覆盖的变量包括['操作', '交易品种', '交易方向', '盘后定价交易申报时间', '申报数量', '价格']
## 测试场景"5", 测试用例"3.10_2", 覆盖变量数目为3, 未覆盖的变量包括['操作', '交易品种', '交易方向', '盘后定价交易申报时间', '申报数量', '价格']
## 测试场景"5", 测试用例"3.11_1", 覆盖变量数目为3, 未覆盖的变量包括['操作', '交易品种', '交易方向', '盘后定价交易申报时间', '申报数量', '价格']
## 测试场景"5", 测试用例"3.11_3", 覆盖变量数目为3, 未覆盖的变量包括['操作', '交易品种', '交易方向', '盘后定价交易申报时间', '申报数量', '价格']
### 测试场景"5", 覆盖变量的最大数目为6, 整体未覆盖的变量包括['交易品种', '盘后定价交易申报时间', '价格']

### 测试场景"6", 覆盖变量的最大数目为0, 整体未覆盖的变量包括['操作', '交易市场', '交易品种', '交易方式', '交易方向', '盘后定价交易申报时间', '申报数量', '价格', '结果']

### 测试场景"7", 覆盖变量的最大数目为0, 整体未覆盖的变量包括['操作', '交易市场', '交易品种', '交易方式', '交易方向', '盘后定价交易申报时间', '申报数量', '结果']

### 测试场景"8", 覆盖变量的最大数目为0, 整体未覆盖的变量包括['操作', '交易市场', '交易品种', '交易方式', '交易方向', '盘后定价交易申报时间', '结果']

## 测试场景"9", 测试用例"3.1_1", 覆盖变量数目为5, 未覆盖的变量包括['交易品种', '状态', '时间']
## 测试场景"9", 测试用例"3.1_2", 覆盖变量数目为4, 未覆盖的变量包括['交易品种', '交易方向', '状态', '时间']
## 测试场景"9", 测试用例"3.1_3", 覆盖变量数目为5, 未覆盖的变量包括['交易品种', '状态', '时间']
## 测试场景"9", 测试用例"3.1_4", 覆盖变量数目为4, 未覆盖的变量包括['交易品种', '交易方向', '状态', '时间']
## 测试场景"9", 测试用例"3.1_5", 覆盖变量数目为5, 未覆盖的变量包括['交易品种', '状态', '时间']
## 测试场景"9", 测试用例"3.1_6", 覆盖变量数目为4, 未覆盖的变量包括['交易品种', '交易方向', '状态', '时间']
## 测试场景"9", 测试用例"3.2_3", 覆盖变量数目为5, 未覆盖的变量包括['交易品种', '状态', '时间']
## 测试场景"9", 测试用例"3.2_4", 覆盖变量数目为4, 未覆盖的变量包括['交易品种', '交易方向', '状态', '时间']
## 测试场景"9", 测试用例"3.2_5", 覆盖变量数目为5, 未覆盖的变量包括['交易品种', '状态', '时间']
## 测试场景"9", 测试用例"3.2_6", 覆盖变量数目为4, 未覆盖的变量包括['交易品种', '交易方向', '状态', '时间']
## 测试场景"9", 测试用例"3.2_7", 覆盖变量数目为5, 未覆盖的变量包括['交易品种', '状态', '时间']
## 测试场景"9", 测试用例"3.2_8", 覆盖变量数目为4, 未覆盖的变量包括['交易品种', '交易方向', '状态', '时间']
## 测试场景"9", 测试用例"3.2_9", 覆盖变量数目为5, 未覆盖的变量包括['交易品种', '状态', '时间']
## 测试场景"9", 测试用例"3.3_1", 覆盖变量数目为4, 未覆盖的变量包括['操作', '交易品种', '状态', '时间']
## 测试场景"9", 测试用例"3.3_2", 覆盖变量数目为3, 未覆盖的变量包括['操作', '交易品种', '交易方向', '状态', '时间']
## 测试场景"9", 测试用例"3.4_1", 覆盖变量数目为4, 未覆盖的变量包括['操作', '交易品种', '状态', '时间']
## 测试场景"9", 测试用例"3.4_2", 覆盖变量数目为3, 未覆盖的变量包括['操作', '交易品种', '交易方向', '状态', '时间']
## 测试场景"9", 测试用例"3.5_3", 覆盖变量数目为4, 未覆盖的变量包括['操作', '交易品种', '状态', '时间']
## 测试场景"9", 测试用例"3.5_4", 覆盖变量数目为3, 未覆盖的变量包括['操作', '交易品种', '交易方向', '状态', '时间']
## 测试场景"9", 测试用例"3.6_2", 覆盖变量数目为3, 未覆盖的变量包括['操作', '交易品种', '交易方向', '状态', '时间']
## 测试场景"9", 测试用例"3.6_3", 覆盖变量数目为4, 未覆盖的变量包括['操作', '交易品种', '状态', '时间']
## 测试场景"9", 测试用例"3.6_4", 覆盖变量数目为3, 未覆盖的变量包括['操作', '交易品种', '交易方向', '状态', '时间']
## 测试场景"9", 测试用例"3.7_1", 覆盖变量数目为4, 未覆盖的变量包括['操作', '交易品种', '状态', '时间']
## 测试场景"9", 测试用例"3.7_2", 覆盖变量数目为3, 未覆盖的变量包括['操作', '交易品种', '交易方向', '状态', '时间']
## 测试场景"9", 测试用例"3.8_1", 覆盖变量数目为4, 未覆盖的变量包括['操作', '交易品种', '状态', '时间']
## 测试场景"9", 测试用例"3.8_2", 覆盖变量数目为3, 未覆盖的变量包括['操作', '交易品种', '交易方向', '状态', '时间']
## 测试场景"9", 测试用例"3.10_1", 覆盖变量数目为3, 未覆盖的变量包括['操作', '交易品种', '交易方向', '状态', '时间']
## 测试场景"9", 测试用例"3.10_2", 覆盖变量数目为3, 未覆盖的变量包括['操作', '交易品种', '交易方向', '状态', '时间']
## 测试场景"9", 测试用例"3.11_1", 覆盖变量数目为3, 未覆盖的变量包括['操作', '交易品种', '交易方向', '状态', '时间']
## 测试场景"9", 测试用例"3.11_3", 覆盖变量数目为3, 未覆盖的变量包括['操作', '交易品种', '交易方向', '状态', '时间']
### 测试场景"9", 覆盖变量的最大数目为5, 整体未覆盖的变量包括['交易品种', '状态', '时间']

## 测试场景"10", 测试用例"3.1_1", 覆盖变量数目为4, 未覆盖的变量包括['交易品种', '交易方向', '状态', '时间']
## 测试场景"10", 测试用例"3.1_2", 覆盖变量数目为5, 未覆盖的变量包括['交易品种', '状态', '时间']
## 测试场景"10", 测试用例"3.1_3", 覆盖变量数目为4, 未覆盖的变量包括['交易品种', '交易方向', '状态', '时间']
## 测试场景"10", 测试用例"3.1_4", 覆盖变量数目为5, 未覆盖的变量包括['交易品种', '状态', '时间']
## 测试场景"10", 测试用例"3.1_5", 覆盖变量数目为4, 未覆盖的变量包括['交易品种', '交易方向', '状态', '时间']
## 测试场景"10", 测试用例"3.1_6", 覆盖变量数目为5, 未覆盖的变量包括['交易品种', '状态', '时间']
## 测试场景"10", 测试用例"3.2_3", 覆盖变量数目为4, 未覆盖的变量包括['交易品种', '交易方向', '状态', '时间']
## 测试场景"10", 测试用例"3.2_4", 覆盖变量数目为5, 未覆盖的变量包括['交易品种', '状态', '时间']
## 测试场景"10", 测试用例"3.2_5", 覆盖变量数目为4, 未覆盖的变量包括['交易品种', '交易方向', '状态', '时间']
## 测试场景"10", 测试用例"3.2_6", 覆盖变量数目为5, 未覆盖的变量包括['交易品种', '状态', '时间']
## 测试场景"10", 测试用例"3.2_7", 覆盖变量数目为4, 未覆盖的变量包括['交易品种', '交易方向', '状态', '时间']
## 测试场景"10", 测试用例"3.2_8", 覆盖变量数目为5, 未覆盖的变量包括['交易品种', '状态', '时间']
## 测试场景"10", 测试用例"3.2_9", 覆盖变量数目为4, 未覆盖的变量包括['交易品种', '交易方向', '状态', '时间']
## 测试场景"10", 测试用例"3.3_1", 覆盖变量数目为3, 未覆盖的变量包括['操作', '交易品种', '交易方向', '状态', '时间']
## 测试场景"10", 测试用例"3.3_2", 覆盖变量数目为4, 未覆盖的变量包括['操作', '交易品种', '状态', '时间']
## 测试场景"10", 测试用例"3.4_1", 覆盖变量数目为3, 未覆盖的变量包括['操作', '交易品种', '交易方向', '状态', '时间']
## 测试场景"10", 测试用例"3.4_2", 覆盖变量数目为4, 未覆盖的变量包括['操作', '交易品种', '状态', '时间']
## 测试场景"10", 测试用例"3.5_3", 覆盖变量数目为3, 未覆盖的变量包括['操作', '交易品种', '交易方向', '状态', '时间']
## 测试场景"10", 测试用例"3.5_4", 覆盖变量数目为4, 未覆盖的变量包括['操作', '交易品种', '状态', '时间']
## 测试场景"10", 测试用例"3.6_2", 覆盖变量数目为4, 未覆盖的变量包括['操作', '交易品种', '状态', '时间']
## 测试场景"10", 测试用例"3.6_3", 覆盖变量数目为3, 未覆盖的变量包括['操作', '交易品种', '交易方向', '状态', '时间']
## 测试场景"10", 测试用例"3.6_4", 覆盖变量数目为4, 未覆盖的变量包括['操作', '交易品种', '状态', '时间']
## 测试场景"10", 测试用例"3.7_1", 覆盖变量数目为3, 未覆盖的变量包括['操作', '交易品种', '交易方向', '状态', '时间']
## 测试场景"10", 测试用例"3.7_2", 覆盖变量数目为4, 未覆盖的变量包括['操作', '交易品种', '状态', '时间']
## 测试场景"10", 测试用例"3.8_1", 覆盖变量数目为3, 未覆盖的变量包括['操作', '交易品种', '交易方向', '状态', '时间']
## 测试场景"10", 测试用例"3.8_2", 覆盖变量数目为4, 未覆盖的变量包括['操作', '交易品种', '状态', '时间']
## 测试场景"10", 测试用例"3.10_1", 覆盖变量数目为3, 未覆盖的变量包括['操作', '交易品种', '交易方向', '状态', '时间']
## 测试场景"10", 测试用例"3.10_2", 覆盖变量数目为3, 未覆盖的变量包括['操作', '交易品种', '交易方向', '状态', '时间']
## 测试场景"10", 测试用例"3.11_1", 覆盖变量数目为3, 未覆盖的变量包括['操作', '交易品种', '交易方向', '状态', '时间']
## 测试场景"10", 测试用例"3.11_3", 覆盖变量数目为3, 未覆盖的变量包括['操作', '交易品种', '交易方向', '状态', '时间']
### 测试场景"10", 覆盖变量的最大数目为5, 整体未覆盖的变量包括['交易品种', '状态', '时间']

### 测试场景"11", 覆盖变量的最大数目为0, 整体未覆盖的变量包括['操作', '交易市场', '交易品种', '交易方式', '交易方向', '状态', '结果']

## 测试场景"12", 测试用例"3.1_1", 覆盖变量数目为4, 未覆盖的变量包括['交易品种', '交易方向', '状态']
## 测试场景"12", 测试用例"3.1_2", 覆盖变量数目为5, 未覆盖的变量包括['交易品种', '状态']
## 测试场景"12", 测试用例"3.1_3", 覆盖变量数目为4, 未覆盖的变量包括['交易品种', '交易方向', '状态']
## 测试场景"12", 测试用例"3.1_4", 覆盖变量数目为5, 未覆盖的变量包括['交易品种', '状态']
## 测试场景"12", 测试用例"3.1_5", 覆盖变量数目为4, 未覆盖的变量包括['交易品种', '交易方向', '状态']
## 测试场景"12", 测试用例"3.1_6", 覆盖变量数目为5, 未覆盖的变量包括['交易品种', '状态']
## 测试场景"12", 测试用例"3.2_3", 覆盖变量数目为4, 未覆盖的变量包括['交易品种', '交易方向', '状态']
## 测试场景"12", 测试用例"3.2_4", 覆盖变量数目为5, 未覆盖的变量包括['交易品种', '状态']
## 测试场景"12", 测试用例"3.2_5", 覆盖变量数目为4, 未覆盖的变量包括['交易品种', '交易方向', '状态']
## 测试场景"12", 测试用例"3.2_6", 覆盖变量数目为5, 未覆盖的变量包括['交易品种', '状态']
## 测试场景"12", 测试用例"3.2_7", 覆盖变量数目为4, 未覆盖的变量包括['交易品种', '交易方向', '状态']
## 测试场景"12", 测试用例"3.2_8", 覆盖变量数目为5, 未覆盖的变量包括['交易品种', '状态']
## 测试场景"12", 测试用例"3.2_9", 覆盖变量数目为4, 未覆盖的变量包括['交易品种', '交易方向', '状态']
## 测试场景"12", 测试用例"3.3_1", 覆盖变量数目为3, 未覆盖的变量包括['操作', '交易品种', '交易方向', '状态']
## 测试场景"12", 测试用例"3.3_2", 覆盖变量数目为4, 未覆盖的变量包括['操作', '交易品种', '状态']
## 测试场景"12", 测试用例"3.4_1", 覆盖变量数目为3, 未覆盖的变量包括['操作', '交易品种', '交易方向', '状态']
## 测试场景"12", 测试用例"3.4_2", 覆盖变量数目为4, 未覆盖的变量包括['操作', '交易品种', '状态']
## 测试场景"12", 测试用例"3.5_3", 覆盖变量数目为3, 未覆盖的变量包括['操作', '交易品种', '交易方向', '状态']
## 测试场景"12", 测试用例"3.5_4", 覆盖变量数目为4, 未覆盖的变量包括['操作', '交易品种', '状态']
## 测试场景"12", 测试用例"3.6_2", 覆盖变量数目为4, 未覆盖的变量包括['操作', '交易品种', '状态']
## 测试场景"12", 测试用例"3.6_3", 覆盖变量数目为3, 未覆盖的变量包括['操作', '交易品种', '交易方向', '状态']
## 测试场景"12", 测试用例"3.6_4", 覆盖变量数目为4, 未覆盖的变量包括['操作', '交易品种', '状态']
## 测试场景"12", 测试用例"3.7_1", 覆盖变量数目为3, 未覆盖的变量包括['操作', '交易品种', '交易方向', '状态']
## 测试场景"12", 测试用例"3.7_2", 覆盖变量数目为4, 未覆盖的变量包括['操作', '交易品种', '状态']
## 测试场景"12", 测试用例"3.8_1", 覆盖变量数目为3, 未覆盖的变量包括['操作', '交易品种', '交易方向', '状态']
## 测试场景"12", 测试用例"3.8_2", 覆盖变量数目为4, 未覆盖的变量包括['操作', '交易品种', '状态']
## 测试场景"12", 测试用例"3.10_1", 覆盖变量数目为3, 未覆盖的变量包括['操作', '交易品种', '交易方向', '状态']
## 测试场景"12", 测试用例"3.10_2", 覆盖变量数目为3, 未覆盖的变量包括['操作', '交易品种', '交易方向', '状态']
## 测试场景"12", 测试用例"3.11_1", 覆盖变量数目为3, 未覆盖的变量包括['操作', '交易品种', '交易方向', '状态']
## 测试场景"12", 测试用例"3.11_3", 覆盖变量数目为3, 未覆盖的变量包括['操作', '交易品种', '交易方向', '状态']
### 测试场景"12", 覆盖变量的最大数目为5, 整体未覆盖的变量包括['交易品种', '状态']

chatglm在数据集data1的业务场景覆盖率为0.2748
