## 测试场景"1", 测试用例"0", 覆盖变量数目为6, 未覆盖的变量包括['操作', '大宗交易方式', '交易品种', '股票品种', '时间']
## 测试场景"1", 测试用例"1", 覆盖变量数目为6, 未覆盖的变量包括['操作', '大宗交易方式', '交易品种', '股票品种', '时间']
## 测试场景"1", 测试用例"2", 覆盖变量数目为6, 未覆盖的变量包括['操作', '大宗交易方式', '交易品种', '股票品种', '时间']
## 测试场景"1", 测试用例"3", 覆盖变量数目为6, 未覆盖的变量包括['操作', '大宗交易方式', '交易品种', '股票品种', '时间']
## 测试场景"1", 测试用例"4", 覆盖变量数目为6, 未覆盖的变量包括['操作', '大宗交易方式', '交易品种', '股票品种', '时间']
## 测试场景"1", 测试用例"5", 覆盖变量数目为6, 未覆盖的变量包括['操作', '大宗交易方式', '交易品种', '股票品种', '时间']
## 测试场景"1", 测试用例"12", 覆盖变量数目为5, 未覆盖的变量包括['操作', '交易方式', '股票品种', '交易数量', '价格涨跌幅限制', '申报价格范围']
## 测试场景"1", 测试用例"13", 覆盖变量数目为5, 未覆盖的变量包括['操作', '交易方式', '股票品种', '交易数量', '价格涨跌幅限制', '申报价格范围']
## 测试场景"1", 测试用例"14", 覆盖变量数目为4, 未覆盖的变量包括['操作', '交易方式', '大宗交易方式', '股票品种', '交易数量', '价格涨跌幅限制', '申报价格范围']
## 测试场景"1", 测试用例"15", 覆盖变量数目为4, 未覆盖的变量包括['操作', '交易方式', '大宗交易方式', '股票品种', '交易数量', '价格涨跌幅限制', '申报价格范围']
## 测试场景"1", 测试用例"20", 覆盖变量数目为6, 未覆盖的变量包括['操作', '交易方式', '股票品种', '时间', '交易数量']
## 测试场景"1", 测试用例"21", 覆盖变量数目为6, 未覆盖的变量包括['操作', '交易方式', '股票品种', '时间', '交易数量']
## 测试场景"1", 测试用例"24", 覆盖变量数目为6, 未覆盖的变量包括['操作', '交易方式', '股票品种', '时间', '交易数量']
## 测试场景"1", 测试用例"25", 覆盖变量数目为6, 未覆盖的变量包括['操作', '交易方式', '股票品种', '时间', '交易数量']
## 测试场景"1", 测试用例"28", 覆盖变量数目为5, 未覆盖的变量包括['操作', '交易方式', '股票品种', '时间', '交易数量', '申报价格范围']
## 测试场景"1", 测试用例"29", 覆盖变量数目为5, 未覆盖的变量包括['操作', '交易方式', '股票品种', '时间', '交易数量', '申报价格范围']
## 测试场景"1", 测试用例"30", 覆盖变量数目为5, 未覆盖的变量包括['操作', '交易方式', '股票品种', '时间', '交易数量', '申报价格范围']
## 测试场景"1", 测试用例"31", 覆盖变量数目为5, 未覆盖的变量包括['操作', '交易方式', '股票品种', '时间', '交易数量', '申报价格范围']
## 测试场景"1", 测试用例"32", 覆盖变量数目为5, 未覆盖的变量包括['操作', '交易方式', '股票品种', '时间', '交易数量', '申报价格范围']
## 测试场景"1", 测试用例"33", 覆盖变量数目为5, 未覆盖的变量包括['操作', '交易方式', '股票品种', '时间', '交易数量', '申报价格范围']
## 测试场景"1", 测试用例"34", 覆盖变量数目为5, 未覆盖的变量包括['操作', '交易方式', '股票品种', '时间', '交易数量', '申报价格范围']
## 测试场景"1", 测试用例"35", 覆盖变量数目为5, 未覆盖的变量包括['操作', '交易方式', '股票品种', '时间', '交易数量', '申报价格范围']
## 测试场景"1", 测试用例"36", 覆盖变量数目为4, 未覆盖的变量包括['操作', '交易方式', '股票品种', '时间', '交易数量', '价格涨跌幅限制', '申报价格范围']
## 测试场景"1", 测试用例"37", 覆盖变量数目为4, 未覆盖的变量包括['操作', '交易方式', '股票品种', '时间', '交易数量', '价格涨跌幅限制', '申报价格范围']
## 测试场景"1", 测试用例"38", 覆盖变量数目为4, 未覆盖的变量包括['操作', '交易方式', '股票品种', '时间', '交易数量', '价格涨跌幅限制', '申报价格范围']
## 测试场景"1", 测试用例"39", 覆盖变量数目为4, 未覆盖的变量包括['操作', '交易方式', '股票品种', '时间', '交易数量', '价格涨跌幅限制', '申报价格范围']
## 测试场景"1", 测试用例"40", 覆盖变量数目为4, 未覆盖的变量包括['操作', '交易方式', '股票品种', '时间', '交易数量', '价格涨跌幅限制', '申报价格范围']
## 测试场景"1", 测试用例"41", 覆盖变量数目为4, 未覆盖的变量包括['操作', '交易方式', '股票品种', '时间', '交易数量', '价格涨跌幅限制', '申报价格范围']
## 测试场景"1", 测试用例"42", 覆盖变量数目为4, 未覆盖的变量包括['操作', '交易方式', '股票品种', '时间', '交易数量', '价格涨跌幅限制', '申报价格范围']
## 测试场景"1", 测试用例"43", 覆盖变量数目为4, 未覆盖的变量包括['操作', '交易方式', '股票品种', '时间', '交易数量', '价格涨跌幅限制', '申报价格范围']
## 测试场景"1", 测试用例"44", 覆盖变量数目为4, 未覆盖的变量包括['操作', '交易方式', '股票品种', '时间', '交易数量', '价格涨跌幅限制', '申报价格范围']
## 测试场景"1", 测试用例"45", 覆盖变量数目为4, 未覆盖的变量包括['操作', '交易方式', '股票品种', '时间', '交易数量', '价格涨跌幅限制', '申报价格范围']
## 测试场景"1", 测试用例"46", 覆盖变量数目为4, 未覆盖的变量包括['操作', '交易方式', '股票品种', '时间', '交易数量', '价格涨跌幅限制', '申报价格范围']
## 测试场景"1", 测试用例"47", 覆盖变量数目为4, 未覆盖的变量包括['操作', '交易方式', '股票品种', '时间', '交易数量', '价格涨跌幅限制', '申报价格范围']
### 测试场景"1", 覆盖变量的最大数目为9, 整体未覆盖的变量包括['操作', '股票品种']

## 测试场景"2", 测试用例"6", 覆盖变量数目为6, 未覆盖的变量包括['操作', '大宗交易方式', '交易品种', '股票品种', '时间']
## 测试场景"2", 测试用例"7", 覆盖变量数目为6, 未覆盖的变量包括['操作', '大宗交易方式', '交易品种', '股票品种', '时间']
## 测试场景"2", 测试用例"8", 覆盖变量数目为6, 未覆盖的变量包括['操作', '大宗交易方式', '交易品种', '股票品种', '时间']
## 测试场景"2", 测试用例"9", 覆盖变量数目为6, 未覆盖的变量包括['操作', '大宗交易方式', '交易品种', '股票品种', '时间']
## 测试场景"2", 测试用例"10", 覆盖变量数目为6, 未覆盖的变量包括['操作', '大宗交易方式', '交易品种', '股票品种', '时间']
## 测试场景"2", 测试用例"11", 覆盖变量数目为6, 未覆盖的变量包括['操作', '大宗交易方式', '交易品种', '股票品种', '时间']
## 测试场景"2", 测试用例"16", 覆盖变量数目为5, 未覆盖的变量包括['操作', '交易方式', '股票品种', '交易数量', '价格涨跌幅限制', '申报价格范围']
## 测试场景"2", 测试用例"17", 覆盖变量数目为5, 未覆盖的变量包括['操作', '交易方式', '股票品种', '交易数量', '价格涨跌幅限制', '申报价格范围']
## 测试场景"2", 测试用例"18", 覆盖变量数目为4, 未覆盖的变量包括['操作', '交易方式', '大宗交易方式', '股票品种', '交易数量', '价格涨跌幅限制', '申报价格范围']
## 测试场景"2", 测试用例"19", 覆盖变量数目为4, 未覆盖的变量包括['操作', '交易方式', '大宗交易方式', '股票品种', '交易数量', '价格涨跌幅限制', '申报价格范围']
## 测试场景"2", 测试用例"22", 覆盖变量数目为5, 未覆盖的变量包括['操作', '交易方式', '股票品种', '时间', '交易数量', '申报价格范围']
## 测试场景"2", 测试用例"23", 覆盖变量数目为5, 未覆盖的变量包括['操作', '交易方式', '股票品种', '时间', '交易数量', '申报价格范围']
## 测试场景"2", 测试用例"26", 覆盖变量数目为6, 未覆盖的变量包括['操作', '交易方式', '股票品种', '时间', '交易数量']
## 测试场景"2", 测试用例"27", 覆盖变量数目为6, 未覆盖的变量包括['操作', '交易方式', '股票品种', '时间', '交易数量']
### 测试场景"2", 覆盖变量的最大数目为9, 整体未覆盖的变量包括['操作', '股票品种']

## 测试场景"3", 测试用例"0", 覆盖变量数目为6, 未覆盖的变量包括['操作', '大宗交易方式', '交易品种', '股票品种', '时间', '交易数量']
## 测试场景"3", 测试用例"1", 覆盖变量数目为6, 未覆盖的变量包括['操作', '大宗交易方式', '交易品种', '股票品种', '时间', '交易数量']
## 测试场景"3", 测试用例"2", 覆盖变量数目为5, 未覆盖的变量包括['操作', '大宗交易方式', '交易品种', '股票品种', '时间', '交易数量', '交易金额']
## 测试场景"3", 测试用例"3", 覆盖变量数目为5, 未覆盖的变量包括['操作', '大宗交易方式', '交易品种', '股票品种', '时间', '交易数量', '交易金额']
## 测试场景"3", 测试用例"4", 覆盖变量数目为6, 未覆盖的变量包括['操作', '大宗交易方式', '交易品种', '股票品种', '时间', '交易数量']
## 测试场景"3", 测试用例"5", 覆盖变量数目为6, 未覆盖的变量包括['操作', '大宗交易方式', '交易品种', '股票品种', '时间', '交易数量']
## 测试场景"3", 测试用例"12", 覆盖变量数目为5, 未覆盖的变量包括['操作', '交易方式', '股票品种', '交易数量', '交易金额', '价格涨跌幅限制', '申报价格范围']
## 测试场景"3", 测试用例"13", 覆盖变量数目为5, 未覆盖的变量包括['操作', '交易方式', '股票品种', '交易数量', '交易金额', '价格涨跌幅限制', '申报价格范围']
## 测试场景"3", 测试用例"14", 覆盖变量数目为4, 未覆盖的变量包括['操作', '交易方式', '大宗交易方式', '股票品种', '交易数量', '交易金额', '价格涨跌幅限制', '申报价格范围']
## 测试场景"3", 测试用例"15", 覆盖变量数目为4, 未覆盖的变量包括['操作', '交易方式', '大宗交易方式', '股票品种', '交易数量', '交易金额', '价格涨跌幅限制', '申报价格范围']
## 测试场景"3", 测试用例"20", 覆盖变量数目为6, 未覆盖的变量包括['操作', '交易方式', '股票品种', '时间', '交易数量', '交易金额']
## 测试场景"3", 测试用例"21", 覆盖变量数目为6, 未覆盖的变量包括['操作', '交易方式', '股票品种', '时间', '交易数量', '交易金额']
## 测试场景"3", 测试用例"24", 覆盖变量数目为6, 未覆盖的变量包括['操作', '交易方式', '股票品种', '时间', '交易数量', '交易金额']
## 测试场景"3", 测试用例"25", 覆盖变量数目为6, 未覆盖的变量包括['操作', '交易方式', '股票品种', '时间', '交易数量', '交易金额']
## 测试场景"3", 测试用例"28", 覆盖变量数目为5, 未覆盖的变量包括['操作', '交易方式', '股票品种', '时间', '交易数量', '交易金额', '申报价格范围']
## 测试场景"3", 测试用例"29", 覆盖变量数目为5, 未覆盖的变量包括['操作', '交易方式', '股票品种', '时间', '交易数量', '交易金额', '申报价格范围']
## 测试场景"3", 测试用例"30", 覆盖变量数目为5, 未覆盖的变量包括['操作', '交易方式', '股票品种', '时间', '交易数量', '交易金额', '申报价格范围']
## 测试场景"3", 测试用例"31", 覆盖变量数目为5, 未覆盖的变量包括['操作', '交易方式', '股票品种', '时间', '交易数量', '交易金额', '申报价格范围']
## 测试场景"3", 测试用例"32", 覆盖变量数目为5, 未覆盖的变量包括['操作', '交易方式', '股票品种', '时间', '交易数量', '交易金额', '申报价格范围']
## 测试场景"3", 测试用例"33", 覆盖变量数目为5, 未覆盖的变量包括['操作', '交易方式', '股票品种', '时间', '交易数量', '交易金额', '申报价格范围']
## 测试场景"3", 测试用例"34", 覆盖变量数目为5, 未覆盖的变量包括['操作', '交易方式', '股票品种', '时间', '交易数量', '交易金额', '申报价格范围']
## 测试场景"3", 测试用例"35", 覆盖变量数目为5, 未覆盖的变量包括['操作', '交易方式', '股票品种', '时间', '交易数量', '交易金额', '申报价格范围']
## 测试场景"3", 测试用例"36", 覆盖变量数目为4, 未覆盖的变量包括['操作', '交易方式', '股票品种', '时间', '交易数量', '交易金额', '价格涨跌幅限制', '申报价格范围']
## 测试场景"3", 测试用例"37", 覆盖变量数目为4, 未覆盖的变量包括['操作', '交易方式', '股票品种', '时间', '交易数量', '交易金额', '价格涨跌幅限制', '申报价格范围']
## 测试场景"3", 测试用例"38", 覆盖变量数目为4, 未覆盖的变量包括['操作', '交易方式', '股票品种', '时间', '交易数量', '交易金额', '价格涨跌幅限制', '申报价格范围']
## 测试场景"3", 测试用例"39", 覆盖变量数目为4, 未覆盖的变量包括['操作', '交易方式', '股票品种', '时间', '交易数量', '交易金额', '价格涨跌幅限制', '申报价格范围']
## 测试场景"3", 测试用例"40", 覆盖变量数目为4, 未覆盖的变量包括['操作', '交易方式', '股票品种', '时间', '交易数量', '交易金额', '价格涨跌幅限制', '申报价格范围']
## 测试场景"3", 测试用例"41", 覆盖变量数目为4, 未覆盖的变量包括['操作', '交易方式', '股票品种', '时间', '交易数量', '交易金额', '价格涨跌幅限制', '申报价格范围']
## 测试场景"3", 测试用例"42", 覆盖变量数目为4, 未覆盖的变量包括['操作', '交易方式', '股票品种', '时间', '交易数量', '交易金额', '价格涨跌幅限制', '申报价格范围']
## 测试场景"3", 测试用例"43", 覆盖变量数目为4, 未覆盖的变量包括['操作', '交易方式', '股票品种', '时间', '交易数量', '交易金额', '价格涨跌幅限制', '申报价格范围']
## 测试场景"3", 测试用例"44", 覆盖变量数目为4, 未覆盖的变量包括['操作', '交易方式', '股票品种', '时间', '交易数量', '交易金额', '价格涨跌幅限制', '申报价格范围']
## 测试场景"3", 测试用例"45", 覆盖变量数目为4, 未覆盖的变量包括['操作', '交易方式', '股票品种', '时间', '交易数量', '交易金额', '价格涨跌幅限制', '申报价格范围']
## 测试场景"3", 测试用例"46", 覆盖变量数目为4, 未覆盖的变量包括['操作', '交易方式', '股票品种', '时间', '交易数量', '交易金额', '价格涨跌幅限制', '申报价格范围']
## 测试场景"3", 测试用例"47", 覆盖变量数目为4, 未覆盖的变量包括['操作', '交易方式', '股票品种', '时间', '交易数量', '交易金额', '价格涨跌幅限制', '申报价格范围']
### 测试场景"3", 覆盖变量的最大数目为9, 整体未覆盖的变量包括['操作', '股票品种', '交易数量']

## 测试场景"4", 测试用例"6", 覆盖变量数目为6, 未覆盖的变量包括['操作', '大宗交易方式', '交易品种', '股票品种', '时间', '交易数量']
## 测试场景"4", 测试用例"7", 覆盖变量数目为6, 未覆盖的变量包括['操作', '大宗交易方式', '交易品种', '股票品种', '时间', '交易数量']
## 测试场景"4", 测试用例"8", 覆盖变量数目为5, 未覆盖的变量包括['操作', '大宗交易方式', '交易品种', '股票品种', '时间', '交易数量', '交易金额']
## 测试场景"4", 测试用例"9", 覆盖变量数目为5, 未覆盖的变量包括['操作', '大宗交易方式', '交易品种', '股票品种', '时间', '交易数量', '交易金额']
## 测试场景"4", 测试用例"10", 覆盖变量数目为6, 未覆盖的变量包括['操作', '大宗交易方式', '交易品种', '股票品种', '时间', '交易数量']
## 测试场景"4", 测试用例"11", 覆盖变量数目为6, 未覆盖的变量包括['操作', '大宗交易方式', '交易品种', '股票品种', '时间', '交易数量']
## 测试场景"4", 测试用例"16", 覆盖变量数目为5, 未覆盖的变量包括['操作', '交易方式', '股票品种', '交易数量', '交易金额', '价格涨跌幅限制', '申报价格范围']
## 测试场景"4", 测试用例"17", 覆盖变量数目为5, 未覆盖的变量包括['操作', '交易方式', '股票品种', '交易数量', '交易金额', '价格涨跌幅限制', '申报价格范围']
## 测试场景"4", 测试用例"18", 覆盖变量数目为4, 未覆盖的变量包括['操作', '交易方式', '大宗交易方式', '股票品种', '交易数量', '交易金额', '价格涨跌幅限制', '申报价格范围']
## 测试场景"4", 测试用例"19", 覆盖变量数目为4, 未覆盖的变量包括['操作', '交易方式', '大宗交易方式', '股票品种', '交易数量', '交易金额', '价格涨跌幅限制', '申报价格范围']
## 测试场景"4", 测试用例"22", 覆盖变量数目为5, 未覆盖的变量包括['操作', '交易方式', '股票品种', '时间', '交易数量', '交易金额', '申报价格范围']
## 测试场景"4", 测试用例"23", 覆盖变量数目为5, 未覆盖的变量包括['操作', '交易方式', '股票品种', '时间', '交易数量', '交易金额', '申报价格范围']
## 测试场景"4", 测试用例"26", 覆盖变量数目为6, 未覆盖的变量包括['操作', '交易方式', '股票品种', '时间', '交易数量', '交易金额']
## 测试场景"4", 测试用例"27", 覆盖变量数目为6, 未覆盖的变量包括['操作', '交易方式', '股票品种', '时间', '交易数量', '交易金额']
### 测试场景"4", 覆盖变量的最大数目为9, 整体未覆盖的变量包括['操作', '股票品种', '交易数量']

## 测试场景"5", 测试用例"0", 覆盖变量数目为5, 未覆盖的变量包括['操作', '大宗交易方式', '交易品种', '股票品种', '时间', '申报价格范围']
## 测试场景"5", 测试用例"1", 覆盖变量数目为5, 未覆盖的变量包括['操作', '大宗交易方式', '交易品种', '股票品种', '时间', '申报价格范围']
## 测试场景"5", 测试用例"2", 覆盖变量数目为5, 未覆盖的变量包括['操作', '大宗交易方式', '交易品种', '股票品种', '时间', '申报价格范围']
## 测试场景"5", 测试用例"3", 覆盖变量数目为5, 未覆盖的变量包括['操作', '大宗交易方式', '交易品种', '股票品种', '时间', '申报价格范围']
## 测试场景"5", 测试用例"4", 覆盖变量数目为5, 未覆盖的变量包括['操作', '大宗交易方式', '交易品种', '股票品种', '时间', '申报价格范围']
## 测试场景"5", 测试用例"5", 覆盖变量数目为5, 未覆盖的变量包括['操作', '大宗交易方式', '交易品种', '股票品种', '时间', '申报价格范围']
## 测试场景"5", 测试用例"12", 覆盖变量数目为5, 未覆盖的变量包括['操作', '交易方式', '股票品种', '交易数量', '价格涨跌幅限制', '申报价格范围']
## 测试场景"5", 测试用例"13", 覆盖变量数目为5, 未覆盖的变量包括['操作', '交易方式', '股票品种', '交易数量', '价格涨跌幅限制', '申报价格范围']
## 测试场景"5", 测试用例"14", 覆盖变量数目为4, 未覆盖的变量包括['操作', '交易方式', '大宗交易方式', '股票品种', '交易数量', '价格涨跌幅限制', '申报价格范围']
## 测试场景"5", 测试用例"15", 覆盖变量数目为4, 未覆盖的变量包括['操作', '交易方式', '大宗交易方式', '股票品种', '交易数量', '价格涨跌幅限制', '申报价格范围']
## 测试场景"5", 测试用例"20", 覆盖变量数目为5, 未覆盖的变量包括['操作', '交易方式', '股票品种', '时间', '交易数量', '申报价格范围']
## 测试场景"5", 测试用例"21", 覆盖变量数目为5, 未覆盖的变量包括['操作', '交易方式', '股票品种', '时间', '交易数量', '申报价格范围']
## 测试场景"5", 测试用例"24", 覆盖变量数目为6, 未覆盖的变量包括['操作', '交易方式', '股票品种', '时间', '交易数量']
## 测试场景"5", 测试用例"25", 覆盖变量数目为6, 未覆盖的变量包括['操作', '交易方式', '股票品种', '时间', '交易数量']
## 测试场景"5", 测试用例"28", 覆盖变量数目为5, 未覆盖的变量包括['操作', '交易方式', '股票品种', '时间', '交易数量', '申报价格范围']
## 测试场景"5", 测试用例"29", 覆盖变量数目为5, 未覆盖的变量包括['操作', '交易方式', '股票品种', '时间', '交易数量', '申报价格范围']
## 测试场景"5", 测试用例"30", 覆盖变量数目为5, 未覆盖的变量包括['操作', '交易方式', '股票品种', '时间', '交易数量', '申报价格范围']
## 测试场景"5", 测试用例"31", 覆盖变量数目为5, 未覆盖的变量包括['操作', '交易方式', '股票品种', '时间', '交易数量', '申报价格范围']
## 测试场景"5", 测试用例"32", 覆盖变量数目为5, 未覆盖的变量包括['操作', '交易方式', '股票品种', '时间', '交易数量', '申报价格范围']
## 测试场景"5", 测试用例"33", 覆盖变量数目为5, 未覆盖的变量包括['操作', '交易方式', '股票品种', '时间', '交易数量', '申报价格范围']
## 测试场景"5", 测试用例"34", 覆盖变量数目为5, 未覆盖的变量包括['操作', '交易方式', '股票品种', '时间', '交易数量', '申报价格范围']
## 测试场景"5", 测试用例"35", 覆盖变量数目为5, 未覆盖的变量包括['操作', '交易方式', '股票品种', '时间', '交易数量', '申报价格范围']
## 测试场景"5", 测试用例"36", 覆盖变量数目为4, 未覆盖的变量包括['操作', '交易方式', '股票品种', '时间', '交易数量', '价格涨跌幅限制', '申报价格范围']
## 测试场景"5", 测试用例"37", 覆盖变量数目为4, 未覆盖的变量包括['操作', '交易方式', '股票品种', '时间', '交易数量', '价格涨跌幅限制', '申报价格范围']
## 测试场景"5", 测试用例"38", 覆盖变量数目为4, 未覆盖的变量包括['操作', '交易方式', '股票品种', '时间', '交易数量', '价格涨跌幅限制', '申报价格范围']
## 测试场景"5", 测试用例"39", 覆盖变量数目为4, 未覆盖的变量包括['操作', '交易方式', '股票品种', '时间', '交易数量', '价格涨跌幅限制', '申报价格范围']
## 测试场景"5", 测试用例"40", 覆盖变量数目为4, 未覆盖的变量包括['操作', '交易方式', '股票品种', '时间', '交易数量', '价格涨跌幅限制', '申报价格范围']
## 测试场景"5", 测试用例"41", 覆盖变量数目为4, 未覆盖的变量包括['操作', '交易方式', '股票品种', '时间', '交易数量', '价格涨跌幅限制', '申报价格范围']
## 测试场景"5", 测试用例"42", 覆盖变量数目为4, 未覆盖的变量包括['操作', '交易方式', '股票品种', '时间', '交易数量', '价格涨跌幅限制', '申报价格范围']
## 测试场景"5", 测试用例"43", 覆盖变量数目为4, 未覆盖的变量包括['操作', '交易方式', '股票品种', '时间', '交易数量', '价格涨跌幅限制', '申报价格范围']
## 测试场景"5", 测试用例"44", 覆盖变量数目为4, 未覆盖的变量包括['操作', '交易方式', '股票品种', '时间', '交易数量', '价格涨跌幅限制', '申报价格范围']
## 测试场景"5", 测试用例"45", 覆盖变量数目为4, 未覆盖的变量包括['操作', '交易方式', '股票品种', '时间', '交易数量', '价格涨跌幅限制', '申报价格范围']
## 测试场景"5", 测试用例"46", 覆盖变量数目为4, 未覆盖的变量包括['操作', '交易方式', '股票品种', '时间', '交易数量', '价格涨跌幅限制', '申报价格范围']
## 测试场景"5", 测试用例"47", 覆盖变量数目为4, 未覆盖的变量包括['操作', '交易方式', '股票品种', '时间', '交易数量', '价格涨跌幅限制', '申报价格范围']
### 测试场景"5", 覆盖变量的最大数目为9, 整体未覆盖的变量包括['操作', '股票品种']

## 测试场景"6", 测试用例"6", 覆盖变量数目为5, 未覆盖的变量包括['操作', '大宗交易方式', '交易品种', '股票品种', '时间', '申报价格范围']
## 测试场景"6", 测试用例"7", 覆盖变量数目为5, 未覆盖的变量包括['操作', '大宗交易方式', '交易品种', '股票品种', '时间', '申报价格范围']
## 测试场景"6", 测试用例"8", 覆盖变量数目为5, 未覆盖的变量包括['操作', '大宗交易方式', '交易品种', '股票品种', '时间', '申报价格范围']
## 测试场景"6", 测试用例"9", 覆盖变量数目为5, 未覆盖的变量包括['操作', '大宗交易方式', '交易品种', '股票品种', '时间', '申报价格范围']
## 测试场景"6", 测试用例"10", 覆盖变量数目为5, 未覆盖的变量包括['操作', '大宗交易方式', '交易品种', '股票品种', '时间', '申报价格范围']
## 测试场景"6", 测试用例"11", 覆盖变量数目为5, 未覆盖的变量包括['操作', '大宗交易方式', '交易品种', '股票品种', '时间', '申报价格范围']
## 测试场景"6", 测试用例"16", 覆盖变量数目为5, 未覆盖的变量包括['操作', '交易方式', '股票品种', '交易数量', '价格涨跌幅限制', '申报价格范围']
## 测试场景"6", 测试用例"17", 覆盖变量数目为5, 未覆盖的变量包括['操作', '交易方式', '股票品种', '交易数量', '价格涨跌幅限制', '申报价格范围']
## 测试场景"6", 测试用例"18", 覆盖变量数目为4, 未覆盖的变量包括['操作', '交易方式', '大宗交易方式', '股票品种', '交易数量', '价格涨跌幅限制', '申报价格范围']
## 测试场景"6", 测试用例"19", 覆盖变量数目为4, 未覆盖的变量包括['操作', '交易方式', '大宗交易方式', '股票品种', '交易数量', '价格涨跌幅限制', '申报价格范围']
## 测试场景"6", 测试用例"22", 覆盖变量数目为5, 未覆盖的变量包括['操作', '交易方式', '股票品种', '时间', '交易数量', '申报价格范围']
## 测试场景"6", 测试用例"23", 覆盖变量数目为5, 未覆盖的变量包括['操作', '交易方式', '股票品种', '时间', '交易数量', '申报价格范围']
## 测试场景"6", 测试用例"26", 覆盖变量数目为6, 未覆盖的变量包括['操作', '交易方式', '股票品种', '时间', '交易数量']
## 测试场景"6", 测试用例"27", 覆盖变量数目为6, 未覆盖的变量包括['操作', '交易方式', '股票品种', '时间', '交易数量']
### 测试场景"6", 覆盖变量的最大数目为9, 整体未覆盖的变量包括['操作', '股票品种']

## 测试场景"7", 测试用例"0", 覆盖变量数目为5, 未覆盖的变量包括['操作', '大宗交易方式', '交易品种', '股票品种', '时间', '交易数量', '申报价格范围']
## 测试场景"7", 测试用例"1", 覆盖变量数目为5, 未覆盖的变量包括['操作', '大宗交易方式', '交易品种', '股票品种', '时间', '交易数量', '申报价格范围']
## 测试场景"7", 测试用例"2", 覆盖变量数目为4, 未覆盖的变量包括['操作', '大宗交易方式', '交易品种', '股票品种', '时间', '交易数量', '交易金额', '申报价格范围']
## 测试场景"7", 测试用例"3", 覆盖变量数目为4, 未覆盖的变量包括['操作', '大宗交易方式', '交易品种', '股票品种', '时间', '交易数量', '交易金额', '申报价格范围']
## 测试场景"7", 测试用例"4", 覆盖变量数目为5, 未覆盖的变量包括['操作', '大宗交易方式', '交易品种', '股票品种', '时间', '交易数量', '申报价格范围']
## 测试场景"7", 测试用例"5", 覆盖变量数目为5, 未覆盖的变量包括['操作', '大宗交易方式', '交易品种', '股票品种', '时间', '交易数量', '申报价格范围']
## 测试场景"7", 测试用例"12", 覆盖变量数目为5, 未覆盖的变量包括['操作', '交易方式', '股票品种', '交易数量', '交易金额', '价格涨跌幅限制', '申报价格范围']
## 测试场景"7", 测试用例"13", 覆盖变量数目为5, 未覆盖的变量包括['操作', '交易方式', '股票品种', '交易数量', '交易金额', '价格涨跌幅限制', '申报价格范围']
## 测试场景"7", 测试用例"14", 覆盖变量数目为4, 未覆盖的变量包括['操作', '交易方式', '大宗交易方式', '股票品种', '交易数量', '交易金额', '价格涨跌幅限制', '申报价格范围']
## 测试场景"7", 测试用例"15", 覆盖变量数目为4, 未覆盖的变量包括['操作', '交易方式', '大宗交易方式', '股票品种', '交易数量', '交易金额', '价格涨跌幅限制', '申报价格范围']
## 测试场景"7", 测试用例"20", 覆盖变量数目为5, 未覆盖的变量包括['操作', '交易方式', '股票品种', '时间', '交易数量', '交易金额', '申报价格范围']
## 测试场景"7", 测试用例"21", 覆盖变量数目为5, 未覆盖的变量包括['操作', '交易方式', '股票品种', '时间', '交易数量', '交易金额', '申报价格范围']
## 测试场景"7", 测试用例"24", 覆盖变量数目为6, 未覆盖的变量包括['操作', '交易方式', '股票品种', '时间', '交易数量', '交易金额']
## 测试场景"7", 测试用例"25", 覆盖变量数目为6, 未覆盖的变量包括['操作', '交易方式', '股票品种', '时间', '交易数量', '交易金额']
## 测试场景"7", 测试用例"28", 覆盖变量数目为5, 未覆盖的变量包括['操作', '交易方式', '股票品种', '时间', '交易数量', '交易金额', '申报价格范围']
## 测试场景"7", 测试用例"29", 覆盖变量数目为5, 未覆盖的变量包括['操作', '交易方式', '股票品种', '时间', '交易数量', '交易金额', '申报价格范围']
## 测试场景"7", 测试用例"30", 覆盖变量数目为5, 未覆盖的变量包括['操作', '交易方式', '股票品种', '时间', '交易数量', '交易金额', '申报价格范围']
## 测试场景"7", 测试用例"31", 覆盖变量数目为5, 未覆盖的变量包括['操作', '交易方式', '股票品种', '时间', '交易数量', '交易金额', '申报价格范围']
## 测试场景"7", 测试用例"32", 覆盖变量数目为5, 未覆盖的变量包括['操作', '交易方式', '股票品种', '时间', '交易数量', '交易金额', '申报价格范围']
## 测试场景"7", 测试用例"33", 覆盖变量数目为5, 未覆盖的变量包括['操作', '交易方式', '股票品种', '时间', '交易数量', '交易金额', '申报价格范围']
## 测试场景"7", 测试用例"34", 覆盖变量数目为5, 未覆盖的变量包括['操作', '交易方式', '股票品种', '时间', '交易数量', '交易金额', '申报价格范围']
## 测试场景"7", 测试用例"35", 覆盖变量数目为5, 未覆盖的变量包括['操作', '交易方式', '股票品种', '时间', '交易数量', '交易金额', '申报价格范围']
## 测试场景"7", 测试用例"36", 覆盖变量数目为4, 未覆盖的变量包括['操作', '交易方式', '股票品种', '时间', '交易数量', '交易金额', '价格涨跌幅限制', '申报价格范围']
## 测试场景"7", 测试用例"37", 覆盖变量数目为4, 未覆盖的变量包括['操作', '交易方式', '股票品种', '时间', '交易数量', '交易金额', '价格涨跌幅限制', '申报价格范围']
## 测试场景"7", 测试用例"38", 覆盖变量数目为4, 未覆盖的变量包括['操作', '交易方式', '股票品种', '时间', '交易数量', '交易金额', '价格涨跌幅限制', '申报价格范围']
## 测试场景"7", 测试用例"39", 覆盖变量数目为4, 未覆盖的变量包括['操作', '交易方式', '股票品种', '时间', '交易数量', '交易金额', '价格涨跌幅限制', '申报价格范围']
## 测试场景"7", 测试用例"40", 覆盖变量数目为4, 未覆盖的变量包括['操作', '交易方式', '股票品种', '时间', '交易数量', '交易金额', '价格涨跌幅限制', '申报价格范围']
## 测试场景"7", 测试用例"41", 覆盖变量数目为4, 未覆盖的变量包括['操作', '交易方式', '股票品种', '时间', '交易数量', '交易金额', '价格涨跌幅限制', '申报价格范围']
## 测试场景"7", 测试用例"42", 覆盖变量数目为4, 未覆盖的变量包括['操作', '交易方式', '股票品种', '时间', '交易数量', '交易金额', '价格涨跌幅限制', '申报价格范围']
## 测试场景"7", 测试用例"43", 覆盖变量数目为4, 未覆盖的变量包括['操作', '交易方式', '股票品种', '时间', '交易数量', '交易金额', '价格涨跌幅限制', '申报价格范围']
## 测试场景"7", 测试用例"44", 覆盖变量数目为4, 未覆盖的变量包括['操作', '交易方式', '股票品种', '时间', '交易数量', '交易金额', '价格涨跌幅限制', '申报价格范围']
## 测试场景"7", 测试用例"45", 覆盖变量数目为4, 未覆盖的变量包括['操作', '交易方式', '股票品种', '时间', '交易数量', '交易金额', '价格涨跌幅限制', '申报价格范围']
## 测试场景"7", 测试用例"46", 覆盖变量数目为4, 未覆盖的变量包括['操作', '交易方式', '股票品种', '时间', '交易数量', '交易金额', '价格涨跌幅限制', '申报价格范围']
## 测试场景"7", 测试用例"47", 覆盖变量数目为4, 未覆盖的变量包括['操作', '交易方式', '股票品种', '时间', '交易数量', '交易金额', '价格涨跌幅限制', '申报价格范围']
### 测试场景"7", 覆盖变量的最大数目为9, 整体未覆盖的变量包括['操作', '股票品种', '交易数量']

## 测试场景"8", 测试用例"6", 覆盖变量数目为5, 未覆盖的变量包括['操作', '大宗交易方式', '交易品种', '股票品种', '时间', '交易数量', '申报价格范围']
## 测试场景"8", 测试用例"7", 覆盖变量数目为5, 未覆盖的变量包括['操作', '大宗交易方式', '交易品种', '股票品种', '时间', '交易数量', '申报价格范围']
## 测试场景"8", 测试用例"8", 覆盖变量数目为4, 未覆盖的变量包括['操作', '大宗交易方式', '交易品种', '股票品种', '时间', '交易数量', '交易金额', '申报价格范围']
## 测试场景"8", 测试用例"9", 覆盖变量数目为4, 未覆盖的变量包括['操作', '大宗交易方式', '交易品种', '股票品种', '时间', '交易数量', '交易金额', '申报价格范围']
## 测试场景"8", 测试用例"10", 覆盖变量数目为5, 未覆盖的变量包括['操作', '大宗交易方式', '交易品种', '股票品种', '时间', '交易数量', '申报价格范围']
## 测试场景"8", 测试用例"11", 覆盖变量数目为5, 未覆盖的变量包括['操作', '大宗交易方式', '交易品种', '股票品种', '时间', '交易数量', '申报价格范围']
## 测试场景"8", 测试用例"16", 覆盖变量数目为5, 未覆盖的变量包括['操作', '交易方式', '股票品种', '交易数量', '交易金额', '价格涨跌幅限制', '申报价格范围']
## 测试场景"8", 测试用例"17", 覆盖变量数目为5, 未覆盖的变量包括['操作', '交易方式', '股票品种', '交易数量', '交易金额', '价格涨跌幅限制', '申报价格范围']
## 测试场景"8", 测试用例"18", 覆盖变量数目为4, 未覆盖的变量包括['操作', '交易方式', '大宗交易方式', '股票品种', '交易数量', '交易金额', '价格涨跌幅限制', '申报价格范围']
## 测试场景"8", 测试用例"19", 覆盖变量数目为4, 未覆盖的变量包括['操作', '交易方式', '大宗交易方式', '股票品种', '交易数量', '交易金额', '价格涨跌幅限制', '申报价格范围']
## 测试场景"8", 测试用例"22", 覆盖变量数目为5, 未覆盖的变量包括['操作', '交易方式', '股票品种', '时间', '交易数量', '交易金额', '申报价格范围']
## 测试场景"8", 测试用例"23", 覆盖变量数目为5, 未覆盖的变量包括['操作', '交易方式', '股票品种', '时间', '交易数量', '交易金额', '申报价格范围']
## 测试场景"8", 测试用例"26", 覆盖变量数目为6, 未覆盖的变量包括['操作', '交易方式', '股票品种', '时间', '交易数量', '交易金额']
## 测试场景"8", 测试用例"27", 覆盖变量数目为6, 未覆盖的变量包括['操作', '交易方式', '股票品种', '时间', '交易数量', '交易金额']
### 测试场景"8", 覆盖变量的最大数目为9, 整体未覆盖的变量包括['操作', '股票品种', '交易数量']

## 测试场景"9", 测试用例"6", 覆盖变量数目为4, 未覆盖的变量包括['操作', '大宗交易方式', '交易品种', '股票品种', '时间', '交易数量']
## 测试场景"9", 测试用例"7", 覆盖变量数目为4, 未覆盖的变量包括['操作', '大宗交易方式', '交易品种', '股票品种', '时间', '交易数量']
## 测试场景"9", 测试用例"8", 覆盖变量数目为4, 未覆盖的变量包括['操作', '大宗交易方式', '交易品种', '股票品种', '时间', '交易数量']
## 测试场景"9", 测试用例"9", 覆盖变量数目为4, 未覆盖的变量包括['操作', '大宗交易方式', '交易品种', '股票品种', '时间', '交易数量']
## 测试场景"9", 测试用例"10", 覆盖变量数目为4, 未覆盖的变量包括['操作', '大宗交易方式', '交易品种', '股票品种', '时间', '交易数量']
## 测试场景"9", 测试用例"11", 覆盖变量数目为4, 未覆盖的变量包括['操作', '大宗交易方式', '交易品种', '股票品种', '时间', '交易数量']
## 测试场景"9", 测试用例"16", 覆盖变量数目为5, 未覆盖的变量包括['操作', '交易方式', '股票品种', '交易数量', '交易金额']
## 测试场景"9", 测试用例"17", 覆盖变量数目为5, 未覆盖的变量包括['操作', '交易方式', '股票品种', '交易数量', '交易金额']
## 测试场景"9", 测试用例"18", 覆盖变量数目为4, 未覆盖的变量包括['操作', '交易方式', '大宗交易方式', '股票品种', '交易数量', '交易金额']
## 测试场景"9", 测试用例"19", 覆盖变量数目为4, 未覆盖的变量包括['操作', '交易方式', '大宗交易方式', '股票品种', '交易数量', '交易金额']
## 测试场景"9", 测试用例"22", 覆盖变量数目为4, 未覆盖的变量包括['操作', '交易方式', '股票品种', '时间', '交易数量', '交易金额']
## 测试场景"9", 测试用例"23", 覆盖变量数目为4, 未覆盖的变量包括['操作', '交易方式', '股票品种', '时间', '交易数量', '交易金额']
## 测试场景"9", 测试用例"26", 覆盖变量数目为5, 未覆盖的变量包括['操作', '交易方式', '股票品种', '时间', '交易数量']
## 测试场景"9", 测试用例"27", 覆盖变量数目为5, 未覆盖的变量包括['操作', '交易方式', '股票品种', '时间', '交易数量']
### 测试场景"9", 覆盖变量的最大数目为7, 整体未覆盖的变量包括['操作', '股票品种', '交易数量']

## 测试场景"10", 测试用例"0", 覆盖变量数目为6, 未覆盖的变量包括['操作', '大宗交易方式', '交易品种', '股票品种', '时间']
## 测试场景"10", 测试用例"1", 覆盖变量数目为6, 未覆盖的变量包括['操作', '大宗交易方式', '交易品种', '股票品种', '时间']
## 测试场景"10", 测试用例"2", 覆盖变量数目为7, 未覆盖的变量包括['操作', '大宗交易方式', '交易品种', '时间']
## 测试场景"10", 测试用例"3", 覆盖变量数目为7, 未覆盖的变量包括['操作', '大宗交易方式', '交易品种', '时间']
## 测试场景"10", 测试用例"4", 覆盖变量数目为6, 未覆盖的变量包括['操作', '大宗交易方式', '交易品种', '股票品种', '时间']
## 测试场景"10", 测试用例"5", 覆盖变量数目为6, 未覆盖的变量包括['操作', '大宗交易方式', '交易品种', '股票品种', '时间']
## 测试场景"10", 测试用例"12", 覆盖变量数目为5, 未覆盖的变量包括['操作', '交易方式', '股票品种', '交易数量', '价格涨跌幅限制', '申报价格范围']
## 测试场景"10", 测试用例"13", 覆盖变量数目为5, 未覆盖的变量包括['操作', '交易方式', '股票品种', '交易数量', '价格涨跌幅限制', '申报价格范围']
## 测试场景"10", 测试用例"14", 覆盖变量数目为4, 未覆盖的变量包括['操作', '交易方式', '大宗交易方式', '股票品种', '交易数量', '价格涨跌幅限制', '申报价格范围']
## 测试场景"10", 测试用例"15", 覆盖变量数目为4, 未覆盖的变量包括['操作', '交易方式', '大宗交易方式', '股票品种', '交易数量', '价格涨跌幅限制', '申报价格范围']
## 测试场景"10", 测试用例"20", 覆盖变量数目为6, 未覆盖的变量包括['操作', '交易方式', '股票品种', '时间', '交易数量']
## 测试场景"10", 测试用例"21", 覆盖变量数目为6, 未覆盖的变量包括['操作', '交易方式', '股票品种', '时间', '交易数量']
## 测试场景"10", 测试用例"24", 覆盖变量数目为6, 未覆盖的变量包括['操作', '交易方式', '股票品种', '时间', '交易数量']
## 测试场景"10", 测试用例"25", 覆盖变量数目为6, 未覆盖的变量包括['操作', '交易方式', '股票品种', '时间', '交易数量']
## 测试场景"10", 测试用例"28", 覆盖变量数目为5, 未覆盖的变量包括['操作', '交易方式', '股票品种', '时间', '交易数量', '申报价格范围']
## 测试场景"10", 测试用例"29", 覆盖变量数目为5, 未覆盖的变量包括['操作', '交易方式', '股票品种', '时间', '交易数量', '申报价格范围']
## 测试场景"10", 测试用例"30", 覆盖变量数目为5, 未覆盖的变量包括['操作', '交易方式', '股票品种', '时间', '交易数量', '申报价格范围']
## 测试场景"10", 测试用例"31", 覆盖变量数目为5, 未覆盖的变量包括['操作', '交易方式', '股票品种', '时间', '交易数量', '申报价格范围']
## 测试场景"10", 测试用例"32", 覆盖变量数目为5, 未覆盖的变量包括['操作', '交易方式', '股票品种', '时间', '交易数量', '申报价格范围']
## 测试场景"10", 测试用例"33", 覆盖变量数目为5, 未覆盖的变量包括['操作', '交易方式', '股票品种', '时间', '交易数量', '申报价格范围']
## 测试场景"10", 测试用例"34", 覆盖变量数目为5, 未覆盖的变量包括['操作', '交易方式', '股票品种', '时间', '交易数量', '申报价格范围']
## 测试场景"10", 测试用例"35", 覆盖变量数目为5, 未覆盖的变量包括['操作', '交易方式', '股票品种', '时间', '交易数量', '申报价格范围']
## 测试场景"10", 测试用例"36", 覆盖变量数目为4, 未覆盖的变量包括['操作', '交易方式', '股票品种', '时间', '交易数量', '价格涨跌幅限制', '申报价格范围']
## 测试场景"10", 测试用例"37", 覆盖变量数目为4, 未覆盖的变量包括['操作', '交易方式', '股票品种', '时间', '交易数量', '价格涨跌幅限制', '申报价格范围']
## 测试场景"10", 测试用例"38", 覆盖变量数目为4, 未覆盖的变量包括['操作', '交易方式', '股票品种', '时间', '交易数量', '价格涨跌幅限制', '申报价格范围']
## 测试场景"10", 测试用例"39", 覆盖变量数目为4, 未覆盖的变量包括['操作', '交易方式', '股票品种', '时间', '交易数量', '价格涨跌幅限制', '申报价格范围']
## 测试场景"10", 测试用例"40", 覆盖变量数目为4, 未覆盖的变量包括['操作', '交易方式', '股票品种', '时间', '交易数量', '价格涨跌幅限制', '申报价格范围']
## 测试场景"10", 测试用例"41", 覆盖变量数目为4, 未覆盖的变量包括['操作', '交易方式', '股票品种', '时间', '交易数量', '价格涨跌幅限制', '申报价格范围']
## 测试场景"10", 测试用例"42", 覆盖变量数目为4, 未覆盖的变量包括['操作', '交易方式', '股票品种', '时间', '交易数量', '价格涨跌幅限制', '申报价格范围']
## 测试场景"10", 测试用例"43", 覆盖变量数目为4, 未覆盖的变量包括['操作', '交易方式', '股票品种', '时间', '交易数量', '价格涨跌幅限制', '申报价格范围']
## 测试场景"10", 测试用例"44", 覆盖变量数目为4, 未覆盖的变量包括['操作', '交易方式', '股票品种', '时间', '交易数量', '价格涨跌幅限制', '申报价格范围']
## 测试场景"10", 测试用例"45", 覆盖变量数目为4, 未覆盖的变量包括['操作', '交易方式', '股票品种', '时间', '交易数量', '价格涨跌幅限制', '申报价格范围']
## 测试场景"10", 测试用例"46", 覆盖变量数目为4, 未覆盖的变量包括['操作', '交易方式', '股票品种', '时间', '交易数量', '价格涨跌幅限制', '申报价格范围']
## 测试场景"10", 测试用例"47", 覆盖变量数目为4, 未覆盖的变量包括['操作', '交易方式', '股票品种', '时间', '交易数量', '价格涨跌幅限制', '申报价格范围']
### 测试场景"10", 覆盖变量的最大数目为10, 整体未覆盖的变量包括['操作']

## 测试场景"11", 测试用例"6", 覆盖变量数目为6, 未覆盖的变量包括['操作', '大宗交易方式', '交易品种', '股票品种', '时间']
## 测试场景"11", 测试用例"7", 覆盖变量数目为6, 未覆盖的变量包括['操作', '大宗交易方式', '交易品种', '股票品种', '时间']
## 测试场景"11", 测试用例"8", 覆盖变量数目为7, 未覆盖的变量包括['操作', '大宗交易方式', '交易品种', '时间']
## 测试场景"11", 测试用例"9", 覆盖变量数目为7, 未覆盖的变量包括['操作', '大宗交易方式', '交易品种', '时间']
## 测试场景"11", 测试用例"10", 覆盖变量数目为6, 未覆盖的变量包括['操作', '大宗交易方式', '交易品种', '股票品种', '时间']
## 测试场景"11", 测试用例"11", 覆盖变量数目为6, 未覆盖的变量包括['操作', '大宗交易方式', '交易品种', '股票品种', '时间']
## 测试场景"11", 测试用例"16", 覆盖变量数目为5, 未覆盖的变量包括['操作', '交易方式', '股票品种', '交易数量', '价格涨跌幅限制', '申报价格范围']
## 测试场景"11", 测试用例"17", 覆盖变量数目为5, 未覆盖的变量包括['操作', '交易方式', '股票品种', '交易数量', '价格涨跌幅限制', '申报价格范围']
## 测试场景"11", 测试用例"18", 覆盖变量数目为4, 未覆盖的变量包括['操作', '交易方式', '大宗交易方式', '股票品种', '交易数量', '价格涨跌幅限制', '申报价格范围']
## 测试场景"11", 测试用例"19", 覆盖变量数目为4, 未覆盖的变量包括['操作', '交易方式', '大宗交易方式', '股票品种', '交易数量', '价格涨跌幅限制', '申报价格范围']
## 测试场景"11", 测试用例"22", 覆盖变量数目为5, 未覆盖的变量包括['操作', '交易方式', '股票品种', '时间', '交易数量', '申报价格范围']
## 测试场景"11", 测试用例"23", 覆盖变量数目为5, 未覆盖的变量包括['操作', '交易方式', '股票品种', '时间', '交易数量', '申报价格范围']
## 测试场景"11", 测试用例"26", 覆盖变量数目为6, 未覆盖的变量包括['操作', '交易方式', '股票品种', '时间', '交易数量']
## 测试场景"11", 测试用例"27", 覆盖变量数目为6, 未覆盖的变量包括['操作', '交易方式', '股票品种', '时间', '交易数量']
### 测试场景"11", 覆盖变量的最大数目为10, 整体未覆盖的变量包括['操作']

## 测试场景"12", 测试用例"0", 覆盖变量数目为6, 未覆盖的变量包括['操作', '大宗交易方式', '交易品种', '股票品种', '时间', '交易数量']
## 测试场景"12", 测试用例"1", 覆盖变量数目为6, 未覆盖的变量包括['操作', '大宗交易方式', '交易品种', '股票品种', '时间', '交易数量']
## 测试场景"12", 测试用例"2", 覆盖变量数目为7, 未覆盖的变量包括['操作', '大宗交易方式', '交易品种', '时间', '交易数量']
## 测试场景"12", 测试用例"3", 覆盖变量数目为7, 未覆盖的变量包括['操作', '大宗交易方式', '交易品种', '时间', '交易数量']
## 测试场景"12", 测试用例"4", 覆盖变量数目为6, 未覆盖的变量包括['操作', '大宗交易方式', '交易品种', '股票品种', '时间', '交易数量']
## 测试场景"12", 测试用例"5", 覆盖变量数目为6, 未覆盖的变量包括['操作', '大宗交易方式', '交易品种', '股票品种', '时间', '交易数量']
## 测试场景"12", 测试用例"12", 覆盖变量数目为5, 未覆盖的变量包括['操作', '交易方式', '股票品种', '交易数量', '交易金额', '价格涨跌幅限制', '申报价格范围']
## 测试场景"12", 测试用例"13", 覆盖变量数目为5, 未覆盖的变量包括['操作', '交易方式', '股票品种', '交易数量', '交易金额', '价格涨跌幅限制', '申报价格范围']
## 测试场景"12", 测试用例"14", 覆盖变量数目为4, 未覆盖的变量包括['操作', '交易方式', '大宗交易方式', '股票品种', '交易数量', '交易金额', '价格涨跌幅限制', '申报价格范围']
## 测试场景"12", 测试用例"15", 覆盖变量数目为4, 未覆盖的变量包括['操作', '交易方式', '大宗交易方式', '股票品种', '交易数量', '交易金额', '价格涨跌幅限制', '申报价格范围']
## 测试场景"12", 测试用例"20", 覆盖变量数目为6, 未覆盖的变量包括['操作', '交易方式', '股票品种', '时间', '交易数量', '交易金额']
## 测试场景"12", 测试用例"21", 覆盖变量数目为6, 未覆盖的变量包括['操作', '交易方式', '股票品种', '时间', '交易数量', '交易金额']
## 测试场景"12", 测试用例"24", 覆盖变量数目为7, 未覆盖的变量包括['操作', '交易方式', '股票品种', '时间', '交易数量']
## 测试场景"12", 测试用例"25", 覆盖变量数目为7, 未覆盖的变量包括['操作', '交易方式', '股票品种', '时间', '交易数量']
## 测试场景"12", 测试用例"28", 覆盖变量数目为5, 未覆盖的变量包括['操作', '交易方式', '股票品种', '时间', '交易数量', '交易金额', '申报价格范围']
## 测试场景"12", 测试用例"29", 覆盖变量数目为5, 未覆盖的变量包括['操作', '交易方式', '股票品种', '时间', '交易数量', '交易金额', '申报价格范围']
## 测试场景"12", 测试用例"30", 覆盖变量数目为5, 未覆盖的变量包括['操作', '交易方式', '股票品种', '时间', '交易数量', '交易金额', '申报价格范围']
## 测试场景"12", 测试用例"31", 覆盖变量数目为5, 未覆盖的变量包括['操作', '交易方式', '股票品种', '时间', '交易数量', '交易金额', '申报价格范围']
## 测试场景"12", 测试用例"32", 覆盖变量数目为5, 未覆盖的变量包括['操作', '交易方式', '股票品种', '时间', '交易数量', '交易金额', '申报价格范围']
## 测试场景"12", 测试用例"33", 覆盖变量数目为5, 未覆盖的变量包括['操作', '交易方式', '股票品种', '时间', '交易数量', '交易金额', '申报价格范围']
## 测试场景"12", 测试用例"34", 覆盖变量数目为5, 未覆盖的变量包括['操作', '交易方式', '股票品种', '时间', '交易数量', '交易金额', '申报价格范围']
## 测试场景"12", 测试用例"35", 覆盖变量数目为5, 未覆盖的变量包括['操作', '交易方式', '股票品种', '时间', '交易数量', '交易金额', '申报价格范围']
## 测试场景"12", 测试用例"36", 覆盖变量数目为4, 未覆盖的变量包括['操作', '交易方式', '股票品种', '时间', '交易数量', '交易金额', '价格涨跌幅限制', '申报价格范围']
## 测试场景"12", 测试用例"37", 覆盖变量数目为4, 未覆盖的变量包括['操作', '交易方式', '股票品种', '时间', '交易数量', '交易金额', '价格涨跌幅限制', '申报价格范围']
## 测试场景"12", 测试用例"38", 覆盖变量数目为4, 未覆盖的变量包括['操作', '交易方式', '股票品种', '时间', '交易数量', '交易金额', '价格涨跌幅限制', '申报价格范围']
## 测试场景"12", 测试用例"39", 覆盖变量数目为4, 未覆盖的变量包括['操作', '交易方式', '股票品种', '时间', '交易数量', '交易金额', '价格涨跌幅限制', '申报价格范围']
## 测试场景"12", 测试用例"40", 覆盖变量数目为4, 未覆盖的变量包括['操作', '交易方式', '股票品种', '时间', '交易数量', '交易金额', '价格涨跌幅限制', '申报价格范围']
## 测试场景"12", 测试用例"41", 覆盖变量数目为4, 未覆盖的变量包括['操作', '交易方式', '股票品种', '时间', '交易数量', '交易金额', '价格涨跌幅限制', '申报价格范围']
## 测试场景"12", 测试用例"42", 覆盖变量数目为4, 未覆盖的变量包括['操作', '交易方式', '股票品种', '时间', '交易数量', '交易金额', '价格涨跌幅限制', '申报价格范围']
## 测试场景"12", 测试用例"43", 覆盖变量数目为4, 未覆盖的变量包括['操作', '交易方式', '股票品种', '时间', '交易数量', '交易金额', '价格涨跌幅限制', '申报价格范围']
## 测试场景"12", 测试用例"44", 覆盖变量数目为4, 未覆盖的变量包括['操作', '交易方式', '股票品种', '时间', '交易数量', '交易金额', '价格涨跌幅限制', '申报价格范围']
## 测试场景"12", 测试用例"45", 覆盖变量数目为4, 未覆盖的变量包括['操作', '交易方式', '股票品种', '时间', '交易数量', '交易金额', '价格涨跌幅限制', '申报价格范围']
## 测试场景"12", 测试用例"46", 覆盖变量数目为4, 未覆盖的变量包括['操作', '交易方式', '股票品种', '时间', '交易数量', '交易金额', '价格涨跌幅限制', '申报价格范围']
## 测试场景"12", 测试用例"47", 覆盖变量数目为4, 未覆盖的变量包括['操作', '交易方式', '股票品种', '时间', '交易数量', '交易金额', '价格涨跌幅限制', '申报价格范围']
### 测试场景"12", 覆盖变量的最大数目为10, 整体未覆盖的变量包括['操作', '交易数量']

## 测试场景"13", 测试用例"6", 覆盖变量数目为6, 未覆盖的变量包括['操作', '大宗交易方式', '交易品种', '股票品种', '时间', '交易数量']
## 测试场景"13", 测试用例"7", 覆盖变量数目为6, 未覆盖的变量包括['操作', '大宗交易方式', '交易品种', '股票品种', '时间', '交易数量']
## 测试场景"13", 测试用例"8", 覆盖变量数目为7, 未覆盖的变量包括['操作', '大宗交易方式', '交易品种', '时间', '交易数量']
## 测试场景"13", 测试用例"9", 覆盖变量数目为7, 未覆盖的变量包括['操作', '大宗交易方式', '交易品种', '时间', '交易数量']
## 测试场景"13", 测试用例"10", 覆盖变量数目为6, 未覆盖的变量包括['操作', '大宗交易方式', '交易品种', '股票品种', '时间', '交易数量']
## 测试场景"13", 测试用例"11", 覆盖变量数目为6, 未覆盖的变量包括['操作', '大宗交易方式', '交易品种', '股票品种', '时间', '交易数量']
## 测试场景"13", 测试用例"16", 覆盖变量数目为5, 未覆盖的变量包括['操作', '交易方式', '股票品种', '交易数量', '交易金额', '价格涨跌幅限制', '申报价格范围']
## 测试场景"13", 测试用例"17", 覆盖变量数目为5, 未覆盖的变量包括['操作', '交易方式', '股票品种', '交易数量', '交易金额', '价格涨跌幅限制', '申报价格范围']
## 测试场景"13", 测试用例"18", 覆盖变量数目为4, 未覆盖的变量包括['操作', '交易方式', '大宗交易方式', '股票品种', '交易数量', '交易金额', '价格涨跌幅限制', '申报价格范围']
## 测试场景"13", 测试用例"19", 覆盖变量数目为4, 未覆盖的变量包括['操作', '交易方式', '大宗交易方式', '股票品种', '交易数量', '交易金额', '价格涨跌幅限制', '申报价格范围']
## 测试场景"13", 测试用例"22", 覆盖变量数目为5, 未覆盖的变量包括['操作', '交易方式', '股票品种', '时间', '交易数量', '交易金额', '申报价格范围']
## 测试场景"13", 测试用例"23", 覆盖变量数目为5, 未覆盖的变量包括['操作', '交易方式', '股票品种', '时间', '交易数量', '交易金额', '申报价格范围']
## 测试场景"13", 测试用例"26", 覆盖变量数目为7, 未覆盖的变量包括['操作', '交易方式', '股票品种', '时间', '交易数量']
## 测试场景"13", 测试用例"27", 覆盖变量数目为7, 未覆盖的变量包括['操作', '交易方式', '股票品种', '时间', '交易数量']
### 测试场景"13", 覆盖变量的最大数目为10, 整体未覆盖的变量包括['操作', '交易数量']

## 测试场景"14", 测试用例"0", 覆盖变量数目为5, 未覆盖的变量包括['操作', '大宗交易方式', '交易品种', '股票品种', '时间', '申报价格范围']
## 测试场景"14", 测试用例"1", 覆盖变量数目为5, 未覆盖的变量包括['操作', '大宗交易方式', '交易品种', '股票品种', '时间', '申报价格范围']
## 测试场景"14", 测试用例"2", 覆盖变量数目为6, 未覆盖的变量包括['操作', '大宗交易方式', '交易品种', '时间', '申报价格范围']
## 测试场景"14", 测试用例"3", 覆盖变量数目为6, 未覆盖的变量包括['操作', '大宗交易方式', '交易品种', '时间', '申报价格范围']
## 测试场景"14", 测试用例"4", 覆盖变量数目为5, 未覆盖的变量包括['操作', '大宗交易方式', '交易品种', '股票品种', '时间', '申报价格范围']
## 测试场景"14", 测试用例"5", 覆盖变量数目为5, 未覆盖的变量包括['操作', '大宗交易方式', '交易品种', '股票品种', '时间', '申报价格范围']
## 测试场景"14", 测试用例"12", 覆盖变量数目为5, 未覆盖的变量包括['操作', '交易方式', '股票品种', '交易数量', '价格涨跌幅限制', '申报价格范围']
## 测试场景"14", 测试用例"13", 覆盖变量数目为5, 未覆盖的变量包括['操作', '交易方式', '股票品种', '交易数量', '价格涨跌幅限制', '申报价格范围']
## 测试场景"14", 测试用例"14", 覆盖变量数目为4, 未覆盖的变量包括['操作', '交易方式', '大宗交易方式', '股票品种', '交易数量', '价格涨跌幅限制', '申报价格范围']
## 测试场景"14", 测试用例"15", 覆盖变量数目为4, 未覆盖的变量包括['操作', '交易方式', '大宗交易方式', '股票品种', '交易数量', '价格涨跌幅限制', '申报价格范围']
## 测试场景"14", 测试用例"20", 覆盖变量数目为5, 未覆盖的变量包括['操作', '交易方式', '股票品种', '时间', '交易数量', '申报价格范围']
## 测试场景"14", 测试用例"21", 覆盖变量数目为5, 未覆盖的变量包括['操作', '交易方式', '股票品种', '时间', '交易数量', '申报价格范围']
## 测试场景"14", 测试用例"24", 覆盖变量数目为6, 未覆盖的变量包括['操作', '交易方式', '股票品种', '时间', '交易数量']
## 测试场景"14", 测试用例"25", 覆盖变量数目为6, 未覆盖的变量包括['操作', '交易方式', '股票品种', '时间', '交易数量']
## 测试场景"14", 测试用例"28", 覆盖变量数目为5, 未覆盖的变量包括['操作', '交易方式', '股票品种', '时间', '交易数量', '申报价格范围']
## 测试场景"14", 测试用例"29", 覆盖变量数目为5, 未覆盖的变量包括['操作', '交易方式', '股票品种', '时间', '交易数量', '申报价格范围']
## 测试场景"14", 测试用例"30", 覆盖变量数目为5, 未覆盖的变量包括['操作', '交易方式', '股票品种', '时间', '交易数量', '申报价格范围']
## 测试场景"14", 测试用例"31", 覆盖变量数目为5, 未覆盖的变量包括['操作', '交易方式', '股票品种', '时间', '交易数量', '申报价格范围']
## 测试场景"14", 测试用例"32", 覆盖变量数目为5, 未覆盖的变量包括['操作', '交易方式', '股票品种', '时间', '交易数量', '申报价格范围']
## 测试场景"14", 测试用例"33", 覆盖变量数目为5, 未覆盖的变量包括['操作', '交易方式', '股票品种', '时间', '交易数量', '申报价格范围']
## 测试场景"14", 测试用例"34", 覆盖变量数目为5, 未覆盖的变量包括['操作', '交易方式', '股票品种', '时间', '交易数量', '申报价格范围']
## 测试场景"14", 测试用例"35", 覆盖变量数目为5, 未覆盖的变量包括['操作', '交易方式', '股票品种', '时间', '交易数量', '申报价格范围']
## 测试场景"14", 测试用例"36", 覆盖变量数目为4, 未覆盖的变量包括['操作', '交易方式', '股票品种', '时间', '交易数量', '价格涨跌幅限制', '申报价格范围']
## 测试场景"14", 测试用例"37", 覆盖变量数目为4, 未覆盖的变量包括['操作', '交易方式', '股票品种', '时间', '交易数量', '价格涨跌幅限制', '申报价格范围']
## 测试场景"14", 测试用例"38", 覆盖变量数目为4, 未覆盖的变量包括['操作', '交易方式', '股票品种', '时间', '交易数量', '价格涨跌幅限制', '申报价格范围']
## 测试场景"14", 测试用例"39", 覆盖变量数目为4, 未覆盖的变量包括['操作', '交易方式', '股票品种', '时间', '交易数量', '价格涨跌幅限制', '申报价格范围']
## 测试场景"14", 测试用例"40", 覆盖变量数目为4, 未覆盖的变量包括['操作', '交易方式', '股票品种', '时间', '交易数量', '价格涨跌幅限制', '申报价格范围']
## 测试场景"14", 测试用例"41", 覆盖变量数目为4, 未覆盖的变量包括['操作', '交易方式', '股票品种', '时间', '交易数量', '价格涨跌幅限制', '申报价格范围']
## 测试场景"14", 测试用例"42", 覆盖变量数目为4, 未覆盖的变量包括['操作', '交易方式', '股票品种', '时间', '交易数量', '价格涨跌幅限制', '申报价格范围']
## 测试场景"14", 测试用例"43", 覆盖变量数目为4, 未覆盖的变量包括['操作', '交易方式', '股票品种', '时间', '交易数量', '价格涨跌幅限制', '申报价格范围']
## 测试场景"14", 测试用例"44", 覆盖变量数目为4, 未覆盖的变量包括['操作', '交易方式', '股票品种', '时间', '交易数量', '价格涨跌幅限制', '申报价格范围']
## 测试场景"14", 测试用例"45", 覆盖变量数目为4, 未覆盖的变量包括['操作', '交易方式', '股票品种', '时间', '交易数量', '价格涨跌幅限制', '申报价格范围']
## 测试场景"14", 测试用例"46", 覆盖变量数目为4, 未覆盖的变量包括['操作', '交易方式', '股票品种', '时间', '交易数量', '价格涨跌幅限制', '申报价格范围']
## 测试场景"14", 测试用例"47", 覆盖变量数目为4, 未覆盖的变量包括['操作', '交易方式', '股票品种', '时间', '交易数量', '价格涨跌幅限制', '申报价格范围']
### 测试场景"14", 覆盖变量的最大数目为10, 整体未覆盖的变量包括['操作']

## 测试场景"15", 测试用例"6", 覆盖变量数目为5, 未覆盖的变量包括['操作', '大宗交易方式', '交易品种', '股票品种', '时间', '申报价格范围']
## 测试场景"15", 测试用例"7", 覆盖变量数目为5, 未覆盖的变量包括['操作', '大宗交易方式', '交易品种', '股票品种', '时间', '申报价格范围']
## 测试场景"15", 测试用例"8", 覆盖变量数目为6, 未覆盖的变量包括['操作', '大宗交易方式', '交易品种', '时间', '申报价格范围']
## 测试场景"15", 测试用例"9", 覆盖变量数目为6, 未覆盖的变量包括['操作', '大宗交易方式', '交易品种', '时间', '申报价格范围']
## 测试场景"15", 测试用例"10", 覆盖变量数目为5, 未覆盖的变量包括['操作', '大宗交易方式', '交易品种', '股票品种', '时间', '申报价格范围']
## 测试场景"15", 测试用例"11", 覆盖变量数目为5, 未覆盖的变量包括['操作', '大宗交易方式', '交易品种', '股票品种', '时间', '申报价格范围']
## 测试场景"15", 测试用例"16", 覆盖变量数目为5, 未覆盖的变量包括['操作', '交易方式', '股票品种', '交易数量', '价格涨跌幅限制', '申报价格范围']
## 测试场景"15", 测试用例"17", 覆盖变量数目为5, 未覆盖的变量包括['操作', '交易方式', '股票品种', '交易数量', '价格涨跌幅限制', '申报价格范围']
## 测试场景"15", 测试用例"18", 覆盖变量数目为4, 未覆盖的变量包括['操作', '交易方式', '大宗交易方式', '股票品种', '交易数量', '价格涨跌幅限制', '申报价格范围']
## 测试场景"15", 测试用例"19", 覆盖变量数目为4, 未覆盖的变量包括['操作', '交易方式', '大宗交易方式', '股票品种', '交易数量', '价格涨跌幅限制', '申报价格范围']
## 测试场景"15", 测试用例"22", 覆盖变量数目为5, 未覆盖的变量包括['操作', '交易方式', '股票品种', '时间', '交易数量', '申报价格范围']
## 测试场景"15", 测试用例"23", 覆盖变量数目为5, 未覆盖的变量包括['操作', '交易方式', '股票品种', '时间', '交易数量', '申报价格范围']
## 测试场景"15", 测试用例"26", 覆盖变量数目为6, 未覆盖的变量包括['操作', '交易方式', '股票品种', '时间', '交易数量']
## 测试场景"15", 测试用例"27", 覆盖变量数目为6, 未覆盖的变量包括['操作', '交易方式', '股票品种', '时间', '交易数量']
### 测试场景"15", 覆盖变量的最大数目为10, 整体未覆盖的变量包括['操作']

## 测试场景"16", 测试用例"0", 覆盖变量数目为5, 未覆盖的变量包括['操作', '大宗交易方式', '交易品种', '股票品种', '时间', '交易数量', '申报价格范围']
## 测试场景"16", 测试用例"1", 覆盖变量数目为5, 未覆盖的变量包括['操作', '大宗交易方式', '交易品种', '股票品种', '时间', '交易数量', '申报价格范围']
## 测试场景"16", 测试用例"2", 覆盖变量数目为6, 未覆盖的变量包括['操作', '大宗交易方式', '交易品种', '时间', '交易数量', '申报价格范围']
## 测试场景"16", 测试用例"3", 覆盖变量数目为6, 未覆盖的变量包括['操作', '大宗交易方式', '交易品种', '时间', '交易数量', '申报价格范围']
## 测试场景"16", 测试用例"4", 覆盖变量数目为5, 未覆盖的变量包括['操作', '大宗交易方式', '交易品种', '股票品种', '时间', '交易数量', '申报价格范围']
## 测试场景"16", 测试用例"5", 覆盖变量数目为5, 未覆盖的变量包括['操作', '大宗交易方式', '交易品种', '股票品种', '时间', '交易数量', '申报价格范围']
## 测试场景"16", 测试用例"12", 覆盖变量数目为5, 未覆盖的变量包括['操作', '交易方式', '股票品种', '交易数量', '交易金额', '价格涨跌幅限制', '申报价格范围']
## 测试场景"16", 测试用例"13", 覆盖变量数目为5, 未覆盖的变量包括['操作', '交易方式', '股票品种', '交易数量', '交易金额', '价格涨跌幅限制', '申报价格范围']
## 测试场景"16", 测试用例"14", 覆盖变量数目为4, 未覆盖的变量包括['操作', '交易方式', '大宗交易方式', '股票品种', '交易数量', '交易金额', '价格涨跌幅限制', '申报价格范围']
## 测试场景"16", 测试用例"15", 覆盖变量数目为4, 未覆盖的变量包括['操作', '交易方式', '大宗交易方式', '股票品种', '交易数量', '交易金额', '价格涨跌幅限制', '申报价格范围']
## 测试场景"16", 测试用例"20", 覆盖变量数目为5, 未覆盖的变量包括['操作', '交易方式', '股票品种', '时间', '交易数量', '交易金额', '申报价格范围']
## 测试场景"16", 测试用例"21", 覆盖变量数目为5, 未覆盖的变量包括['操作', '交易方式', '股票品种', '时间', '交易数量', '交易金额', '申报价格范围']
## 测试场景"16", 测试用例"24", 覆盖变量数目为7, 未覆盖的变量包括['操作', '交易方式', '股票品种', '时间', '交易数量']
## 测试场景"16", 测试用例"25", 覆盖变量数目为7, 未覆盖的变量包括['操作', '交易方式', '股票品种', '时间', '交易数量']
## 测试场景"16", 测试用例"28", 覆盖变量数目为5, 未覆盖的变量包括['操作', '交易方式', '股票品种', '时间', '交易数量', '交易金额', '申报价格范围']
## 测试场景"16", 测试用例"29", 覆盖变量数目为5, 未覆盖的变量包括['操作', '交易方式', '股票品种', '时间', '交易数量', '交易金额', '申报价格范围']
## 测试场景"16", 测试用例"30", 覆盖变量数目为5, 未覆盖的变量包括['操作', '交易方式', '股票品种', '时间', '交易数量', '交易金额', '申报价格范围']
## 测试场景"16", 测试用例"31", 覆盖变量数目为5, 未覆盖的变量包括['操作', '交易方式', '股票品种', '时间', '交易数量', '交易金额', '申报价格范围']
## 测试场景"16", 测试用例"32", 覆盖变量数目为5, 未覆盖的变量包括['操作', '交易方式', '股票品种', '时间', '交易数量', '交易金额', '申报价格范围']
## 测试场景"16", 测试用例"33", 覆盖变量数目为5, 未覆盖的变量包括['操作', '交易方式', '股票品种', '时间', '交易数量', '交易金额', '申报价格范围']
## 测试场景"16", 测试用例"34", 覆盖变量数目为5, 未覆盖的变量包括['操作', '交易方式', '股票品种', '时间', '交易数量', '交易金额', '申报价格范围']
## 测试场景"16", 测试用例"35", 覆盖变量数目为5, 未覆盖的变量包括['操作', '交易方式', '股票品种', '时间', '交易数量', '交易金额', '申报价格范围']
## 测试场景"16", 测试用例"36", 覆盖变量数目为4, 未覆盖的变量包括['操作', '交易方式', '股票品种', '时间', '交易数量', '交易金额', '价格涨跌幅限制', '申报价格范围']
## 测试场景"16", 测试用例"37", 覆盖变量数目为4, 未覆盖的变量包括['操作', '交易方式', '股票品种', '时间', '交易数量', '交易金额', '价格涨跌幅限制', '申报价格范围']
## 测试场景"16", 测试用例"38", 覆盖变量数目为4, 未覆盖的变量包括['操作', '交易方式', '股票品种', '时间', '交易数量', '交易金额', '价格涨跌幅限制', '申报价格范围']
## 测试场景"16", 测试用例"39", 覆盖变量数目为4, 未覆盖的变量包括['操作', '交易方式', '股票品种', '时间', '交易数量', '交易金额', '价格涨跌幅限制', '申报价格范围']
## 测试场景"16", 测试用例"40", 覆盖变量数目为4, 未覆盖的变量包括['操作', '交易方式', '股票品种', '时间', '交易数量', '交易金额', '价格涨跌幅限制', '申报价格范围']
## 测试场景"16", 测试用例"41", 覆盖变量数目为4, 未覆盖的变量包括['操作', '交易方式', '股票品种', '时间', '交易数量', '交易金额', '价格涨跌幅限制', '申报价格范围']
## 测试场景"16", 测试用例"42", 覆盖变量数目为4, 未覆盖的变量包括['操作', '交易方式', '股票品种', '时间', '交易数量', '交易金额', '价格涨跌幅限制', '申报价格范围']
## 测试场景"16", 测试用例"43", 覆盖变量数目为4, 未覆盖的变量包括['操作', '交易方式', '股票品种', '时间', '交易数量', '交易金额', '价格涨跌幅限制', '申报价格范围']
## 测试场景"16", 测试用例"44", 覆盖变量数目为4, 未覆盖的变量包括['操作', '交易方式', '股票品种', '时间', '交易数量', '交易金额', '价格涨跌幅限制', '申报价格范围']
## 测试场景"16", 测试用例"45", 覆盖变量数目为4, 未覆盖的变量包括['操作', '交易方式', '股票品种', '时间', '交易数量', '交易金额', '价格涨跌幅限制', '申报价格范围']
## 测试场景"16", 测试用例"46", 覆盖变量数目为4, 未覆盖的变量包括['操作', '交易方式', '股票品种', '时间', '交易数量', '交易金额', '价格涨跌幅限制', '申报价格范围']
## 测试场景"16", 测试用例"47", 覆盖变量数目为4, 未覆盖的变量包括['操作', '交易方式', '股票品种', '时间', '交易数量', '交易金额', '价格涨跌幅限制', '申报价格范围']
### 测试场景"16", 覆盖变量的最大数目为10, 整体未覆盖的变量包括['操作', '交易数量']

## 测试场景"17", 测试用例"6", 覆盖变量数目为5, 未覆盖的变量包括['操作', '大宗交易方式', '交易品种', '股票品种', '时间', '交易数量', '申报价格范围']
## 测试场景"17", 测试用例"7", 覆盖变量数目为5, 未覆盖的变量包括['操作', '大宗交易方式', '交易品种', '股票品种', '时间', '交易数量', '申报价格范围']
## 测试场景"17", 测试用例"8", 覆盖变量数目为6, 未覆盖的变量包括['操作', '大宗交易方式', '交易品种', '时间', '交易数量', '申报价格范围']
## 测试场景"17", 测试用例"9", 覆盖变量数目为6, 未覆盖的变量包括['操作', '大宗交易方式', '交易品种', '时间', '交易数量', '申报价格范围']
## 测试场景"17", 测试用例"10", 覆盖变量数目为5, 未覆盖的变量包括['操作', '大宗交易方式', '交易品种', '股票品种', '时间', '交易数量', '申报价格范围']
## 测试场景"17", 测试用例"11", 覆盖变量数目为5, 未覆盖的变量包括['操作', '大宗交易方式', '交易品种', '股票品种', '时间', '交易数量', '申报价格范围']
## 测试场景"17", 测试用例"16", 覆盖变量数目为5, 未覆盖的变量包括['操作', '交易方式', '股票品种', '交易数量', '交易金额', '价格涨跌幅限制', '申报价格范围']
## 测试场景"17", 测试用例"17", 覆盖变量数目为5, 未覆盖的变量包括['操作', '交易方式', '股票品种', '交易数量', '交易金额', '价格涨跌幅限制', '申报价格范围']
## 测试场景"17", 测试用例"18", 覆盖变量数目为4, 未覆盖的变量包括['操作', '交易方式', '大宗交易方式', '股票品种', '交易数量', '交易金额', '价格涨跌幅限制', '申报价格范围']
## 测试场景"17", 测试用例"19", 覆盖变量数目为4, 未覆盖的变量包括['操作', '交易方式', '大宗交易方式', '股票品种', '交易数量', '交易金额', '价格涨跌幅限制', '申报价格范围']
## 测试场景"17", 测试用例"22", 覆盖变量数目为5, 未覆盖的变量包括['操作', '交易方式', '股票品种', '时间', '交易数量', '交易金额', '申报价格范围']
## 测试场景"17", 测试用例"23", 覆盖变量数目为5, 未覆盖的变量包括['操作', '交易方式', '股票品种', '时间', '交易数量', '交易金额', '申报价格范围']
## 测试场景"17", 测试用例"26", 覆盖变量数目为7, 未覆盖的变量包括['操作', '交易方式', '股票品种', '时间', '交易数量']
## 测试场景"17", 测试用例"27", 覆盖变量数目为7, 未覆盖的变量包括['操作', '交易方式', '股票品种', '时间', '交易数量']
### 测试场景"17", 覆盖变量的最大数目为10, 整体未覆盖的变量包括['操作', '交易数量']

## 测试场景"18", 测试用例"6", 覆盖变量数目为3, 未覆盖的变量包括['操作', '大宗交易方式', '交易品种', '股票品种', '时间', '交易数量', '交易金额']
## 测试场景"18", 测试用例"7", 覆盖变量数目为3, 未覆盖的变量包括['操作', '大宗交易方式', '交易品种', '股票品种', '时间', '交易数量', '交易金额']
## 测试场景"18", 测试用例"8", 覆盖变量数目为5, 未覆盖的变量包括['操作', '大宗交易方式', '交易品种', '时间', '交易数量']
## 测试场景"18", 测试用例"9", 覆盖变量数目为5, 未覆盖的变量包括['操作', '大宗交易方式', '交易品种', '时间', '交易数量']
## 测试场景"18", 测试用例"10", 覆盖变量数目为3, 未覆盖的变量包括['操作', '大宗交易方式', '交易品种', '股票品种', '时间', '交易数量', '交易金额']
## 测试场景"18", 测试用例"11", 覆盖变量数目为3, 未覆盖的变量包括['操作', '大宗交易方式', '交易品种', '股票品种', '时间', '交易数量', '交易金额']
## 测试场景"18", 测试用例"16", 覆盖变量数目为5, 未覆盖的变量包括['操作', '交易方式', '股票品种', '交易数量', '交易金额']
## 测试场景"18", 测试用例"17", 覆盖变量数目为5, 未覆盖的变量包括['操作', '交易方式', '股票品种', '交易数量', '交易金额']
## 测试场景"18", 测试用例"18", 覆盖变量数目为4, 未覆盖的变量包括['操作', '交易方式', '大宗交易方式', '股票品种', '交易数量', '交易金额']
## 测试场景"18", 测试用例"19", 覆盖变量数目为4, 未覆盖的变量包括['操作', '交易方式', '大宗交易方式', '股票品种', '交易数量', '交易金额']
## 测试场景"18", 测试用例"22", 覆盖变量数目为4, 未覆盖的变量包括['操作', '交易方式', '股票品种', '时间', '交易数量', '交易金额']
## 测试场景"18", 测试用例"23", 覆盖变量数目为4, 未覆盖的变量包括['操作', '交易方式', '股票品种', '时间', '交易数量', '交易金额']
## 测试场景"18", 测试用例"26", 覆盖变量数目为4, 未覆盖的变量包括['操作', '交易方式', '股票品种', '时间', '交易数量', '交易金额']
## 测试场景"18", 测试用例"27", 覆盖变量数目为4, 未覆盖的变量包括['操作', '交易方式', '股票品种', '时间', '交易数量', '交易金额']
### 测试场景"18", 覆盖变量的最大数目为8, 整体未覆盖的变量包括['操作', '交易数量']

## 测试场景"19", 测试用例"6", 覆盖变量数目为3, 未覆盖的变量包括['操作', '大宗交易方式', '状态']
## 测试场景"19", 测试用例"7", 覆盖变量数目为3, 未覆盖的变量包括['操作', '大宗交易方式', '状态']
## 测试场景"19", 测试用例"8", 覆盖变量数目为3, 未覆盖的变量包括['操作', '大宗交易方式', '状态']
## 测试场景"19", 测试用例"9", 覆盖变量数目为3, 未覆盖的变量包括['操作', '大宗交易方式', '状态']
## 测试场景"19", 测试用例"10", 覆盖变量数目为3, 未覆盖的变量包括['操作', '大宗交易方式', '状态']
## 测试场景"19", 测试用例"11", 覆盖变量数目为3, 未覆盖的变量包括['操作', '大宗交易方式', '状态']
## 测试场景"19", 测试用例"16", 覆盖变量数目为4, 未覆盖的变量包括['操作', '交易方式']
## 测试场景"19", 测试用例"17", 覆盖变量数目为4, 未覆盖的变量包括['操作', '交易方式']
## 测试场景"19", 测试用例"18", 覆盖变量数目为2, 未覆盖的变量包括['操作', '交易方式', '大宗交易方式', '状态']
## 测试场景"19", 测试用例"19", 覆盖变量数目为2, 未覆盖的变量包括['操作', '交易方式', '大宗交易方式', '状态']
## 测试场景"19", 测试用例"22", 覆盖变量数目为3, 未覆盖的变量包括['操作', '交易方式', '状态']
## 测试场景"19", 测试用例"23", 覆盖变量数目为3, 未覆盖的变量包括['操作', '交易方式', '状态']
## 测试场景"19", 测试用例"26", 覆盖变量数目为3, 未覆盖的变量包括['操作', '交易方式', '状态']
## 测试场景"19", 测试用例"27", 覆盖变量数目为3, 未覆盖的变量包括['操作', '交易方式', '状态']
### 测试场景"19", 覆盖变量的最大数目为5, 整体未覆盖的变量包括['操作']

## 测试场景"20", 测试用例"6", 覆盖变量数目为3, 未覆盖的变量包括['操作', '大宗交易方式', '状态']
## 测试场景"20", 测试用例"7", 覆盖变量数目为3, 未覆盖的变量包括['操作', '大宗交易方式', '状态']
## 测试场景"20", 测试用例"8", 覆盖变量数目为3, 未覆盖的变量包括['操作', '大宗交易方式', '状态']
## 测试场景"20", 测试用例"9", 覆盖变量数目为3, 未覆盖的变量包括['操作', '大宗交易方式', '状态']
## 测试场景"20", 测试用例"10", 覆盖变量数目为3, 未覆盖的变量包括['操作', '大宗交易方式', '状态']
## 测试场景"20", 测试用例"11", 覆盖变量数目为3, 未覆盖的变量包括['操作', '大宗交易方式', '状态']
## 测试场景"20", 测试用例"16", 覆盖变量数目为4, 未覆盖的变量包括['操作', '交易方式']
## 测试场景"20", 测试用例"17", 覆盖变量数目为4, 未覆盖的变量包括['操作', '交易方式']
## 测试场景"20", 测试用例"18", 覆盖变量数目为2, 未覆盖的变量包括['操作', '交易方式', '大宗交易方式', '状态']
## 测试场景"20", 测试用例"19", 覆盖变量数目为2, 未覆盖的变量包括['操作', '交易方式', '大宗交易方式', '状态']
## 测试场景"20", 测试用例"22", 覆盖变量数目为3, 未覆盖的变量包括['操作', '交易方式', '状态']
## 测试场景"20", 测试用例"23", 覆盖变量数目为3, 未覆盖的变量包括['操作', '交易方式', '状态']
## 测试场景"20", 测试用例"26", 覆盖变量数目为3, 未覆盖的变量包括['操作', '交易方式', '状态']
## 测试场景"20", 测试用例"27", 覆盖变量数目为3, 未覆盖的变量包括['操作', '交易方式', '状态']
### 测试场景"20", 覆盖变量的最大数目为5, 整体未覆盖的变量包括['操作']

## 测试场景"21", 测试用例"0", 覆盖变量数目为5, 未覆盖的变量包括['操作', '大宗交易方式', '交易品种', '时间', '交易数量']
## 测试场景"21", 测试用例"1", 覆盖变量数目为5, 未覆盖的变量包括['操作', '大宗交易方式', '交易品种', '时间', '交易数量']
## 测试场景"21", 测试用例"2", 覆盖变量数目为5, 未覆盖的变量包括['操作', '大宗交易方式', '交易品种', '时间', '交易数量']
## 测试场景"21", 测试用例"3", 覆盖变量数目为5, 未覆盖的变量包括['操作', '大宗交易方式', '交易品种', '时间', '交易数量']
## 测试场景"21", 测试用例"4", 覆盖变量数目为7, 未覆盖的变量包括['操作', '大宗交易方式', '时间']
## 测试场景"21", 测试用例"5", 覆盖变量数目为7, 未覆盖的变量包括['操作', '大宗交易方式', '时间']
## 测试场景"21", 测试用例"12", 覆盖变量数目为4, 未覆盖的变量包括['操作', '交易方式', '交易品种', '交易数量', '价格涨跌幅限制', '申报价格范围']
## 测试场景"21", 测试用例"13", 覆盖变量数目为4, 未覆盖的变量包括['操作', '交易方式', '交易品种', '交易数量', '价格涨跌幅限制', '申报价格范围']
## 测试场景"21", 测试用例"14", 覆盖变量数目为3, 未覆盖的变量包括['操作', '交易方式', '大宗交易方式', '交易品种', '交易数量', '价格涨跌幅限制', '申报价格范围']
## 测试场景"21", 测试用例"15", 覆盖变量数目为3, 未覆盖的变量包括['操作', '交易方式', '大宗交易方式', '交易品种', '交易数量', '价格涨跌幅限制', '申报价格范围']
## 测试场景"21", 测试用例"20", 覆盖变量数目为5, 未覆盖的变量包括['操作', '交易方式', '交易品种', '时间', '交易数量']
## 测试场景"21", 测试用例"21", 覆盖变量数目为5, 未覆盖的变量包括['操作', '交易方式', '交易品种', '时间', '交易数量']
## 测试场景"21", 测试用例"24", 覆盖变量数目为5, 未覆盖的变量包括['操作', '交易方式', '交易品种', '时间', '交易数量']
## 测试场景"21", 测试用例"25", 覆盖变量数目为5, 未覆盖的变量包括['操作', '交易方式', '交易品种', '时间', '交易数量']
## 测试场景"21", 测试用例"28", 覆盖变量数目为4, 未覆盖的变量包括['操作', '交易方式', '交易品种', '时间', '交易数量', '申报价格范围']
## 测试场景"21", 测试用例"29", 覆盖变量数目为4, 未覆盖的变量包括['操作', '交易方式', '交易品种', '时间', '交易数量', '申报价格范围']
## 测试场景"21", 测试用例"30", 覆盖变量数目为4, 未覆盖的变量包括['操作', '交易方式', '交易品种', '时间', '交易数量', '申报价格范围']
## 测试场景"21", 测试用例"31", 覆盖变量数目为4, 未覆盖的变量包括['操作', '交易方式', '交易品种', '时间', '交易数量', '申报价格范围']
## 测试场景"21", 测试用例"32", 覆盖变量数目为4, 未覆盖的变量包括['操作', '交易方式', '交易品种', '时间', '交易数量', '申报价格范围']
## 测试场景"21", 测试用例"33", 覆盖变量数目为4, 未覆盖的变量包括['操作', '交易方式', '交易品种', '时间', '交易数量', '申报价格范围']
## 测试场景"21", 测试用例"34", 覆盖变量数目为4, 未覆盖的变量包括['操作', '交易方式', '交易品种', '时间', '交易数量', '申报价格范围']
## 测试场景"21", 测试用例"35", 覆盖变量数目为4, 未覆盖的变量包括['操作', '交易方式', '交易品种', '时间', '交易数量', '申报价格范围']
## 测试场景"21", 测试用例"36", 覆盖变量数目为3, 未覆盖的变量包括['操作', '交易方式', '交易品种', '时间', '交易数量', '价格涨跌幅限制', '申报价格范围']
## 测试场景"21", 测试用例"37", 覆盖变量数目为3, 未覆盖的变量包括['操作', '交易方式', '交易品种', '时间', '交易数量', '价格涨跌幅限制', '申报价格范围']
## 测试场景"21", 测试用例"38", 覆盖变量数目为3, 未覆盖的变量包括['操作', '交易方式', '交易品种', '时间', '交易数量', '价格涨跌幅限制', '申报价格范围']
## 测试场景"21", 测试用例"39", 覆盖变量数目为3, 未覆盖的变量包括['操作', '交易方式', '交易品种', '时间', '交易数量', '价格涨跌幅限制', '申报价格范围']
## 测试场景"21", 测试用例"40", 覆盖变量数目为3, 未覆盖的变量包括['操作', '交易方式', '交易品种', '时间', '交易数量', '价格涨跌幅限制', '申报价格范围']
## 测试场景"21", 测试用例"41", 覆盖变量数目为3, 未覆盖的变量包括['操作', '交易方式', '交易品种', '时间', '交易数量', '价格涨跌幅限制', '申报价格范围']
## 测试场景"21", 测试用例"42", 覆盖变量数目为3, 未覆盖的变量包括['操作', '交易方式', '交易品种', '时间', '交易数量', '价格涨跌幅限制', '申报价格范围']
## 测试场景"21", 测试用例"43", 覆盖变量数目为3, 未覆盖的变量包括['操作', '交易方式', '交易品种', '时间', '交易数量', '价格涨跌幅限制', '申报价格范围']
## 测试场景"21", 测试用例"44", 覆盖变量数目为3, 未覆盖的变量包括['操作', '交易方式', '交易品种', '时间', '交易数量', '价格涨跌幅限制', '申报价格范围']
## 测试场景"21", 测试用例"45", 覆盖变量数目为3, 未覆盖的变量包括['操作', '交易方式', '交易品种', '时间', '交易数量', '价格涨跌幅限制', '申报价格范围']
## 测试场景"21", 测试用例"46", 覆盖变量数目为3, 未覆盖的变量包括['操作', '交易方式', '交易品种', '时间', '交易数量', '价格涨跌幅限制', '申报价格范围']
## 测试场景"21", 测试用例"47", 覆盖变量数目为3, 未覆盖的变量包括['操作', '交易方式', '交易品种', '时间', '交易数量', '价格涨跌幅限制', '申报价格范围']
### 测试场景"21", 覆盖变量的最大数目为9, 整体未覆盖的变量包括['操作']

## 测试场景"22", 测试用例"6", 覆盖变量数目为5, 未覆盖的变量包括['操作', '大宗交易方式', '交易品种', '时间', '交易数量']
## 测试场景"22", 测试用例"7", 覆盖变量数目为5, 未覆盖的变量包括['操作', '大宗交易方式', '交易品种', '时间', '交易数量']
## 测试场景"22", 测试用例"8", 覆盖变量数目为5, 未覆盖的变量包括['操作', '大宗交易方式', '交易品种', '时间', '交易数量']
## 测试场景"22", 测试用例"9", 覆盖变量数目为5, 未覆盖的变量包括['操作', '大宗交易方式', '交易品种', '时间', '交易数量']
## 测试场景"22", 测试用例"10", 覆盖变量数目为7, 未覆盖的变量包括['操作', '大宗交易方式', '时间']
## 测试场景"22", 测试用例"11", 覆盖变量数目为7, 未覆盖的变量包括['操作', '大宗交易方式', '时间']
## 测试场景"22", 测试用例"16", 覆盖变量数目为4, 未覆盖的变量包括['操作', '交易方式', '交易品种', '交易数量', '价格涨跌幅限制', '申报价格范围']
## 测试场景"22", 测试用例"17", 覆盖变量数目为4, 未覆盖的变量包括['操作', '交易方式', '交易品种', '交易数量', '价格涨跌幅限制', '申报价格范围']
## 测试场景"22", 测试用例"18", 覆盖变量数目为3, 未覆盖的变量包括['操作', '交易方式', '大宗交易方式', '交易品种', '交易数量', '价格涨跌幅限制', '申报价格范围']
## 测试场景"22", 测试用例"19", 覆盖变量数目为3, 未覆盖的变量包括['操作', '交易方式', '大宗交易方式', '交易品种', '交易数量', '价格涨跌幅限制', '申报价格范围']
## 测试场景"22", 测试用例"22", 覆盖变量数目为4, 未覆盖的变量包括['操作', '交易方式', '交易品种', '时间', '交易数量', '申报价格范围']
## 测试场景"22", 测试用例"23", 覆盖变量数目为4, 未覆盖的变量包括['操作', '交易方式', '交易品种', '时间', '交易数量', '申报价格范围']
## 测试场景"22", 测试用例"26", 覆盖变量数目为5, 未覆盖的变量包括['操作', '交易方式', '交易品种', '时间', '交易数量']
## 测试场景"22", 测试用例"27", 覆盖变量数目为5, 未覆盖的变量包括['操作', '交易方式', '交易品种', '时间', '交易数量']
### 测试场景"22", 覆盖变量的最大数目为9, 整体未覆盖的变量包括['操作']

## 测试场景"23", 测试用例"0", 覆盖变量数目为7, 未覆盖的变量包括['操作', '大宗交易方式', '交易品种', '时间']
## 测试场景"23", 测试用例"1", 覆盖变量数目为7, 未覆盖的变量包括['操作', '大宗交易方式', '交易品种', '时间']
## 测试场景"23", 测试用例"2", 覆盖变量数目为6, 未覆盖的变量包括['操作', '大宗交易方式', '交易品种', '时间', '交易金额']
## 测试场景"23", 测试用例"3", 覆盖变量数目为6, 未覆盖的变量包括['操作', '大宗交易方式', '交易品种', '时间', '交易金额']
## 测试场景"23", 测试用例"4", 覆盖变量数目为7, 未覆盖的变量包括['操作', '大宗交易方式', '时间', '交易数量']
## 测试场景"23", 测试用例"5", 覆盖变量数目为7, 未覆盖的变量包括['操作', '大宗交易方式', '时间', '交易数量']
## 测试场景"23", 测试用例"12", 覆盖变量数目为4, 未覆盖的变量包括['操作', '交易方式', '交易品种', '交易数量', '交易金额', '价格涨跌幅限制', '申报价格范围']
## 测试场景"23", 测试用例"13", 覆盖变量数目为4, 未覆盖的变量包括['操作', '交易方式', '交易品种', '交易数量', '交易金额', '价格涨跌幅限制', '申报价格范围']
## 测试场景"23", 测试用例"14", 覆盖变量数目为3, 未覆盖的变量包括['操作', '交易方式', '大宗交易方式', '交易品种', '交易数量', '交易金额', '价格涨跌幅限制', '申报价格范围']
## 测试场景"23", 测试用例"15", 覆盖变量数目为3, 未覆盖的变量包括['操作', '交易方式', '大宗交易方式', '交易品种', '交易数量', '交易金额', '价格涨跌幅限制', '申报价格范围']
## 测试场景"23", 测试用例"20", 覆盖变量数目为5, 未覆盖的变量包括['操作', '交易方式', '交易品种', '时间', '交易数量', '交易金额']
## 测试场景"23", 测试用例"21", 覆盖变量数目为5, 未覆盖的变量包括['操作', '交易方式', '交易品种', '时间', '交易数量', '交易金额']
## 测试场景"23", 测试用例"24", 覆盖变量数目为5, 未覆盖的变量包括['操作', '交易方式', '交易品种', '时间', '交易数量', '交易金额']
## 测试场景"23", 测试用例"25", 覆盖变量数目为5, 未覆盖的变量包括['操作', '交易方式', '交易品种', '时间', '交易数量', '交易金额']
## 测试场景"23", 测试用例"28", 覆盖变量数目为4, 未覆盖的变量包括['操作', '交易方式', '交易品种', '时间', '交易数量', '交易金额', '申报价格范围']
## 测试场景"23", 测试用例"29", 覆盖变量数目为4, 未覆盖的变量包括['操作', '交易方式', '交易品种', '时间', '交易数量', '交易金额', '申报价格范围']
## 测试场景"23", 测试用例"30", 覆盖变量数目为4, 未覆盖的变量包括['操作', '交易方式', '交易品种', '时间', '交易数量', '交易金额', '申报价格范围']
## 测试场景"23", 测试用例"31", 覆盖变量数目为4, 未覆盖的变量包括['操作', '交易方式', '交易品种', '时间', '交易数量', '交易金额', '申报价格范围']
## 测试场景"23", 测试用例"32", 覆盖变量数目为4, 未覆盖的变量包括['操作', '交易方式', '交易品种', '时间', '交易数量', '交易金额', '申报价格范围']
## 测试场景"23", 测试用例"33", 覆盖变量数目为4, 未覆盖的变量包括['操作', '交易方式', '交易品种', '时间', '交易数量', '交易金额', '申报价格范围']
## 测试场景"23", 测试用例"34", 覆盖变量数目为4, 未覆盖的变量包括['操作', '交易方式', '交易品种', '时间', '交易数量', '交易金额', '申报价格范围']
## 测试场景"23", 测试用例"35", 覆盖变量数目为4, 未覆盖的变量包括['操作', '交易方式', '交易品种', '时间', '交易数量', '交易金额', '申报价格范围']
## 测试场景"23", 测试用例"36", 覆盖变量数目为3, 未覆盖的变量包括['操作', '交易方式', '交易品种', '时间', '交易数量', '交易金额', '价格涨跌幅限制', '申报价格范围']
## 测试场景"23", 测试用例"37", 覆盖变量数目为3, 未覆盖的变量包括['操作', '交易方式', '交易品种', '时间', '交易数量', '交易金额', '价格涨跌幅限制', '申报价格范围']
## 测试场景"23", 测试用例"38", 覆盖变量数目为3, 未覆盖的变量包括['操作', '交易方式', '交易品种', '时间', '交易数量', '交易金额', '价格涨跌幅限制', '申报价格范围']
## 测试场景"23", 测试用例"39", 覆盖变量数目为3, 未覆盖的变量包括['操作', '交易方式', '交易品种', '时间', '交易数量', '交易金额', '价格涨跌幅限制', '申报价格范围']
## 测试场景"23", 测试用例"40", 覆盖变量数目为3, 未覆盖的变量包括['操作', '交易方式', '交易品种', '时间', '交易数量', '交易金额', '价格涨跌幅限制', '申报价格范围']
## 测试场景"23", 测试用例"41", 覆盖变量数目为3, 未覆盖的变量包括['操作', '交易方式', '交易品种', '时间', '交易数量', '交易金额', '价格涨跌幅限制', '申报价格范围']
## 测试场景"23", 测试用例"42", 覆盖变量数目为3, 未覆盖的变量包括['操作', '交易方式', '交易品种', '时间', '交易数量', '交易金额', '价格涨跌幅限制', '申报价格范围']
## 测试场景"23", 测试用例"43", 覆盖变量数目为3, 未覆盖的变量包括['操作', '交易方式', '交易品种', '时间', '交易数量', '交易金额', '价格涨跌幅限制', '申报价格范围']
## 测试场景"23", 测试用例"44", 覆盖变量数目为3, 未覆盖的变量包括['操作', '交易方式', '交易品种', '时间', '交易数量', '交易金额', '价格涨跌幅限制', '申报价格范围']
## 测试场景"23", 测试用例"45", 覆盖变量数目为3, 未覆盖的变量包括['操作', '交易方式', '交易品种', '时间', '交易数量', '交易金额', '价格涨跌幅限制', '申报价格范围']
## 测试场景"23", 测试用例"46", 覆盖变量数目为3, 未覆盖的变量包括['操作', '交易方式', '交易品种', '时间', '交易数量', '交易金额', '价格涨跌幅限制', '申报价格范围']
## 测试场景"23", 测试用例"47", 覆盖变量数目为3, 未覆盖的变量包括['操作', '交易方式', '交易品种', '时间', '交易数量', '交易金额', '价格涨跌幅限制', '申报价格范围']
### 测试场景"23", 覆盖变量的最大数目为10, 整体未覆盖的变量包括['操作']

## 测试场景"24", 测试用例"6", 覆盖变量数目为7, 未覆盖的变量包括['操作', '大宗交易方式', '交易品种', '时间']
## 测试场景"24", 测试用例"7", 覆盖变量数目为7, 未覆盖的变量包括['操作', '大宗交易方式', '交易品种', '时间']
## 测试场景"24", 测试用例"8", 覆盖变量数目为6, 未覆盖的变量包括['操作', '大宗交易方式', '交易品种', '时间', '交易金额']
## 测试场景"24", 测试用例"9", 覆盖变量数目为6, 未覆盖的变量包括['操作', '大宗交易方式', '交易品种', '时间', '交易金额']
## 测试场景"24", 测试用例"10", 覆盖变量数目为8, 未覆盖的变量包括['操作', '大宗交易方式', '时间']
## 测试场景"24", 测试用例"11", 覆盖变量数目为8, 未覆盖的变量包括['操作', '大宗交易方式', '时间']
## 测试场景"24", 测试用例"16", 覆盖变量数目为4, 未覆盖的变量包括['操作', '交易方式', '交易品种', '交易数量', '交易金额', '价格涨跌幅限制', '申报价格范围']
## 测试场景"24", 测试用例"17", 覆盖变量数目为4, 未覆盖的变量包括['操作', '交易方式', '交易品种', '交易数量', '交易金额', '价格涨跌幅限制', '申报价格范围']
## 测试场景"24", 测试用例"18", 覆盖变量数目为3, 未覆盖的变量包括['操作', '交易方式', '大宗交易方式', '交易品种', '交易数量', '交易金额', '价格涨跌幅限制', '申报价格范围']
## 测试场景"24", 测试用例"19", 覆盖变量数目为3, 未覆盖的变量包括['操作', '交易方式', '大宗交易方式', '交易品种', '交易数量', '交易金额', '价格涨跌幅限制', '申报价格范围']
## 测试场景"24", 测试用例"22", 覆盖变量数目为4, 未覆盖的变量包括['操作', '交易方式', '交易品种', '时间', '交易数量', '交易金额', '申报价格范围']
## 测试场景"24", 测试用例"23", 覆盖变量数目为4, 未覆盖的变量包括['操作', '交易方式', '交易品种', '时间', '交易数量', '交易金额', '申报价格范围']
## 测试场景"24", 测试用例"26", 覆盖变量数目为5, 未覆盖的变量包括['操作', '交易方式', '交易品种', '时间', '交易数量', '交易金额']
## 测试场景"24", 测试用例"27", 覆盖变量数目为5, 未覆盖的变量包括['操作', '交易方式', '交易品种', '时间', '交易数量', '交易金额']
### 测试场景"24", 覆盖变量的最大数目为10, 整体未覆盖的变量包括['操作']

## 测试场景"25", 测试用例"0", 覆盖变量数目为4, 未覆盖的变量包括['操作', '大宗交易方式', '交易品种', '时间', '交易数量', '申报价格范围']
## 测试场景"25", 测试用例"1", 覆盖变量数目为4, 未覆盖的变量包括['操作', '大宗交易方式', '交易品种', '时间', '交易数量', '申报价格范围']
## 测试场景"25", 测试用例"2", 覆盖变量数目为4, 未覆盖的变量包括['操作', '大宗交易方式', '交易品种', '时间', '交易数量', '申报价格范围']
## 测试场景"25", 测试用例"3", 覆盖变量数目为4, 未覆盖的变量包括['操作', '大宗交易方式', '交易品种', '时间', '交易数量', '申报价格范围']
## 测试场景"25", 测试用例"4", 覆盖变量数目为6, 未覆盖的变量包括['操作', '大宗交易方式', '时间', '申报价格范围']
## 测试场景"25", 测试用例"5", 覆盖变量数目为6, 未覆盖的变量包括['操作', '大宗交易方式', '时间', '申报价格范围']
## 测试场景"25", 测试用例"12", 覆盖变量数目为4, 未覆盖的变量包括['操作', '交易方式', '交易品种', '交易数量', '价格涨跌幅限制', '申报价格范围']
## 测试场景"25", 测试用例"13", 覆盖变量数目为4, 未覆盖的变量包括['操作', '交易方式', '交易品种', '交易数量', '价格涨跌幅限制', '申报价格范围']
## 测试场景"25", 测试用例"14", 覆盖变量数目为3, 未覆盖的变量包括['操作', '交易方式', '大宗交易方式', '交易品种', '交易数量', '价格涨跌幅限制', '申报价格范围']
## 测试场景"25", 测试用例"15", 覆盖变量数目为3, 未覆盖的变量包括['操作', '交易方式', '大宗交易方式', '交易品种', '交易数量', '价格涨跌幅限制', '申报价格范围']
## 测试场景"25", 测试用例"20", 覆盖变量数目为4, 未覆盖的变量包括['操作', '交易方式', '交易品种', '时间', '交易数量', '申报价格范围']
## 测试场景"25", 测试用例"21", 覆盖变量数目为4, 未覆盖的变量包括['操作', '交易方式', '交易品种', '时间', '交易数量', '申报价格范围']
## 测试场景"25", 测试用例"24", 覆盖变量数目为5, 未覆盖的变量包括['操作', '交易方式', '交易品种', '时间', '交易数量']
## 测试场景"25", 测试用例"25", 覆盖变量数目为5, 未覆盖的变量包括['操作', '交易方式', '交易品种', '时间', '交易数量']
## 测试场景"25", 测试用例"28", 覆盖变量数目为4, 未覆盖的变量包括['操作', '交易方式', '交易品种', '时间', '交易数量', '申报价格范围']
## 测试场景"25", 测试用例"29", 覆盖变量数目为4, 未覆盖的变量包括['操作', '交易方式', '交易品种', '时间', '交易数量', '申报价格范围']
## 测试场景"25", 测试用例"30", 覆盖变量数目为4, 未覆盖的变量包括['操作', '交易方式', '交易品种', '时间', '交易数量', '申报价格范围']
## 测试场景"25", 测试用例"31", 覆盖变量数目为4, 未覆盖的变量包括['操作', '交易方式', '交易品种', '时间', '交易数量', '申报价格范围']
## 测试场景"25", 测试用例"32", 覆盖变量数目为4, 未覆盖的变量包括['操作', '交易方式', '交易品种', '时间', '交易数量', '申报价格范围']
## 测试场景"25", 测试用例"33", 覆盖变量数目为4, 未覆盖的变量包括['操作', '交易方式', '交易品种', '时间', '交易数量', '申报价格范围']
## 测试场景"25", 测试用例"34", 覆盖变量数目为4, 未覆盖的变量包括['操作', '交易方式', '交易品种', '时间', '交易数量', '申报价格范围']
## 测试场景"25", 测试用例"35", 覆盖变量数目为4, 未覆盖的变量包括['操作', '交易方式', '交易品种', '时间', '交易数量', '申报价格范围']
## 测试场景"25", 测试用例"36", 覆盖变量数目为3, 未覆盖的变量包括['操作', '交易方式', '交易品种', '时间', '交易数量', '价格涨跌幅限制', '申报价格范围']
## 测试场景"25", 测试用例"37", 覆盖变量数目为3, 未覆盖的变量包括['操作', '交易方式', '交易品种', '时间', '交易数量', '价格涨跌幅限制', '申报价格范围']
## 测试场景"25", 测试用例"38", 覆盖变量数目为3, 未覆盖的变量包括['操作', '交易方式', '交易品种', '时间', '交易数量', '价格涨跌幅限制', '申报价格范围']
## 测试场景"25", 测试用例"39", 覆盖变量数目为3, 未覆盖的变量包括['操作', '交易方式', '交易品种', '时间', '交易数量', '价格涨跌幅限制', '申报价格范围']
## 测试场景"25", 测试用例"40", 覆盖变量数目为3, 未覆盖的变量包括['操作', '交易方式', '交易品种', '时间', '交易数量', '价格涨跌幅限制', '申报价格范围']
## 测试场景"25", 测试用例"41", 覆盖变量数目为3, 未覆盖的变量包括['操作', '交易方式', '交易品种', '时间', '交易数量', '价格涨跌幅限制', '申报价格范围']
## 测试场景"25", 测试用例"42", 覆盖变量数目为3, 未覆盖的变量包括['操作', '交易方式', '交易品种', '时间', '交易数量', '价格涨跌幅限制', '申报价格范围']
## 测试场景"25", 测试用例"43", 覆盖变量数目为3, 未覆盖的变量包括['操作', '交易方式', '交易品种', '时间', '交易数量', '价格涨跌幅限制', '申报价格范围']
## 测试场景"25", 测试用例"44", 覆盖变量数目为3, 未覆盖的变量包括['操作', '交易方式', '交易品种', '时间', '交易数量', '价格涨跌幅限制', '申报价格范围']
## 测试场景"25", 测试用例"45", 覆盖变量数目为3, 未覆盖的变量包括['操作', '交易方式', '交易品种', '时间', '交易数量', '价格涨跌幅限制', '申报价格范围']
## 测试场景"25", 测试用例"46", 覆盖变量数目为3, 未覆盖的变量包括['操作', '交易方式', '交易品种', '时间', '交易数量', '价格涨跌幅限制', '申报价格范围']
## 测试场景"25", 测试用例"47", 覆盖变量数目为3, 未覆盖的变量包括['操作', '交易方式', '交易品种', '时间', '交易数量', '价格涨跌幅限制', '申报价格范围']
### 测试场景"25", 覆盖变量的最大数目为9, 整体未覆盖的变量包括['操作']

## 测试场景"26", 测试用例"6", 覆盖变量数目为4, 未覆盖的变量包括['操作', '大宗交易方式', '交易品种', '时间', '交易数量', '申报价格范围']
## 测试场景"26", 测试用例"7", 覆盖变量数目为4, 未覆盖的变量包括['操作', '大宗交易方式', '交易品种', '时间', '交易数量', '申报价格范围']
## 测试场景"26", 测试用例"8", 覆盖变量数目为4, 未覆盖的变量包括['操作', '大宗交易方式', '交易品种', '时间', '交易数量', '申报价格范围']
## 测试场景"26", 测试用例"9", 覆盖变量数目为4, 未覆盖的变量包括['操作', '大宗交易方式', '交易品种', '时间', '交易数量', '申报价格范围']
## 测试场景"26", 测试用例"10", 覆盖变量数目为6, 未覆盖的变量包括['操作', '大宗交易方式', '时间', '申报价格范围']
## 测试场景"26", 测试用例"11", 覆盖变量数目为6, 未覆盖的变量包括['操作', '大宗交易方式', '时间', '申报价格范围']
## 测试场景"26", 测试用例"16", 覆盖变量数目为4, 未覆盖的变量包括['操作', '交易方式', '交易品种', '交易数量', '价格涨跌幅限制', '申报价格范围']
## 测试场景"26", 测试用例"17", 覆盖变量数目为4, 未覆盖的变量包括['操作', '交易方式', '交易品种', '交易数量', '价格涨跌幅限制', '申报价格范围']
## 测试场景"26", 测试用例"18", 覆盖变量数目为3, 未覆盖的变量包括['操作', '交易方式', '大宗交易方式', '交易品种', '交易数量', '价格涨跌幅限制', '申报价格范围']
## 测试场景"26", 测试用例"19", 覆盖变量数目为3, 未覆盖的变量包括['操作', '交易方式', '大宗交易方式', '交易品种', '交易数量', '价格涨跌幅限制', '申报价格范围']
## 测试场景"26", 测试用例"22", 覆盖变量数目为4, 未覆盖的变量包括['操作', '交易方式', '交易品种', '时间', '交易数量', '申报价格范围']
## 测试场景"26", 测试用例"23", 覆盖变量数目为4, 未覆盖的变量包括['操作', '交易方式', '交易品种', '时间', '交易数量', '申报价格范围']
## 测试场景"26", 测试用例"26", 覆盖变量数目为5, 未覆盖的变量包括['操作', '交易方式', '交易品种', '时间', '交易数量']
## 测试场景"26", 测试用例"27", 覆盖变量数目为5, 未覆盖的变量包括['操作', '交易方式', '交易品种', '时间', '交易数量']
### 测试场景"26", 覆盖变量的最大数目为9, 整体未覆盖的变量包括['操作']

## 测试场景"27", 测试用例"0", 覆盖变量数目为6, 未覆盖的变量包括['操作', '大宗交易方式', '交易品种', '时间', '申报价格范围']
## 测试场景"27", 测试用例"1", 覆盖变量数目为6, 未覆盖的变量包括['操作', '大宗交易方式', '交易品种', '时间', '申报价格范围']
## 测试场景"27", 测试用例"2", 覆盖变量数目为5, 未覆盖的变量包括['操作', '大宗交易方式', '交易品种', '时间', '交易金额', '申报价格范围']
## 测试场景"27", 测试用例"3", 覆盖变量数目为5, 未覆盖的变量包括['操作', '大宗交易方式', '交易品种', '时间', '交易金额', '申报价格范围']
## 测试场景"27", 测试用例"4", 覆盖变量数目为6, 未覆盖的变量包括['操作', '大宗交易方式', '时间', '交易数量', '申报价格范围']
## 测试场景"27", 测试用例"5", 覆盖变量数目为6, 未覆盖的变量包括['操作', '大宗交易方式', '时间', '交易数量', '申报价格范围']
## 测试场景"27", 测试用例"12", 覆盖变量数目为4, 未覆盖的变量包括['操作', '交易方式', '交易品种', '交易数量', '交易金额', '价格涨跌幅限制', '申报价格范围']
## 测试场景"27", 测试用例"13", 覆盖变量数目为4, 未覆盖的变量包括['操作', '交易方式', '交易品种', '交易数量', '交易金额', '价格涨跌幅限制', '申报价格范围']
## 测试场景"27", 测试用例"14", 覆盖变量数目为3, 未覆盖的变量包括['操作', '交易方式', '大宗交易方式', '交易品种', '交易数量', '交易金额', '价格涨跌幅限制', '申报价格范围']
## 测试场景"27", 测试用例"15", 覆盖变量数目为3, 未覆盖的变量包括['操作', '交易方式', '大宗交易方式', '交易品种', '交易数量', '交易金额', '价格涨跌幅限制', '申报价格范围']
## 测试场景"27", 测试用例"20", 覆盖变量数目为4, 未覆盖的变量包括['操作', '交易方式', '交易品种', '时间', '交易数量', '交易金额', '申报价格范围']
## 测试场景"27", 测试用例"21", 覆盖变量数目为4, 未覆盖的变量包括['操作', '交易方式', '交易品种', '时间', '交易数量', '交易金额', '申报价格范围']
## 测试场景"27", 测试用例"24", 覆盖变量数目为5, 未覆盖的变量包括['操作', '交易方式', '交易品种', '时间', '交易数量', '交易金额']
## 测试场景"27", 测试用例"25", 覆盖变量数目为5, 未覆盖的变量包括['操作', '交易方式', '交易品种', '时间', '交易数量', '交易金额']
## 测试场景"27", 测试用例"28", 覆盖变量数目为4, 未覆盖的变量包括['操作', '交易方式', '交易品种', '时间', '交易数量', '交易金额', '申报价格范围']
## 测试场景"27", 测试用例"29", 覆盖变量数目为4, 未覆盖的变量包括['操作', '交易方式', '交易品种', '时间', '交易数量', '交易金额', '申报价格范围']
## 测试场景"27", 测试用例"30", 覆盖变量数目为4, 未覆盖的变量包括['操作', '交易方式', '交易品种', '时间', '交易数量', '交易金额', '申报价格范围']
## 测试场景"27", 测试用例"31", 覆盖变量数目为4, 未覆盖的变量包括['操作', '交易方式', '交易品种', '时间', '交易数量', '交易金额', '申报价格范围']
## 测试场景"27", 测试用例"32", 覆盖变量数目为4, 未覆盖的变量包括['操作', '交易方式', '交易品种', '时间', '交易数量', '交易金额', '申报价格范围']
## 测试场景"27", 测试用例"33", 覆盖变量数目为4, 未覆盖的变量包括['操作', '交易方式', '交易品种', '时间', '交易数量', '交易金额', '申报价格范围']
## 测试场景"27", 测试用例"34", 覆盖变量数目为4, 未覆盖的变量包括['操作', '交易方式', '交易品种', '时间', '交易数量', '交易金额', '申报价格范围']
## 测试场景"27", 测试用例"35", 覆盖变量数目为4, 未覆盖的变量包括['操作', '交易方式', '交易品种', '时间', '交易数量', '交易金额', '申报价格范围']
## 测试场景"27", 测试用例"36", 覆盖变量数目为3, 未覆盖的变量包括['操作', '交易方式', '交易品种', '时间', '交易数量', '交易金额', '价格涨跌幅限制', '申报价格范围']
## 测试场景"27", 测试用例"37", 覆盖变量数目为3, 未覆盖的变量包括['操作', '交易方式', '交易品种', '时间', '交易数量', '交易金额', '价格涨跌幅限制', '申报价格范围']
## 测试场景"27", 测试用例"38", 覆盖变量数目为3, 未覆盖的变量包括['操作', '交易方式', '交易品种', '时间', '交易数量', '交易金额', '价格涨跌幅限制', '申报价格范围']
## 测试场景"27", 测试用例"39", 覆盖变量数目为3, 未覆盖的变量包括['操作', '交易方式', '交易品种', '时间', '交易数量', '交易金额', '价格涨跌幅限制', '申报价格范围']
## 测试场景"27", 测试用例"40", 覆盖变量数目为3, 未覆盖的变量包括['操作', '交易方式', '交易品种', '时间', '交易数量', '交易金额', '价格涨跌幅限制', '申报价格范围']
## 测试场景"27", 测试用例"41", 覆盖变量数目为3, 未覆盖的变量包括['操作', '交易方式', '交易品种', '时间', '交易数量', '交易金额', '价格涨跌幅限制', '申报价格范围']
## 测试场景"27", 测试用例"42", 覆盖变量数目为3, 未覆盖的变量包括['操作', '交易方式', '交易品种', '时间', '交易数量', '交易金额', '价格涨跌幅限制', '申报价格范围']
## 测试场景"27", 测试用例"43", 覆盖变量数目为3, 未覆盖的变量包括['操作', '交易方式', '交易品种', '时间', '交易数量', '交易金额', '价格涨跌幅限制', '申报价格范围']
## 测试场景"27", 测试用例"44", 覆盖变量数目为3, 未覆盖的变量包括['操作', '交易方式', '交易品种', '时间', '交易数量', '交易金额', '价格涨跌幅限制', '申报价格范围']
## 测试场景"27", 测试用例"45", 覆盖变量数目为3, 未覆盖的变量包括['操作', '交易方式', '交易品种', '时间', '交易数量', '交易金额', '价格涨跌幅限制', '申报价格范围']
## 测试场景"27", 测试用例"46", 覆盖变量数目为3, 未覆盖的变量包括['操作', '交易方式', '交易品种', '时间', '交易数量', '交易金额', '价格涨跌幅限制', '申报价格范围']
## 测试场景"27", 测试用例"47", 覆盖变量数目为3, 未覆盖的变量包括['操作', '交易方式', '交易品种', '时间', '交易数量', '交易金额', '价格涨跌幅限制', '申报价格范围']
### 测试场景"27", 覆盖变量的最大数目为10, 整体未覆盖的变量包括['操作']

## 测试场景"28", 测试用例"6", 覆盖变量数目为6, 未覆盖的变量包括['操作', '大宗交易方式', '交易品种', '时间', '申报价格范围']
## 测试场景"28", 测试用例"7", 覆盖变量数目为6, 未覆盖的变量包括['操作', '大宗交易方式', '交易品种', '时间', '申报价格范围']
## 测试场景"28", 测试用例"8", 覆盖变量数目为7, 未覆盖的变量包括['操作', '大宗交易方式', '交易品种', '时间']
## 测试场景"28", 测试用例"9", 覆盖变量数目为7, 未覆盖的变量包括['操作', '大宗交易方式', '交易品种', '时间']
## 测试场景"28", 测试用例"10", 覆盖变量数目为7, 未覆盖的变量包括['操作', '大宗交易方式', '时间', '申报价格范围']
## 测试场景"28", 测试用例"11", 覆盖变量数目为7, 未覆盖的变量包括['操作', '大宗交易方式', '时间', '申报价格范围']
## 测试场景"28", 测试用例"16", 覆盖变量数目为4, 未覆盖的变量包括['操作', '交易方式', '交易品种', '交易数量', '交易金额', '价格涨跌幅限制', '申报价格范围']
## 测试场景"28", 测试用例"17", 覆盖变量数目为4, 未覆盖的变量包括['操作', '交易方式', '交易品种', '交易数量', '交易金额', '价格涨跌幅限制', '申报价格范围']
## 测试场景"28", 测试用例"18", 覆盖变量数目为3, 未覆盖的变量包括['操作', '交易方式', '大宗交易方式', '交易品种', '交易数量', '交易金额', '价格涨跌幅限制', '申报价格范围']
## 测试场景"28", 测试用例"19", 覆盖变量数目为3, 未覆盖的变量包括['操作', '交易方式', '大宗交易方式', '交易品种', '交易数量', '交易金额', '价格涨跌幅限制', '申报价格范围']
## 测试场景"28", 测试用例"22", 覆盖变量数目为4, 未覆盖的变量包括['操作', '交易方式', '交易品种', '时间', '交易数量', '交易金额', '申报价格范围']
## 测试场景"28", 测试用例"23", 覆盖变量数目为4, 未覆盖的变量包括['操作', '交易方式', '交易品种', '时间', '交易数量', '交易金额', '申报价格范围']
## 测试场景"28", 测试用例"26", 覆盖变量数目为6, 未覆盖的变量包括['操作', '交易方式', '交易品种', '时间', '交易数量']
## 测试场景"28", 测试用例"27", 覆盖变量数目为6, 未覆盖的变量包括['操作', '交易方式', '交易品种', '时间', '交易数量']
### 测试场景"28", 覆盖变量的最大数目为10, 整体未覆盖的变量包括['操作']

## 测试场景"29", 测试用例"6", 覆盖变量数目为5, 未覆盖的变量包括['操作', '大宗交易方式', '交易品种', '时间']
## 测试场景"29", 测试用例"7", 覆盖变量数目为5, 未覆盖的变量包括['操作', '大宗交易方式', '交易品种', '时间']
## 测试场景"29", 测试用例"8", 覆盖变量数目为5, 未覆盖的变量包括['操作', '大宗交易方式', '交易品种', '时间']
## 测试场景"29", 测试用例"9", 覆盖变量数目为5, 未覆盖的变量包括['操作', '大宗交易方式', '交易品种', '时间']
## 测试场景"29", 测试用例"10", 覆盖变量数目为6, 未覆盖的变量包括['操作', '大宗交易方式', '时间']
## 测试场景"29", 测试用例"11", 覆盖变量数目为6, 未覆盖的变量包括['操作', '大宗交易方式', '时间']
## 测试场景"29", 测试用例"16", 覆盖变量数目为4, 未覆盖的变量包括['操作', '交易方式', '交易品种', '交易数量', '交易金额']
## 测试场景"29", 测试用例"17", 覆盖变量数目为4, 未覆盖的变量包括['操作', '交易方式', '交易品种', '交易数量', '交易金额']
## 测试场景"29", 测试用例"18", 覆盖变量数目为3, 未覆盖的变量包括['操作', '交易方式', '大宗交易方式', '交易品种', '交易数量', '交易金额']
## 测试场景"29", 测试用例"19", 覆盖变量数目为3, 未覆盖的变量包括['操作', '交易方式', '大宗交易方式', '交易品种', '交易数量', '交易金额']
## 测试场景"29", 测试用例"22", 覆盖变量数目为3, 未覆盖的变量包括['操作', '交易方式', '交易品种', '时间', '交易数量', '交易金额']
## 测试场景"29", 测试用例"23", 覆盖变量数目为3, 未覆盖的变量包括['操作', '交易方式', '交易品种', '时间', '交易数量', '交易金额']
## 测试场景"29", 测试用例"26", 覆盖变量数目为4, 未覆盖的变量包括['操作', '交易方式', '交易品种', '时间', '交易数量']
## 测试场景"29", 测试用例"27", 覆盖变量数目为4, 未覆盖的变量包括['操作', '交易方式', '交易品种', '时间', '交易数量']
### 测试场景"29", 覆盖变量的最大数目为8, 整体未覆盖的变量包括['操作']

## 测试场景"30", 测试用例"0", 覆盖变量数目为4, 未覆盖的变量包括['操作', '大宗交易方式', '交易品种', '股票品种', '时间']
## 测试场景"30", 测试用例"1", 覆盖变量数目为4, 未覆盖的变量包括['操作', '大宗交易方式', '交易品种', '股票品种', '时间']
## 测试场景"30", 测试用例"2", 覆盖变量数目为4, 未覆盖的变量包括['操作', '大宗交易方式', '交易品种', '股票品种', '时间']
## 测试场景"30", 测试用例"3", 覆盖变量数目为4, 未覆盖的变量包括['操作', '大宗交易方式', '交易品种', '股票品种', '时间']
## 测试场景"30", 测试用例"4", 覆盖变量数目为4, 未覆盖的变量包括['操作', '大宗交易方式', '交易品种', '股票品种', '时间']
## 测试场景"30", 测试用例"5", 覆盖变量数目为4, 未覆盖的变量包括['操作', '大宗交易方式', '交易品种', '股票品种', '时间']
## 测试场景"30", 测试用例"12", 覆盖变量数目为4, 未覆盖的变量包括['操作', '交易方式', '大宗交易方式', '股票品种', '交易数量']
## 测试场景"30", 测试用例"13", 覆盖变量数目为4, 未覆盖的变量包括['操作', '交易方式', '大宗交易方式', '股票品种', '交易数量']
## 测试场景"30", 测试用例"14", 覆盖变量数目为5, 未覆盖的变量包括['操作', '交易方式', '股票品种', '交易数量']
## 测试场景"30", 测试用例"15", 覆盖变量数目为5, 未覆盖的变量包括['操作', '交易方式', '股票品种', '交易数量']
## 测试场景"30", 测试用例"20", 覆盖变量数目为3, 未覆盖的变量包括['操作', '交易方式', '大宗交易方式', '股票品种', '时间', '交易数量']
## 测试场景"30", 测试用例"21", 覆盖变量数目为3, 未覆盖的变量包括['操作', '交易方式', '大宗交易方式', '股票品种', '时间', '交易数量']
## 测试场景"30", 测试用例"24", 覆盖变量数目为3, 未覆盖的变量包括['操作', '交易方式', '大宗交易方式', '股票品种', '时间', '交易数量']
## 测试场景"30", 测试用例"25", 覆盖变量数目为3, 未覆盖的变量包括['操作', '交易方式', '大宗交易方式', '股票品种', '时间', '交易数量']
## 测试场景"30", 测试用例"28", 覆盖变量数目为3, 未覆盖的变量包括['操作', '交易方式', '大宗交易方式', '股票品种', '时间', '交易数量']
## 测试场景"30", 测试用例"29", 覆盖变量数目为3, 未覆盖的变量包括['操作', '交易方式', '大宗交易方式', '股票品种', '时间', '交易数量']
## 测试场景"30", 测试用例"30", 覆盖变量数目为3, 未覆盖的变量包括['操作', '交易方式', '大宗交易方式', '股票品种', '时间', '交易数量']
## 测试场景"30", 测试用例"31", 覆盖变量数目为3, 未覆盖的变量包括['操作', '交易方式', '大宗交易方式', '股票品种', '时间', '交易数量']
## 测试场景"30", 测试用例"32", 覆盖变量数目为3, 未覆盖的变量包括['操作', '交易方式', '大宗交易方式', '股票品种', '时间', '交易数量']
## 测试场景"30", 测试用例"33", 覆盖变量数目为3, 未覆盖的变量包括['操作', '交易方式', '大宗交易方式', '股票品种', '时间', '交易数量']
## 测试场景"30", 测试用例"34", 覆盖变量数目为3, 未覆盖的变量包括['操作', '交易方式', '大宗交易方式', '股票品种', '时间', '交易数量']
## 测试场景"30", 测试用例"35", 覆盖变量数目为3, 未覆盖的变量包括['操作', '交易方式', '大宗交易方式', '股票品种', '时间', '交易数量']
## 测试场景"30", 测试用例"36", 覆盖变量数目为3, 未覆盖的变量包括['操作', '交易方式', '大宗交易方式', '股票品种', '时间', '交易数量']
## 测试场景"30", 测试用例"37", 覆盖变量数目为3, 未覆盖的变量包括['操作', '交易方式', '大宗交易方式', '股票品种', '时间', '交易数量']
## 测试场景"30", 测试用例"38", 覆盖变量数目为3, 未覆盖的变量包括['操作', '交易方式', '大宗交易方式', '股票品种', '时间', '交易数量']
## 测试场景"30", 测试用例"39", 覆盖变量数目为3, 未覆盖的变量包括['操作', '交易方式', '大宗交易方式', '股票品种', '时间', '交易数量']
## 测试场景"30", 测试用例"40", 覆盖变量数目为3, 未覆盖的变量包括['操作', '交易方式', '大宗交易方式', '股票品种', '时间', '交易数量']
## 测试场景"30", 测试用例"41", 覆盖变量数目为3, 未覆盖的变量包括['操作', '交易方式', '大宗交易方式', '股票品种', '时间', '交易数量']
## 测试场景"30", 测试用例"42", 覆盖变量数目为3, 未覆盖的变量包括['操作', '交易方式', '大宗交易方式', '股票品种', '时间', '交易数量']
## 测试场景"30", 测试用例"43", 覆盖变量数目为3, 未覆盖的变量包括['操作', '交易方式', '大宗交易方式', '股票品种', '时间', '交易数量']
## 测试场景"30", 测试用例"44", 覆盖变量数目为3, 未覆盖的变量包括['操作', '交易方式', '大宗交易方式', '股票品种', '时间', '交易数量']
## 测试场景"30", 测试用例"45", 覆盖变量数目为3, 未覆盖的变量包括['操作', '交易方式', '大宗交易方式', '股票品种', '时间', '交易数量']
## 测试场景"30", 测试用例"46", 覆盖变量数目为3, 未覆盖的变量包括['操作', '交易方式', '大宗交易方式', '股票品种', '时间', '交易数量']
## 测试场景"30", 测试用例"47", 覆盖变量数目为3, 未覆盖的变量包括['操作', '交易方式', '大宗交易方式', '股票品种', '时间', '交易数量']
### 测试场景"30", 覆盖变量的最大数目为7, 整体未覆盖的变量包括['操作', '股票品种']

## 测试场景"31", 测试用例"0", 覆盖变量数目为4, 未覆盖的变量包括['操作', '大宗交易方式', '交易品种', '股票品种', '时间', '交易数量']
## 测试场景"31", 测试用例"1", 覆盖变量数目为4, 未覆盖的变量包括['操作', '大宗交易方式', '交易品种', '股票品种', '时间', '交易数量']
## 测试场景"31", 测试用例"2", 覆盖变量数目为3, 未覆盖的变量包括['操作', '大宗交易方式', '交易品种', '股票品种', '时间', '交易数量', '交易金额']
## 测试场景"31", 测试用例"3", 覆盖变量数目为3, 未覆盖的变量包括['操作', '大宗交易方式', '交易品种', '股票品种', '时间', '交易数量', '交易金额']
## 测试场景"31", 测试用例"4", 覆盖变量数目为4, 未覆盖的变量包括['操作', '大宗交易方式', '交易品种', '股票品种', '时间', '交易数量']
## 测试场景"31", 测试用例"5", 覆盖变量数目为4, 未覆盖的变量包括['操作', '大宗交易方式', '交易品种', '股票品种', '时间', '交易数量']
## 测试场景"31", 测试用例"12", 覆盖变量数目为4, 未覆盖的变量包括['操作', '交易方式', '大宗交易方式', '股票品种', '交易数量', '交易金额']
## 测试场景"31", 测试用例"13", 覆盖变量数目为4, 未覆盖的变量包括['操作', '交易方式', '大宗交易方式', '股票品种', '交易数量', '交易金额']
## 测试场景"31", 测试用例"14", 覆盖变量数目为5, 未覆盖的变量包括['操作', '交易方式', '股票品种', '交易数量', '交易金额']
## 测试场景"31", 测试用例"15", 覆盖变量数目为5, 未覆盖的变量包括['操作', '交易方式', '股票品种', '交易数量', '交易金额']
## 测试场景"31", 测试用例"20", 覆盖变量数目为3, 未覆盖的变量包括['操作', '交易方式', '大宗交易方式', '股票品种', '时间', '交易数量', '交易金额']
## 测试场景"31", 测试用例"21", 覆盖变量数目为3, 未覆盖的变量包括['操作', '交易方式', '大宗交易方式', '股票品种', '时间', '交易数量', '交易金额']
## 测试场景"31", 测试用例"24", 覆盖变量数目为3, 未覆盖的变量包括['操作', '交易方式', '大宗交易方式', '股票品种', '时间', '交易数量', '交易金额']
## 测试场景"31", 测试用例"25", 覆盖变量数目为3, 未覆盖的变量包括['操作', '交易方式', '大宗交易方式', '股票品种', '时间', '交易数量', '交易金额']
## 测试场景"31", 测试用例"28", 覆盖变量数目为3, 未覆盖的变量包括['操作', '交易方式', '大宗交易方式', '股票品种', '时间', '交易数量', '交易金额']
## 测试场景"31", 测试用例"29", 覆盖变量数目为3, 未覆盖的变量包括['操作', '交易方式', '大宗交易方式', '股票品种', '时间', '交易数量', '交易金额']
## 测试场景"31", 测试用例"30", 覆盖变量数目为3, 未覆盖的变量包括['操作', '交易方式', '大宗交易方式', '股票品种', '时间', '交易数量', '交易金额']
## 测试场景"31", 测试用例"31", 覆盖变量数目为3, 未覆盖的变量包括['操作', '交易方式', '大宗交易方式', '股票品种', '时间', '交易数量', '交易金额']
## 测试场景"31", 测试用例"32", 覆盖变量数目为3, 未覆盖的变量包括['操作', '交易方式', '大宗交易方式', '股票品种', '时间', '交易数量', '交易金额']
## 测试场景"31", 测试用例"33", 覆盖变量数目为3, 未覆盖的变量包括['操作', '交易方式', '大宗交易方式', '股票品种', '时间', '交易数量', '交易金额']
## 测试场景"31", 测试用例"34", 覆盖变量数目为3, 未覆盖的变量包括['操作', '交易方式', '大宗交易方式', '股票品种', '时间', '交易数量', '交易金额']
## 测试场景"31", 测试用例"35", 覆盖变量数目为3, 未覆盖的变量包括['操作', '交易方式', '大宗交易方式', '股票品种', '时间', '交易数量', '交易金额']
## 测试场景"31", 测试用例"36", 覆盖变量数目为3, 未覆盖的变量包括['操作', '交易方式', '大宗交易方式', '股票品种', '时间', '交易数量', '交易金额']
## 测试场景"31", 测试用例"37", 覆盖变量数目为3, 未覆盖的变量包括['操作', '交易方式', '大宗交易方式', '股票品种', '时间', '交易数量', '交易金额']
## 测试场景"31", 测试用例"38", 覆盖变量数目为3, 未覆盖的变量包括['操作', '交易方式', '大宗交易方式', '股票品种', '时间', '交易数量', '交易金额']
## 测试场景"31", 测试用例"39", 覆盖变量数目为3, 未覆盖的变量包括['操作', '交易方式', '大宗交易方式', '股票品种', '时间', '交易数量', '交易金额']
## 测试场景"31", 测试用例"40", 覆盖变量数目为3, 未覆盖的变量包括['操作', '交易方式', '大宗交易方式', '股票品种', '时间', '交易数量', '交易金额']
## 测试场景"31", 测试用例"41", 覆盖变量数目为3, 未覆盖的变量包括['操作', '交易方式', '大宗交易方式', '股票品种', '时间', '交易数量', '交易金额']
## 测试场景"31", 测试用例"42", 覆盖变量数目为3, 未覆盖的变量包括['操作', '交易方式', '大宗交易方式', '股票品种', '时间', '交易数量', '交易金额']
## 测试场景"31", 测试用例"43", 覆盖变量数目为3, 未覆盖的变量包括['操作', '交易方式', '大宗交易方式', '股票品种', '时间', '交易数量', '交易金额']
## 测试场景"31", 测试用例"44", 覆盖变量数目为3, 未覆盖的变量包括['操作', '交易方式', '大宗交易方式', '股票品种', '时间', '交易数量', '交易金额']
## 测试场景"31", 测试用例"45", 覆盖变量数目为3, 未覆盖的变量包括['操作', '交易方式', '大宗交易方式', '股票品种', '时间', '交易数量', '交易金额']
## 测试场景"31", 测试用例"46", 覆盖变量数目为3, 未覆盖的变量包括['操作', '交易方式', '大宗交易方式', '股票品种', '时间', '交易数量', '交易金额']
## 测试场景"31", 测试用例"47", 覆盖变量数目为3, 未覆盖的变量包括['操作', '交易方式', '大宗交易方式', '股票品种', '时间', '交易数量', '交易金额']
### 测试场景"31", 覆盖变量的最大数目为7, 整体未覆盖的变量包括['操作', '股票品种', '交易数量']

## 测试场景"32", 测试用例"6", 覆盖变量数目为4, 未覆盖的变量包括['操作', '大宗交易方式', '交易品种', '股票品种', '时间', '交易数量']
## 测试场景"32", 测试用例"7", 覆盖变量数目为4, 未覆盖的变量包括['操作', '大宗交易方式', '交易品种', '股票品种', '时间', '交易数量']
## 测试场景"32", 测试用例"8", 覆盖变量数目为4, 未覆盖的变量包括['操作', '大宗交易方式', '交易品种', '股票品种', '时间', '交易数量']
## 测试场景"32", 测试用例"9", 覆盖变量数目为4, 未覆盖的变量包括['操作', '大宗交易方式', '交易品种', '股票品种', '时间', '交易数量']
## 测试场景"32", 测试用例"10", 覆盖变量数目为4, 未覆盖的变量包括['操作', '大宗交易方式', '交易品种', '股票品种', '时间', '交易数量']
## 测试场景"32", 测试用例"11", 覆盖变量数目为4, 未覆盖的变量包括['操作', '大宗交易方式', '交易品种', '股票品种', '时间', '交易数量']
## 测试场景"32", 测试用例"16", 覆盖变量数目为4, 未覆盖的变量包括['操作', '交易方式', '大宗交易方式', '股票品种', '交易数量', '交易金额']
## 测试场景"32", 测试用例"17", 覆盖变量数目为4, 未覆盖的变量包括['操作', '交易方式', '大宗交易方式', '股票品种', '交易数量', '交易金额']
## 测试场景"32", 测试用例"18", 覆盖变量数目为5, 未覆盖的变量包括['操作', '交易方式', '股票品种', '交易数量', '交易金额']
## 测试场景"32", 测试用例"19", 覆盖变量数目为5, 未覆盖的变量包括['操作', '交易方式', '股票品种', '交易数量', '交易金额']
## 测试场景"32", 测试用例"22", 覆盖变量数目为3, 未覆盖的变量包括['操作', '交易方式', '大宗交易方式', '股票品种', '时间', '交易数量', '交易金额']
## 测试场景"32", 测试用例"23", 覆盖变量数目为3, 未覆盖的变量包括['操作', '交易方式', '大宗交易方式', '股票品种', '时间', '交易数量', '交易金额']
## 测试场景"32", 测试用例"26", 覆盖变量数目为4, 未覆盖的变量包括['操作', '交易方式', '大宗交易方式', '股票品种', '时间', '交易数量']
## 测试场景"32", 测试用例"27", 覆盖变量数目为4, 未覆盖的变量包括['操作', '交易方式', '大宗交易方式', '股票品种', '时间', '交易数量']
### 测试场景"32", 覆盖变量的最大数目为7, 整体未覆盖的变量包括['操作', '股票品种', '交易数量']

## 测试场景"33", 测试用例"0", 覆盖变量数目为4, 未覆盖的变量包括['操作', '大宗交易方式', '交易品种', '股票品种', '时间']
## 测试场景"33", 测试用例"1", 覆盖变量数目为4, 未覆盖的变量包括['操作', '大宗交易方式', '交易品种', '股票品种', '时间']
## 测试场景"33", 测试用例"2", 覆盖变量数目为5, 未覆盖的变量包括['操作', '大宗交易方式', '交易品种', '时间']
## 测试场景"33", 测试用例"3", 覆盖变量数目为5, 未覆盖的变量包括['操作', '大宗交易方式', '交易品种', '时间']
## 测试场景"33", 测试用例"4", 覆盖变量数目为4, 未覆盖的变量包括['操作', '大宗交易方式', '交易品种', '股票品种', '时间']
## 测试场景"33", 测试用例"5", 覆盖变量数目为4, 未覆盖的变量包括['操作', '大宗交易方式', '交易品种', '股票品种', '时间']
## 测试场景"33", 测试用例"12", 覆盖变量数目为4, 未覆盖的变量包括['操作', '交易方式', '大宗交易方式', '股票品种', '交易数量']
## 测试场景"33", 测试用例"13", 覆盖变量数目为4, 未覆盖的变量包括['操作', '交易方式', '大宗交易方式', '股票品种', '交易数量']
## 测试场景"33", 测试用例"14", 覆盖变量数目为5, 未覆盖的变量包括['操作', '交易方式', '股票品种', '交易数量']
## 测试场景"33", 测试用例"15", 覆盖变量数目为5, 未覆盖的变量包括['操作', '交易方式', '股票品种', '交易数量']
## 测试场景"33", 测试用例"20", 覆盖变量数目为3, 未覆盖的变量包括['操作', '交易方式', '大宗交易方式', '股票品种', '时间', '交易数量']
## 测试场景"33", 测试用例"21", 覆盖变量数目为3, 未覆盖的变量包括['操作', '交易方式', '大宗交易方式', '股票品种', '时间', '交易数量']
## 测试场景"33", 测试用例"24", 覆盖变量数目为3, 未覆盖的变量包括['操作', '交易方式', '大宗交易方式', '股票品种', '时间', '交易数量']
## 测试场景"33", 测试用例"25", 覆盖变量数目为3, 未覆盖的变量包括['操作', '交易方式', '大宗交易方式', '股票品种', '时间', '交易数量']
## 测试场景"33", 测试用例"28", 覆盖变量数目为3, 未覆盖的变量包括['操作', '交易方式', '大宗交易方式', '股票品种', '时间', '交易数量']
## 测试场景"33", 测试用例"29", 覆盖变量数目为3, 未覆盖的变量包括['操作', '交易方式', '大宗交易方式', '股票品种', '时间', '交易数量']
## 测试场景"33", 测试用例"30", 覆盖变量数目为3, 未覆盖的变量包括['操作', '交易方式', '大宗交易方式', '股票品种', '时间', '交易数量']
## 测试场景"33", 测试用例"31", 覆盖变量数目为3, 未覆盖的变量包括['操作', '交易方式', '大宗交易方式', '股票品种', '时间', '交易数量']
## 测试场景"33", 测试用例"32", 覆盖变量数目为3, 未覆盖的变量包括['操作', '交易方式', '大宗交易方式', '股票品种', '时间', '交易数量']
## 测试场景"33", 测试用例"33", 覆盖变量数目为3, 未覆盖的变量包括['操作', '交易方式', '大宗交易方式', '股票品种', '时间', '交易数量']
## 测试场景"33", 测试用例"34", 覆盖变量数目为3, 未覆盖的变量包括['操作', '交易方式', '大宗交易方式', '股票品种', '时间', '交易数量']
## 测试场景"33", 测试用例"35", 覆盖变量数目为3, 未覆盖的变量包括['操作', '交易方式', '大宗交易方式', '股票品种', '时间', '交易数量']
## 测试场景"33", 测试用例"36", 覆盖变量数目为3, 未覆盖的变量包括['操作', '交易方式', '大宗交易方式', '股票品种', '时间', '交易数量']
## 测试场景"33", 测试用例"37", 覆盖变量数目为3, 未覆盖的变量包括['操作', '交易方式', '大宗交易方式', '股票品种', '时间', '交易数量']
## 测试场景"33", 测试用例"38", 覆盖变量数目为3, 未覆盖的变量包括['操作', '交易方式', '大宗交易方式', '股票品种', '时间', '交易数量']
## 测试场景"33", 测试用例"39", 覆盖变量数目为3, 未覆盖的变量包括['操作', '交易方式', '大宗交易方式', '股票品种', '时间', '交易数量']
## 测试场景"33", 测试用例"40", 覆盖变量数目为3, 未覆盖的变量包括['操作', '交易方式', '大宗交易方式', '股票品种', '时间', '交易数量']
## 测试场景"33", 测试用例"41", 覆盖变量数目为3, 未覆盖的变量包括['操作', '交易方式', '大宗交易方式', '股票品种', '时间', '交易数量']
## 测试场景"33", 测试用例"42", 覆盖变量数目为3, 未覆盖的变量包括['操作', '交易方式', '大宗交易方式', '股票品种', '时间', '交易数量']
## 测试场景"33", 测试用例"43", 覆盖变量数目为3, 未覆盖的变量包括['操作', '交易方式', '大宗交易方式', '股票品种', '时间', '交易数量']
## 测试场景"33", 测试用例"44", 覆盖变量数目为3, 未覆盖的变量包括['操作', '交易方式', '大宗交易方式', '股票品种', '时间', '交易数量']
## 测试场景"33", 测试用例"45", 覆盖变量数目为3, 未覆盖的变量包括['操作', '交易方式', '大宗交易方式', '股票品种', '时间', '交易数量']
## 测试场景"33", 测试用例"46", 覆盖变量数目为3, 未覆盖的变量包括['操作', '交易方式', '大宗交易方式', '股票品种', '时间', '交易数量']
## 测试场景"33", 测试用例"47", 覆盖变量数目为3, 未覆盖的变量包括['操作', '交易方式', '大宗交易方式', '股票品种', '时间', '交易数量']
### 测试场景"33", 覆盖变量的最大数目为8, 整体未覆盖的变量包括['操作']

## 测试场景"34", 测试用例"0", 覆盖变量数目为4, 未覆盖的变量包括['操作', '大宗交易方式', '交易品种', '股票品种', '时间', '交易数量']
## 测试场景"34", 测试用例"1", 覆盖变量数目为4, 未覆盖的变量包括['操作', '大宗交易方式', '交易品种', '股票品种', '时间', '交易数量']
## 测试场景"34", 测试用例"2", 覆盖变量数目为5, 未覆盖的变量包括['操作', '大宗交易方式', '交易品种', '时间', '交易数量']
## 测试场景"34", 测试用例"3", 覆盖变量数目为5, 未覆盖的变量包括['操作', '大宗交易方式', '交易品种', '时间', '交易数量']
## 测试场景"34", 测试用例"4", 覆盖变量数目为4, 未覆盖的变量包括['操作', '大宗交易方式', '交易品种', '股票品种', '时间', '交易数量']
## 测试场景"34", 测试用例"5", 覆盖变量数目为4, 未覆盖的变量包括['操作', '大宗交易方式', '交易品种', '股票品种', '时间', '交易数量']
## 测试场景"34", 测试用例"12", 覆盖变量数目为4, 未覆盖的变量包括['操作', '交易方式', '大宗交易方式', '股票品种', '交易数量', '交易金额']
## 测试场景"34", 测试用例"13", 覆盖变量数目为4, 未覆盖的变量包括['操作', '交易方式', '大宗交易方式', '股票品种', '交易数量', '交易金额']
## 测试场景"34", 测试用例"14", 覆盖变量数目为5, 未覆盖的变量包括['操作', '交易方式', '股票品种', '交易数量', '交易金额']
## 测试场景"34", 测试用例"15", 覆盖变量数目为5, 未覆盖的变量包括['操作', '交易方式', '股票品种', '交易数量', '交易金额']
## 测试场景"34", 测试用例"20", 覆盖变量数目为3, 未覆盖的变量包括['操作', '交易方式', '大宗交易方式', '股票品种', '时间', '交易数量', '交易金额']
## 测试场景"34", 测试用例"21", 覆盖变量数目为3, 未覆盖的变量包括['操作', '交易方式', '大宗交易方式', '股票品种', '时间', '交易数量', '交易金额']
## 测试场景"34", 测试用例"24", 覆盖变量数目为4, 未覆盖的变量包括['操作', '交易方式', '大宗交易方式', '股票品种', '时间', '交易数量']
## 测试场景"34", 测试用例"25", 覆盖变量数目为4, 未覆盖的变量包括['操作', '交易方式', '大宗交易方式', '股票品种', '时间', '交易数量']
## 测试场景"34", 测试用例"28", 覆盖变量数目为3, 未覆盖的变量包括['操作', '交易方式', '大宗交易方式', '股票品种', '时间', '交易数量', '交易金额']
## 测试场景"34", 测试用例"29", 覆盖变量数目为3, 未覆盖的变量包括['操作', '交易方式', '大宗交易方式', '股票品种', '时间', '交易数量', '交易金额']
## 测试场景"34", 测试用例"30", 覆盖变量数目为3, 未覆盖的变量包括['操作', '交易方式', '大宗交易方式', '股票品种', '时间', '交易数量', '交易金额']
## 测试场景"34", 测试用例"31", 覆盖变量数目为3, 未覆盖的变量包括['操作', '交易方式', '大宗交易方式', '股票品种', '时间', '交易数量', '交易金额']
## 测试场景"34", 测试用例"32", 覆盖变量数目为3, 未覆盖的变量包括['操作', '交易方式', '大宗交易方式', '股票品种', '时间', '交易数量', '交易金额']
## 测试场景"34", 测试用例"33", 覆盖变量数目为3, 未覆盖的变量包括['操作', '交易方式', '大宗交易方式', '股票品种', '时间', '交易数量', '交易金额']
## 测试场景"34", 测试用例"34", 覆盖变量数目为3, 未覆盖的变量包括['操作', '交易方式', '大宗交易方式', '股票品种', '时间', '交易数量', '交易金额']
## 测试场景"34", 测试用例"35", 覆盖变量数目为3, 未覆盖的变量包括['操作', '交易方式', '大宗交易方式', '股票品种', '时间', '交易数量', '交易金额']
## 测试场景"34", 测试用例"36", 覆盖变量数目为3, 未覆盖的变量包括['操作', '交易方式', '大宗交易方式', '股票品种', '时间', '交易数量', '交易金额']
## 测试场景"34", 测试用例"37", 覆盖变量数目为3, 未覆盖的变量包括['操作', '交易方式', '大宗交易方式', '股票品种', '时间', '交易数量', '交易金额']
## 测试场景"34", 测试用例"38", 覆盖变量数目为3, 未覆盖的变量包括['操作', '交易方式', '大宗交易方式', '股票品种', '时间', '交易数量', '交易金额']
## 测试场景"34", 测试用例"39", 覆盖变量数目为3, 未覆盖的变量包括['操作', '交易方式', '大宗交易方式', '股票品种', '时间', '交易数量', '交易金额']
## 测试场景"34", 测试用例"40", 覆盖变量数目为3, 未覆盖的变量包括['操作', '交易方式', '大宗交易方式', '股票品种', '时间', '交易数量', '交易金额']
## 测试场景"34", 测试用例"41", 覆盖变量数目为3, 未覆盖的变量包括['操作', '交易方式', '大宗交易方式', '股票品种', '时间', '交易数量', '交易金额']
## 测试场景"34", 测试用例"42", 覆盖变量数目为3, 未覆盖的变量包括['操作', '交易方式', '大宗交易方式', '股票品种', '时间', '交易数量', '交易金额']
## 测试场景"34", 测试用例"43", 覆盖变量数目为3, 未覆盖的变量包括['操作', '交易方式', '大宗交易方式', '股票品种', '时间', '交易数量', '交易金额']
## 测试场景"34", 测试用例"44", 覆盖变量数目为3, 未覆盖的变量包括['操作', '交易方式', '大宗交易方式', '股票品种', '时间', '交易数量', '交易金额']
## 测试场景"34", 测试用例"45", 覆盖变量数目为3, 未覆盖的变量包括['操作', '交易方式', '大宗交易方式', '股票品种', '时间', '交易数量', '交易金额']
## 测试场景"34", 测试用例"46", 覆盖变量数目为3, 未覆盖的变量包括['操作', '交易方式', '大宗交易方式', '股票品种', '时间', '交易数量', '交易金额']
## 测试场景"34", 测试用例"47", 覆盖变量数目为3, 未覆盖的变量包括['操作', '交易方式', '大宗交易方式', '股票品种', '时间', '交易数量', '交易金额']
### 测试场景"34", 覆盖变量的最大数目为8, 整体未覆盖的变量包括['操作', '交易数量']

## 测试场景"35", 测试用例"6", 覆盖变量数目为3, 未覆盖的变量包括['操作', '大宗交易方式', '交易品种', '股票品种', '时间', '交易数量', '交易金额']
## 测试场景"35", 测试用例"7", 覆盖变量数目为3, 未覆盖的变量包括['操作', '大宗交易方式', '交易品种', '股票品种', '时间', '交易数量', '交易金额']
## 测试场景"35", 测试用例"8", 覆盖变量数目为5, 未覆盖的变量包括['操作', '大宗交易方式', '交易品种', '时间', '交易数量']
## 测试场景"35", 测试用例"9", 覆盖变量数目为5, 未覆盖的变量包括['操作', '大宗交易方式', '交易品种', '时间', '交易数量']
## 测试场景"35", 测试用例"10", 覆盖变量数目为3, 未覆盖的变量包括['操作', '大宗交易方式', '交易品种', '股票品种', '时间', '交易数量', '交易金额']
## 测试场景"35", 测试用例"11", 覆盖变量数目为3, 未覆盖的变量包括['操作', '大宗交易方式', '交易品种', '股票品种', '时间', '交易数量', '交易金额']
## 测试场景"35", 测试用例"16", 覆盖变量数目为4, 未覆盖的变量包括['操作', '交易方式', '大宗交易方式', '股票品种', '交易数量', '交易金额']
## 测试场景"35", 测试用例"17", 覆盖变量数目为4, 未覆盖的变量包括['操作', '交易方式', '大宗交易方式', '股票品种', '交易数量', '交易金额']
## 测试场景"35", 测试用例"18", 覆盖变量数目为5, 未覆盖的变量包括['操作', '交易方式', '股票品种', '交易数量', '交易金额']
## 测试场景"35", 测试用例"19", 覆盖变量数目为5, 未覆盖的变量包括['操作', '交易方式', '股票品种', '交易数量', '交易金额']
## 测试场景"35", 测试用例"22", 覆盖变量数目为3, 未覆盖的变量包括['操作', '交易方式', '大宗交易方式', '股票品种', '时间', '交易数量', '交易金额']
## 测试场景"35", 测试用例"23", 覆盖变量数目为3, 未覆盖的变量包括['操作', '交易方式', '大宗交易方式', '股票品种', '时间', '交易数量', '交易金额']
## 测试场景"35", 测试用例"26", 覆盖变量数目为3, 未覆盖的变量包括['操作', '交易方式', '大宗交易方式', '股票品种', '时间', '交易数量', '交易金额']
## 测试场景"35", 测试用例"27", 覆盖变量数目为3, 未覆盖的变量包括['操作', '交易方式', '大宗交易方式', '股票品种', '时间', '交易数量', '交易金额']
### 测试场景"35", 覆盖变量的最大数目为8, 整体未覆盖的变量包括['操作', '交易数量']

## 测试场景"36", 测试用例"6", 覆盖变量数目为3, 未覆盖的变量包括['操作', '大宗交易方式', '状态']
## 测试场景"36", 测试用例"7", 覆盖变量数目为3, 未覆盖的变量包括['操作', '大宗交易方式', '状态']
## 测试场景"36", 测试用例"8", 覆盖变量数目为3, 未覆盖的变量包括['操作', '大宗交易方式', '状态']
## 测试场景"36", 测试用例"9", 覆盖变量数目为3, 未覆盖的变量包括['操作', '大宗交易方式', '状态']
## 测试场景"36", 测试用例"10", 覆盖变量数目为3, 未覆盖的变量包括['操作', '大宗交易方式', '状态']
## 测试场景"36", 测试用例"11", 覆盖变量数目为3, 未覆盖的变量包括['操作', '大宗交易方式', '状态']
## 测试场景"36", 测试用例"16", 覆盖变量数目为2, 未覆盖的变量包括['操作', '交易方式', '大宗交易方式', '状态']
## 测试场景"36", 测试用例"17", 覆盖变量数目为2, 未覆盖的变量包括['操作', '交易方式', '大宗交易方式', '状态']
## 测试场景"36", 测试用例"18", 覆盖变量数目为4, 未覆盖的变量包括['操作', '交易方式']
## 测试场景"36", 测试用例"19", 覆盖变量数目为4, 未覆盖的变量包括['操作', '交易方式']
## 测试场景"36", 测试用例"22", 覆盖变量数目为2, 未覆盖的变量包括['操作', '交易方式', '大宗交易方式', '状态']
## 测试场景"36", 测试用例"23", 覆盖变量数目为2, 未覆盖的变量包括['操作', '交易方式', '大宗交易方式', '状态']
## 测试场景"36", 测试用例"26", 覆盖变量数目为2, 未覆盖的变量包括['操作', '交易方式', '大宗交易方式', '状态']
## 测试场景"36", 测试用例"27", 覆盖变量数目为2, 未覆盖的变量包括['操作', '交易方式', '大宗交易方式', '状态']
### 测试场景"36", 覆盖变量的最大数目为5, 整体未覆盖的变量包括['操作']

## 测试场景"37", 测试用例"6", 覆盖变量数目为3, 未覆盖的变量包括['操作', '大宗交易方式', '状态']
## 测试场景"37", 测试用例"7", 覆盖变量数目为3, 未覆盖的变量包括['操作', '大宗交易方式', '状态']
## 测试场景"37", 测试用例"8", 覆盖变量数目为3, 未覆盖的变量包括['操作', '大宗交易方式', '状态']
## 测试场景"37", 测试用例"9", 覆盖变量数目为3, 未覆盖的变量包括['操作', '大宗交易方式', '状态']
## 测试场景"37", 测试用例"10", 覆盖变量数目为3, 未覆盖的变量包括['操作', '大宗交易方式', '状态']
## 测试场景"37", 测试用例"11", 覆盖变量数目为3, 未覆盖的变量包括['操作', '大宗交易方式', '状态']
## 测试场景"37", 测试用例"16", 覆盖变量数目为2, 未覆盖的变量包括['操作', '交易方式', '大宗交易方式', '状态']
## 测试场景"37", 测试用例"17", 覆盖变量数目为2, 未覆盖的变量包括['操作', '交易方式', '大宗交易方式', '状态']
## 测试场景"37", 测试用例"18", 覆盖变量数目为4, 未覆盖的变量包括['操作', '交易方式']
## 测试场景"37", 测试用例"19", 覆盖变量数目为4, 未覆盖的变量包括['操作', '交易方式']
## 测试场景"37", 测试用例"22", 覆盖变量数目为2, 未覆盖的变量包括['操作', '交易方式', '大宗交易方式', '状态']
## 测试场景"37", 测试用例"23", 覆盖变量数目为2, 未覆盖的变量包括['操作', '交易方式', '大宗交易方式', '状态']
## 测试场景"37", 测试用例"26", 覆盖变量数目为2, 未覆盖的变量包括['操作', '交易方式', '大宗交易方式', '状态']
## 测试场景"37", 测试用例"27", 覆盖变量数目为2, 未覆盖的变量包括['操作', '交易方式', '大宗交易方式', '状态']
### 测试场景"37", 覆盖变量的最大数目为5, 整体未覆盖的变量包括['操作']

## 测试场景"38", 测试用例"0", 覆盖变量数目为3, 未覆盖的变量包括['操作', '大宗交易方式', '交易品种', '时间', '交易数量']
## 测试场景"38", 测试用例"1", 覆盖变量数目为3, 未覆盖的变量包括['操作', '大宗交易方式', '交易品种', '时间', '交易数量']
## 测试场景"38", 测试用例"2", 覆盖变量数目为3, 未覆盖的变量包括['操作', '大宗交易方式', '交易品种', '时间', '交易数量']
## 测试场景"38", 测试用例"3", 覆盖变量数目为3, 未覆盖的变量包括['操作', '大宗交易方式', '交易品种', '时间', '交易数量']
## 测试场景"38", 测试用例"4", 覆盖变量数目为5, 未覆盖的变量包括['操作', '大宗交易方式', '时间']
## 测试场景"38", 测试用例"5", 覆盖变量数目为5, 未覆盖的变量包括['操作', '大宗交易方式', '时间']
## 测试场景"38", 测试用例"12", 覆盖变量数目为3, 未覆盖的变量包括['操作', '交易方式', '大宗交易方式', '交易品种', '交易数量']
## 测试场景"38", 测试用例"13", 覆盖变量数目为3, 未覆盖的变量包括['操作', '交易方式', '大宗交易方式', '交易品种', '交易数量']
## 测试场景"38", 测试用例"14", 覆盖变量数目为4, 未覆盖的变量包括['操作', '交易方式', '交易品种', '交易数量']
## 测试场景"38", 测试用例"15", 覆盖变量数目为4, 未覆盖的变量包括['操作', '交易方式', '交易品种', '交易数量']
## 测试场景"38", 测试用例"20", 覆盖变量数目为2, 未覆盖的变量包括['操作', '交易方式', '大宗交易方式', '交易品种', '时间', '交易数量']
## 测试场景"38", 测试用例"21", 覆盖变量数目为2, 未覆盖的变量包括['操作', '交易方式', '大宗交易方式', '交易品种', '时间', '交易数量']
## 测试场景"38", 测试用例"24", 覆盖变量数目为2, 未覆盖的变量包括['操作', '交易方式', '大宗交易方式', '交易品种', '时间', '交易数量']
## 测试场景"38", 测试用例"25", 覆盖变量数目为2, 未覆盖的变量包括['操作', '交易方式', '大宗交易方式', '交易品种', '时间', '交易数量']
## 测试场景"38", 测试用例"28", 覆盖变量数目为2, 未覆盖的变量包括['操作', '交易方式', '大宗交易方式', '交易品种', '时间', '交易数量']
## 测试场景"38", 测试用例"29", 覆盖变量数目为2, 未覆盖的变量包括['操作', '交易方式', '大宗交易方式', '交易品种', '时间', '交易数量']
## 测试场景"38", 测试用例"30", 覆盖变量数目为2, 未覆盖的变量包括['操作', '交易方式', '大宗交易方式', '交易品种', '时间', '交易数量']
## 测试场景"38", 测试用例"31", 覆盖变量数目为2, 未覆盖的变量包括['操作', '交易方式', '大宗交易方式', '交易品种', '时间', '交易数量']
## 测试场景"38", 测试用例"32", 覆盖变量数目为2, 未覆盖的变量包括['操作', '交易方式', '大宗交易方式', '交易品种', '时间', '交易数量']
## 测试场景"38", 测试用例"33", 覆盖变量数目为2, 未覆盖的变量包括['操作', '交易方式', '大宗交易方式', '交易品种', '时间', '交易数量']
## 测试场景"38", 测试用例"34", 覆盖变量数目为2, 未覆盖的变量包括['操作', '交易方式', '大宗交易方式', '交易品种', '时间', '交易数量']
## 测试场景"38", 测试用例"35", 覆盖变量数目为2, 未覆盖的变量包括['操作', '交易方式', '大宗交易方式', '交易品种', '时间', '交易数量']
## 测试场景"38", 测试用例"36", 覆盖变量数目为2, 未覆盖的变量包括['操作', '交易方式', '大宗交易方式', '交易品种', '时间', '交易数量']
## 测试场景"38", 测试用例"37", 覆盖变量数目为2, 未覆盖的变量包括['操作', '交易方式', '大宗交易方式', '交易品种', '时间', '交易数量']
## 测试场景"38", 测试用例"38", 覆盖变量数目为2, 未覆盖的变量包括['操作', '交易方式', '大宗交易方式', '交易品种', '时间', '交易数量']
## 测试场景"38", 测试用例"39", 覆盖变量数目为2, 未覆盖的变量包括['操作', '交易方式', '大宗交易方式', '交易品种', '时间', '交易数量']
## 测试场景"38", 测试用例"40", 覆盖变量数目为2, 未覆盖的变量包括['操作', '交易方式', '大宗交易方式', '交易品种', '时间', '交易数量']
## 测试场景"38", 测试用例"41", 覆盖变量数目为2, 未覆盖的变量包括['操作', '交易方式', '大宗交易方式', '交易品种', '时间', '交易数量']
## 测试场景"38", 测试用例"42", 覆盖变量数目为2, 未覆盖的变量包括['操作', '交易方式', '大宗交易方式', '交易品种', '时间', '交易数量']
## 测试场景"38", 测试用例"43", 覆盖变量数目为2, 未覆盖的变量包括['操作', '交易方式', '大宗交易方式', '交易品种', '时间', '交易数量']
## 测试场景"38", 测试用例"44", 覆盖变量数目为2, 未覆盖的变量包括['操作', '交易方式', '大宗交易方式', '交易品种', '时间', '交易数量']
## 测试场景"38", 测试用例"45", 覆盖变量数目为2, 未覆盖的变量包括['操作', '交易方式', '大宗交易方式', '交易品种', '时间', '交易数量']
## 测试场景"38", 测试用例"46", 覆盖变量数目为2, 未覆盖的变量包括['操作', '交易方式', '大宗交易方式', '交易品种', '时间', '交易数量']
## 测试场景"38", 测试用例"47", 覆盖变量数目为2, 未覆盖的变量包括['操作', '交易方式', '大宗交易方式', '交易品种', '时间', '交易数量']
### 测试场景"38", 覆盖变量的最大数目为7, 整体未覆盖的变量包括['操作']

## 测试场景"39", 测试用例"0", 覆盖变量数目为5, 未覆盖的变量包括['操作', '大宗交易方式', '交易品种', '时间']
## 测试场景"39", 测试用例"1", 覆盖变量数目为5, 未覆盖的变量包括['操作', '大宗交易方式', '交易品种', '时间']
## 测试场景"39", 测试用例"2", 覆盖变量数目为4, 未覆盖的变量包括['操作', '大宗交易方式', '交易品种', '时间', '交易金额']
## 测试场景"39", 测试用例"3", 覆盖变量数目为4, 未覆盖的变量包括['操作', '大宗交易方式', '交易品种', '时间', '交易金额']
## 测试场景"39", 测试用例"4", 覆盖变量数目为5, 未覆盖的变量包括['操作', '大宗交易方式', '时间', '交易数量']
## 测试场景"39", 测试用例"5", 覆盖变量数目为5, 未覆盖的变量包括['操作', '大宗交易方式', '时间', '交易数量']
## 测试场景"39", 测试用例"12", 覆盖变量数目为3, 未覆盖的变量包括['操作', '交易方式', '大宗交易方式', '交易品种', '交易数量', '交易金额']
## 测试场景"39", 测试用例"13", 覆盖变量数目为3, 未覆盖的变量包括['操作', '交易方式', '大宗交易方式', '交易品种', '交易数量', '交易金额']
## 测试场景"39", 测试用例"14", 覆盖变量数目为4, 未覆盖的变量包括['操作', '交易方式', '交易品种', '交易数量', '交易金额']
## 测试场景"39", 测试用例"15", 覆盖变量数目为4, 未覆盖的变量包括['操作', '交易方式', '交易品种', '交易数量', '交易金额']
## 测试场景"39", 测试用例"20", 覆盖变量数目为2, 未覆盖的变量包括['操作', '交易方式', '大宗交易方式', '交易品种', '时间', '交易数量', '交易金额']
## 测试场景"39", 测试用例"21", 覆盖变量数目为2, 未覆盖的变量包括['操作', '交易方式', '大宗交易方式', '交易品种', '时间', '交易数量', '交易金额']
## 测试场景"39", 测试用例"24", 覆盖变量数目为2, 未覆盖的变量包括['操作', '交易方式', '大宗交易方式', '交易品种', '时间', '交易数量', '交易金额']
## 测试场景"39", 测试用例"25", 覆盖变量数目为2, 未覆盖的变量包括['操作', '交易方式', '大宗交易方式', '交易品种', '时间', '交易数量', '交易金额']
## 测试场景"39", 测试用例"28", 覆盖变量数目为2, 未覆盖的变量包括['操作', '交易方式', '大宗交易方式', '交易品种', '时间', '交易数量', '交易金额']
## 测试场景"39", 测试用例"29", 覆盖变量数目为2, 未覆盖的变量包括['操作', '交易方式', '大宗交易方式', '交易品种', '时间', '交易数量', '交易金额']
## 测试场景"39", 测试用例"30", 覆盖变量数目为2, 未覆盖的变量包括['操作', '交易方式', '大宗交易方式', '交易品种', '时间', '交易数量', '交易金额']
## 测试场景"39", 测试用例"31", 覆盖变量数目为2, 未覆盖的变量包括['操作', '交易方式', '大宗交易方式', '交易品种', '时间', '交易数量', '交易金额']
## 测试场景"39", 测试用例"32", 覆盖变量数目为2, 未覆盖的变量包括['操作', '交易方式', '大宗交易方式', '交易品种', '时间', '交易数量', '交易金额']
## 测试场景"39", 测试用例"33", 覆盖变量数目为2, 未覆盖的变量包括['操作', '交易方式', '大宗交易方式', '交易品种', '时间', '交易数量', '交易金额']
## 测试场景"39", 测试用例"34", 覆盖变量数目为2, 未覆盖的变量包括['操作', '交易方式', '大宗交易方式', '交易品种', '时间', '交易数量', '交易金额']
## 测试场景"39", 测试用例"35", 覆盖变量数目为2, 未覆盖的变量包括['操作', '交易方式', '大宗交易方式', '交易品种', '时间', '交易数量', '交易金额']
## 测试场景"39", 测试用例"36", 覆盖变量数目为2, 未覆盖的变量包括['操作', '交易方式', '大宗交易方式', '交易品种', '时间', '交易数量', '交易金额']
## 测试场景"39", 测试用例"37", 覆盖变量数目为2, 未覆盖的变量包括['操作', '交易方式', '大宗交易方式', '交易品种', '时间', '交易数量', '交易金额']
## 测试场景"39", 测试用例"38", 覆盖变量数目为2, 未覆盖的变量包括['操作', '交易方式', '大宗交易方式', '交易品种', '时间', '交易数量', '交易金额']
## 测试场景"39", 测试用例"39", 覆盖变量数目为2, 未覆盖的变量包括['操作', '交易方式', '大宗交易方式', '交易品种', '时间', '交易数量', '交易金额']
## 测试场景"39", 测试用例"40", 覆盖变量数目为2, 未覆盖的变量包括['操作', '交易方式', '大宗交易方式', '交易品种', '时间', '交易数量', '交易金额']
## 测试场景"39", 测试用例"41", 覆盖变量数目为2, 未覆盖的变量包括['操作', '交易方式', '大宗交易方式', '交易品种', '时间', '交易数量', '交易金额']
## 测试场景"39", 测试用例"42", 覆盖变量数目为2, 未覆盖的变量包括['操作', '交易方式', '大宗交易方式', '交易品种', '时间', '交易数量', '交易金额']
## 测试场景"39", 测试用例"43", 覆盖变量数目为2, 未覆盖的变量包括['操作', '交易方式', '大宗交易方式', '交易品种', '时间', '交易数量', '交易金额']
## 测试场景"39", 测试用例"44", 覆盖变量数目为2, 未覆盖的变量包括['操作', '交易方式', '大宗交易方式', '交易品种', '时间', '交易数量', '交易金额']
## 测试场景"39", 测试用例"45", 覆盖变量数目为2, 未覆盖的变量包括['操作', '交易方式', '大宗交易方式', '交易品种', '时间', '交易数量', '交易金额']
## 测试场景"39", 测试用例"46", 覆盖变量数目为2, 未覆盖的变量包括['操作', '交易方式', '大宗交易方式', '交易品种', '时间', '交易数量', '交易金额']
## 测试场景"39", 测试用例"47", 覆盖变量数目为2, 未覆盖的变量包括['操作', '交易方式', '大宗交易方式', '交易品种', '时间', '交易数量', '交易金额']
### 测试场景"39", 覆盖变量的最大数目为8, 整体未覆盖的变量包括['操作']

## 测试场景"40", 测试用例"6", 覆盖变量数目为5, 未覆盖的变量包括['操作', '大宗交易方式', '交易品种', '时间']
## 测试场景"40", 测试用例"7", 覆盖变量数目为5, 未覆盖的变量包括['操作', '大宗交易方式', '交易品种', '时间']
## 测试场景"40", 测试用例"8", 覆盖变量数目为5, 未覆盖的变量包括['操作', '大宗交易方式', '交易品种', '时间']
## 测试场景"40", 测试用例"9", 覆盖变量数目为5, 未覆盖的变量包括['操作', '大宗交易方式', '交易品种', '时间']
## 测试场景"40", 测试用例"10", 覆盖变量数目为6, 未覆盖的变量包括['操作', '大宗交易方式', '时间']
## 测试场景"40", 测试用例"11", 覆盖变量数目为6, 未覆盖的变量包括['操作', '大宗交易方式', '时间']
## 测试场景"40", 测试用例"16", 覆盖变量数目为3, 未覆盖的变量包括['操作', '交易方式', '大宗交易方式', '交易品种', '交易数量', '交易金额']
## 测试场景"40", 测试用例"17", 覆盖变量数目为3, 未覆盖的变量包括['操作', '交易方式', '大宗交易方式', '交易品种', '交易数量', '交易金额']
## 测试场景"40", 测试用例"18", 覆盖变量数目为4, 未覆盖的变量包括['操作', '交易方式', '交易品种', '交易数量', '交易金额']
## 测试场景"40", 测试用例"19", 覆盖变量数目为4, 未覆盖的变量包括['操作', '交易方式', '交易品种', '交易数量', '交易金额']
## 测试场景"40", 测试用例"22", 覆盖变量数目为2, 未覆盖的变量包括['操作', '交易方式', '大宗交易方式', '交易品种', '时间', '交易数量', '交易金额']
## 测试场景"40", 测试用例"23", 覆盖变量数目为2, 未覆盖的变量包括['操作', '交易方式', '大宗交易方式', '交易品种', '时间', '交易数量', '交易金额']
## 测试场景"40", 测试用例"26", 覆盖变量数目为3, 未覆盖的变量包括['操作', '交易方式', '大宗交易方式', '交易品种', '时间', '交易数量']
## 测试场景"40", 测试用例"27", 覆盖变量数目为3, 未覆盖的变量包括['操作', '交易方式', '大宗交易方式', '交易品种', '时间', '交易数量']
### 测试场景"40", 覆盖变量的最大数目为8, 整体未覆盖的变量包括['操作']

expert_data2.json在数据集data2的业务场景覆盖率为0.838
