## 测试场景"1", 测试用例"0", 覆盖变量数目为6, 未覆盖的变量包括['操作', '单笔交易数量']
## 测试场景"1", 测试用例"1", 覆盖变量数目为5, 未覆盖的变量包括['操作', '交易方向', '单笔交易数量']
## 测试场景"1", 测试用例"4", 覆盖变量数目为5, 未覆盖的变量包括['操作', '交易方式', '单笔交易数量']
## 测试场景"1", 测试用例"5", 覆盖变量数目为4, 未覆盖的变量包括['操作', '交易方式', '交易方向', '单笔交易数量']
## 测试场景"1", 测试用例"8", 覆盖变量数目为6, 未覆盖的变量包括['操作', '交易时间']
## 测试场景"1", 测试用例"9", 覆盖变量数目为5, 未覆盖的变量包括['操作', '交易方向', '交易时间']
## 测试场景"1", 测试用例"10", 覆盖变量数目为5, 未覆盖的变量包括['操作', '交易方式', '交易时间']
## 测试场景"1", 测试用例"11", 覆盖变量数目为4, 未覆盖的变量包括['操作', '交易方式', '交易方向', '交易时间']
## 测试场景"1", 测试用例"16", 覆盖变量数目为5, 未覆盖的变量包括['操作', '交易时间', '单笔交易数量']
## 测试场景"1", 测试用例"17", 覆盖变量数目为4, 未覆盖的变量包括['操作', '交易方向', '交易时间', '单笔交易数量']
## 测试场景"1", 测试用例"18", 覆盖变量数目为5, 未覆盖的变量包括['操作', '交易时间', '单笔交易数量']
## 测试场景"1", 测试用例"19", 覆盖变量数目为4, 未覆盖的变量包括['操作', '交易方向', '交易时间', '单笔交易数量']
## 测试场景"1", 测试用例"20", 覆盖变量数目为5, 未覆盖的变量包括['操作', '交易时间', '单笔交易数量']
## 测试场景"1", 测试用例"21", 覆盖变量数目为4, 未覆盖的变量包括['操作', '交易方向', '交易时间', '单笔交易数量']
## 测试场景"1", 测试用例"22", 覆盖变量数目为5, 未覆盖的变量包括['操作', '交易时间', '单笔交易数量']
## 测试场景"1", 测试用例"23", 覆盖变量数目为4, 未覆盖的变量包括['操作', '交易方向', '交易时间', '单笔交易数量']
## 测试场景"1", 测试用例"24", 覆盖变量数目为4, 未覆盖的变量包括['操作', '交易方式', '交易时间', '单笔交易数量']
## 测试场景"1", 测试用例"25", 覆盖变量数目为3, 未覆盖的变量包括['操作', '交易方式', '交易方向', '交易时间', '单笔交易数量']
## 测试场景"1", 测试用例"26", 覆盖变量数目为5, 未覆盖的变量包括['操作', '交易时间', '单笔交易数量']
## 测试场景"1", 测试用例"27", 覆盖变量数目为4, 未覆盖的变量包括['操作', '交易方向', '交易时间', '单笔交易数量']
### 测试场景"1", 覆盖变量的最大数目为7, 整体未覆盖的变量包括['操作']

## 测试场景"2", 测试用例"0", 覆盖变量数目为6, 未覆盖的变量包括['操作', '单笔交易数量', '交易金额']
## 测试场景"2", 测试用例"1", 覆盖变量数目为5, 未覆盖的变量包括['操作', '交易方向', '单笔交易数量', '交易金额']
## 测试场景"2", 测试用例"4", 覆盖变量数目为5, 未覆盖的变量包括['操作', '交易方式', '单笔交易数量', '交易金额']
## 测试场景"2", 测试用例"5", 覆盖变量数目为4, 未覆盖的变量包括['操作', '交易方式', '交易方向', '单笔交易数量', '交易金额']
## 测试场景"2", 测试用例"8", 覆盖变量数目为6, 未覆盖的变量包括['操作', '交易时间', '单笔交易数量']
## 测试场景"2", 测试用例"9", 覆盖变量数目为5, 未覆盖的变量包括['操作', '交易方向', '交易时间', '单笔交易数量']
## 测试场景"2", 测试用例"10", 覆盖变量数目为5, 未覆盖的变量包括['操作', '交易方式', '交易时间', '单笔交易数量']
## 测试场景"2", 测试用例"11", 覆盖变量数目为4, 未覆盖的变量包括['操作', '交易方式', '交易方向', '交易时间', '单笔交易数量']
## 测试场景"2", 测试用例"16", 覆盖变量数目为5, 未覆盖的变量包括['操作', '交易时间', '单笔交易数量', '交易金额']
## 测试场景"2", 测试用例"17", 覆盖变量数目为4, 未覆盖的变量包括['操作', '交易方向', '交易时间', '单笔交易数量', '交易金额']
## 测试场景"2", 测试用例"18", 覆盖变量数目为5, 未覆盖的变量包括['操作', '交易时间', '单笔交易数量', '交易金额']
## 测试场景"2", 测试用例"19", 覆盖变量数目为4, 未覆盖的变量包括['操作', '交易方向', '交易时间', '单笔交易数量', '交易金额']
## 测试场景"2", 测试用例"20", 覆盖变量数目为5, 未覆盖的变量包括['操作', '交易时间', '单笔交易数量', '交易金额']
## 测试场景"2", 测试用例"21", 覆盖变量数目为4, 未覆盖的变量包括['操作', '交易方向', '交易时间', '单笔交易数量', '交易金额']
## 测试场景"2", 测试用例"22", 覆盖变量数目为5, 未覆盖的变量包括['操作', '交易时间', '单笔交易数量', '交易金额']
## 测试场景"2", 测试用例"23", 覆盖变量数目为4, 未覆盖的变量包括['操作', '交易方向', '交易时间', '单笔交易数量', '交易金额']
## 测试场景"2", 测试用例"24", 覆盖变量数目为4, 未覆盖的变量包括['操作', '交易方式', '交易时间', '单笔交易数量', '交易金额']
## 测试场景"2", 测试用例"25", 覆盖变量数目为3, 未覆盖的变量包括['操作', '交易方式', '交易方向', '交易时间', '单笔交易数量', '交易金额']
## 测试场景"2", 测试用例"26", 覆盖变量数目为5, 未覆盖的变量包括['操作', '交易时间', '单笔交易数量', '交易金额']
## 测试场景"2", 测试用例"27", 覆盖变量数目为4, 未覆盖的变量包括['操作', '交易方向', '交易时间', '单笔交易数量', '交易金额']
### 测试场景"2", 覆盖变量的最大数目为7, 整体未覆盖的变量包括['操作', '单笔交易数量']

## 测试场景"3", 测试用例"2", 覆盖变量数目为6, 未覆盖的变量包括['操作', '单笔交易数量', '交易金额']
## 测试场景"3", 测试用例"3", 覆盖变量数目为5, 未覆盖的变量包括['操作', '交易方向', '单笔交易数量', '交易金额']
## 测试场景"3", 测试用例"6", 覆盖变量数目为5, 未覆盖的变量包括['操作', '交易方式', '单笔交易数量', '交易金额']
## 测试场景"3", 测试用例"7", 覆盖变量数目为4, 未覆盖的变量包括['操作', '交易方式', '交易方向', '单笔交易数量', '交易金额']
## 测试场景"3", 测试用例"12", 覆盖变量数目为6, 未覆盖的变量包括['操作', '交易时间', '交易金额']
## 测试场景"3", 测试用例"13", 覆盖变量数目为5, 未覆盖的变量包括['操作', '交易方向', '交易时间', '交易金额']
## 测试场景"3", 测试用例"14", 覆盖变量数目为5, 未覆盖的变量包括['操作', '交易方式', '交易时间', '交易金额']
## 测试场景"3", 测试用例"15", 覆盖变量数目为4, 未覆盖的变量包括['操作', '交易方式', '交易方向', '交易时间', '交易金额']
## 测试场景"3", 测试用例"28", 覆盖变量数目为6, 未覆盖的变量包括['操作', '交易时间', '单笔交易数量']
## 测试场景"3", 测试用例"29", 覆盖变量数目为5, 未覆盖的变量包括['操作', '交易方向', '交易时间', '单笔交易数量']
### 测试场景"3", 覆盖变量的最大数目为8, 整体未覆盖的变量包括['操作']

## 测试场景"4", 测试用例"2", 覆盖变量数目为5, 未覆盖的变量包括['操作', '交易时间']
## 测试场景"4", 测试用例"3", 覆盖变量数目为4, 未覆盖的变量包括['操作', '交易方向', '交易时间']
## 测试场景"4", 测试用例"6", 覆盖变量数目为4, 未覆盖的变量包括['操作', '交易方式', '交易时间']
## 测试场景"4", 测试用例"7", 覆盖变量数目为3, 未覆盖的变量包括['操作', '交易方式', '交易方向', '交易时间']
## 测试场景"4", 测试用例"12", 覆盖变量数目为5, 未覆盖的变量包括['操作', '交易时间']
## 测试场景"4", 测试用例"13", 覆盖变量数目为4, 未覆盖的变量包括['操作', '交易方向', '交易时间']
## 测试场景"4", 测试用例"14", 覆盖变量数目为4, 未覆盖的变量包括['操作', '交易方式', '交易时间']
## 测试场景"4", 测试用例"15", 覆盖变量数目为3, 未覆盖的变量包括['操作', '交易方式', '交易方向', '交易时间']
## 测试场景"4", 测试用例"28", 覆盖变量数目为5, 未覆盖的变量包括['操作', '交易时间']
## 测试场景"4", 测试用例"29", 覆盖变量数目为4, 未覆盖的变量包括['操作', '交易方向', '交易时间']
### 测试场景"4", 覆盖变量的最大数目为5, 整体未覆盖的变量包括['操作', '交易时间']

## 测试场景"5", 测试用例"2", 覆盖变量数目为6, 未覆盖的变量包括['操作']
## 测试场景"5", 测试用例"3", 覆盖变量数目为5, 未覆盖的变量包括['操作', '交易方向']
## 测试场景"5", 测试用例"6", 覆盖变量数目为4, 未覆盖的变量包括['操作', '交易方式', '状态']
## 测试场景"5", 测试用例"7", 覆盖变量数目为3, 未覆盖的变量包括['操作', '交易方式', '交易方向', '状态']
## 测试场景"5", 测试用例"12", 覆盖变量数目为5, 未覆盖的变量包括['操作', '状态']
## 测试场景"5", 测试用例"13", 覆盖变量数目为4, 未覆盖的变量包括['操作', '交易方向', '状态']
## 测试场景"5", 测试用例"14", 覆盖变量数目为4, 未覆盖的变量包括['操作', '交易方式', '状态']
## 测试场景"5", 测试用例"15", 覆盖变量数目为3, 未覆盖的变量包括['操作', '交易方式', '交易方向', '状态']
## 测试场景"5", 测试用例"28", 覆盖变量数目为5, 未覆盖的变量包括['操作', '状态']
## 测试场景"5", 测试用例"29", 覆盖变量数目为4, 未覆盖的变量包括['操作', '交易方向', '状态']
### 测试场景"5", 覆盖变量的最大数目为6, 整体未覆盖的变量包括['操作']

## 测试场景"6", 测试用例"0", 覆盖变量数目为5, 未覆盖的变量包括['操作', '交易方向', '单笔交易数量']
## 测试场景"6", 测试用例"1", 覆盖变量数目为6, 未覆盖的变量包括['操作', '单笔交易数量']
## 测试场景"6", 测试用例"4", 覆盖变量数目为4, 未覆盖的变量包括['操作', '交易方式', '交易方向', '单笔交易数量']
## 测试场景"6", 测试用例"5", 覆盖变量数目为5, 未覆盖的变量包括['操作', '交易方式', '单笔交易数量']
## 测试场景"6", 测试用例"8", 覆盖变量数目为5, 未覆盖的变量包括['操作', '交易方向', '交易时间']
## 测试场景"6", 测试用例"9", 覆盖变量数目为6, 未覆盖的变量包括['操作', '交易时间']
## 测试场景"6", 测试用例"10", 覆盖变量数目为4, 未覆盖的变量包括['操作', '交易方式', '交易方向', '交易时间']
## 测试场景"6", 测试用例"11", 覆盖变量数目为5, 未覆盖的变量包括['操作', '交易方式', '交易时间']
## 测试场景"6", 测试用例"16", 覆盖变量数目为4, 未覆盖的变量包括['操作', '交易方向', '交易时间', '单笔交易数量']
## 测试场景"6", 测试用例"17", 覆盖变量数目为5, 未覆盖的变量包括['操作', '交易时间', '单笔交易数量']
## 测试场景"6", 测试用例"18", 覆盖变量数目为4, 未覆盖的变量包括['操作', '交易方向', '交易时间', '单笔交易数量']
## 测试场景"6", 测试用例"19", 覆盖变量数目为5, 未覆盖的变量包括['操作', '交易时间', '单笔交易数量']
## 测试场景"6", 测试用例"20", 覆盖变量数目为4, 未覆盖的变量包括['操作', '交易方向', '交易时间', '单笔交易数量']
## 测试场景"6", 测试用例"21", 覆盖变量数目为5, 未覆盖的变量包括['操作', '交易时间', '单笔交易数量']
## 测试场景"6", 测试用例"22", 覆盖变量数目为4, 未覆盖的变量包括['操作', '交易方向', '交易时间', '单笔交易数量']
## 测试场景"6", 测试用例"23", 覆盖变量数目为5, 未覆盖的变量包括['操作', '交易时间', '单笔交易数量']
## 测试场景"6", 测试用例"24", 覆盖变量数目为3, 未覆盖的变量包括['操作', '交易方式', '交易方向', '交易时间', '单笔交易数量']
## 测试场景"6", 测试用例"25", 覆盖变量数目为4, 未覆盖的变量包括['操作', '交易方式', '交易时间', '单笔交易数量']
## 测试场景"6", 测试用例"26", 覆盖变量数目为4, 未覆盖的变量包括['操作', '交易方向', '交易时间', '单笔交易数量']
## 测试场景"6", 测试用例"27", 覆盖变量数目为5, 未覆盖的变量包括['操作', '交易时间', '单笔交易数量']
### 测试场景"6", 覆盖变量的最大数目为7, 整体未覆盖的变量包括['操作']

## 测试场景"7", 测试用例"0", 覆盖变量数目为5, 未覆盖的变量包括['操作', '交易方向', '单笔交易数量', '交易金额']
## 测试场景"7", 测试用例"1", 覆盖变量数目为6, 未覆盖的变量包括['操作', '单笔交易数量', '交易金额']
## 测试场景"7", 测试用例"4", 覆盖变量数目为4, 未覆盖的变量包括['操作', '交易方式', '交易方向', '单笔交易数量', '交易金额']
## 测试场景"7", 测试用例"5", 覆盖变量数目为5, 未覆盖的变量包括['操作', '交易方式', '单笔交易数量', '交易金额']
## 测试场景"7", 测试用例"8", 覆盖变量数目为5, 未覆盖的变量包括['操作', '交易方向', '交易时间', '单笔交易数量']
## 测试场景"7", 测试用例"9", 覆盖变量数目为6, 未覆盖的变量包括['操作', '交易时间', '单笔交易数量']
## 测试场景"7", 测试用例"10", 覆盖变量数目为4, 未覆盖的变量包括['操作', '交易方式', '交易方向', '交易时间', '单笔交易数量']
## 测试场景"7", 测试用例"11", 覆盖变量数目为5, 未覆盖的变量包括['操作', '交易方式', '交易时间', '单笔交易数量']
## 测试场景"7", 测试用例"16", 覆盖变量数目为4, 未覆盖的变量包括['操作', '交易方向', '交易时间', '单笔交易数量', '交易金额']
## 测试场景"7", 测试用例"17", 覆盖变量数目为5, 未覆盖的变量包括['操作', '交易时间', '单笔交易数量', '交易金额']
## 测试场景"7", 测试用例"18", 覆盖变量数目为4, 未覆盖的变量包括['操作', '交易方向', '交易时间', '单笔交易数量', '交易金额']
## 测试场景"7", 测试用例"19", 覆盖变量数目为5, 未覆盖的变量包括['操作', '交易时间', '单笔交易数量', '交易金额']
## 测试场景"7", 测试用例"20", 覆盖变量数目为4, 未覆盖的变量包括['操作', '交易方向', '交易时间', '单笔交易数量', '交易金额']
## 测试场景"7", 测试用例"21", 覆盖变量数目为5, 未覆盖的变量包括['操作', '交易时间', '单笔交易数量', '交易金额']
## 测试场景"7", 测试用例"22", 覆盖变量数目为4, 未覆盖的变量包括['操作', '交易方向', '交易时间', '单笔交易数量', '交易金额']
## 测试场景"7", 测试用例"23", 覆盖变量数目为5, 未覆盖的变量包括['操作', '交易时间', '单笔交易数量', '交易金额']
## 测试场景"7", 测试用例"24", 覆盖变量数目为3, 未覆盖的变量包括['操作', '交易方式', '交易方向', '交易时间', '单笔交易数量', '交易金额']
## 测试场景"7", 测试用例"25", 覆盖变量数目为4, 未覆盖的变量包括['操作', '交易方式', '交易时间', '单笔交易数量', '交易金额']
## 测试场景"7", 测试用例"26", 覆盖变量数目为4, 未覆盖的变量包括['操作', '交易方向', '交易时间', '单笔交易数量', '交易金额']
## 测试场景"7", 测试用例"27", 覆盖变量数目为5, 未覆盖的变量包括['操作', '交易时间', '单笔交易数量', '交易金额']
### 测试场景"7", 覆盖变量的最大数目为7, 整体未覆盖的变量包括['操作', '单笔交易数量']

## 测试场景"8", 测试用例"2", 覆盖变量数目为5, 未覆盖的变量包括['操作', '交易方向', '单笔交易数量', '交易金额']
## 测试场景"8", 测试用例"3", 覆盖变量数目为6, 未覆盖的变量包括['操作', '单笔交易数量', '交易金额']
## 测试场景"8", 测试用例"6", 覆盖变量数目为4, 未覆盖的变量包括['操作', '交易方式', '交易方向', '单笔交易数量', '交易金额']
## 测试场景"8", 测试用例"7", 覆盖变量数目为5, 未覆盖的变量包括['操作', '交易方式', '单笔交易数量', '交易金额']
## 测试场景"8", 测试用例"12", 覆盖变量数目为5, 未覆盖的变量包括['操作', '交易方向', '交易时间', '交易金额']
## 测试场景"8", 测试用例"13", 覆盖变量数目为6, 未覆盖的变量包括['操作', '交易时间', '交易金额']
## 测试场景"8", 测试用例"14", 覆盖变量数目为4, 未覆盖的变量包括['操作', '交易方式', '交易方向', '交易时间', '交易金额']
## 测试场景"8", 测试用例"15", 覆盖变量数目为5, 未覆盖的变量包括['操作', '交易方式', '交易时间', '交易金额']
## 测试场景"8", 测试用例"28", 覆盖变量数目为5, 未覆盖的变量包括['操作', '交易方向', '交易时间', '单笔交易数量']
## 测试场景"8", 测试用例"29", 覆盖变量数目为6, 未覆盖的变量包括['操作', '交易时间', '单笔交易数量']
### 测试场景"8", 覆盖变量的最大数目为8, 整体未覆盖的变量包括['操作']

## 测试场景"9", 测试用例"2", 覆盖变量数目为4, 未覆盖的变量包括['操作', '交易方向', '交易时间']
## 测试场景"9", 测试用例"3", 覆盖变量数目为5, 未覆盖的变量包括['操作', '交易时间']
## 测试场景"9", 测试用例"6", 覆盖变量数目为3, 未覆盖的变量包括['操作', '交易方式', '交易方向', '交易时间']
## 测试场景"9", 测试用例"7", 覆盖变量数目为4, 未覆盖的变量包括['操作', '交易方式', '交易时间']
## 测试场景"9", 测试用例"12", 覆盖变量数目为4, 未覆盖的变量包括['操作', '交易方向', '交易时间']
## 测试场景"9", 测试用例"13", 覆盖变量数目为5, 未覆盖的变量包括['操作', '交易时间']
## 测试场景"9", 测试用例"14", 覆盖变量数目为3, 未覆盖的变量包括['操作', '交易方式', '交易方向', '交易时间']
## 测试场景"9", 测试用例"15", 覆盖变量数目为4, 未覆盖的变量包括['操作', '交易方式', '交易时间']
## 测试场景"9", 测试用例"28", 覆盖变量数目为4, 未覆盖的变量包括['操作', '交易方向', '交易时间']
## 测试场景"9", 测试用例"29", 覆盖变量数目为5, 未覆盖的变量包括['操作', '交易时间']
### 测试场景"9", 覆盖变量的最大数目为5, 整体未覆盖的变量包括['操作', '交易时间']

## 测试场景"10", 测试用例"2", 覆盖变量数目为5, 未覆盖的变量包括['操作', '交易方向']
## 测试场景"10", 测试用例"3", 覆盖变量数目为6, 未覆盖的变量包括['操作']
## 测试场景"10", 测试用例"6", 覆盖变量数目为3, 未覆盖的变量包括['操作', '交易方式', '交易方向', '状态']
## 测试场景"10", 测试用例"7", 覆盖变量数目为4, 未覆盖的变量包括['操作', '交易方式', '状态']
## 测试场景"10", 测试用例"12", 覆盖变量数目为4, 未覆盖的变量包括['操作', '交易方向', '状态']
## 测试场景"10", 测试用例"13", 覆盖变量数目为5, 未覆盖的变量包括['操作', '状态']
## 测试场景"10", 测试用例"14", 覆盖变量数目为3, 未覆盖的变量包括['操作', '交易方式', '交易方向', '状态']
## 测试场景"10", 测试用例"15", 覆盖变量数目为4, 未覆盖的变量包括['操作', '交易方式', '状态']
## 测试场景"10", 测试用例"28", 覆盖变量数目为4, 未覆盖的变量包括['操作', '交易方向', '状态']
## 测试场景"10", 测试用例"29", 覆盖变量数目为5, 未覆盖的变量包括['操作', '状态']
### 测试场景"10", 覆盖变量的最大数目为6, 整体未覆盖的变量包括['操作']

## 测试场景"11", 测试用例"0", 覆盖变量数目为5, 未覆盖的变量包括['操作', '交易方式', '单笔交易数量']
## 测试场景"11", 测试用例"1", 覆盖变量数目为4, 未覆盖的变量包括['操作', '交易方式', '交易方向', '单笔交易数量']
## 测试场景"11", 测试用例"4", 覆盖变量数目为5, 未覆盖的变量包括['操作', '交易方式', '单笔交易数量']
## 测试场景"11", 测试用例"5", 覆盖变量数目为4, 未覆盖的变量包括['操作', '交易方式', '交易方向', '单笔交易数量']
## 测试场景"11", 测试用例"8", 覆盖变量数目为5, 未覆盖的变量包括['操作', '交易方式', '交易时间']
## 测试场景"11", 测试用例"9", 覆盖变量数目为4, 未覆盖的变量包括['操作', '交易方式', '交易方向', '交易时间']
## 测试场景"11", 测试用例"10", 覆盖变量数目为5, 未覆盖的变量包括['操作', '交易方式', '交易时间']
## 测试场景"11", 测试用例"11", 覆盖变量数目为4, 未覆盖的变量包括['操作', '交易方式', '交易方向', '交易时间']
## 测试场景"11", 测试用例"16", 覆盖变量数目为4, 未覆盖的变量包括['操作', '交易方式', '交易时间', '单笔交易数量']
## 测试场景"11", 测试用例"17", 覆盖变量数目为3, 未覆盖的变量包括['操作', '交易方式', '交易方向', '交易时间', '单笔交易数量']
## 测试场景"11", 测试用例"18", 覆盖变量数目为4, 未覆盖的变量包括['操作', '交易方式', '交易时间', '单笔交易数量']
## 测试场景"11", 测试用例"19", 覆盖变量数目为3, 未覆盖的变量包括['操作', '交易方式', '交易方向', '交易时间', '单笔交易数量']
## 测试场景"11", 测试用例"20", 覆盖变量数目为4, 未覆盖的变量包括['操作', '交易方式', '交易时间', '单笔交易数量']
## 测试场景"11", 测试用例"21", 覆盖变量数目为3, 未覆盖的变量包括['操作', '交易方式', '交易方向', '交易时间', '单笔交易数量']
## 测试场景"11", 测试用例"22", 覆盖变量数目为4, 未覆盖的变量包括['操作', '交易方式', '交易时间', '单笔交易数量']
## 测试场景"11", 测试用例"23", 覆盖变量数目为3, 未覆盖的变量包括['操作', '交易方式', '交易方向', '交易时间', '单笔交易数量']
## 测试场景"11", 测试用例"24", 覆盖变量数目为4, 未覆盖的变量包括['操作', '交易方式', '交易时间', '单笔交易数量']
## 测试场景"11", 测试用例"25", 覆盖变量数目为3, 未覆盖的变量包括['操作', '交易方式', '交易方向', '交易时间', '单笔交易数量']
## 测试场景"11", 测试用例"26", 覆盖变量数目为4, 未覆盖的变量包括['操作', '交易方式', '交易时间', '单笔交易数量']
## 测试场景"11", 测试用例"27", 覆盖变量数目为3, 未覆盖的变量包括['操作', '交易方式', '交易方向', '交易时间', '单笔交易数量']
### 测试场景"11", 覆盖变量的最大数目为6, 整体未覆盖的变量包括['操作', '交易方式']

## 测试场景"12", 测试用例"0", 覆盖变量数目为5, 未覆盖的变量包括['操作', '交易方式', '单笔交易数量', '交易金额']
## 测试场景"12", 测试用例"1", 覆盖变量数目为4, 未覆盖的变量包括['操作', '交易方式', '交易方向', '单笔交易数量', '交易金额']
## 测试场景"12", 测试用例"4", 覆盖变量数目为5, 未覆盖的变量包括['操作', '交易方式', '单笔交易数量', '交易金额']
## 测试场景"12", 测试用例"5", 覆盖变量数目为4, 未覆盖的变量包括['操作', '交易方式', '交易方向', '单笔交易数量', '交易金额']
## 测试场景"12", 测试用例"8", 覆盖变量数目为5, 未覆盖的变量包括['操作', '交易方式', '交易时间', '单笔交易数量']
## 测试场景"12", 测试用例"9", 覆盖变量数目为4, 未覆盖的变量包括['操作', '交易方式', '交易方向', '交易时间', '单笔交易数量']
## 测试场景"12", 测试用例"10", 覆盖变量数目为5, 未覆盖的变量包括['操作', '交易方式', '交易时间', '单笔交易数量']
## 测试场景"12", 测试用例"11", 覆盖变量数目为4, 未覆盖的变量包括['操作', '交易方式', '交易方向', '交易时间', '单笔交易数量']
## 测试场景"12", 测试用例"16", 覆盖变量数目为4, 未覆盖的变量包括['操作', '交易方式', '交易时间', '单笔交易数量', '交易金额']
## 测试场景"12", 测试用例"17", 覆盖变量数目为3, 未覆盖的变量包括['操作', '交易方式', '交易方向', '交易时间', '单笔交易数量', '交易金额']
## 测试场景"12", 测试用例"18", 覆盖变量数目为4, 未覆盖的变量包括['操作', '交易方式', '交易时间', '单笔交易数量', '交易金额']
## 测试场景"12", 测试用例"19", 覆盖变量数目为3, 未覆盖的变量包括['操作', '交易方式', '交易方向', '交易时间', '单笔交易数量', '交易金额']
## 测试场景"12", 测试用例"20", 覆盖变量数目为4, 未覆盖的变量包括['操作', '交易方式', '交易时间', '单笔交易数量', '交易金额']
## 测试场景"12", 测试用例"21", 覆盖变量数目为3, 未覆盖的变量包括['操作', '交易方式', '交易方向', '交易时间', '单笔交易数量', '交易金额']
## 测试场景"12", 测试用例"22", 覆盖变量数目为4, 未覆盖的变量包括['操作', '交易方式', '交易时间', '单笔交易数量', '交易金额']
## 测试场景"12", 测试用例"23", 覆盖变量数目为3, 未覆盖的变量包括['操作', '交易方式', '交易方向', '交易时间', '单笔交易数量', '交易金额']
## 测试场景"12", 测试用例"24", 覆盖变量数目为4, 未覆盖的变量包括['操作', '交易方式', '交易时间', '单笔交易数量', '交易金额']
## 测试场景"12", 测试用例"25", 覆盖变量数目为3, 未覆盖的变量包括['操作', '交易方式', '交易方向', '交易时间', '单笔交易数量', '交易金额']
## 测试场景"12", 测试用例"26", 覆盖变量数目为4, 未覆盖的变量包括['操作', '交易方式', '交易时间', '单笔交易数量', '交易金额']
## 测试场景"12", 测试用例"27", 覆盖变量数目为3, 未覆盖的变量包括['操作', '交易方式', '交易方向', '交易时间', '单笔交易数量', '交易金额']
### 测试场景"12", 覆盖变量的最大数目为6, 整体未覆盖的变量包括['操作', '交易方式', '单笔交易数量']

## 测试场景"13", 测试用例"2", 覆盖变量数目为5, 未覆盖的变量包括['操作', '交易方式', '单笔交易数量', '交易金额']
## 测试场景"13", 测试用例"3", 覆盖变量数目为4, 未覆盖的变量包括['操作', '交易方式', '交易方向', '单笔交易数量', '交易金额']
## 测试场景"13", 测试用例"6", 覆盖变量数目为5, 未覆盖的变量包括['操作', '交易方式', '单笔交易数量', '交易金额']
## 测试场景"13", 测试用例"7", 覆盖变量数目为4, 未覆盖的变量包括['操作', '交易方式', '交易方向', '单笔交易数量', '交易金额']
## 测试场景"13", 测试用例"12", 覆盖变量数目为5, 未覆盖的变量包括['操作', '交易方式', '交易时间', '交易金额']
## 测试场景"13", 测试用例"13", 覆盖变量数目为4, 未覆盖的变量包括['操作', '交易方式', '交易方向', '交易时间', '交易金额']
## 测试场景"13", 测试用例"14", 覆盖变量数目为5, 未覆盖的变量包括['操作', '交易方式', '交易时间', '交易金额']
## 测试场景"13", 测试用例"15", 覆盖变量数目为4, 未覆盖的变量包括['操作', '交易方式', '交易方向', '交易时间', '交易金额']
## 测试场景"13", 测试用例"28", 覆盖变量数目为5, 未覆盖的变量包括['操作', '交易方式', '交易时间', '单笔交易数量']
## 测试场景"13", 测试用例"29", 覆盖变量数目为4, 未覆盖的变量包括['操作', '交易方式', '交易方向', '交易时间', '单笔交易数量']
### 测试场景"13", 覆盖变量的最大数目为7, 整体未覆盖的变量包括['操作', '交易方式']

## 测试场景"14", 测试用例"2", 覆盖变量数目为4, 未覆盖的变量包括['操作', '交易方式', '交易时间']
## 测试场景"14", 测试用例"3", 覆盖变量数目为3, 未覆盖的变量包括['操作', '交易方式', '交易方向', '交易时间']
## 测试场景"14", 测试用例"6", 覆盖变量数目为4, 未覆盖的变量包括['操作', '交易方式', '交易时间']
## 测试场景"14", 测试用例"7", 覆盖变量数目为3, 未覆盖的变量包括['操作', '交易方式', '交易方向', '交易时间']
## 测试场景"14", 测试用例"12", 覆盖变量数目为4, 未覆盖的变量包括['操作', '交易方式', '交易时间']
## 测试场景"14", 测试用例"13", 覆盖变量数目为3, 未覆盖的变量包括['操作', '交易方式', '交易方向', '交易时间']
## 测试场景"14", 测试用例"14", 覆盖变量数目为4, 未覆盖的变量包括['操作', '交易方式', '交易时间']
## 测试场景"14", 测试用例"15", 覆盖变量数目为3, 未覆盖的变量包括['操作', '交易方式', '交易方向', '交易时间']
## 测试场景"14", 测试用例"28", 覆盖变量数目为4, 未覆盖的变量包括['操作', '交易方式', '交易时间']
## 测试场景"14", 测试用例"29", 覆盖变量数目为3, 未覆盖的变量包括['操作', '交易方式', '交易方向', '交易时间']
### 测试场景"14", 覆盖变量的最大数目为4, 整体未覆盖的变量包括['操作', '交易方式', '交易时间']

## 测试场景"15", 测试用例"2", 覆盖变量数目为4, 未覆盖的变量包括['操作', '交易方式', '状态']
## 测试场景"15", 测试用例"3", 覆盖变量数目为3, 未覆盖的变量包括['操作', '交易方式', '交易方向', '状态']
## 测试场景"15", 测试用例"6", 覆盖变量数目为5, 未覆盖的变量包括['操作', '交易方式']
## 测试场景"15", 测试用例"7", 覆盖变量数目为4, 未覆盖的变量包括['操作', '交易方式', '交易方向']
## 测试场景"15", 测试用例"12", 覆盖变量数目为4, 未覆盖的变量包括['操作', '交易方式', '状态']
## 测试场景"15", 测试用例"13", 覆盖变量数目为3, 未覆盖的变量包括['操作', '交易方式', '交易方向', '状态']
## 测试场景"15", 测试用例"14", 覆盖变量数目为4, 未覆盖的变量包括['操作', '交易方式', '状态']
## 测试场景"15", 测试用例"15", 覆盖变量数目为3, 未覆盖的变量包括['操作', '交易方式', '交易方向', '状态']
## 测试场景"15", 测试用例"28", 覆盖变量数目为4, 未覆盖的变量包括['操作', '交易方式', '状态']
## 测试场景"15", 测试用例"29", 覆盖变量数目为3, 未覆盖的变量包括['操作', '交易方式', '交易方向', '状态']
### 测试场景"15", 覆盖变量的最大数目为5, 整体未覆盖的变量包括['操作', '交易方式']

## 测试场景"16", 测试用例"0", 覆盖变量数目为4, 未覆盖的变量包括['操作', '交易方式', '交易方向', '单笔交易数量']
## 测试场景"16", 测试用例"1", 覆盖变量数目为5, 未覆盖的变量包括['操作', '交易方式', '单笔交易数量']
## 测试场景"16", 测试用例"4", 覆盖变量数目为4, 未覆盖的变量包括['操作', '交易方式', '交易方向', '单笔交易数量']
## 测试场景"16", 测试用例"5", 覆盖变量数目为5, 未覆盖的变量包括['操作', '交易方式', '单笔交易数量']
## 测试场景"16", 测试用例"8", 覆盖变量数目为4, 未覆盖的变量包括['操作', '交易方式', '交易方向', '交易时间']
## 测试场景"16", 测试用例"9", 覆盖变量数目为5, 未覆盖的变量包括['操作', '交易方式', '交易时间']
## 测试场景"16", 测试用例"10", 覆盖变量数目为4, 未覆盖的变量包括['操作', '交易方式', '交易方向', '交易时间']
## 测试场景"16", 测试用例"11", 覆盖变量数目为5, 未覆盖的变量包括['操作', '交易方式', '交易时间']
## 测试场景"16", 测试用例"16", 覆盖变量数目为3, 未覆盖的变量包括['操作', '交易方式', '交易方向', '交易时间', '单笔交易数量']
## 测试场景"16", 测试用例"17", 覆盖变量数目为4, 未覆盖的变量包括['操作', '交易方式', '交易时间', '单笔交易数量']
## 测试场景"16", 测试用例"18", 覆盖变量数目为3, 未覆盖的变量包括['操作', '交易方式', '交易方向', '交易时间', '单笔交易数量']
## 测试场景"16", 测试用例"19", 覆盖变量数目为4, 未覆盖的变量包括['操作', '交易方式', '交易时间', '单笔交易数量']
## 测试场景"16", 测试用例"20", 覆盖变量数目为3, 未覆盖的变量包括['操作', '交易方式', '交易方向', '交易时间', '单笔交易数量']
## 测试场景"16", 测试用例"21", 覆盖变量数目为4, 未覆盖的变量包括['操作', '交易方式', '交易时间', '单笔交易数量']
## 测试场景"16", 测试用例"22", 覆盖变量数目为3, 未覆盖的变量包括['操作', '交易方式', '交易方向', '交易时间', '单笔交易数量']
## 测试场景"16", 测试用例"23", 覆盖变量数目为4, 未覆盖的变量包括['操作', '交易方式', '交易时间', '单笔交易数量']
## 测试场景"16", 测试用例"24", 覆盖变量数目为3, 未覆盖的变量包括['操作', '交易方式', '交易方向', '交易时间', '单笔交易数量']
## 测试场景"16", 测试用例"25", 覆盖变量数目为4, 未覆盖的变量包括['操作', '交易方式', '交易时间', '单笔交易数量']
## 测试场景"16", 测试用例"26", 覆盖变量数目为3, 未覆盖的变量包括['操作', '交易方式', '交易方向', '交易时间', '单笔交易数量']
## 测试场景"16", 测试用例"27", 覆盖变量数目为4, 未覆盖的变量包括['操作', '交易方式', '交易时间', '单笔交易数量']
### 测试场景"16", 覆盖变量的最大数目为6, 整体未覆盖的变量包括['操作', '交易方式']

## 测试场景"17", 测试用例"0", 覆盖变量数目为4, 未覆盖的变量包括['操作', '交易方式', '交易方向', '单笔交易数量', '交易金额']
## 测试场景"17", 测试用例"1", 覆盖变量数目为5, 未覆盖的变量包括['操作', '交易方式', '单笔交易数量', '交易金额']
## 测试场景"17", 测试用例"4", 覆盖变量数目为4, 未覆盖的变量包括['操作', '交易方式', '交易方向', '单笔交易数量', '交易金额']
## 测试场景"17", 测试用例"5", 覆盖变量数目为5, 未覆盖的变量包括['操作', '交易方式', '单笔交易数量', '交易金额']
## 测试场景"17", 测试用例"8", 覆盖变量数目为4, 未覆盖的变量包括['操作', '交易方式', '交易方向', '交易时间', '单笔交易数量']
## 测试场景"17", 测试用例"9", 覆盖变量数目为5, 未覆盖的变量包括['操作', '交易方式', '交易时间', '单笔交易数量']
## 测试场景"17", 测试用例"10", 覆盖变量数目为4, 未覆盖的变量包括['操作', '交易方式', '交易方向', '交易时间', '单笔交易数量']
## 测试场景"17", 测试用例"11", 覆盖变量数目为5, 未覆盖的变量包括['操作', '交易方式', '交易时间', '单笔交易数量']
## 测试场景"17", 测试用例"16", 覆盖变量数目为3, 未覆盖的变量包括['操作', '交易方式', '交易方向', '交易时间', '单笔交易数量', '交易金额']
## 测试场景"17", 测试用例"17", 覆盖变量数目为4, 未覆盖的变量包括['操作', '交易方式', '交易时间', '单笔交易数量', '交易金额']
## 测试场景"17", 测试用例"18", 覆盖变量数目为3, 未覆盖的变量包括['操作', '交易方式', '交易方向', '交易时间', '单笔交易数量', '交易金额']
## 测试场景"17", 测试用例"19", 覆盖变量数目为4, 未覆盖的变量包括['操作', '交易方式', '交易时间', '单笔交易数量', '交易金额']
## 测试场景"17", 测试用例"20", 覆盖变量数目为3, 未覆盖的变量包括['操作', '交易方式', '交易方向', '交易时间', '单笔交易数量', '交易金额']
## 测试场景"17", 测试用例"21", 覆盖变量数目为4, 未覆盖的变量包括['操作', '交易方式', '交易时间', '单笔交易数量', '交易金额']
## 测试场景"17", 测试用例"22", 覆盖变量数目为3, 未覆盖的变量包括['操作', '交易方式', '交易方向', '交易时间', '单笔交易数量', '交易金额']
## 测试场景"17", 测试用例"23", 覆盖变量数目为4, 未覆盖的变量包括['操作', '交易方式', '交易时间', '单笔交易数量', '交易金额']
## 测试场景"17", 测试用例"24", 覆盖变量数目为3, 未覆盖的变量包括['操作', '交易方式', '交易方向', '交易时间', '单笔交易数量', '交易金额']
## 测试场景"17", 测试用例"25", 覆盖变量数目为4, 未覆盖的变量包括['操作', '交易方式', '交易时间', '单笔交易数量', '交易金额']
## 测试场景"17", 测试用例"26", 覆盖变量数目为3, 未覆盖的变量包括['操作', '交易方式', '交易方向', '交易时间', '单笔交易数量', '交易金额']
## 测试场景"17", 测试用例"27", 覆盖变量数目为4, 未覆盖的变量包括['操作', '交易方式', '交易时间', '单笔交易数量', '交易金额']
### 测试场景"17", 覆盖变量的最大数目为6, 整体未覆盖的变量包括['操作', '交易方式', '单笔交易数量']

## 测试场景"18", 测试用例"2", 覆盖变量数目为4, 未覆盖的变量包括['操作', '交易方式', '交易方向', '单笔交易数量', '交易金额']
## 测试场景"18", 测试用例"3", 覆盖变量数目为5, 未覆盖的变量包括['操作', '交易方式', '单笔交易数量', '交易金额']
## 测试场景"18", 测试用例"6", 覆盖变量数目为4, 未覆盖的变量包括['操作', '交易方式', '交易方向', '单笔交易数量', '交易金额']
## 测试场景"18", 测试用例"7", 覆盖变量数目为5, 未覆盖的变量包括['操作', '交易方式', '单笔交易数量', '交易金额']
## 测试场景"18", 测试用例"12", 覆盖变量数目为4, 未覆盖的变量包括['操作', '交易方式', '交易方向', '交易时间', '交易金额']
## 测试场景"18", 测试用例"13", 覆盖变量数目为5, 未覆盖的变量包括['操作', '交易方式', '交易时间', '交易金额']
## 测试场景"18", 测试用例"14", 覆盖变量数目为4, 未覆盖的变量包括['操作', '交易方式', '交易方向', '交易时间', '交易金额']
## 测试场景"18", 测试用例"15", 覆盖变量数目为5, 未覆盖的变量包括['操作', '交易方式', '交易时间', '交易金额']
## 测试场景"18", 测试用例"28", 覆盖变量数目为4, 未覆盖的变量包括['操作', '交易方式', '交易方向', '交易时间', '单笔交易数量']
## 测试场景"18", 测试用例"29", 覆盖变量数目为5, 未覆盖的变量包括['操作', '交易方式', '交易时间', '单笔交易数量']
### 测试场景"18", 覆盖变量的最大数目为7, 整体未覆盖的变量包括['操作', '交易方式']

## 测试场景"19", 测试用例"2", 覆盖变量数目为3, 未覆盖的变量包括['操作', '交易方式', '交易方向', '交易时间']
## 测试场景"19", 测试用例"3", 覆盖变量数目为4, 未覆盖的变量包括['操作', '交易方式', '交易时间']
## 测试场景"19", 测试用例"6", 覆盖变量数目为3, 未覆盖的变量包括['操作', '交易方式', '交易方向', '交易时间']
## 测试场景"19", 测试用例"7", 覆盖变量数目为4, 未覆盖的变量包括['操作', '交易方式', '交易时间']
## 测试场景"19", 测试用例"12", 覆盖变量数目为3, 未覆盖的变量包括['操作', '交易方式', '交易方向', '交易时间']
## 测试场景"19", 测试用例"13", 覆盖变量数目为4, 未覆盖的变量包括['操作', '交易方式', '交易时间']
## 测试场景"19", 测试用例"14", 覆盖变量数目为3, 未覆盖的变量包括['操作', '交易方式', '交易方向', '交易时间']
## 测试场景"19", 测试用例"15", 覆盖变量数目为4, 未覆盖的变量包括['操作', '交易方式', '交易时间']
## 测试场景"19", 测试用例"28", 覆盖变量数目为3, 未覆盖的变量包括['操作', '交易方式', '交易方向', '交易时间']
## 测试场景"19", 测试用例"29", 覆盖变量数目为4, 未覆盖的变量包括['操作', '交易方式', '交易时间']
### 测试场景"19", 覆盖变量的最大数目为4, 整体未覆盖的变量包括['操作', '交易方式', '交易时间']

## 测试场景"20", 测试用例"2", 覆盖变量数目为3, 未覆盖的变量包括['操作', '交易方式', '交易方向', '状态']
## 测试场景"20", 测试用例"3", 覆盖变量数目为4, 未覆盖的变量包括['操作', '交易方式', '状态']
## 测试场景"20", 测试用例"6", 覆盖变量数目为4, 未覆盖的变量包括['操作', '交易方式', '交易方向']
## 测试场景"20", 测试用例"7", 覆盖变量数目为5, 未覆盖的变量包括['操作', '交易方式']
## 测试场景"20", 测试用例"12", 覆盖变量数目为3, 未覆盖的变量包括['操作', '交易方式', '交易方向', '状态']
## 测试场景"20", 测试用例"13", 覆盖变量数目为4, 未覆盖的变量包括['操作', '交易方式', '状态']
## 测试场景"20", 测试用例"14", 覆盖变量数目为3, 未覆盖的变量包括['操作', '交易方式', '交易方向', '状态']
## 测试场景"20", 测试用例"15", 覆盖变量数目为4, 未覆盖的变量包括['操作', '交易方式', '状态']
## 测试场景"20", 测试用例"28", 覆盖变量数目为3, 未覆盖的变量包括['操作', '交易方式', '交易方向', '状态']
## 测试场景"20", 测试用例"29", 覆盖变量数目为4, 未覆盖的变量包括['操作', '交易方式', '状态']
### 测试场景"20", 覆盖变量的最大数目为5, 整体未覆盖的变量包括['操作', '交易方式']

## 测试场景"21", 测试用例"0", 覆盖变量数目为5, 未覆盖的变量包括['操作', '时间', '申报价格']
## 测试场景"21", 测试用例"1", 覆盖变量数目为4, 未覆盖的变量包括['操作', '交易方向', '时间', '申报价格']
## 测试场景"21", 测试用例"4", 覆盖变量数目为4, 未覆盖的变量包括['操作', '交易方式', '时间', '申报价格']
## 测试场景"21", 测试用例"5", 覆盖变量数目为3, 未覆盖的变量包括['操作', '交易方式', '交易方向', '时间', '申报价格']
## 测试场景"21", 测试用例"8", 覆盖变量数目为5, 未覆盖的变量包括['操作', '时间', '申报价格']
## 测试场景"21", 测试用例"9", 覆盖变量数目为4, 未覆盖的变量包括['操作', '交易方向', '时间', '申报价格']
## 测试场景"21", 测试用例"10", 覆盖变量数目为4, 未覆盖的变量包括['操作', '交易方式', '时间', '申报价格']
## 测试场景"21", 测试用例"11", 覆盖变量数目为3, 未覆盖的变量包括['操作', '交易方式', '交易方向', '时间', '申报价格']
## 测试场景"21", 测试用例"16", 覆盖变量数目为5, 未覆盖的变量包括['操作', '时间', '申报价格']
## 测试场景"21", 测试用例"17", 覆盖变量数目为4, 未覆盖的变量包括['操作', '交易方向', '时间', '申报价格']
## 测试场景"21", 测试用例"18", 覆盖变量数目为5, 未覆盖的变量包括['操作', '时间', '申报价格']
## 测试场景"21", 测试用例"19", 覆盖变量数目为4, 未覆盖的变量包括['操作', '交易方向', '时间', '申报价格']
## 测试场景"21", 测试用例"20", 覆盖变量数目为5, 未覆盖的变量包括['操作', '时间', '申报价格']
## 测试场景"21", 测试用例"21", 覆盖变量数目为4, 未覆盖的变量包括['操作', '交易方向', '时间', '申报价格']
## 测试场景"21", 测试用例"22", 覆盖变量数目为5, 未覆盖的变量包括['操作', '时间', '申报价格']
## 测试场景"21", 测试用例"23", 覆盖变量数目为4, 未覆盖的变量包括['操作', '交易方向', '时间', '申报价格']
## 测试场景"21", 测试用例"24", 覆盖变量数目为4, 未覆盖的变量包括['操作', '交易方式', '时间', '申报价格']
## 测试场景"21", 测试用例"25", 覆盖变量数目为3, 未覆盖的变量包括['操作', '交易方式', '交易方向', '时间', '申报价格']
## 测试场景"21", 测试用例"26", 覆盖变量数目为6, 未覆盖的变量包括['操作', '申报价格']
## 测试场景"21", 测试用例"27", 覆盖变量数目为5, 未覆盖的变量包括['操作', '交易方向', '申报价格']
### 测试场景"21", 覆盖变量的最大数目为6, 整体未覆盖的变量包括['操作', '申报价格']

## 测试场景"22", 测试用例"2", 覆盖变量数目为5, 未覆盖的变量包括['操作', '时间', '申报价格']
## 测试场景"22", 测试用例"3", 覆盖变量数目为4, 未覆盖的变量包括['操作', '交易方向', '时间', '申报价格']
## 测试场景"22", 测试用例"6", 覆盖变量数目为4, 未覆盖的变量包括['操作', '交易方式', '时间', '申报价格']
## 测试场景"22", 测试用例"7", 覆盖变量数目为3, 未覆盖的变量包括['操作', '交易方式', '交易方向', '时间', '申报价格']
## 测试场景"22", 测试用例"12", 覆盖变量数目为6, 未覆盖的变量包括['操作', '时间']
## 测试场景"22", 测试用例"13", 覆盖变量数目为5, 未覆盖的变量包括['操作', '交易方向', '时间']
## 测试场景"22", 测试用例"14", 覆盖变量数目为5, 未覆盖的变量包括['操作', '交易方式', '时间']
## 测试场景"22", 测试用例"15", 覆盖变量数目为4, 未覆盖的变量包括['操作', '交易方式', '交易方向', '时间']
## 测试场景"22", 测试用例"28", 覆盖变量数目为7, 未覆盖的变量包括['操作']
## 测试场景"22", 测试用例"29", 覆盖变量数目为6, 未覆盖的变量包括['操作', '交易方向']
### 测试场景"22", 覆盖变量的最大数目为7, 整体未覆盖的变量包括['操作']

## 测试场景"23", 测试用例"0", 覆盖变量数目为5, 未覆盖的变量包括['操作', '时间', '申报价格']
## 测试场景"23", 测试用例"1", 覆盖变量数目为4, 未覆盖的变量包括['操作', '交易方向', '时间', '申报价格']
## 测试场景"23", 测试用例"4", 覆盖变量数目为4, 未覆盖的变量包括['操作', '交易方式', '时间', '申报价格']
## 测试场景"23", 测试用例"5", 覆盖变量数目为3, 未覆盖的变量包括['操作', '交易方式', '交易方向', '时间', '申报价格']
## 测试场景"23", 测试用例"8", 覆盖变量数目为6, 未覆盖的变量包括['操作', '时间']
## 测试场景"23", 测试用例"9", 覆盖变量数目为5, 未覆盖的变量包括['操作', '交易方向', '时间']
## 测试场景"23", 测试用例"10", 覆盖变量数目为5, 未覆盖的变量包括['操作', '交易方式', '时间']
## 测试场景"23", 测试用例"11", 覆盖变量数目为4, 未覆盖的变量包括['操作', '交易方式', '交易方向', '时间']
## 测试场景"23", 测试用例"16", 覆盖变量数目为5, 未覆盖的变量包括['操作', '时间', '申报价格']
## 测试场景"23", 测试用例"17", 覆盖变量数目为4, 未覆盖的变量包括['操作', '交易方向', '时间', '申报价格']
## 测试场景"23", 测试用例"18", 覆盖变量数目为5, 未覆盖的变量包括['操作', '时间', '申报价格']
## 测试场景"23", 测试用例"19", 覆盖变量数目为4, 未覆盖的变量包括['操作', '交易方向', '时间', '申报价格']
## 测试场景"23", 测试用例"20", 覆盖变量数目为5, 未覆盖的变量包括['操作', '时间', '申报价格']
## 测试场景"23", 测试用例"21", 覆盖变量数目为4, 未覆盖的变量包括['操作', '交易方向', '时间', '申报价格']
## 测试场景"23", 测试用例"22", 覆盖变量数目为5, 未覆盖的变量包括['操作', '时间', '申报价格']
## 测试场景"23", 测试用例"23", 覆盖变量数目为4, 未覆盖的变量包括['操作', '交易方向', '时间', '申报价格']
## 测试场景"23", 测试用例"24", 覆盖变量数目为4, 未覆盖的变量包括['操作', '交易方式', '时间', '申报价格']
## 测试场景"23", 测试用例"25", 覆盖变量数目为3, 未覆盖的变量包括['操作', '交易方式', '交易方向', '时间', '申报价格']
## 测试场景"23", 测试用例"26", 覆盖变量数目为7, 未覆盖的变量包括['操作']
## 测试场景"23", 测试用例"27", 覆盖变量数目为6, 未覆盖的变量包括['操作', '交易方向']
### 测试场景"23", 覆盖变量的最大数目为7, 整体未覆盖的变量包括['操作']

## 测试场景"24", 测试用例"2", 覆盖变量数目为5, 未覆盖的变量包括['操作', '时间', '申报价格']
## 测试场景"24", 测试用例"3", 覆盖变量数目为4, 未覆盖的变量包括['操作', '交易方向', '时间', '申报价格']
## 测试场景"24", 测试用例"6", 覆盖变量数目为4, 未覆盖的变量包括['操作', '交易方式', '时间', '申报价格']
## 测试场景"24", 测试用例"7", 覆盖变量数目为3, 未覆盖的变量包括['操作', '交易方式', '交易方向', '时间', '申报价格']
## 测试场景"24", 测试用例"12", 覆盖变量数目为6, 未覆盖的变量包括['操作', '时间']
## 测试场景"24", 测试用例"13", 覆盖变量数目为5, 未覆盖的变量包括['操作', '交易方向', '时间']
## 测试场景"24", 测试用例"14", 覆盖变量数目为5, 未覆盖的变量包括['操作', '交易方式', '时间']
## 测试场景"24", 测试用例"15", 覆盖变量数目为4, 未覆盖的变量包括['操作', '交易方式', '交易方向', '时间']
## 测试场景"24", 测试用例"28", 覆盖变量数目为7, 未覆盖的变量包括['操作']
## 测试场景"24", 测试用例"29", 覆盖变量数目为6, 未覆盖的变量包括['操作', '交易方向']
### 测试场景"24", 覆盖变量的最大数目为7, 整体未覆盖的变量包括['操作']

expert_data4.json在数据集data4的业务场景覆盖率为0.7734
