## 测试场景"1", 测试用例"0", 覆盖变量数目为6, 未覆盖的变量包括['操作', '申报数量', '价格']
## 测试场景"1", 测试用例"1", 覆盖变量数目为5, 未覆盖的变量包括['操作', '交易方向', '申报数量', '价格']
## 测试场景"1", 测试用例"4", 覆盖变量数目为6, 未覆盖的变量包括['操作', '申报数量', '价格']
## 测试场景"1", 测试用例"5", 覆盖变量数目为5, 未覆盖的变量包括['操作', '交易方向', '申报数量', '价格']
## 测试场景"1", 测试用例"8", 覆盖变量数目为6, 未覆盖的变量包括['操作', '申报数量', '价格']
## 测试场景"1", 测试用例"9", 覆盖变量数目为5, 未覆盖的变量包括['操作', '交易方向', '申报数量', '价格']
## 测试场景"1", 测试用例"10", 覆盖变量数目为4, 未覆盖的变量包括['操作', '交易品种', '盘后定价交易申报时间', '申报数量', '价格']
## 测试场景"1", 测试用例"11", 覆盖变量数目为3, 未覆盖的变量包括['操作', '交易品种', '交易方向', '盘后定价交易申报时间', '申报数量', '价格']
## 测试场景"1", 测试用例"12", 覆盖变量数目为3, 未覆盖的变量包括['操作', '交易品种', '交易方式', '盘后定价交易申报时间', '申报数量', '价格']
## 测试场景"1", 测试用例"13", 覆盖变量数目为2, 未覆盖的变量包括['操作', '交易品种', '交易方式', '交易方向', '盘后定价交易申报时间', '申报数量', '价格']
## 测试场景"1", 测试用例"14", 覆盖变量数目为3, 未覆盖的变量包括['操作', '交易品种', '交易方式', '盘后定价交易申报时间', '申报数量', '价格']
## 测试场景"1", 测试用例"15", 覆盖变量数目为2, 未覆盖的变量包括['操作', '交易品种', '交易方式', '交易方向', '盘后定价交易申报时间', '申报数量', '价格']
## 测试场景"1", 测试用例"18", 覆盖变量数目为5, 未覆盖的变量包括['操作', '交易品种', '盘后定价交易申报时间', '价格']
## 测试场景"1", 测试用例"19", 覆盖变量数目为4, 未覆盖的变量包括['操作', '交易品种', '交易方向', '盘后定价交易申报时间', '价格']
## 测试场景"1", 测试用例"23", 覆盖变量数目为3, 未覆盖的变量包括['操作', '交易品种', '交易方向', '盘后定价交易申报时间', '申报数量', '价格']
### 测试场景"1", 覆盖变量的最大数目为7, 整体未覆盖的变量包括['操作', '价格']

## 测试场景"2", 测试用例"2", 覆盖变量数目为5, 未覆盖的变量包括['操作', '交易品种', '申报数量', '价格']
## 测试场景"2", 测试用例"3", 覆盖变量数目为4, 未覆盖的变量包括['操作', '交易品种', '交易方向', '申报数量', '价格']
## 测试场景"2", 测试用例"6", 覆盖变量数目为6, 未覆盖的变量包括['操作', '申报数量', '价格']
## 测试场景"2", 测试用例"7", 覆盖变量数目为5, 未覆盖的变量包括['操作', '交易方向', '申报数量', '价格']
## 测试场景"2", 测试用例"16", 覆盖变量数目为5, 未覆盖的变量包括['操作', '交易品种', '盘后定价交易申报时间', '申报数量']
## 测试场景"2", 测试用例"17", 覆盖变量数目为4, 未覆盖的变量包括['操作', '交易品种', '交易方向', '盘后定价交易申报时间', '申报数量']
## 测试场景"2", 测试用例"20", 覆盖变量数目为5, 未覆盖的变量包括['操作', '交易品种', '盘后定价交易申报时间', '价格']
## 测试场景"2", 测试用例"21", 覆盖变量数目为4, 未覆盖的变量包括['操作', '交易品种', '交易方向', '盘后定价交易申报时间', '价格']
## 测试场景"2", 测试用例"22", 覆盖变量数目为4, 未覆盖的变量包括['操作', '交易品种', '盘后定价交易申报时间', '申报数量', '价格']
### 测试场景"2", 覆盖变量的最大数目为8, 整体未覆盖的变量包括['操作']

## 测试场景"3", 测试用例"2", 覆盖变量数目为5, 未覆盖的变量包括['操作', '交易品种', '申报数量']
## 测试场景"3", 测试用例"3", 覆盖变量数目为4, 未覆盖的变量包括['操作', '交易品种', '交易方向', '申报数量']
## 测试场景"3", 测试用例"6", 覆盖变量数目为6, 未覆盖的变量包括['操作', '申报数量']
## 测试场景"3", 测试用例"7", 覆盖变量数目为5, 未覆盖的变量包括['操作', '交易方向', '申报数量']
## 测试场景"3", 测试用例"16", 覆盖变量数目为4, 未覆盖的变量包括['操作', '交易品种', '盘后定价交易申报时间', '申报数量']
## 测试场景"3", 测试用例"17", 覆盖变量数目为3, 未覆盖的变量包括['操作', '交易品种', '交易方向', '盘后定价交易申报时间', '申报数量']
## 测试场景"3", 测试用例"20", 覆盖变量数目为5, 未覆盖的变量包括['操作', '交易品种', '盘后定价交易申报时间']
## 测试场景"3", 测试用例"21", 覆盖变量数目为4, 未覆盖的变量包括['操作', '交易品种', '交易方向', '盘后定价交易申报时间']
## 测试场景"3", 测试用例"22", 覆盖变量数目为4, 未覆盖的变量包括['操作', '交易品种', '盘后定价交易申报时间', '申报数量']
### 测试场景"3", 覆盖变量的最大数目为7, 整体未覆盖的变量包括['操作']

## 测试场景"4", 测试用例"2", 覆盖变量数目为5, 未覆盖的变量包括['操作', '交易品种']
## 测试场景"4", 测试用例"3", 覆盖变量数目为4, 未覆盖的变量包括['操作', '交易品种', '交易方向']
## 测试场景"4", 测试用例"6", 覆盖变量数目为6, 未覆盖的变量包括['操作']
## 测试场景"4", 测试用例"7", 覆盖变量数目为5, 未覆盖的变量包括['操作', '交易方向']
## 测试场景"4", 测试用例"16", 覆盖变量数目为4, 未覆盖的变量包括['操作', '交易品种', '盘后定价交易申报时间']
## 测试场景"4", 测试用例"17", 覆盖变量数目为3, 未覆盖的变量包括['操作', '交易品种', '交易方向', '盘后定价交易申报时间']
## 测试场景"4", 测试用例"20", 覆盖变量数目为4, 未覆盖的变量包括['操作', '交易品种', '盘后定价交易申报时间']
## 测试场景"4", 测试用例"21", 覆盖变量数目为3, 未覆盖的变量包括['操作', '交易品种', '交易方向', '盘后定价交易申报时间']
## 测试场景"4", 测试用例"22", 覆盖变量数目为4, 未覆盖的变量包括['操作', '交易品种', '盘后定价交易申报时间']
### 测试场景"4", 覆盖变量的最大数目为6, 整体未覆盖的变量包括['操作']

## 测试场景"5", 测试用例"0", 覆盖变量数目为5, 未覆盖的变量包括['操作', '交易方向', '申报数量', '价格']
## 测试场景"5", 测试用例"1", 覆盖变量数目为6, 未覆盖的变量包括['操作', '申报数量', '价格']
## 测试场景"5", 测试用例"4", 覆盖变量数目为5, 未覆盖的变量包括['操作', '交易方向', '申报数量', '价格']
## 测试场景"5", 测试用例"5", 覆盖变量数目为6, 未覆盖的变量包括['操作', '申报数量', '价格']
## 测试场景"5", 测试用例"8", 覆盖变量数目为5, 未覆盖的变量包括['操作', '交易方向', '申报数量', '价格']
## 测试场景"5", 测试用例"9", 覆盖变量数目为6, 未覆盖的变量包括['操作', '申报数量', '价格']
## 测试场景"5", 测试用例"10", 覆盖变量数目为3, 未覆盖的变量包括['操作', '交易品种', '交易方向', '盘后定价交易申报时间', '申报数量', '价格']
## 测试场景"5", 测试用例"11", 覆盖变量数目为4, 未覆盖的变量包括['操作', '交易品种', '盘后定价交易申报时间', '申报数量', '价格']
## 测试场景"5", 测试用例"12", 覆盖变量数目为2, 未覆盖的变量包括['操作', '交易品种', '交易方式', '交易方向', '盘后定价交易申报时间', '申报数量', '价格']
## 测试场景"5", 测试用例"13", 覆盖变量数目为3, 未覆盖的变量包括['操作', '交易品种', '交易方式', '盘后定价交易申报时间', '申报数量', '价格']
## 测试场景"5", 测试用例"14", 覆盖变量数目为2, 未覆盖的变量包括['操作', '交易品种', '交易方式', '交易方向', '盘后定价交易申报时间', '申报数量', '价格']
## 测试场景"5", 测试用例"15", 覆盖变量数目为3, 未覆盖的变量包括['操作', '交易品种', '交易方式', '盘后定价交易申报时间', '申报数量', '价格']
## 测试场景"5", 测试用例"18", 覆盖变量数目为4, 未覆盖的变量包括['操作', '交易品种', '交易方向', '盘后定价交易申报时间', '价格']
## 测试场景"5", 测试用例"19", 覆盖变量数目为5, 未覆盖的变量包括['操作', '交易品种', '盘后定价交易申报时间', '价格']
## 测试场景"5", 测试用例"23", 覆盖变量数目为4, 未覆盖的变量包括['操作', '交易品种', '盘后定价交易申报时间', '申报数量', '价格']
### 测试场景"5", 覆盖变量的最大数目为7, 整体未覆盖的变量包括['操作', '价格']

## 测试场景"6", 测试用例"2", 覆盖变量数目为4, 未覆盖的变量包括['操作', '交易品种', '交易方向', '申报数量', '价格']
## 测试场景"6", 测试用例"3", 覆盖变量数目为5, 未覆盖的变量包括['操作', '交易品种', '申报数量', '价格']
## 测试场景"6", 测试用例"6", 覆盖变量数目为5, 未覆盖的变量包括['操作', '交易方向', '申报数量', '价格']
## 测试场景"6", 测试用例"7", 覆盖变量数目为6, 未覆盖的变量包括['操作', '申报数量', '价格']
## 测试场景"6", 测试用例"16", 覆盖变量数目为4, 未覆盖的变量包括['操作', '交易品种', '交易方向', '盘后定价交易申报时间', '申报数量']
## 测试场景"6", 测试用例"17", 覆盖变量数目为5, 未覆盖的变量包括['操作', '交易品种', '盘后定价交易申报时间', '申报数量']
## 测试场景"6", 测试用例"20", 覆盖变量数目为4, 未覆盖的变量包括['操作', '交易品种', '交易方向', '盘后定价交易申报时间', '价格']
## 测试场景"6", 测试用例"21", 覆盖变量数目为5, 未覆盖的变量包括['操作', '交易品种', '盘后定价交易申报时间', '价格']
## 测试场景"6", 测试用例"22", 覆盖变量数目为3, 未覆盖的变量包括['操作', '交易品种', '交易方向', '盘后定价交易申报时间', '申报数量', '价格']
### 测试场景"6", 覆盖变量的最大数目为8, 整体未覆盖的变量包括['操作']

## 测试场景"7", 测试用例"2", 覆盖变量数目为4, 未覆盖的变量包括['操作', '交易品种', '交易方向', '申报数量']
## 测试场景"7", 测试用例"3", 覆盖变量数目为5, 未覆盖的变量包括['操作', '交易品种', '申报数量']
## 测试场景"7", 测试用例"6", 覆盖变量数目为5, 未覆盖的变量包括['操作', '交易方向', '申报数量']
## 测试场景"7", 测试用例"7", 覆盖变量数目为6, 未覆盖的变量包括['操作', '申报数量']
## 测试场景"7", 测试用例"16", 覆盖变量数目为3, 未覆盖的变量包括['操作', '交易品种', '交易方向', '盘后定价交易申报时间', '申报数量']
## 测试场景"7", 测试用例"17", 覆盖变量数目为4, 未覆盖的变量包括['操作', '交易品种', '盘后定价交易申报时间', '申报数量']
## 测试场景"7", 测试用例"20", 覆盖变量数目为4, 未覆盖的变量包括['操作', '交易品种', '交易方向', '盘后定价交易申报时间']
## 测试场景"7", 测试用例"21", 覆盖变量数目为5, 未覆盖的变量包括['操作', '交易品种', '盘后定价交易申报时间']
## 测试场景"7", 测试用例"22", 覆盖变量数目为3, 未覆盖的变量包括['操作', '交易品种', '交易方向', '盘后定价交易申报时间', '申报数量']
### 测试场景"7", 覆盖变量的最大数目为7, 整体未覆盖的变量包括['操作']

## 测试场景"8", 测试用例"2", 覆盖变量数目为4, 未覆盖的变量包括['操作', '交易品种', '交易方向']
## 测试场景"8", 测试用例"3", 覆盖变量数目为5, 未覆盖的变量包括['操作', '交易品种']
## 测试场景"8", 测试用例"6", 覆盖变量数目为5, 未覆盖的变量包括['操作', '交易方向']
## 测试场景"8", 测试用例"7", 覆盖变量数目为6, 未覆盖的变量包括['操作']
## 测试场景"8", 测试用例"16", 覆盖变量数目为3, 未覆盖的变量包括['操作', '交易品种', '交易方向', '盘后定价交易申报时间']
## 测试场景"8", 测试用例"17", 覆盖变量数目为4, 未覆盖的变量包括['操作', '交易品种', '盘后定价交易申报时间']
## 测试场景"8", 测试用例"20", 覆盖变量数目为3, 未覆盖的变量包括['操作', '交易品种', '交易方向', '盘后定价交易申报时间']
## 测试场景"8", 测试用例"21", 覆盖变量数目为4, 未覆盖的变量包括['操作', '交易品种', '盘后定价交易申报时间']
## 测试场景"8", 测试用例"22", 覆盖变量数目为3, 未覆盖的变量包括['操作', '交易品种', '交易方向', '盘后定价交易申报时间']
### 测试场景"8", 覆盖变量的最大数目为6, 整体未覆盖的变量包括['操作']

## 测试场景"9", 测试用例"0", 覆盖变量数目为5, 未覆盖的变量包括['操作', '状态', '时间']
## 测试场景"9", 测试用例"1", 覆盖变量数目为4, 未覆盖的变量包括['操作', '交易方向', '状态', '时间']
## 测试场景"9", 测试用例"4", 覆盖变量数目为6, 未覆盖的变量包括['操作', '时间']
## 测试场景"9", 测试用例"5", 覆盖变量数目为5, 未覆盖的变量包括['操作', '交易方向', '时间']
## 测试场景"9", 测试用例"8", 覆盖变量数目为5, 未覆盖的变量包括['操作', '状态', '时间']
## 测试场景"9", 测试用例"9", 覆盖变量数目为4, 未覆盖的变量包括['操作', '交易方向', '状态', '时间']
## 测试场景"9", 测试用例"10", 覆盖变量数目为4, 未覆盖的变量包括['操作', '交易品种', '状态', '时间']
## 测试场景"9", 测试用例"11", 覆盖变量数目为3, 未覆盖的变量包括['操作', '交易品种', '交易方向', '状态', '时间']
## 测试场景"9", 测试用例"12", 覆盖变量数目为3, 未覆盖的变量包括['操作', '交易品种', '交易方式', '状态', '时间']
## 测试场景"9", 测试用例"13", 覆盖变量数目为2, 未覆盖的变量包括['操作', '交易品种', '交易方式', '交易方向', '状态', '时间']
## 测试场景"9", 测试用例"14", 覆盖变量数目为3, 未覆盖的变量包括['操作', '交易品种', '交易方式', '状态', '时间']
## 测试场景"9", 测试用例"15", 覆盖变量数目为2, 未覆盖的变量包括['操作', '交易品种', '交易方式', '交易方向', '状态', '时间']
## 测试场景"9", 测试用例"18", 覆盖变量数目为4, 未覆盖的变量包括['操作', '交易品种', '状态', '时间']
## 测试场景"9", 测试用例"19", 覆盖变量数目为3, 未覆盖的变量包括['操作', '交易品种', '交易方向', '状态', '时间']
## 测试场景"9", 测试用例"23", 覆盖变量数目为3, 未覆盖的变量包括['操作', '交易品种', '交易方向', '状态', '时间']
### 测试场景"9", 覆盖变量的最大数目为6, 整体未覆盖的变量包括['操作', '时间']

## 测试场景"10", 测试用例"0", 覆盖变量数目为4, 未覆盖的变量包括['操作', '交易方向', '状态', '时间']
## 测试场景"10", 测试用例"1", 覆盖变量数目为5, 未覆盖的变量包括['操作', '状态', '时间']
## 测试场景"10", 测试用例"4", 覆盖变量数目为5, 未覆盖的变量包括['操作', '交易方向', '时间']
## 测试场景"10", 测试用例"5", 覆盖变量数目为6, 未覆盖的变量包括['操作', '时间']
## 测试场景"10", 测试用例"8", 覆盖变量数目为4, 未覆盖的变量包括['操作', '交易方向', '状态', '时间']
## 测试场景"10", 测试用例"9", 覆盖变量数目为5, 未覆盖的变量包括['操作', '状态', '时间']
## 测试场景"10", 测试用例"10", 覆盖变量数目为3, 未覆盖的变量包括['操作', '交易品种', '交易方向', '状态', '时间']
## 测试场景"10", 测试用例"11", 覆盖变量数目为4, 未覆盖的变量包括['操作', '交易品种', '状态', '时间']
## 测试场景"10", 测试用例"12", 覆盖变量数目为2, 未覆盖的变量包括['操作', '交易品种', '交易方式', '交易方向', '状态', '时间']
## 测试场景"10", 测试用例"13", 覆盖变量数目为3, 未覆盖的变量包括['操作', '交易品种', '交易方式', '状态', '时间']
## 测试场景"10", 测试用例"14", 覆盖变量数目为2, 未覆盖的变量包括['操作', '交易品种', '交易方式', '交易方向', '状态', '时间']
## 测试场景"10", 测试用例"15", 覆盖变量数目为3, 未覆盖的变量包括['操作', '交易品种', '交易方式', '状态', '时间']
## 测试场景"10", 测试用例"18", 覆盖变量数目为3, 未覆盖的变量包括['操作', '交易品种', '交易方向', '状态', '时间']
## 测试场景"10", 测试用例"19", 覆盖变量数目为4, 未覆盖的变量包括['操作', '交易品种', '状态', '时间']
## 测试场景"10", 测试用例"23", 覆盖变量数目为4, 未覆盖的变量包括['操作', '交易品种', '状态', '时间']
### 测试场景"10", 覆盖变量的最大数目为6, 整体未覆盖的变量包括['操作', '时间']

## 测试场景"11", 测试用例"2", 覆盖变量数目为4, 未覆盖的变量包括['操作', '交易品种', '状态']
## 测试场景"11", 测试用例"3", 覆盖变量数目为3, 未覆盖的变量包括['操作', '交易品种', '交易方向', '状态']
## 测试场景"11", 测试用例"6", 覆盖变量数目为5, 未覆盖的变量包括['操作', '状态']
## 测试场景"11", 测试用例"7", 覆盖变量数目为4, 未覆盖的变量包括['操作', '交易方向', '状态']
## 测试场景"11", 测试用例"16", 覆盖变量数目为4, 未覆盖的变量包括['操作', '交易品种', '状态']
## 测试场景"11", 测试用例"17", 覆盖变量数目为3, 未覆盖的变量包括['操作', '交易品种', '交易方向', '状态']
## 测试场景"11", 测试用例"20", 覆盖变量数目为4, 未覆盖的变量包括['操作', '交易品种', '状态']
## 测试场景"11", 测试用例"21", 覆盖变量数目为3, 未覆盖的变量包括['操作', '交易品种', '交易方向', '状态']
## 测试场景"11", 测试用例"22", 覆盖变量数目为5, 未覆盖的变量包括['操作', '交易品种']
### 测试场景"11", 覆盖变量的最大数目为6, 整体未覆盖的变量包括['操作']

## 测试场景"12", 测试用例"0", 覆盖变量数目为4, 未覆盖的变量包括['操作', '交易方向', '状态']
## 测试场景"12", 测试用例"1", 覆盖变量数目为5, 未覆盖的变量包括['操作', '状态']
## 测试场景"12", 测试用例"4", 覆盖变量数目为4, 未覆盖的变量包括['操作', '交易方向', '状态']
## 测试场景"12", 测试用例"5", 覆盖变量数目为5, 未覆盖的变量包括['操作', '状态']
## 测试场景"12", 测试用例"8", 覆盖变量数目为4, 未覆盖的变量包括['操作', '交易方向', '状态']
## 测试场景"12", 测试用例"9", 覆盖变量数目为5, 未覆盖的变量包括['操作', '状态']
## 测试场景"12", 测试用例"10", 覆盖变量数目为3, 未覆盖的变量包括['操作', '交易品种', '交易方向', '状态']
## 测试场景"12", 测试用例"11", 覆盖变量数目为4, 未覆盖的变量包括['操作', '交易品种', '状态']
## 测试场景"12", 测试用例"12", 覆盖变量数目为2, 未覆盖的变量包括['操作', '交易品种', '交易方式', '交易方向', '状态']
## 测试场景"12", 测试用例"13", 覆盖变量数目为3, 未覆盖的变量包括['操作', '交易品种', '交易方式', '状态']
## 测试场景"12", 测试用例"14", 覆盖变量数目为2, 未覆盖的变量包括['操作', '交易品种', '交易方式', '交易方向', '状态']
## 测试场景"12", 测试用例"15", 覆盖变量数目为3, 未覆盖的变量包括['操作', '交易品种', '交易方式', '状态']
## 测试场景"12", 测试用例"18", 覆盖变量数目为3, 未覆盖的变量包括['操作', '交易品种', '交易方向', '状态']
## 测试场景"12", 测试用例"19", 覆盖变量数目为4, 未覆盖的变量包括['操作', '交易品种', '状态']
## 测试场景"12", 测试用例"23", 覆盖变量数目为5, 未覆盖的变量包括['操作', '交易品种']
### 测试场景"12", 覆盖变量的最大数目为6, 整体未覆盖的变量包括['操作']

expert_data1.json在数据集data1的业务场景覆盖率为0.8343
