## 测试场景"1", 测试用例"第二十七条.2,第二十七条.3,第二十七条.4.1,1_1", 覆盖变量数目为4, 未覆盖的变量包括['交易品种', '交易方式', '交易时间', '单笔交易数量']
## 测试场景"1", 测试用例"第二十七条.2,第二十七条.3,第二十七条.4.2,1_1", 覆盖变量数目为3, 未覆盖的变量包括['交易品种', '交易方式', '交易方向', '交易时间', '单笔交易数量']
## 测试场景"1", 测试用例"第二十七条.5.1.1,1_1", 覆盖变量数目为4, 未覆盖的变量包括['交易品种', '交易方式', '交易时间', '单笔交易数量']
## 测试场景"1", 测试用例"第二十七条.5.1.2,1_1", 覆盖变量数目为3, 未覆盖的变量包括['交易品种', '交易方式', '交易方向', '交易时间', '单笔交易数量']
## 测试场景"1", 测试用例"第二十七条.5.2.1,1_1", 覆盖变量数目为4, 未覆盖的变量包括['交易品种', '交易方式', '交易时间', '单笔交易数量']
## 测试场景"1", 测试用例"第二十七条.5.2.2,1_1", 覆盖变量数目为3, 未覆盖的变量包括['交易品种', '交易方式', '交易方向', '交易时间', '单笔交易数量']
## 测试场景"1", 测试用例"第二十七条.5.3.1,1_1", 覆盖变量数目为4, 未覆盖的变量包括['交易品种', '交易方式', '交易时间', '单笔交易数量']
## 测试场景"1", 测试用例"第二十七条.5.3.2,1_1", 覆盖变量数目为3, 未覆盖的变量包括['交易品种', '交易方式', '交易方向', '交易时间', '单笔交易数量']
## 测试场景"1", 测试用例"第二十七条.5.4.1,1_1", 覆盖变量数目为4, 未覆盖的变量包括['交易品种', '交易方式', '交易时间', '单笔交易数量']
## 测试场景"1", 测试用例"第二十七条.5.4.2,1_1", 覆盖变量数目为3, 未覆盖的变量包括['交易品种', '交易方式', '交易方向', '交易时间', '单笔交易数量']
## 测试场景"1", 测试用例"第二十七条.1.1.1,1_1", 覆盖变量数目为7, 未覆盖的变量包括['单笔交易数量']
## 测试场景"1", 测试用例"第二十七条.1.2.1,1_1", 覆盖变量数目为6, 未覆盖的变量包括['交易方向', '单笔交易数量']
## 测试场景"1", 测试用例"第二十八条.2.1_2", 覆盖变量数目为5, 未覆盖的变量包括['交易方式', '交易时间', '单笔交易数量']
## 测试场景"1", 测试用例"第二十八条.2.1_3", 覆盖变量数目为6, 未覆盖的变量包括['交易方式', '交易时间']
## 测试场景"1", 测试用例"第二十八条.2.1_4", 覆盖变量数目为6, 未覆盖的变量包括['交易方式', '交易时间']
## 测试场景"1", 测试用例"第二十八条.2.2_2", 覆盖变量数目为4, 未覆盖的变量包括['交易方式', '交易方向', '交易时间', '单笔交易数量']
## 测试场景"1", 测试用例"第二十八条.2.2_3", 覆盖变量数目为5, 未覆盖的变量包括['交易方式', '交易方向', '交易时间']
## 测试场景"1", 测试用例"第二十八条.2.2_4", 覆盖变量数目为5, 未覆盖的变量包括['交易方式', '交易方向', '交易时间']
## 测试场景"1", 测试用例"第二十八条.1.1.1_2", 覆盖变量数目为6, 未覆盖的变量包括['交易时间', '单笔交易数量']
## 测试场景"1", 测试用例"第二十八条.1.1.1_3", 覆盖变量数目为7, 未覆盖的变量包括['交易时间']
## 测试场景"1", 测试用例"第二十八条.1.1.1_4", 覆盖变量数目为7, 未覆盖的变量包括['交易时间']
## 测试场景"1", 测试用例"第二十八条.1.2.1_2", 覆盖变量数目为5, 未覆盖的变量包括['交易方向', '交易时间', '单笔交易数量']
## 测试场景"1", 测试用例"第二十八条.1.2.1_3", 覆盖变量数目为6, 未覆盖的变量包括['交易方向', '交易时间']
## 测试场景"1", 测试用例"第二十八条.1.2.1_4", 覆盖变量数目为6, 未覆盖的变量包括['交易方向', '交易时间']
## 测试场景"1", 测试用例"第二十九条.2,第二十九条.4,第二十九条.6.1.1,1_1", 覆盖变量数目为4, 未覆盖的变量包括['交易品种', '交易方式', '交易时间', '单笔交易数量']
## 测试场景"1", 测试用例"第二十九条.2,第二十九条.4,第二十九条.6.1.2,1_1", 覆盖变量数目为3, 未覆盖的变量包括['交易品种', '交易方式', '交易方向', '交易时间', '单笔交易数量']
## 测试场景"1", 测试用例"第二十九条.2,第二十九条.4,第二十九条.6.2.1,1_1", 覆盖变量数目为4, 未覆盖的变量包括['交易品种', '交易方式', '交易时间', '单笔交易数量']
## 测试场景"1", 测试用例"第二十九条.2,第二十九条.4,第二十九条.6.2.2,1_1", 覆盖变量数目为3, 未覆盖的变量包括['交易品种', '交易方式', '交易方向', '交易时间', '单笔交易数量']
## 测试场景"1", 测试用例"第二十九条.2,第二十九条.4,第二十九条.6.3.1,1_1", 覆盖变量数目为4, 未覆盖的变量包括['交易品种', '交易方式', '交易时间', '单笔交易数量']
## 测试场景"1", 测试用例"第二十九条.2,第二十九条.4,第二十九条.6.3.2,1_1", 覆盖变量数目为3, 未覆盖的变量包括['交易品种', '交易方式', '交易方向', '交易时间', '单笔交易数量']
## 测试场景"1", 测试用例"第二十九条.2,第二十九条.4,第二十九条.6.4.1,1_1", 覆盖变量数目为4, 未覆盖的变量包括['交易品种', '交易方式', '交易时间', '单笔交易数量']
## 测试场景"1", 测试用例"第二十九条.2,第二十九条.4,第二十九条.6.4.2,1_1", 覆盖变量数目为3, 未覆盖的变量包括['交易品种', '交易方式', '交易方向', '交易时间', '单笔交易数量']
## 测试场景"1", 测试用例"第三十一条.2.1.1,1_1", 覆盖变量数目为5, 未覆盖的变量包括['交易品种', '交易时间', '单笔交易数量']
## 测试场景"1", 测试用例"第三十一条.2.1.2,1_1", 覆盖变量数目为4, 未覆盖的变量包括['交易品种', '交易方向', '交易时间', '单笔交易数量']
## 测试场景"1", 测试用例"第三十一条.2.2.1,1_1", 覆盖变量数目为5, 未覆盖的变量包括['交易品种', '交易时间', '单笔交易数量']
## 测试场景"1", 测试用例"第三十一条.2.2.2,1_1", 覆盖变量数目为4, 未覆盖的变量包括['交易品种', '交易方向', '交易时间', '单笔交易数量']
## 测试场景"1", 测试用例"第三十一条.2.3.1,1_1", 覆盖变量数目为5, 未覆盖的变量包括['交易品种', '交易时间', '单笔交易数量']
## 测试场景"1", 测试用例"第三十一条.2.3.2,1_1", 覆盖变量数目为4, 未覆盖的变量包括['交易品种', '交易方向', '交易时间', '单笔交易数量']
## 测试场景"1", 测试用例"第三十一条.2.4.1,1_1", 覆盖变量数目为5, 未覆盖的变量包括['交易品种', '交易时间', '单笔交易数量']
## 测试场景"1", 测试用例"第三十一条.2.4.2,1_1", 覆盖变量数目为4, 未覆盖的变量包括['交易品种', '交易方向', '交易时间', '单笔交易数量']
## 测试场景"1", 测试用例"第三十一条.1.1.1,1_1", 覆盖变量数目为6, 未覆盖的变量包括['交易时间', '单笔交易数量']
## 测试场景"1", 测试用例"第三十一条.1.2.1,1_1", 覆盖变量数目为5, 未覆盖的变量包括['交易方向', '交易时间', '单笔交易数量']
### 测试场景"1", 覆盖变量的最大数目为8, 所有变量全部覆盖

## 测试场景"2", 测试用例"第二十七条.2,第二十七条.3,第二十七条.4.1,1_1", 覆盖变量数目为4, 未覆盖的变量包括['交易品种', '交易方式', '交易时间', '单笔交易数量', '交易金额']
## 测试场景"2", 测试用例"第二十七条.2,第二十七条.3,第二十七条.4.2,1_1", 覆盖变量数目为3, 未覆盖的变量包括['交易品种', '交易方式', '交易方向', '交易时间', '单笔交易数量', '交易金额']
## 测试场景"2", 测试用例"第二十七条.5.1.1,1_1", 覆盖变量数目为4, 未覆盖的变量包括['交易品种', '交易方式', '交易时间', '单笔交易数量', '交易金额']
## 测试场景"2", 测试用例"第二十七条.5.1.2,1_1", 覆盖变量数目为3, 未覆盖的变量包括['交易品种', '交易方式', '交易方向', '交易时间', '单笔交易数量', '交易金额']
## 测试场景"2", 测试用例"第二十七条.5.2.1,1_1", 覆盖变量数目为4, 未覆盖的变量包括['交易品种', '交易方式', '交易时间', '单笔交易数量', '交易金额']
## 测试场景"2", 测试用例"第二十七条.5.2.2,1_1", 覆盖变量数目为3, 未覆盖的变量包括['交易品种', '交易方式', '交易方向', '交易时间', '单笔交易数量', '交易金额']
## 测试场景"2", 测试用例"第二十七条.5.3.1,1_1", 覆盖变量数目为4, 未覆盖的变量包括['交易品种', '交易方式', '交易时间', '单笔交易数量', '交易金额']
## 测试场景"2", 测试用例"第二十七条.5.3.2,1_1", 覆盖变量数目为3, 未覆盖的变量包括['交易品种', '交易方式', '交易方向', '交易时间', '单笔交易数量', '交易金额']
## 测试场景"2", 测试用例"第二十七条.5.4.1,1_1", 覆盖变量数目为4, 未覆盖的变量包括['交易品种', '交易方式', '交易时间', '单笔交易数量', '交易金额']
## 测试场景"2", 测试用例"第二十七条.5.4.2,1_1", 覆盖变量数目为3, 未覆盖的变量包括['交易品种', '交易方式', '交易方向', '交易时间', '单笔交易数量', '交易金额']
## 测试场景"2", 测试用例"第二十七条.1.1.1,1_1", 覆盖变量数目为7, 未覆盖的变量包括['单笔交易数量', '交易金额']
## 测试场景"2", 测试用例"第二十七条.1.2.1,1_1", 覆盖变量数目为6, 未覆盖的变量包括['交易方向', '单笔交易数量', '交易金额']
## 测试场景"2", 测试用例"第二十八条.2.1_2", 覆盖变量数目为6, 未覆盖的变量包括['交易方式', '交易时间', '交易金额']
## 测试场景"2", 测试用例"第二十八条.2.1_3", 覆盖变量数目为6, 未覆盖的变量包括['交易方式', '交易时间', '单笔交易数量']
## 测试场景"2", 测试用例"第二十八条.2.1_4", 覆盖变量数目为5, 未覆盖的变量包括['交易方式', '交易时间', '单笔交易数量', '交易金额']
## 测试场景"2", 测试用例"第二十八条.2.2_2", 覆盖变量数目为5, 未覆盖的变量包括['交易方式', '交易方向', '交易时间', '交易金额']
## 测试场景"2", 测试用例"第二十八条.2.2_3", 覆盖变量数目为5, 未覆盖的变量包括['交易方式', '交易方向', '交易时间', '单笔交易数量']
## 测试场景"2", 测试用例"第二十八条.2.2_4", 覆盖变量数目为4, 未覆盖的变量包括['交易方式', '交易方向', '交易时间', '单笔交易数量', '交易金额']
## 测试场景"2", 测试用例"第二十八条.1.1.1_2", 覆盖变量数目为8, 未覆盖的变量包括['交易时间']
## 测试场景"2", 测试用例"第二十八条.1.1.1_3", 覆盖变量数目为6, 未覆盖的变量包括['交易时间', '单笔交易数量', '交易金额']
## 测试场景"2", 测试用例"第二十八条.1.1.1_4", 覆盖变量数目为7, 未覆盖的变量包括['交易时间', '单笔交易数量']
## 测试场景"2", 测试用例"第二十八条.1.2.1_2", 覆盖变量数目为7, 未覆盖的变量包括['交易方向', '交易时间']
## 测试场景"2", 测试用例"第二十八条.1.2.1_3", 覆盖变量数目为5, 未覆盖的变量包括['交易方向', '交易时间', '单笔交易数量', '交易金额']
## 测试场景"2", 测试用例"第二十八条.1.2.1_4", 覆盖变量数目为6, 未覆盖的变量包括['交易方向', '交易时间', '单笔交易数量']
## 测试场景"2", 测试用例"第二十九条.2,第二十九条.4,第二十九条.6.1.1,1_1", 覆盖变量数目为4, 未覆盖的变量包括['交易品种', '交易方式', '交易时间', '单笔交易数量', '交易金额']
## 测试场景"2", 测试用例"第二十九条.2,第二十九条.4,第二十九条.6.1.2,1_1", 覆盖变量数目为3, 未覆盖的变量包括['交易品种', '交易方式', '交易方向', '交易时间', '单笔交易数量', '交易金额']
## 测试场景"2", 测试用例"第二十九条.2,第二十九条.4,第二十九条.6.2.1,1_1", 覆盖变量数目为4, 未覆盖的变量包括['交易品种', '交易方式', '交易时间', '单笔交易数量', '交易金额']
## 测试场景"2", 测试用例"第二十九条.2,第二十九条.4,第二十九条.6.2.2,1_1", 覆盖变量数目为3, 未覆盖的变量包括['交易品种', '交易方式', '交易方向', '交易时间', '单笔交易数量', '交易金额']
## 测试场景"2", 测试用例"第二十九条.2,第二十九条.4,第二十九条.6.3.1,1_1", 覆盖变量数目为4, 未覆盖的变量包括['交易品种', '交易方式', '交易时间', '单笔交易数量', '交易金额']
## 测试场景"2", 测试用例"第二十九条.2,第二十九条.4,第二十九条.6.3.2,1_1", 覆盖变量数目为3, 未覆盖的变量包括['交易品种', '交易方式', '交易方向', '交易时间', '单笔交易数量', '交易金额']
## 测试场景"2", 测试用例"第二十九条.2,第二十九条.4,第二十九条.6.4.1,1_1", 覆盖变量数目为4, 未覆盖的变量包括['交易品种', '交易方式', '交易时间', '单笔交易数量', '交易金额']
## 测试场景"2", 测试用例"第二十九条.2,第二十九条.4,第二十九条.6.4.2,1_1", 覆盖变量数目为3, 未覆盖的变量包括['交易品种', '交易方式', '交易方向', '交易时间', '单笔交易数量', '交易金额']
## 测试场景"2", 测试用例"第三十一条.2.1.1,1_1", 覆盖变量数目为5, 未覆盖的变量包括['交易品种', '交易时间', '单笔交易数量', '交易金额']
## 测试场景"2", 测试用例"第三十一条.2.1.2,1_1", 覆盖变量数目为4, 未覆盖的变量包括['交易品种', '交易方向', '交易时间', '单笔交易数量', '交易金额']
## 测试场景"2", 测试用例"第三十一条.2.2.1,1_1", 覆盖变量数目为5, 未覆盖的变量包括['交易品种', '交易时间', '单笔交易数量', '交易金额']
## 测试场景"2", 测试用例"第三十一条.2.2.2,1_1", 覆盖变量数目为4, 未覆盖的变量包括['交易品种', '交易方向', '交易时间', '单笔交易数量', '交易金额']
## 测试场景"2", 测试用例"第三十一条.2.3.1,1_1", 覆盖变量数目为5, 未覆盖的变量包括['交易品种', '交易时间', '单笔交易数量', '交易金额']
## 测试场景"2", 测试用例"第三十一条.2.3.2,1_1", 覆盖变量数目为4, 未覆盖的变量包括['交易品种', '交易方向', '交易时间', '单笔交易数量', '交易金额']
## 测试场景"2", 测试用例"第三十一条.2.4.1,1_1", 覆盖变量数目为5, 未覆盖的变量包括['交易品种', '交易时间', '单笔交易数量', '交易金额']
## 测试场景"2", 测试用例"第三十一条.2.4.2,1_1", 覆盖变量数目为4, 未覆盖的变量包括['交易品种', '交易方向', '交易时间', '单笔交易数量', '交易金额']
## 测试场景"2", 测试用例"第三十一条.1.1.1,1_1", 覆盖变量数目为6, 未覆盖的变量包括['交易时间', '单笔交易数量', '交易金额']
## 测试场景"2", 测试用例"第三十一条.1.2.1,1_1", 覆盖变量数目为5, 未覆盖的变量包括['交易方向', '交易时间', '单笔交易数量', '交易金额']
### 测试场景"2", 覆盖变量的最大数目为9, 所有变量全部覆盖

## 测试场景"3", 测试用例"第二十七条.6.1_1", 覆盖变量数目为4, 未覆盖的变量包括['交易品种', '交易方式', '交易时间', '单笔交易数量', '交易金额']
## 测试场景"3", 测试用例"第二十七条.6.2_1", 覆盖变量数目为3, 未覆盖的变量包括['交易品种', '交易方式', '交易方向', '交易时间', '单笔交易数量', '交易金额']
## 测试场景"3", 测试用例"第二十七条.5.1.1,1_2", 覆盖变量数目为4, 未覆盖的变量包括['交易品种', '交易方式', '交易时间', '单笔交易数量', '交易金额']
## 测试场景"3", 测试用例"第二十七条.5.1.2,1_2", 覆盖变量数目为3, 未覆盖的变量包括['交易品种', '交易方式', '交易方向', '交易时间', '单笔交易数量', '交易金额']
## 测试场景"3", 测试用例"第二十七条.5.2.1,1_2", 覆盖变量数目为4, 未覆盖的变量包括['交易品种', '交易方式', '交易时间', '单笔交易数量', '交易金额']
## 测试场景"3", 测试用例"第二十七条.5.2.2,1_2", 覆盖变量数目为3, 未覆盖的变量包括['交易品种', '交易方式', '交易方向', '交易时间', '单笔交易数量', '交易金额']
## 测试场景"3", 测试用例"第二十七条.5.3.1,1_2", 覆盖变量数目为4, 未覆盖的变量包括['交易品种', '交易方式', '交易时间', '单笔交易数量', '交易金额']
## 测试场景"3", 测试用例"第二十七条.5.3.2,1_2", 覆盖变量数目为3, 未覆盖的变量包括['交易品种', '交易方式', '交易方向', '交易时间', '单笔交易数量', '交易金额']
## 测试场景"3", 测试用例"第二十七条.5.4.1,1_2", 覆盖变量数目为4, 未覆盖的变量包括['交易品种', '交易方式', '交易时间', '单笔交易数量', '交易金额']
## 测试场景"3", 测试用例"第二十七条.5.4.2,1_2", 覆盖变量数目为3, 未覆盖的变量包括['交易品种', '交易方式', '交易方向', '交易时间', '单笔交易数量', '交易金额']
## 测试场景"3", 测试用例"第二十七条.1.1.1,1_2", 覆盖变量数目为6, 未覆盖的变量包括['交易时间', '单笔交易数量', '交易金额']
## 测试场景"3", 测试用例"第二十七条.1.2.1,1_2", 覆盖变量数目为5, 未覆盖的变量包括['交易方向', '交易时间', '单笔交易数量', '交易金额']
## 测试场景"3", 测试用例"第二十八条.2.1_1", 覆盖变量数目为6, 未覆盖的变量包括['交易方式', '交易时间', '交易金额']
## 测试场景"3", 测试用例"第二十八条.2.2_1", 覆盖变量数目为5, 未覆盖的变量包括['交易方式', '交易方向', '交易时间', '交易金额']
## 测试场景"3", 测试用例"第二十八条.1.1.1_1", 覆盖变量数目为8, 未覆盖的变量包括['交易时间']
## 测试场景"3", 测试用例"第二十八条.1.2.1_1", 覆盖变量数目为7, 未覆盖的变量包括['交易方向', '交易时间']
## 测试场景"3", 测试用例"第三十一条.2.1.1,1_2", 覆盖变量数目为5, 未覆盖的变量包括['交易品种', '交易时间', '单笔交易数量', '交易金额']
## 测试场景"3", 测试用例"第三十一条.2.1.1,1_3", 覆盖变量数目为5, 未覆盖的变量包括['交易品种', '交易时间', '单笔交易数量', '交易金额']
## 测试场景"3", 测试用例"第三十一条.2.1.1,1_4", 覆盖变量数目为5, 未覆盖的变量包括['交易品种', '交易时间', '单笔交易数量', '交易金额']
## 测试场景"3", 测试用例"第三十一条.2.1.2,1_2", 覆盖变量数目为4, 未覆盖的变量包括['交易品种', '交易方向', '交易时间', '单笔交易数量', '交易金额']
## 测试场景"3", 测试用例"第三十一条.2.1.2,1_3", 覆盖变量数目为4, 未覆盖的变量包括['交易品种', '交易方向', '交易时间', '单笔交易数量', '交易金额']
## 测试场景"3", 测试用例"第三十一条.2.1.2,1_4", 覆盖变量数目为4, 未覆盖的变量包括['交易品种', '交易方向', '交易时间', '单笔交易数量', '交易金额']
## 测试场景"3", 测试用例"第三十一条.2.2.1,1_2", 覆盖变量数目为5, 未覆盖的变量包括['交易品种', '交易时间', '单笔交易数量', '交易金额']
## 测试场景"3", 测试用例"第三十一条.2.2.1,1_3", 覆盖变量数目为5, 未覆盖的变量包括['交易品种', '交易时间', '单笔交易数量', '交易金额']
## 测试场景"3", 测试用例"第三十一条.2.2.1,1_4", 覆盖变量数目为5, 未覆盖的变量包括['交易品种', '交易时间', '单笔交易数量', '交易金额']
## 测试场景"3", 测试用例"第三十一条.2.2.2,1_2", 覆盖变量数目为4, 未覆盖的变量包括['交易品种', '交易方向', '交易时间', '单笔交易数量', '交易金额']
## 测试场景"3", 测试用例"第三十一条.2.2.2,1_3", 覆盖变量数目为4, 未覆盖的变量包括['交易品种', '交易方向', '交易时间', '单笔交易数量', '交易金额']
## 测试场景"3", 测试用例"第三十一条.2.2.2,1_4", 覆盖变量数目为4, 未覆盖的变量包括['交易品种', '交易方向', '交易时间', '单笔交易数量', '交易金额']
## 测试场景"3", 测试用例"第三十一条.2.3.1,1_2", 覆盖变量数目为5, 未覆盖的变量包括['交易品种', '交易时间', '单笔交易数量', '交易金额']
## 测试场景"3", 测试用例"第三十一条.2.3.1,1_3", 覆盖变量数目为5, 未覆盖的变量包括['交易品种', '交易时间', '单笔交易数量', '交易金额']
## 测试场景"3", 测试用例"第三十一条.2.3.1,1_4", 覆盖变量数目为5, 未覆盖的变量包括['交易品种', '交易时间', '单笔交易数量', '交易金额']
## 测试场景"3", 测试用例"第三十一条.2.3.2,1_2", 覆盖变量数目为4, 未覆盖的变量包括['交易品种', '交易方向', '交易时间', '单笔交易数量', '交易金额']
## 测试场景"3", 测试用例"第三十一条.2.3.2,1_3", 覆盖变量数目为4, 未覆盖的变量包括['交易品种', '交易方向', '交易时间', '单笔交易数量', '交易金额']
## 测试场景"3", 测试用例"第三十一条.2.3.2,1_4", 覆盖变量数目为4, 未覆盖的变量包括['交易品种', '交易方向', '交易时间', '单笔交易数量', '交易金额']
## 测试场景"3", 测试用例"第三十一条.2.4.1,1_2", 覆盖变量数目为5, 未覆盖的变量包括['交易品种', '交易时间', '单笔交易数量', '交易金额']
## 测试场景"3", 测试用例"第三十一条.2.4.1,1_3", 覆盖变量数目为5, 未覆盖的变量包括['交易品种', '交易时间', '单笔交易数量', '交易金额']
## 测试场景"3", 测试用例"第三十一条.2.4.1,1_4", 覆盖变量数目为5, 未覆盖的变量包括['交易品种', '交易时间', '单笔交易数量', '交易金额']
## 测试场景"3", 测试用例"第三十一条.2.4.2,1_2", 覆盖变量数目为4, 未覆盖的变量包括['交易品种', '交易方向', '交易时间', '单笔交易数量', '交易金额']
## 测试场景"3", 测试用例"第三十一条.2.4.2,1_3", 覆盖变量数目为4, 未覆盖的变量包括['交易品种', '交易方向', '交易时间', '单笔交易数量', '交易金额']
## 测试场景"3", 测试用例"第三十一条.2.4.2,1_4", 覆盖变量数目为4, 未覆盖的变量包括['交易品种', '交易方向', '交易时间', '单笔交易数量', '交易金额']
## 测试场景"3", 测试用例"第三十一条.1.1.1,1_2", 覆盖变量数目为6, 未覆盖的变量包括['交易时间', '单笔交易数量', '交易金额']
## 测试场景"3", 测试用例"第三十一条.1.1.1,1_3", 覆盖变量数目为6, 未覆盖的变量包括['交易时间', '单笔交易数量', '交易金额']
## 测试场景"3", 测试用例"第三十一条.1.1.1,1_4", 覆盖变量数目为6, 未覆盖的变量包括['交易时间', '单笔交易数量', '交易金额']
## 测试场景"3", 测试用例"第三十一条.1.2.1,1_2", 覆盖变量数目为5, 未覆盖的变量包括['交易方向', '交易时间', '单笔交易数量', '交易金额']
## 测试场景"3", 测试用例"第三十一条.1.2.1,1_3", 覆盖变量数目为5, 未覆盖的变量包括['交易方向', '交易时间', '单笔交易数量', '交易金额']
## 测试场景"3", 测试用例"第三十一条.1.2.1,1_4", 覆盖变量数目为5, 未覆盖的变量包括['交易方向', '交易时间', '单笔交易数量', '交易金额']
### 测试场景"3", 覆盖变量的最大数目为8, 整体未覆盖的变量包括['交易时间']

## 测试场景"4", 测试用例"第二十七条.6.1_1", 覆盖变量数目为4, 未覆盖的变量包括['交易品种', '交易方式', '交易时间']
## 测试场景"4", 测试用例"第二十七条.6.2_1", 覆盖变量数目为3, 未覆盖的变量包括['交易品种', '交易方式', '交易方向', '交易时间']
## 测试场景"4", 测试用例"第二十七条.5.1.1,1_2", 覆盖变量数目为4, 未覆盖的变量包括['交易品种', '交易方式', '交易时间']
## 测试场景"4", 测试用例"第二十七条.5.1.2,1_2", 覆盖变量数目为3, 未覆盖的变量包括['交易品种', '交易方式', '交易方向', '交易时间']
## 测试场景"4", 测试用例"第二十七条.5.2.1,1_2", 覆盖变量数目为4, 未覆盖的变量包括['交易品种', '交易方式', '交易时间']
## 测试场景"4", 测试用例"第二十七条.5.2.2,1_2", 覆盖变量数目为3, 未覆盖的变量包括['交易品种', '交易方式', '交易方向', '交易时间']
## 测试场景"4", 测试用例"第二十七条.5.3.1,1_2", 覆盖变量数目为4, 未覆盖的变量包括['交易品种', '交易方式', '交易时间']
## 测试场景"4", 测试用例"第二十七条.5.3.2,1_2", 覆盖变量数目为3, 未覆盖的变量包括['交易品种', '交易方式', '交易方向', '交易时间']
## 测试场景"4", 测试用例"第二十七条.5.4.1,1_2", 覆盖变量数目为4, 未覆盖的变量包括['交易品种', '交易方式', '交易时间']
## 测试场景"4", 测试用例"第二十七条.5.4.2,1_2", 覆盖变量数目为3, 未覆盖的变量包括['交易品种', '交易方式', '交易方向', '交易时间']
## 测试场景"4", 测试用例"第二十七条.1.1.1,1_2", 覆盖变量数目为7, 未覆盖的变量包括[]
## 测试场景"4", 测试用例"第二十七条.1.2.1,1_2", 覆盖变量数目为6, 未覆盖的变量包括['交易方向']
## 测试场景"4", 测试用例"第二十八条.2.1_1", 覆盖变量数目为5, 未覆盖的变量包括['交易方式', '交易时间']
## 测试场景"4", 测试用例"第二十八条.2.2_1", 覆盖变量数目为4, 未覆盖的变量包括['交易方式', '交易方向', '交易时间']
## 测试场景"4", 测试用例"第二十八条.1.1.1_1", 覆盖变量数目为6, 未覆盖的变量包括['交易时间']
## 测试场景"4", 测试用例"第二十八条.1.2.1_1", 覆盖变量数目为5, 未覆盖的变量包括['交易方向', '交易时间']
## 测试场景"4", 测试用例"第三十一条.2.1.1,1_2", 覆盖变量数目为5, 未覆盖的变量包括['交易品种', '交易时间']
## 测试场景"4", 测试用例"第三十一条.2.1.1,1_3", 覆盖变量数目为5, 未覆盖的变量包括['交易品种', '交易时间']
## 测试场景"4", 测试用例"第三十一条.2.1.1,1_4", 覆盖变量数目为5, 未覆盖的变量包括['交易品种', '交易时间']
## 测试场景"4", 测试用例"第三十一条.2.1.2,1_2", 覆盖变量数目为4, 未覆盖的变量包括['交易品种', '交易方向', '交易时间']
## 测试场景"4", 测试用例"第三十一条.2.1.2,1_3", 覆盖变量数目为4, 未覆盖的变量包括['交易品种', '交易方向', '交易时间']
## 测试场景"4", 测试用例"第三十一条.2.1.2,1_4", 覆盖变量数目为4, 未覆盖的变量包括['交易品种', '交易方向', '交易时间']
## 测试场景"4", 测试用例"第三十一条.2.2.1,1_2", 覆盖变量数目为5, 未覆盖的变量包括['交易品种', '交易时间']
## 测试场景"4", 测试用例"第三十一条.2.2.1,1_3", 覆盖变量数目为5, 未覆盖的变量包括['交易品种', '交易时间']
## 测试场景"4", 测试用例"第三十一条.2.2.1,1_4", 覆盖变量数目为5, 未覆盖的变量包括['交易品种', '交易时间']
## 测试场景"4", 测试用例"第三十一条.2.2.2,1_2", 覆盖变量数目为4, 未覆盖的变量包括['交易品种', '交易方向', '交易时间']
## 测试场景"4", 测试用例"第三十一条.2.2.2,1_3", 覆盖变量数目为4, 未覆盖的变量包括['交易品种', '交易方向', '交易时间']
## 测试场景"4", 测试用例"第三十一条.2.2.2,1_4", 覆盖变量数目为4, 未覆盖的变量包括['交易品种', '交易方向', '交易时间']
## 测试场景"4", 测试用例"第三十一条.2.3.1,1_2", 覆盖变量数目为5, 未覆盖的变量包括['交易品种', '交易时间']
## 测试场景"4", 测试用例"第三十一条.2.3.1,1_3", 覆盖变量数目为5, 未覆盖的变量包括['交易品种', '交易时间']
## 测试场景"4", 测试用例"第三十一条.2.3.1,1_4", 覆盖变量数目为5, 未覆盖的变量包括['交易品种', '交易时间']
## 测试场景"4", 测试用例"第三十一条.2.3.2,1_2", 覆盖变量数目为4, 未覆盖的变量包括['交易品种', '交易方向', '交易时间']
## 测试场景"4", 测试用例"第三十一条.2.3.2,1_3", 覆盖变量数目为4, 未覆盖的变量包括['交易品种', '交易方向', '交易时间']
## 测试场景"4", 测试用例"第三十一条.2.3.2,1_4", 覆盖变量数目为4, 未覆盖的变量包括['交易品种', '交易方向', '交易时间']
## 测试场景"4", 测试用例"第三十一条.2.4.1,1_2", 覆盖变量数目为5, 未覆盖的变量包括['交易品种', '交易时间']
## 测试场景"4", 测试用例"第三十一条.2.4.1,1_3", 覆盖变量数目为5, 未覆盖的变量包括['交易品种', '交易时间']
## 测试场景"4", 测试用例"第三十一条.2.4.1,1_4", 覆盖变量数目为5, 未覆盖的变量包括['交易品种', '交易时间']
## 测试场景"4", 测试用例"第三十一条.2.4.2,1_2", 覆盖变量数目为4, 未覆盖的变量包括['交易品种', '交易方向', '交易时间']
## 测试场景"4", 测试用例"第三十一条.2.4.2,1_3", 覆盖变量数目为4, 未覆盖的变量包括['交易品种', '交易方向', '交易时间']
## 测试场景"4", 测试用例"第三十一条.2.4.2,1_4", 覆盖变量数目为4, 未覆盖的变量包括['交易品种', '交易方向', '交易时间']
## 测试场景"4", 测试用例"第三十一条.1.1.1,1_2", 覆盖变量数目为6, 未覆盖的变量包括['交易时间']
## 测试场景"4", 测试用例"第三十一条.1.1.1,1_3", 覆盖变量数目为6, 未覆盖的变量包括['交易时间']
## 测试场景"4", 测试用例"第三十一条.1.1.1,1_4", 覆盖变量数目为6, 未覆盖的变量包括['交易时间']
## 测试场景"4", 测试用例"第三十一条.1.2.1,1_2", 覆盖变量数目为5, 未覆盖的变量包括['交易方向', '交易时间']
## 测试场景"4", 测试用例"第三十一条.1.2.1,1_3", 覆盖变量数目为5, 未覆盖的变量包括['交易方向', '交易时间']
## 测试场景"4", 测试用例"第三十一条.1.2.1,1_4", 覆盖变量数目为5, 未覆盖的变量包括['交易方向', '交易时间']
### 测试场景"4", 覆盖变量的最大数目为7, 所有变量全部覆盖

## 测试场景"5", 测试用例"第二十七条.6.1_1", 覆盖变量数目为4, 未覆盖的变量包括['交易品种', '交易方式', '状态']
## 测试场景"5", 测试用例"第二十七条.6.2_1", 覆盖变量数目为3, 未覆盖的变量包括['交易品种', '交易方式', '交易方向', '状态']
## 测试场景"5", 测试用例"第二十七条.5.1.1,1_2", 覆盖变量数目为4, 未覆盖的变量包括['交易品种', '交易方式', '状态']
## 测试场景"5", 测试用例"第二十七条.5.1.2,1_2", 覆盖变量数目为3, 未覆盖的变量包括['交易品种', '交易方式', '交易方向', '状态']
## 测试场景"5", 测试用例"第二十七条.5.2.1,1_2", 覆盖变量数目为4, 未覆盖的变量包括['交易品种', '交易方式', '状态']
## 测试场景"5", 测试用例"第二十七条.5.2.2,1_2", 覆盖变量数目为3, 未覆盖的变量包括['交易品种', '交易方式', '交易方向', '状态']
## 测试场景"5", 测试用例"第二十七条.5.3.1,1_2", 覆盖变量数目为4, 未覆盖的变量包括['交易品种', '交易方式', '状态']
## 测试场景"5", 测试用例"第二十七条.5.3.2,1_2", 覆盖变量数目为3, 未覆盖的变量包括['交易品种', '交易方式', '交易方向', '状态']
## 测试场景"5", 测试用例"第二十七条.5.4.1,1_2", 覆盖变量数目为4, 未覆盖的变量包括['交易品种', '交易方式', '状态']
## 测试场景"5", 测试用例"第二十七条.5.4.2,1_2", 覆盖变量数目为3, 未覆盖的变量包括['交易品种', '交易方式', '交易方向', '状态']
## 测试场景"5", 测试用例"第二十七条.1.1.1,1_2", 覆盖变量数目为6, 未覆盖的变量包括['状态']
## 测试场景"5", 测试用例"第二十七条.1.2.1,1_2", 覆盖变量数目为5, 未覆盖的变量包括['交易方向', '状态']
## 测试场景"5", 测试用例"第二十八条.2.1_1", 覆盖变量数目为5, 未覆盖的变量包括['交易方式', '状态']
## 测试场景"5", 测试用例"第二十八条.2.2_1", 覆盖变量数目为4, 未覆盖的变量包括['交易方式', '交易方向', '状态']
## 测试场景"5", 测试用例"第二十八条.1.1.1_1", 覆盖变量数目为6, 未覆盖的变量包括['状态']
## 测试场景"5", 测试用例"第二十八条.1.2.1_1", 覆盖变量数目为5, 未覆盖的变量包括['交易方向', '状态']
## 测试场景"5", 测试用例"第三十一条.2.1.1,1_2", 覆盖变量数目为5, 未覆盖的变量包括['交易品种', '状态']
## 测试场景"5", 测试用例"第三十一条.2.1.1,1_3", 覆盖变量数目为5, 未覆盖的变量包括['交易品种', '状态']
## 测试场景"5", 测试用例"第三十一条.2.1.1,1_4", 覆盖变量数目为5, 未覆盖的变量包括['交易品种', '状态']
## 测试场景"5", 测试用例"第三十一条.2.1.2,1_2", 覆盖变量数目为4, 未覆盖的变量包括['交易品种', '交易方向', '状态']
## 测试场景"5", 测试用例"第三十一条.2.1.2,1_3", 覆盖变量数目为4, 未覆盖的变量包括['交易品种', '交易方向', '状态']
## 测试场景"5", 测试用例"第三十一条.2.1.2,1_4", 覆盖变量数目为4, 未覆盖的变量包括['交易品种', '交易方向', '状态']
## 测试场景"5", 测试用例"第三十一条.2.2.1,1_2", 覆盖变量数目为5, 未覆盖的变量包括['交易品种', '状态']
## 测试场景"5", 测试用例"第三十一条.2.2.1,1_3", 覆盖变量数目为5, 未覆盖的变量包括['交易品种', '状态']
## 测试场景"5", 测试用例"第三十一条.2.2.1,1_4", 覆盖变量数目为5, 未覆盖的变量包括['交易品种', '状态']
## 测试场景"5", 测试用例"第三十一条.2.2.2,1_2", 覆盖变量数目为4, 未覆盖的变量包括['交易品种', '交易方向', '状态']
## 测试场景"5", 测试用例"第三十一条.2.2.2,1_3", 覆盖变量数目为4, 未覆盖的变量包括['交易品种', '交易方向', '状态']
## 测试场景"5", 测试用例"第三十一条.2.2.2,1_4", 覆盖变量数目为4, 未覆盖的变量包括['交易品种', '交易方向', '状态']
## 测试场景"5", 测试用例"第三十一条.2.3.1,1_2", 覆盖变量数目为5, 未覆盖的变量包括['交易品种', '状态']
## 测试场景"5", 测试用例"第三十一条.2.3.1,1_3", 覆盖变量数目为5, 未覆盖的变量包括['交易品种', '状态']
## 测试场景"5", 测试用例"第三十一条.2.3.1,1_4", 覆盖变量数目为5, 未覆盖的变量包括['交易品种', '状态']
## 测试场景"5", 测试用例"第三十一条.2.3.2,1_2", 覆盖变量数目为4, 未覆盖的变量包括['交易品种', '交易方向', '状态']
## 测试场景"5", 测试用例"第三十一条.2.3.2,1_3", 覆盖变量数目为4, 未覆盖的变量包括['交易品种', '交易方向', '状态']
## 测试场景"5", 测试用例"第三十一条.2.3.2,1_4", 覆盖变量数目为4, 未覆盖的变量包括['交易品种', '交易方向', '状态']
## 测试场景"5", 测试用例"第三十一条.2.4.1,1_2", 覆盖变量数目为5, 未覆盖的变量包括['交易品种', '状态']
## 测试场景"5", 测试用例"第三十一条.2.4.1,1_3", 覆盖变量数目为5, 未覆盖的变量包括['交易品种', '状态']
## 测试场景"5", 测试用例"第三十一条.2.4.1,1_4", 覆盖变量数目为5, 未覆盖的变量包括['交易品种', '状态']
## 测试场景"5", 测试用例"第三十一条.2.4.2,1_2", 覆盖变量数目为4, 未覆盖的变量包括['交易品种', '交易方向', '状态']
## 测试场景"5", 测试用例"第三十一条.2.4.2,1_3", 覆盖变量数目为4, 未覆盖的变量包括['交易品种', '交易方向', '状态']
## 测试场景"5", 测试用例"第三十一条.2.4.2,1_4", 覆盖变量数目为4, 未覆盖的变量包括['交易品种', '交易方向', '状态']
## 测试场景"5", 测试用例"第三十一条.1.1.1,1_2", 覆盖变量数目为6, 未覆盖的变量包括['状态']
## 测试场景"5", 测试用例"第三十一条.1.1.1,1_3", 覆盖变量数目为6, 未覆盖的变量包括['状态']
## 测试场景"5", 测试用例"第三十一条.1.1.1,1_4", 覆盖变量数目为6, 未覆盖的变量包括['状态']
## 测试场景"5", 测试用例"第三十一条.1.2.1,1_2", 覆盖变量数目为5, 未覆盖的变量包括['交易方向', '状态']
## 测试场景"5", 测试用例"第三十一条.1.2.1,1_3", 覆盖变量数目为5, 未覆盖的变量包括['交易方向', '状态']
## 测试场景"5", 测试用例"第三十一条.1.2.1,1_4", 覆盖变量数目为5, 未覆盖的变量包括['交易方向', '状态']
### 测试场景"5", 覆盖变量的最大数目为6, 整体未覆盖的变量包括['状态']

## 测试场景"6", 测试用例"第二十七条.2,第二十七条.3,第二十七条.4.1,1_1", 覆盖变量数目为3, 未覆盖的变量包括['交易品种', '交易方式', '交易方向', '交易时间', '单笔交易数量']
## 测试场景"6", 测试用例"第二十七条.2,第二十七条.3,第二十七条.4.2,1_1", 覆盖变量数目为4, 未覆盖的变量包括['交易品种', '交易方式', '交易时间', '单笔交易数量']
## 测试场景"6", 测试用例"第二十七条.5.1.1,1_1", 覆盖变量数目为3, 未覆盖的变量包括['交易品种', '交易方式', '交易方向', '交易时间', '单笔交易数量']
## 测试场景"6", 测试用例"第二十七条.5.1.2,1_1", 覆盖变量数目为4, 未覆盖的变量包括['交易品种', '交易方式', '交易时间', '单笔交易数量']
## 测试场景"6", 测试用例"第二十七条.5.2.1,1_1", 覆盖变量数目为3, 未覆盖的变量包括['交易品种', '交易方式', '交易方向', '交易时间', '单笔交易数量']
## 测试场景"6", 测试用例"第二十七条.5.2.2,1_1", 覆盖变量数目为4, 未覆盖的变量包括['交易品种', '交易方式', '交易时间', '单笔交易数量']
## 测试场景"6", 测试用例"第二十七条.5.3.1,1_1", 覆盖变量数目为3, 未覆盖的变量包括['交易品种', '交易方式', '交易方向', '交易时间', '单笔交易数量']
## 测试场景"6", 测试用例"第二十七条.5.3.2,1_1", 覆盖变量数目为4, 未覆盖的变量包括['交易品种', '交易方式', '交易时间', '单笔交易数量']
## 测试场景"6", 测试用例"第二十七条.5.4.1,1_1", 覆盖变量数目为3, 未覆盖的变量包括['交易品种', '交易方式', '交易方向', '交易时间', '单笔交易数量']
## 测试场景"6", 测试用例"第二十七条.5.4.2,1_1", 覆盖变量数目为4, 未覆盖的变量包括['交易品种', '交易方式', '交易时间', '单笔交易数量']
## 测试场景"6", 测试用例"第二十七条.1.1.1,1_1", 覆盖变量数目为6, 未覆盖的变量包括['交易方向', '单笔交易数量']
## 测试场景"6", 测试用例"第二十七条.1.2.1,1_1", 覆盖变量数目为7, 未覆盖的变量包括['单笔交易数量']
## 测试场景"6", 测试用例"第二十八条.2.1_2", 覆盖变量数目为4, 未覆盖的变量包括['交易方式', '交易方向', '交易时间', '单笔交易数量']
## 测试场景"6", 测试用例"第二十八条.2.1_3", 覆盖变量数目为5, 未覆盖的变量包括['交易方式', '交易方向', '交易时间']
## 测试场景"6", 测试用例"第二十八条.2.1_4", 覆盖变量数目为5, 未覆盖的变量包括['交易方式', '交易方向', '交易时间']
## 测试场景"6", 测试用例"第二十八条.2.2_2", 覆盖变量数目为5, 未覆盖的变量包括['交易方式', '交易时间', '单笔交易数量']
## 测试场景"6", 测试用例"第二十八条.2.2_3", 覆盖变量数目为6, 未覆盖的变量包括['交易方式', '交易时间']
## 测试场景"6", 测试用例"第二十八条.2.2_4", 覆盖变量数目为6, 未覆盖的变量包括['交易方式', '交易时间']
## 测试场景"6", 测试用例"第二十八条.1.1.1_2", 覆盖变量数目为5, 未覆盖的变量包括['交易方向', '交易时间', '单笔交易数量']
## 测试场景"6", 测试用例"第二十八条.1.1.1_3", 覆盖变量数目为6, 未覆盖的变量包括['交易方向', '交易时间']
## 测试场景"6", 测试用例"第二十八条.1.1.1_4", 覆盖变量数目为6, 未覆盖的变量包括['交易方向', '交易时间']
## 测试场景"6", 测试用例"第二十八条.1.2.1_2", 覆盖变量数目为6, 未覆盖的变量包括['交易时间', '单笔交易数量']
## 测试场景"6", 测试用例"第二十八条.1.2.1_3", 覆盖变量数目为7, 未覆盖的变量包括['交易时间']
## 测试场景"6", 测试用例"第二十八条.1.2.1_4", 覆盖变量数目为7, 未覆盖的变量包括['交易时间']
## 测试场景"6", 测试用例"第二十九条.2,第二十九条.4,第二十九条.6.1.1,1_1", 覆盖变量数目为3, 未覆盖的变量包括['交易品种', '交易方式', '交易方向', '交易时间', '单笔交易数量']
## 测试场景"6", 测试用例"第二十九条.2,第二十九条.4,第二十九条.6.1.2,1_1", 覆盖变量数目为4, 未覆盖的变量包括['交易品种', '交易方式', '交易时间', '单笔交易数量']
## 测试场景"6", 测试用例"第二十九条.2,第二十九条.4,第二十九条.6.2.1,1_1", 覆盖变量数目为3, 未覆盖的变量包括['交易品种', '交易方式', '交易方向', '交易时间', '单笔交易数量']
## 测试场景"6", 测试用例"第二十九条.2,第二十九条.4,第二十九条.6.2.2,1_1", 覆盖变量数目为4, 未覆盖的变量包括['交易品种', '交易方式', '交易时间', '单笔交易数量']
## 测试场景"6", 测试用例"第二十九条.2,第二十九条.4,第二十九条.6.3.1,1_1", 覆盖变量数目为3, 未覆盖的变量包括['交易品种', '交易方式', '交易方向', '交易时间', '单笔交易数量']
## 测试场景"6", 测试用例"第二十九条.2,第二十九条.4,第二十九条.6.3.2,1_1", 覆盖变量数目为4, 未覆盖的变量包括['交易品种', '交易方式', '交易时间', '单笔交易数量']
## 测试场景"6", 测试用例"第二十九条.2,第二十九条.4,第二十九条.6.4.1,1_1", 覆盖变量数目为3, 未覆盖的变量包括['交易品种', '交易方式', '交易方向', '交易时间', '单笔交易数量']
## 测试场景"6", 测试用例"第二十九条.2,第二十九条.4,第二十九条.6.4.2,1_1", 覆盖变量数目为4, 未覆盖的变量包括['交易品种', '交易方式', '交易时间', '单笔交易数量']
## 测试场景"6", 测试用例"第三十一条.2.1.1,1_1", 覆盖变量数目为4, 未覆盖的变量包括['交易品种', '交易方向', '交易时间', '单笔交易数量']
## 测试场景"6", 测试用例"第三十一条.2.1.2,1_1", 覆盖变量数目为5, 未覆盖的变量包括['交易品种', '交易时间', '单笔交易数量']
## 测试场景"6", 测试用例"第三十一条.2.2.1,1_1", 覆盖变量数目为4, 未覆盖的变量包括['交易品种', '交易方向', '交易时间', '单笔交易数量']
## 测试场景"6", 测试用例"第三十一条.2.2.2,1_1", 覆盖变量数目为5, 未覆盖的变量包括['交易品种', '交易时间', '单笔交易数量']
## 测试场景"6", 测试用例"第三十一条.2.3.1,1_1", 覆盖变量数目为4, 未覆盖的变量包括['交易品种', '交易方向', '交易时间', '单笔交易数量']
## 测试场景"6", 测试用例"第三十一条.2.3.2,1_1", 覆盖变量数目为5, 未覆盖的变量包括['交易品种', '交易时间', '单笔交易数量']
## 测试场景"6", 测试用例"第三十一条.2.4.1,1_1", 覆盖变量数目为4, 未覆盖的变量包括['交易品种', '交易方向', '交易时间', '单笔交易数量']
## 测试场景"6", 测试用例"第三十一条.2.4.2,1_1", 覆盖变量数目为5, 未覆盖的变量包括['交易品种', '交易时间', '单笔交易数量']
## 测试场景"6", 测试用例"第三十一条.1.1.1,1_1", 覆盖变量数目为5, 未覆盖的变量包括['交易方向', '交易时间', '单笔交易数量']
## 测试场景"6", 测试用例"第三十一条.1.2.1,1_1", 覆盖变量数目为6, 未覆盖的变量包括['交易时间', '单笔交易数量']
### 测试场景"6", 覆盖变量的最大数目为8, 所有变量全部覆盖

## 测试场景"7", 测试用例"第二十七条.2,第二十七条.3,第二十七条.4.1,1_1", 覆盖变量数目为3, 未覆盖的变量包括['交易品种', '交易方式', '交易方向', '交易时间', '单笔交易数量', '交易金额']
## 测试场景"7", 测试用例"第二十七条.2,第二十七条.3,第二十七条.4.2,1_1", 覆盖变量数目为4, 未覆盖的变量包括['交易品种', '交易方式', '交易时间', '单笔交易数量', '交易金额']
## 测试场景"7", 测试用例"第二十七条.5.1.1,1_1", 覆盖变量数目为3, 未覆盖的变量包括['交易品种', '交易方式', '交易方向', '交易时间', '单笔交易数量', '交易金额']
## 测试场景"7", 测试用例"第二十七条.5.1.2,1_1", 覆盖变量数目为4, 未覆盖的变量包括['交易品种', '交易方式', '交易时间', '单笔交易数量', '交易金额']
## 测试场景"7", 测试用例"第二十七条.5.2.1,1_1", 覆盖变量数目为3, 未覆盖的变量包括['交易品种', '交易方式', '交易方向', '交易时间', '单笔交易数量', '交易金额']
## 测试场景"7", 测试用例"第二十七条.5.2.2,1_1", 覆盖变量数目为4, 未覆盖的变量包括['交易品种', '交易方式', '交易时间', '单笔交易数量', '交易金额']
## 测试场景"7", 测试用例"第二十七条.5.3.1,1_1", 覆盖变量数目为3, 未覆盖的变量包括['交易品种', '交易方式', '交易方向', '交易时间', '单笔交易数量', '交易金额']
## 测试场景"7", 测试用例"第二十七条.5.3.2,1_1", 覆盖变量数目为4, 未覆盖的变量包括['交易品种', '交易方式', '交易时间', '单笔交易数量', '交易金额']
## 测试场景"7", 测试用例"第二十七条.5.4.1,1_1", 覆盖变量数目为3, 未覆盖的变量包括['交易品种', '交易方式', '交易方向', '交易时间', '单笔交易数量', '交易金额']
## 测试场景"7", 测试用例"第二十七条.5.4.2,1_1", 覆盖变量数目为4, 未覆盖的变量包括['交易品种', '交易方式', '交易时间', '单笔交易数量', '交易金额']
## 测试场景"7", 测试用例"第二十七条.1.1.1,1_1", 覆盖变量数目为6, 未覆盖的变量包括['交易方向', '单笔交易数量', '交易金额']
## 测试场景"7", 测试用例"第二十七条.1.2.1,1_1", 覆盖变量数目为7, 未覆盖的变量包括['单笔交易数量', '交易金额']
## 测试场景"7", 测试用例"第二十八条.2.1_2", 覆盖变量数目为5, 未覆盖的变量包括['交易方式', '交易方向', '交易时间', '交易金额']
## 测试场景"7", 测试用例"第二十八条.2.1_3", 覆盖变量数目为5, 未覆盖的变量包括['交易方式', '交易方向', '交易时间', '单笔交易数量']
## 测试场景"7", 测试用例"第二十八条.2.1_4", 覆盖变量数目为4, 未覆盖的变量包括['交易方式', '交易方向', '交易时间', '单笔交易数量', '交易金额']
## 测试场景"7", 测试用例"第二十八条.2.2_2", 覆盖变量数目为6, 未覆盖的变量包括['交易方式', '交易时间', '交易金额']
## 测试场景"7", 测试用例"第二十八条.2.2_3", 覆盖变量数目为6, 未覆盖的变量包括['交易方式', '交易时间', '单笔交易数量']
## 测试场景"7", 测试用例"第二十八条.2.2_4", 覆盖变量数目为5, 未覆盖的变量包括['交易方式', '交易时间', '单笔交易数量', '交易金额']
## 测试场景"7", 测试用例"第二十八条.1.1.1_2", 覆盖变量数目为7, 未覆盖的变量包括['交易方向', '交易时间']
## 测试场景"7", 测试用例"第二十八条.1.1.1_3", 覆盖变量数目为5, 未覆盖的变量包括['交易方向', '交易时间', '单笔交易数量', '交易金额']
## 测试场景"7", 测试用例"第二十八条.1.1.1_4", 覆盖变量数目为6, 未覆盖的变量包括['交易方向', '交易时间', '单笔交易数量']
## 测试场景"7", 测试用例"第二十八条.1.2.1_2", 覆盖变量数目为8, 未覆盖的变量包括['交易时间']
## 测试场景"7", 测试用例"第二十八条.1.2.1_3", 覆盖变量数目为6, 未覆盖的变量包括['交易时间', '单笔交易数量', '交易金额']
## 测试场景"7", 测试用例"第二十八条.1.2.1_4", 覆盖变量数目为7, 未覆盖的变量包括['交易时间', '单笔交易数量']
## 测试场景"7", 测试用例"第二十九条.2,第二十九条.4,第二十九条.6.1.1,1_1", 覆盖变量数目为3, 未覆盖的变量包括['交易品种', '交易方式', '交易方向', '交易时间', '单笔交易数量', '交易金额']
## 测试场景"7", 测试用例"第二十九条.2,第二十九条.4,第二十九条.6.1.2,1_1", 覆盖变量数目为4, 未覆盖的变量包括['交易品种', '交易方式', '交易时间', '单笔交易数量', '交易金额']
## 测试场景"7", 测试用例"第二十九条.2,第二十九条.4,第二十九条.6.2.1,1_1", 覆盖变量数目为3, 未覆盖的变量包括['交易品种', '交易方式', '交易方向', '交易时间', '单笔交易数量', '交易金额']
## 测试场景"7", 测试用例"第二十九条.2,第二十九条.4,第二十九条.6.2.2,1_1", 覆盖变量数目为4, 未覆盖的变量包括['交易品种', '交易方式', '交易时间', '单笔交易数量', '交易金额']
## 测试场景"7", 测试用例"第二十九条.2,第二十九条.4,第二十九条.6.3.1,1_1", 覆盖变量数目为3, 未覆盖的变量包括['交易品种', '交易方式', '交易方向', '交易时间', '单笔交易数量', '交易金额']
## 测试场景"7", 测试用例"第二十九条.2,第二十九条.4,第二十九条.6.3.2,1_1", 覆盖变量数目为4, 未覆盖的变量包括['交易品种', '交易方式', '交易时间', '单笔交易数量', '交易金额']
## 测试场景"7", 测试用例"第二十九条.2,第二十九条.4,第二十九条.6.4.1,1_1", 覆盖变量数目为3, 未覆盖的变量包括['交易品种', '交易方式', '交易方向', '交易时间', '单笔交易数量', '交易金额']
## 测试场景"7", 测试用例"第二十九条.2,第二十九条.4,第二十九条.6.4.2,1_1", 覆盖变量数目为4, 未覆盖的变量包括['交易品种', '交易方式', '交易时间', '单笔交易数量', '交易金额']
## 测试场景"7", 测试用例"第三十一条.2.1.1,1_1", 覆盖变量数目为4, 未覆盖的变量包括['交易品种', '交易方向', '交易时间', '单笔交易数量', '交易金额']
## 测试场景"7", 测试用例"第三十一条.2.1.2,1_1", 覆盖变量数目为5, 未覆盖的变量包括['交易品种', '交易时间', '单笔交易数量', '交易金额']
## 测试场景"7", 测试用例"第三十一条.2.2.1,1_1", 覆盖变量数目为4, 未覆盖的变量包括['交易品种', '交易方向', '交易时间', '单笔交易数量', '交易金额']
## 测试场景"7", 测试用例"第三十一条.2.2.2,1_1", 覆盖变量数目为5, 未覆盖的变量包括['交易品种', '交易时间', '单笔交易数量', '交易金额']
## 测试场景"7", 测试用例"第三十一条.2.3.1,1_1", 覆盖变量数目为4, 未覆盖的变量包括['交易品种', '交易方向', '交易时间', '单笔交易数量', '交易金额']
## 测试场景"7", 测试用例"第三十一条.2.3.2,1_1", 覆盖变量数目为5, 未覆盖的变量包括['交易品种', '交易时间', '单笔交易数量', '交易金额']
## 测试场景"7", 测试用例"第三十一条.2.4.1,1_1", 覆盖变量数目为4, 未覆盖的变量包括['交易品种', '交易方向', '交易时间', '单笔交易数量', '交易金额']
## 测试场景"7", 测试用例"第三十一条.2.4.2,1_1", 覆盖变量数目为5, 未覆盖的变量包括['交易品种', '交易时间', '单笔交易数量', '交易金额']
## 测试场景"7", 测试用例"第三十一条.1.1.1,1_1", 覆盖变量数目为5, 未覆盖的变量包括['交易方向', '交易时间', '单笔交易数量', '交易金额']
## 测试场景"7", 测试用例"第三十一条.1.2.1,1_1", 覆盖变量数目为6, 未覆盖的变量包括['交易时间', '单笔交易数量', '交易金额']
### 测试场景"7", 覆盖变量的最大数目为9, 所有变量全部覆盖

## 测试场景"8", 测试用例"第二十七条.6.1_1", 覆盖变量数目为3, 未覆盖的变量包括['交易品种', '交易方式', '交易方向', '交易时间', '单笔交易数量', '交易金额']
## 测试场景"8", 测试用例"第二十七条.6.2_1", 覆盖变量数目为4, 未覆盖的变量包括['交易品种', '交易方式', '交易时间', '单笔交易数量', '交易金额']
## 测试场景"8", 测试用例"第二十七条.5.1.1,1_2", 覆盖变量数目为3, 未覆盖的变量包括['交易品种', '交易方式', '交易方向', '交易时间', '单笔交易数量', '交易金额']
## 测试场景"8", 测试用例"第二十七条.5.1.2,1_2", 覆盖变量数目为4, 未覆盖的变量包括['交易品种', '交易方式', '交易时间', '单笔交易数量', '交易金额']
## 测试场景"8", 测试用例"第二十七条.5.2.1,1_2", 覆盖变量数目为3, 未覆盖的变量包括['交易品种', '交易方式', '交易方向', '交易时间', '单笔交易数量', '交易金额']
## 测试场景"8", 测试用例"第二十七条.5.2.2,1_2", 覆盖变量数目为4, 未覆盖的变量包括['交易品种', '交易方式', '交易时间', '单笔交易数量', '交易金额']
## 测试场景"8", 测试用例"第二十七条.5.3.1,1_2", 覆盖变量数目为3, 未覆盖的变量包括['交易品种', '交易方式', '交易方向', '交易时间', '单笔交易数量', '交易金额']
## 测试场景"8", 测试用例"第二十七条.5.3.2,1_2", 覆盖变量数目为4, 未覆盖的变量包括['交易品种', '交易方式', '交易时间', '单笔交易数量', '交易金额']
## 测试场景"8", 测试用例"第二十七条.5.4.1,1_2", 覆盖变量数目为3, 未覆盖的变量包括['交易品种', '交易方式', '交易方向', '交易时间', '单笔交易数量', '交易金额']
## 测试场景"8", 测试用例"第二十七条.5.4.2,1_2", 覆盖变量数目为4, 未覆盖的变量包括['交易品种', '交易方式', '交易时间', '单笔交易数量', '交易金额']
## 测试场景"8", 测试用例"第二十七条.1.1.1,1_2", 覆盖变量数目为5, 未覆盖的变量包括['交易方向', '交易时间', '单笔交易数量', '交易金额']
## 测试场景"8", 测试用例"第二十七条.1.2.1,1_2", 覆盖变量数目为6, 未覆盖的变量包括['交易时间', '单笔交易数量', '交易金额']
## 测试场景"8", 测试用例"第二十八条.2.1_1", 覆盖变量数目为5, 未覆盖的变量包括['交易方式', '交易方向', '交易时间', '交易金额']
## 测试场景"8", 测试用例"第二十八条.2.2_1", 覆盖变量数目为6, 未覆盖的变量包括['交易方式', '交易时间', '交易金额']
## 测试场景"8", 测试用例"第二十八条.1.1.1_1", 覆盖变量数目为7, 未覆盖的变量包括['交易方向', '交易时间']
## 测试场景"8", 测试用例"第二十八条.1.2.1_1", 覆盖变量数目为8, 未覆盖的变量包括['交易时间']
## 测试场景"8", 测试用例"第三十一条.2.1.1,1_2", 覆盖变量数目为4, 未覆盖的变量包括['交易品种', '交易方向', '交易时间', '单笔交易数量', '交易金额']
## 测试场景"8", 测试用例"第三十一条.2.1.1,1_3", 覆盖变量数目为4, 未覆盖的变量包括['交易品种', '交易方向', '交易时间', '单笔交易数量', '交易金额']
## 测试场景"8", 测试用例"第三十一条.2.1.1,1_4", 覆盖变量数目为4, 未覆盖的变量包括['交易品种', '交易方向', '交易时间', '单笔交易数量', '交易金额']
## 测试场景"8", 测试用例"第三十一条.2.1.2,1_2", 覆盖变量数目为5, 未覆盖的变量包括['交易品种', '交易时间', '单笔交易数量', '交易金额']
## 测试场景"8", 测试用例"第三十一条.2.1.2,1_3", 覆盖变量数目为5, 未覆盖的变量包括['交易品种', '交易时间', '单笔交易数量', '交易金额']
## 测试场景"8", 测试用例"第三十一条.2.1.2,1_4", 覆盖变量数目为5, 未覆盖的变量包括['交易品种', '交易时间', '单笔交易数量', '交易金额']
## 测试场景"8", 测试用例"第三十一条.2.2.1,1_2", 覆盖变量数目为4, 未覆盖的变量包括['交易品种', '交易方向', '交易时间', '单笔交易数量', '交易金额']
## 测试场景"8", 测试用例"第三十一条.2.2.1,1_3", 覆盖变量数目为4, 未覆盖的变量包括['交易品种', '交易方向', '交易时间', '单笔交易数量', '交易金额']
## 测试场景"8", 测试用例"第三十一条.2.2.1,1_4", 覆盖变量数目为4, 未覆盖的变量包括['交易品种', '交易方向', '交易时间', '单笔交易数量', '交易金额']
## 测试场景"8", 测试用例"第三十一条.2.2.2,1_2", 覆盖变量数目为5, 未覆盖的变量包括['交易品种', '交易时间', '单笔交易数量', '交易金额']
## 测试场景"8", 测试用例"第三十一条.2.2.2,1_3", 覆盖变量数目为5, 未覆盖的变量包括['交易品种', '交易时间', '单笔交易数量', '交易金额']
## 测试场景"8", 测试用例"第三十一条.2.2.2,1_4", 覆盖变量数目为5, 未覆盖的变量包括['交易品种', '交易时间', '单笔交易数量', '交易金额']
## 测试场景"8", 测试用例"第三十一条.2.3.1,1_2", 覆盖变量数目为4, 未覆盖的变量包括['交易品种', '交易方向', '交易时间', '单笔交易数量', '交易金额']
## 测试场景"8", 测试用例"第三十一条.2.3.1,1_3", 覆盖变量数目为4, 未覆盖的变量包括['交易品种', '交易方向', '交易时间', '单笔交易数量', '交易金额']
## 测试场景"8", 测试用例"第三十一条.2.3.1,1_4", 覆盖变量数目为4, 未覆盖的变量包括['交易品种', '交易方向', '交易时间', '单笔交易数量', '交易金额']
## 测试场景"8", 测试用例"第三十一条.2.3.2,1_2", 覆盖变量数目为5, 未覆盖的变量包括['交易品种', '交易时间', '单笔交易数量', '交易金额']
## 测试场景"8", 测试用例"第三十一条.2.3.2,1_3", 覆盖变量数目为5, 未覆盖的变量包括['交易品种', '交易时间', '单笔交易数量', '交易金额']
## 测试场景"8", 测试用例"第三十一条.2.3.2,1_4", 覆盖变量数目为5, 未覆盖的变量包括['交易品种', '交易时间', '单笔交易数量', '交易金额']
## 测试场景"8", 测试用例"第三十一条.2.4.1,1_2", 覆盖变量数目为4, 未覆盖的变量包括['交易品种', '交易方向', '交易时间', '单笔交易数量', '交易金额']
## 测试场景"8", 测试用例"第三十一条.2.4.1,1_3", 覆盖变量数目为4, 未覆盖的变量包括['交易品种', '交易方向', '交易时间', '单笔交易数量', '交易金额']
## 测试场景"8", 测试用例"第三十一条.2.4.1,1_4", 覆盖变量数目为4, 未覆盖的变量包括['交易品种', '交易方向', '交易时间', '单笔交易数量', '交易金额']
## 测试场景"8", 测试用例"第三十一条.2.4.2,1_2", 覆盖变量数目为5, 未覆盖的变量包括['交易品种', '交易时间', '单笔交易数量', '交易金额']
## 测试场景"8", 测试用例"第三十一条.2.4.2,1_3", 覆盖变量数目为5, 未覆盖的变量包括['交易品种', '交易时间', '单笔交易数量', '交易金额']
## 测试场景"8", 测试用例"第三十一条.2.4.2,1_4", 覆盖变量数目为5, 未覆盖的变量包括['交易品种', '交易时间', '单笔交易数量', '交易金额']
## 测试场景"8", 测试用例"第三十一条.1.1.1,1_2", 覆盖变量数目为5, 未覆盖的变量包括['交易方向', '交易时间', '单笔交易数量', '交易金额']
## 测试场景"8", 测试用例"第三十一条.1.1.1,1_3", 覆盖变量数目为5, 未覆盖的变量包括['交易方向', '交易时间', '单笔交易数量', '交易金额']
## 测试场景"8", 测试用例"第三十一条.1.1.1,1_4", 覆盖变量数目为5, 未覆盖的变量包括['交易方向', '交易时间', '单笔交易数量', '交易金额']
## 测试场景"8", 测试用例"第三十一条.1.2.1,1_2", 覆盖变量数目为6, 未覆盖的变量包括['交易时间', '单笔交易数量', '交易金额']
## 测试场景"8", 测试用例"第三十一条.1.2.1,1_3", 覆盖变量数目为6, 未覆盖的变量包括['交易时间', '单笔交易数量', '交易金额']
## 测试场景"8", 测试用例"第三十一条.1.2.1,1_4", 覆盖变量数目为6, 未覆盖的变量包括['交易时间', '单笔交易数量', '交易金额']
### 测试场景"8", 覆盖变量的最大数目为8, 整体未覆盖的变量包括['交易时间']

## 测试场景"9", 测试用例"第二十七条.6.1_1", 覆盖变量数目为3, 未覆盖的变量包括['交易品种', '交易方式', '交易方向', '交易时间']
## 测试场景"9", 测试用例"第二十七条.6.2_1", 覆盖变量数目为4, 未覆盖的变量包括['交易品种', '交易方式', '交易时间']
## 测试场景"9", 测试用例"第二十七条.5.1.1,1_2", 覆盖变量数目为3, 未覆盖的变量包括['交易品种', '交易方式', '交易方向', '交易时间']
## 测试场景"9", 测试用例"第二十七条.5.1.2,1_2", 覆盖变量数目为4, 未覆盖的变量包括['交易品种', '交易方式', '交易时间']
## 测试场景"9", 测试用例"第二十七条.5.2.1,1_2", 覆盖变量数目为3, 未覆盖的变量包括['交易品种', '交易方式', '交易方向', '交易时间']
## 测试场景"9", 测试用例"第二十七条.5.2.2,1_2", 覆盖变量数目为4, 未覆盖的变量包括['交易品种', '交易方式', '交易时间']
## 测试场景"9", 测试用例"第二十七条.5.3.1,1_2", 覆盖变量数目为3, 未覆盖的变量包括['交易品种', '交易方式', '交易方向', '交易时间']
## 测试场景"9", 测试用例"第二十七条.5.3.2,1_2", 覆盖变量数目为4, 未覆盖的变量包括['交易品种', '交易方式', '交易时间']
## 测试场景"9", 测试用例"第二十七条.5.4.1,1_2", 覆盖变量数目为3, 未覆盖的变量包括['交易品种', '交易方式', '交易方向', '交易时间']
## 测试场景"9", 测试用例"第二十七条.5.4.2,1_2", 覆盖变量数目为4, 未覆盖的变量包括['交易品种', '交易方式', '交易时间']
## 测试场景"9", 测试用例"第二十七条.1.1.1,1_2", 覆盖变量数目为6, 未覆盖的变量包括['交易方向']
## 测试场景"9", 测试用例"第二十七条.1.2.1,1_2", 覆盖变量数目为7, 未覆盖的变量包括[]
## 测试场景"9", 测试用例"第二十八条.2.1_1", 覆盖变量数目为4, 未覆盖的变量包括['交易方式', '交易方向', '交易时间']
## 测试场景"9", 测试用例"第二十八条.2.2_1", 覆盖变量数目为5, 未覆盖的变量包括['交易方式', '交易时间']
## 测试场景"9", 测试用例"第二十八条.1.1.1_1", 覆盖变量数目为5, 未覆盖的变量包括['交易方向', '交易时间']
## 测试场景"9", 测试用例"第二十八条.1.2.1_1", 覆盖变量数目为6, 未覆盖的变量包括['交易时间']
## 测试场景"9", 测试用例"第三十一条.2.1.1,1_2", 覆盖变量数目为4, 未覆盖的变量包括['交易品种', '交易方向', '交易时间']
## 测试场景"9", 测试用例"第三十一条.2.1.1,1_3", 覆盖变量数目为4, 未覆盖的变量包括['交易品种', '交易方向', '交易时间']
## 测试场景"9", 测试用例"第三十一条.2.1.1,1_4", 覆盖变量数目为4, 未覆盖的变量包括['交易品种', '交易方向', '交易时间']
## 测试场景"9", 测试用例"第三十一条.2.1.2,1_2", 覆盖变量数目为5, 未覆盖的变量包括['交易品种', '交易时间']
## 测试场景"9", 测试用例"第三十一条.2.1.2,1_3", 覆盖变量数目为5, 未覆盖的变量包括['交易品种', '交易时间']
## 测试场景"9", 测试用例"第三十一条.2.1.2,1_4", 覆盖变量数目为5, 未覆盖的变量包括['交易品种', '交易时间']
## 测试场景"9", 测试用例"第三十一条.2.2.1,1_2", 覆盖变量数目为4, 未覆盖的变量包括['交易品种', '交易方向', '交易时间']
## 测试场景"9", 测试用例"第三十一条.2.2.1,1_3", 覆盖变量数目为4, 未覆盖的变量包括['交易品种', '交易方向', '交易时间']
## 测试场景"9", 测试用例"第三十一条.2.2.1,1_4", 覆盖变量数目为4, 未覆盖的变量包括['交易品种', '交易方向', '交易时间']
## 测试场景"9", 测试用例"第三十一条.2.2.2,1_2", 覆盖变量数目为5, 未覆盖的变量包括['交易品种', '交易时间']
## 测试场景"9", 测试用例"第三十一条.2.2.2,1_3", 覆盖变量数目为5, 未覆盖的变量包括['交易品种', '交易时间']
## 测试场景"9", 测试用例"第三十一条.2.2.2,1_4", 覆盖变量数目为5, 未覆盖的变量包括['交易品种', '交易时间']
## 测试场景"9", 测试用例"第三十一条.2.3.1,1_2", 覆盖变量数目为4, 未覆盖的变量包括['交易品种', '交易方向', '交易时间']
## 测试场景"9", 测试用例"第三十一条.2.3.1,1_3", 覆盖变量数目为4, 未覆盖的变量包括['交易品种', '交易方向', '交易时间']
## 测试场景"9", 测试用例"第三十一条.2.3.1,1_4", 覆盖变量数目为4, 未覆盖的变量包括['交易品种', '交易方向', '交易时间']
## 测试场景"9", 测试用例"第三十一条.2.3.2,1_2", 覆盖变量数目为5, 未覆盖的变量包括['交易品种', '交易时间']
## 测试场景"9", 测试用例"第三十一条.2.3.2,1_3", 覆盖变量数目为5, 未覆盖的变量包括['交易品种', '交易时间']
## 测试场景"9", 测试用例"第三十一条.2.3.2,1_4", 覆盖变量数目为5, 未覆盖的变量包括['交易品种', '交易时间']
## 测试场景"9", 测试用例"第三十一条.2.4.1,1_2", 覆盖变量数目为4, 未覆盖的变量包括['交易品种', '交易方向', '交易时间']
## 测试场景"9", 测试用例"第三十一条.2.4.1,1_3", 覆盖变量数目为4, 未覆盖的变量包括['交易品种', '交易方向', '交易时间']
## 测试场景"9", 测试用例"第三十一条.2.4.1,1_4", 覆盖变量数目为4, 未覆盖的变量包括['交易品种', '交易方向', '交易时间']
## 测试场景"9", 测试用例"第三十一条.2.4.2,1_2", 覆盖变量数目为5, 未覆盖的变量包括['交易品种', '交易时间']
## 测试场景"9", 测试用例"第三十一条.2.4.2,1_3", 覆盖变量数目为5, 未覆盖的变量包括['交易品种', '交易时间']
## 测试场景"9", 测试用例"第三十一条.2.4.2,1_4", 覆盖变量数目为5, 未覆盖的变量包括['交易品种', '交易时间']
## 测试场景"9", 测试用例"第三十一条.1.1.1,1_2", 覆盖变量数目为5, 未覆盖的变量包括['交易方向', '交易时间']
## 测试场景"9", 测试用例"第三十一条.1.1.1,1_3", 覆盖变量数目为5, 未覆盖的变量包括['交易方向', '交易时间']
## 测试场景"9", 测试用例"第三十一条.1.1.1,1_4", 覆盖变量数目为5, 未覆盖的变量包括['交易方向', '交易时间']
## 测试场景"9", 测试用例"第三十一条.1.2.1,1_2", 覆盖变量数目为6, 未覆盖的变量包括['交易时间']
## 测试场景"9", 测试用例"第三十一条.1.2.1,1_3", 覆盖变量数目为6, 未覆盖的变量包括['交易时间']
## 测试场景"9", 测试用例"第三十一条.1.2.1,1_4", 覆盖变量数目为6, 未覆盖的变量包括['交易时间']
### 测试场景"9", 覆盖变量的最大数目为7, 所有变量全部覆盖

## 测试场景"10", 测试用例"第二十七条.6.1_1", 覆盖变量数目为3, 未覆盖的变量包括['交易品种', '交易方式', '交易方向', '状态']
## 测试场景"10", 测试用例"第二十七条.6.2_1", 覆盖变量数目为4, 未覆盖的变量包括['交易品种', '交易方式', '状态']
## 测试场景"10", 测试用例"第二十七条.5.1.1,1_2", 覆盖变量数目为3, 未覆盖的变量包括['交易品种', '交易方式', '交易方向', '状态']
## 测试场景"10", 测试用例"第二十七条.5.1.2,1_2", 覆盖变量数目为4, 未覆盖的变量包括['交易品种', '交易方式', '状态']
## 测试场景"10", 测试用例"第二十七条.5.2.1,1_2", 覆盖变量数目为3, 未覆盖的变量包括['交易品种', '交易方式', '交易方向', '状态']
## 测试场景"10", 测试用例"第二十七条.5.2.2,1_2", 覆盖变量数目为4, 未覆盖的变量包括['交易品种', '交易方式', '状态']
## 测试场景"10", 测试用例"第二十七条.5.3.1,1_2", 覆盖变量数目为3, 未覆盖的变量包括['交易品种', '交易方式', '交易方向', '状态']
## 测试场景"10", 测试用例"第二十七条.5.3.2,1_2", 覆盖变量数目为4, 未覆盖的变量包括['交易品种', '交易方式', '状态']
## 测试场景"10", 测试用例"第二十七条.5.4.1,1_2", 覆盖变量数目为3, 未覆盖的变量包括['交易品种', '交易方式', '交易方向', '状态']
## 测试场景"10", 测试用例"第二十七条.5.4.2,1_2", 覆盖变量数目为4, 未覆盖的变量包括['交易品种', '交易方式', '状态']
## 测试场景"10", 测试用例"第二十七条.1.1.1,1_2", 覆盖变量数目为5, 未覆盖的变量包括['交易方向', '状态']
## 测试场景"10", 测试用例"第二十七条.1.2.1,1_2", 覆盖变量数目为6, 未覆盖的变量包括['状态']
## 测试场景"10", 测试用例"第二十八条.2.1_1", 覆盖变量数目为4, 未覆盖的变量包括['交易方式', '交易方向', '状态']
## 测试场景"10", 测试用例"第二十八条.2.2_1", 覆盖变量数目为5, 未覆盖的变量包括['交易方式', '状态']
## 测试场景"10", 测试用例"第二十八条.1.1.1_1", 覆盖变量数目为5, 未覆盖的变量包括['交易方向', '状态']
## 测试场景"10", 测试用例"第二十八条.1.2.1_1", 覆盖变量数目为6, 未覆盖的变量包括['状态']
## 测试场景"10", 测试用例"第三十一条.2.1.1,1_2", 覆盖变量数目为4, 未覆盖的变量包括['交易品种', '交易方向', '状态']
## 测试场景"10", 测试用例"第三十一条.2.1.1,1_3", 覆盖变量数目为4, 未覆盖的变量包括['交易品种', '交易方向', '状态']
## 测试场景"10", 测试用例"第三十一条.2.1.1,1_4", 覆盖变量数目为4, 未覆盖的变量包括['交易品种', '交易方向', '状态']
## 测试场景"10", 测试用例"第三十一条.2.1.2,1_2", 覆盖变量数目为5, 未覆盖的变量包括['交易品种', '状态']
## 测试场景"10", 测试用例"第三十一条.2.1.2,1_3", 覆盖变量数目为5, 未覆盖的变量包括['交易品种', '状态']
## 测试场景"10", 测试用例"第三十一条.2.1.2,1_4", 覆盖变量数目为5, 未覆盖的变量包括['交易品种', '状态']
## 测试场景"10", 测试用例"第三十一条.2.2.1,1_2", 覆盖变量数目为4, 未覆盖的变量包括['交易品种', '交易方向', '状态']
## 测试场景"10", 测试用例"第三十一条.2.2.1,1_3", 覆盖变量数目为4, 未覆盖的变量包括['交易品种', '交易方向', '状态']
## 测试场景"10", 测试用例"第三十一条.2.2.1,1_4", 覆盖变量数目为4, 未覆盖的变量包括['交易品种', '交易方向', '状态']
## 测试场景"10", 测试用例"第三十一条.2.2.2,1_2", 覆盖变量数目为5, 未覆盖的变量包括['交易品种', '状态']
## 测试场景"10", 测试用例"第三十一条.2.2.2,1_3", 覆盖变量数目为5, 未覆盖的变量包括['交易品种', '状态']
## 测试场景"10", 测试用例"第三十一条.2.2.2,1_4", 覆盖变量数目为5, 未覆盖的变量包括['交易品种', '状态']
## 测试场景"10", 测试用例"第三十一条.2.3.1,1_2", 覆盖变量数目为4, 未覆盖的变量包括['交易品种', '交易方向', '状态']
## 测试场景"10", 测试用例"第三十一条.2.3.1,1_3", 覆盖变量数目为4, 未覆盖的变量包括['交易品种', '交易方向', '状态']
## 测试场景"10", 测试用例"第三十一条.2.3.1,1_4", 覆盖变量数目为4, 未覆盖的变量包括['交易品种', '交易方向', '状态']
## 测试场景"10", 测试用例"第三十一条.2.3.2,1_2", 覆盖变量数目为5, 未覆盖的变量包括['交易品种', '状态']
## 测试场景"10", 测试用例"第三十一条.2.3.2,1_3", 覆盖变量数目为5, 未覆盖的变量包括['交易品种', '状态']
## 测试场景"10", 测试用例"第三十一条.2.3.2,1_4", 覆盖变量数目为5, 未覆盖的变量包括['交易品种', '状态']
## 测试场景"10", 测试用例"第三十一条.2.4.1,1_2", 覆盖变量数目为4, 未覆盖的变量包括['交易品种', '交易方向', '状态']
## 测试场景"10", 测试用例"第三十一条.2.4.1,1_3", 覆盖变量数目为4, 未覆盖的变量包括['交易品种', '交易方向', '状态']
## 测试场景"10", 测试用例"第三十一条.2.4.1,1_4", 覆盖变量数目为4, 未覆盖的变量包括['交易品种', '交易方向', '状态']
## 测试场景"10", 测试用例"第三十一条.2.4.2,1_2", 覆盖变量数目为5, 未覆盖的变量包括['交易品种', '状态']
## 测试场景"10", 测试用例"第三十一条.2.4.2,1_3", 覆盖变量数目为5, 未覆盖的变量包括['交易品种', '状态']
## 测试场景"10", 测试用例"第三十一条.2.4.2,1_4", 覆盖变量数目为5, 未覆盖的变量包括['交易品种', '状态']
## 测试场景"10", 测试用例"第三十一条.1.1.1,1_2", 覆盖变量数目为5, 未覆盖的变量包括['交易方向', '状态']
## 测试场景"10", 测试用例"第三十一条.1.1.1,1_3", 覆盖变量数目为5, 未覆盖的变量包括['交易方向', '状态']
## 测试场景"10", 测试用例"第三十一条.1.1.1,1_4", 覆盖变量数目为5, 未覆盖的变量包括['交易方向', '状态']
## 测试场景"10", 测试用例"第三十一条.1.2.1,1_2", 覆盖变量数目为6, 未覆盖的变量包括['状态']
## 测试场景"10", 测试用例"第三十一条.1.2.1,1_3", 覆盖变量数目为6, 未覆盖的变量包括['状态']
## 测试场景"10", 测试用例"第三十一条.1.2.1,1_4", 覆盖变量数目为6, 未覆盖的变量包括['状态']
### 测试场景"10", 覆盖变量的最大数目为6, 整体未覆盖的变量包括['状态']

## 测试场景"11", 测试用例"第二十七条.2,第二十七条.3,第二十七条.4.1,1_1", 覆盖变量数目为4, 未覆盖的变量包括['交易品种', '交易方式', '交易时间', '单笔交易数量']
## 测试场景"11", 测试用例"第二十七条.2,第二十七条.3,第二十七条.4.2,1_1", 覆盖变量数目为3, 未覆盖的变量包括['交易品种', '交易方式', '交易方向', '交易时间', '单笔交易数量']
## 测试场景"11", 测试用例"第二十七条.5.1.1,1_1", 覆盖变量数目为5, 未覆盖的变量包括['交易品种', '交易方式', '单笔交易数量']
## 测试场景"11", 测试用例"第二十七条.5.1.2,1_1", 覆盖变量数目为4, 未覆盖的变量包括['交易品种', '交易方式', '交易方向', '单笔交易数量']
## 测试场景"11", 测试用例"第二十七条.5.2.1,1_1", 覆盖变量数目为5, 未覆盖的变量包括['交易品种', '交易方式', '单笔交易数量']
## 测试场景"11", 测试用例"第二十七条.5.2.2,1_1", 覆盖变量数目为4, 未覆盖的变量包括['交易品种', '交易方式', '交易方向', '单笔交易数量']
## 测试场景"11", 测试用例"第二十七条.5.3.1,1_1", 覆盖变量数目为5, 未覆盖的变量包括['交易品种', '交易方式', '单笔交易数量']
## 测试场景"11", 测试用例"第二十七条.5.3.2,1_1", 覆盖变量数目为4, 未覆盖的变量包括['交易品种', '交易方式', '交易方向', '单笔交易数量']
## 测试场景"11", 测试用例"第二十七条.5.4.1,1_1", 覆盖变量数目为5, 未覆盖的变量包括['交易品种', '交易方式', '单笔交易数量']
## 测试场景"11", 测试用例"第二十七条.5.4.2,1_1", 覆盖变量数目为4, 未覆盖的变量包括['交易品种', '交易方式', '交易方向', '单笔交易数量']
## 测试场景"11", 测试用例"第二十七条.1.1.1,1_1", 覆盖变量数目为5, 未覆盖的变量包括['交易方式', '交易时间', '单笔交易数量']
## 测试场景"11", 测试用例"第二十七条.1.2.1,1_1", 覆盖变量数目为4, 未覆盖的变量包括['交易方式', '交易方向', '交易时间', '单笔交易数量']
## 测试场景"11", 测试用例"第二十八条.2.1_2", 覆盖变量数目为6, 未覆盖的变量包括['交易时间', '单笔交易数量']
## 测试场景"11", 测试用例"第二十八条.2.1_3", 覆盖变量数目为7, 未覆盖的变量包括['交易时间']
## 测试场景"11", 测试用例"第二十八条.2.1_4", 覆盖变量数目为7, 未覆盖的变量包括['交易时间']
## 测试场景"11", 测试用例"第二十八条.2.2_2", 覆盖变量数目为5, 未覆盖的变量包括['交易方向', '交易时间', '单笔交易数量']
## 测试场景"11", 测试用例"第二十八条.2.2_3", 覆盖变量数目为6, 未覆盖的变量包括['交易方向', '交易时间']
## 测试场景"11", 测试用例"第二十八条.2.2_4", 覆盖变量数目为6, 未覆盖的变量包括['交易方向', '交易时间']
## 测试场景"11", 测试用例"第二十八条.1.1.1_2", 覆盖变量数目为5, 未覆盖的变量包括['交易方式', '交易时间', '单笔交易数量']
## 测试场景"11", 测试用例"第二十八条.1.1.1_3", 覆盖变量数目为6, 未覆盖的变量包括['交易方式', '交易时间']
## 测试场景"11", 测试用例"第二十八条.1.1.1_4", 覆盖变量数目为6, 未覆盖的变量包括['交易方式', '交易时间']
## 测试场景"11", 测试用例"第二十八条.1.2.1_2", 覆盖变量数目为4, 未覆盖的变量包括['交易方式', '交易方向', '交易时间', '单笔交易数量']
## 测试场景"11", 测试用例"第二十八条.1.2.1_3", 覆盖变量数目为5, 未覆盖的变量包括['交易方式', '交易方向', '交易时间']
## 测试场景"11", 测试用例"第二十八条.1.2.1_4", 覆盖变量数目为5, 未覆盖的变量包括['交易方式', '交易方向', '交易时间']
## 测试场景"11", 测试用例"第二十九条.2,第二十九条.4,第二十九条.6.1.1,1_1", 覆盖变量数目为4, 未覆盖的变量包括['交易品种', '交易方式', '交易时间', '单笔交易数量']
## 测试场景"11", 测试用例"第二十九条.2,第二十九条.4,第二十九条.6.1.2,1_1", 覆盖变量数目为3, 未覆盖的变量包括['交易品种', '交易方式', '交易方向', '交易时间', '单笔交易数量']
## 测试场景"11", 测试用例"第二十九条.2,第二十九条.4,第二十九条.6.2.1,1_1", 覆盖变量数目为4, 未覆盖的变量包括['交易品种', '交易方式', '交易时间', '单笔交易数量']
## 测试场景"11", 测试用例"第二十九条.2,第二十九条.4,第二十九条.6.2.2,1_1", 覆盖变量数目为3, 未覆盖的变量包括['交易品种', '交易方式', '交易方向', '交易时间', '单笔交易数量']
## 测试场景"11", 测试用例"第二十九条.2,第二十九条.4,第二十九条.6.3.1,1_1", 覆盖变量数目为4, 未覆盖的变量包括['交易品种', '交易方式', '交易时间', '单笔交易数量']
## 测试场景"11", 测试用例"第二十九条.2,第二十九条.4,第二十九条.6.3.2,1_1", 覆盖变量数目为3, 未覆盖的变量包括['交易品种', '交易方式', '交易方向', '交易时间', '单笔交易数量']
## 测试场景"11", 测试用例"第二十九条.2,第二十九条.4,第二十九条.6.4.1,1_1", 覆盖变量数目为4, 未覆盖的变量包括['交易品种', '交易方式', '交易时间', '单笔交易数量']
## 测试场景"11", 测试用例"第二十九条.2,第二十九条.4,第二十九条.6.4.2,1_1", 覆盖变量数目为3, 未覆盖的变量包括['交易品种', '交易方式', '交易方向', '交易时间', '单笔交易数量']
## 测试场景"11", 测试用例"第三十一条.2.1.1,1_1", 覆盖变量数目为4, 未覆盖的变量包括['交易品种', '交易方式', '交易时间', '单笔交易数量']
## 测试场景"11", 测试用例"第三十一条.2.1.2,1_1", 覆盖变量数目为3, 未覆盖的变量包括['交易品种', '交易方式', '交易方向', '交易时间', '单笔交易数量']
## 测试场景"11", 测试用例"第三十一条.2.2.1,1_1", 覆盖变量数目为4, 未覆盖的变量包括['交易品种', '交易方式', '交易时间', '单笔交易数量']
## 测试场景"11", 测试用例"第三十一条.2.2.2,1_1", 覆盖变量数目为3, 未覆盖的变量包括['交易品种', '交易方式', '交易方向', '交易时间', '单笔交易数量']
## 测试场景"11", 测试用例"第三十一条.2.3.1,1_1", 覆盖变量数目为4, 未覆盖的变量包括['交易品种', '交易方式', '交易时间', '单笔交易数量']
## 测试场景"11", 测试用例"第三十一条.2.3.2,1_1", 覆盖变量数目为3, 未覆盖的变量包括['交易品种', '交易方式', '交易方向', '交易时间', '单笔交易数量']
## 测试场景"11", 测试用例"第三十一条.2.4.1,1_1", 覆盖变量数目为4, 未覆盖的变量包括['交易品种', '交易方式', '交易时间', '单笔交易数量']
## 测试场景"11", 测试用例"第三十一条.2.4.2,1_1", 覆盖变量数目为3, 未覆盖的变量包括['交易品种', '交易方式', '交易方向', '交易时间', '单笔交易数量']
## 测试场景"11", 测试用例"第三十一条.1.1.1,1_1", 覆盖变量数目为5, 未覆盖的变量包括['交易方式', '交易时间', '单笔交易数量']
## 测试场景"11", 测试用例"第三十一条.1.2.1,1_1", 覆盖变量数目为4, 未覆盖的变量包括['交易方式', '交易方向', '交易时间', '单笔交易数量']
### 测试场景"11", 覆盖变量的最大数目为8, 所有变量全部覆盖

## 测试场景"12", 测试用例"第二十七条.2,第二十七条.3,第二十七条.4.1,1_1", 覆盖变量数目为4, 未覆盖的变量包括['交易品种', '交易方式', '交易时间', '单笔交易数量', '交易金额']
## 测试场景"12", 测试用例"第二十七条.2,第二十七条.3,第二十七条.4.2,1_1", 覆盖变量数目为3, 未覆盖的变量包括['交易品种', '交易方式', '交易方向', '交易时间', '单笔交易数量', '交易金额']
## 测试场景"12", 测试用例"第二十七条.5.1.1,1_1", 覆盖变量数目为5, 未覆盖的变量包括['交易品种', '交易方式', '单笔交易数量', '交易金额']
## 测试场景"12", 测试用例"第二十七条.5.1.2,1_1", 覆盖变量数目为4, 未覆盖的变量包括['交易品种', '交易方式', '交易方向', '单笔交易数量', '交易金额']
## 测试场景"12", 测试用例"第二十七条.5.2.1,1_1", 覆盖变量数目为5, 未覆盖的变量包括['交易品种', '交易方式', '单笔交易数量', '交易金额']
## 测试场景"12", 测试用例"第二十七条.5.2.2,1_1", 覆盖变量数目为4, 未覆盖的变量包括['交易品种', '交易方式', '交易方向', '单笔交易数量', '交易金额']
## 测试场景"12", 测试用例"第二十七条.5.3.1,1_1", 覆盖变量数目为5, 未覆盖的变量包括['交易品种', '交易方式', '单笔交易数量', '交易金额']
## 测试场景"12", 测试用例"第二十七条.5.3.2,1_1", 覆盖变量数目为4, 未覆盖的变量包括['交易品种', '交易方式', '交易方向', '单笔交易数量', '交易金额']
## 测试场景"12", 测试用例"第二十七条.5.4.1,1_1", 覆盖变量数目为5, 未覆盖的变量包括['交易品种', '交易方式', '单笔交易数量', '交易金额']
## 测试场景"12", 测试用例"第二十七条.5.4.2,1_1", 覆盖变量数目为4, 未覆盖的变量包括['交易品种', '交易方式', '交易方向', '单笔交易数量', '交易金额']
## 测试场景"12", 测试用例"第二十七条.1.1.1,1_1", 覆盖变量数目为5, 未覆盖的变量包括['交易方式', '交易时间', '单笔交易数量', '交易金额']
## 测试场景"12", 测试用例"第二十七条.1.2.1,1_1", 覆盖变量数目为4, 未覆盖的变量包括['交易方式', '交易方向', '交易时间', '单笔交易数量', '交易金额']
## 测试场景"12", 测试用例"第二十八条.2.1_2", 覆盖变量数目为7, 未覆盖的变量包括['交易时间', '交易金额']
## 测试场景"12", 测试用例"第二十八条.2.1_3", 覆盖变量数目为7, 未覆盖的变量包括['交易时间', '单笔交易数量']
## 测试场景"12", 测试用例"第二十八条.2.1_4", 覆盖变量数目为6, 未覆盖的变量包括['交易时间', '单笔交易数量', '交易金额']
## 测试场景"12", 测试用例"第二十八条.2.2_2", 覆盖变量数目为6, 未覆盖的变量包括['交易方向', '交易时间', '交易金额']
## 测试场景"12", 测试用例"第二十八条.2.2_3", 覆盖变量数目为6, 未覆盖的变量包括['交易方向', '交易时间', '单笔交易数量']
## 测试场景"12", 测试用例"第二十八条.2.2_4", 覆盖变量数目为5, 未覆盖的变量包括['交易方向', '交易时间', '单笔交易数量', '交易金额']
## 测试场景"12", 测试用例"第二十八条.1.1.1_2", 覆盖变量数目为7, 未覆盖的变量包括['交易方式', '交易时间']
## 测试场景"12", 测试用例"第二十八条.1.1.1_3", 覆盖变量数目为5, 未覆盖的变量包括['交易方式', '交易时间', '单笔交易数量', '交易金额']
## 测试场景"12", 测试用例"第二十八条.1.1.1_4", 覆盖变量数目为6, 未覆盖的变量包括['交易方式', '交易时间', '单笔交易数量']
## 测试场景"12", 测试用例"第二十八条.1.2.1_2", 覆盖变量数目为6, 未覆盖的变量包括['交易方式', '交易方向', '交易时间']
## 测试场景"12", 测试用例"第二十八条.1.2.1_3", 覆盖变量数目为4, 未覆盖的变量包括['交易方式', '交易方向', '交易时间', '单笔交易数量', '交易金额']
## 测试场景"12", 测试用例"第二十八条.1.2.1_4", 覆盖变量数目为5, 未覆盖的变量包括['交易方式', '交易方向', '交易时间', '单笔交易数量']
## 测试场景"12", 测试用例"第二十九条.2,第二十九条.4,第二十九条.6.1.1,1_1", 覆盖变量数目为4, 未覆盖的变量包括['交易品种', '交易方式', '交易时间', '单笔交易数量', '交易金额']
## 测试场景"12", 测试用例"第二十九条.2,第二十九条.4,第二十九条.6.1.2,1_1", 覆盖变量数目为3, 未覆盖的变量包括['交易品种', '交易方式', '交易方向', '交易时间', '单笔交易数量', '交易金额']
## 测试场景"12", 测试用例"第二十九条.2,第二十九条.4,第二十九条.6.2.1,1_1", 覆盖变量数目为4, 未覆盖的变量包括['交易品种', '交易方式', '交易时间', '单笔交易数量', '交易金额']
## 测试场景"12", 测试用例"第二十九条.2,第二十九条.4,第二十九条.6.2.2,1_1", 覆盖变量数目为3, 未覆盖的变量包括['交易品种', '交易方式', '交易方向', '交易时间', '单笔交易数量', '交易金额']
## 测试场景"12", 测试用例"第二十九条.2,第二十九条.4,第二十九条.6.3.1,1_1", 覆盖变量数目为4, 未覆盖的变量包括['交易品种', '交易方式', '交易时间', '单笔交易数量', '交易金额']
## 测试场景"12", 测试用例"第二十九条.2,第二十九条.4,第二十九条.6.3.2,1_1", 覆盖变量数目为3, 未覆盖的变量包括['交易品种', '交易方式', '交易方向', '交易时间', '单笔交易数量', '交易金额']
## 测试场景"12", 测试用例"第二十九条.2,第二十九条.4,第二十九条.6.4.1,1_1", 覆盖变量数目为4, 未覆盖的变量包括['交易品种', '交易方式', '交易时间', '单笔交易数量', '交易金额']
## 测试场景"12", 测试用例"第二十九条.2,第二十九条.4,第二十九条.6.4.2,1_1", 覆盖变量数目为3, 未覆盖的变量包括['交易品种', '交易方式', '交易方向', '交易时间', '单笔交易数量', '交易金额']
## 测试场景"12", 测试用例"第三十一条.2.1.1,1_1", 覆盖变量数目为4, 未覆盖的变量包括['交易品种', '交易方式', '交易时间', '单笔交易数量', '交易金额']
## 测试场景"12", 测试用例"第三十一条.2.1.2,1_1", 覆盖变量数目为3, 未覆盖的变量包括['交易品种', '交易方式', '交易方向', '交易时间', '单笔交易数量', '交易金额']
## 测试场景"12", 测试用例"第三十一条.2.2.1,1_1", 覆盖变量数目为4, 未覆盖的变量包括['交易品种', '交易方式', '交易时间', '单笔交易数量', '交易金额']
## 测试场景"12", 测试用例"第三十一条.2.2.2,1_1", 覆盖变量数目为3, 未覆盖的变量包括['交易品种', '交易方式', '交易方向', '交易时间', '单笔交易数量', '交易金额']
## 测试场景"12", 测试用例"第三十一条.2.3.1,1_1", 覆盖变量数目为4, 未覆盖的变量包括['交易品种', '交易方式', '交易时间', '单笔交易数量', '交易金额']
## 测试场景"12", 测试用例"第三十一条.2.3.2,1_1", 覆盖变量数目为3, 未覆盖的变量包括['交易品种', '交易方式', '交易方向', '交易时间', '单笔交易数量', '交易金额']
## 测试场景"12", 测试用例"第三十一条.2.4.1,1_1", 覆盖变量数目为4, 未覆盖的变量包括['交易品种', '交易方式', '交易时间', '单笔交易数量', '交易金额']
## 测试场景"12", 测试用例"第三十一条.2.4.2,1_1", 覆盖变量数目为3, 未覆盖的变量包括['交易品种', '交易方式', '交易方向', '交易时间', '单笔交易数量', '交易金额']
## 测试场景"12", 测试用例"第三十一条.1.1.1,1_1", 覆盖变量数目为5, 未覆盖的变量包括['交易方式', '交易时间', '单笔交易数量', '交易金额']
## 测试场景"12", 测试用例"第三十一条.1.2.1,1_1", 覆盖变量数目为4, 未覆盖的变量包括['交易方式', '交易方向', '交易时间', '单笔交易数量', '交易金额']
### 测试场景"12", 覆盖变量的最大数目为9, 所有变量全部覆盖

## 测试场景"13", 测试用例"第二十七条.6.1_1", 覆盖变量数目为5, 未覆盖的变量包括['交易品种', '交易时间', '单笔交易数量', '交易金额']
## 测试场景"13", 测试用例"第二十七条.6.2_1", 覆盖变量数目为4, 未覆盖的变量包括['交易品种', '交易方向', '交易时间', '单笔交易数量', '交易金额']
## 测试场景"13", 测试用例"第二十七条.5.1.1,1_2", 覆盖变量数目为4, 未覆盖的变量包括['交易品种', '交易方式', '交易时间', '单笔交易数量', '交易金额']
## 测试场景"13", 测试用例"第二十七条.5.1.2,1_2", 覆盖变量数目为3, 未覆盖的变量包括['交易品种', '交易方式', '交易方向', '交易时间', '单笔交易数量', '交易金额']
## 测试场景"13", 测试用例"第二十七条.5.2.1,1_2", 覆盖变量数目为4, 未覆盖的变量包括['交易品种', '交易方式', '交易时间', '单笔交易数量', '交易金额']
## 测试场景"13", 测试用例"第二十七条.5.2.2,1_2", 覆盖变量数目为3, 未覆盖的变量包括['交易品种', '交易方式', '交易方向', '交易时间', '单笔交易数量', '交易金额']
## 测试场景"13", 测试用例"第二十七条.5.3.1,1_2", 覆盖变量数目为4, 未覆盖的变量包括['交易品种', '交易方式', '交易时间', '单笔交易数量', '交易金额']
## 测试场景"13", 测试用例"第二十七条.5.3.2,1_2", 覆盖变量数目为3, 未覆盖的变量包括['交易品种', '交易方式', '交易方向', '交易时间', '单笔交易数量', '交易金额']
## 测试场景"13", 测试用例"第二十七条.5.4.1,1_2", 覆盖变量数目为4, 未覆盖的变量包括['交易品种', '交易方式', '交易时间', '单笔交易数量', '交易金额']
## 测试场景"13", 测试用例"第二十七条.5.4.2,1_2", 覆盖变量数目为3, 未覆盖的变量包括['交易品种', '交易方式', '交易方向', '交易时间', '单笔交易数量', '交易金额']
## 测试场景"13", 测试用例"第二十七条.1.1.1,1_2", 覆盖变量数目为5, 未覆盖的变量包括['交易方式', '交易时间', '单笔交易数量', '交易金额']
## 测试场景"13", 测试用例"第二十七条.1.2.1,1_2", 覆盖变量数目为4, 未覆盖的变量包括['交易方式', '交易方向', '交易时间', '单笔交易数量', '交易金额']
## 测试场景"13", 测试用例"第二十八条.2.1_1", 覆盖变量数目为7, 未覆盖的变量包括['交易时间', '交易金额']
## 测试场景"13", 测试用例"第二十八条.2.2_1", 覆盖变量数目为6, 未覆盖的变量包括['交易方向', '交易时间', '交易金额']
## 测试场景"13", 测试用例"第二十八条.1.1.1_1", 覆盖变量数目为7, 未覆盖的变量包括['交易方式', '交易时间']
## 测试场景"13", 测试用例"第二十八条.1.2.1_1", 覆盖变量数目为6, 未覆盖的变量包括['交易方式', '交易方向', '交易时间']
## 测试场景"13", 测试用例"第三十一条.2.1.1,1_2", 覆盖变量数目为4, 未覆盖的变量包括['交易品种', '交易方式', '交易时间', '单笔交易数量', '交易金额']
## 测试场景"13", 测试用例"第三十一条.2.1.1,1_3", 覆盖变量数目为4, 未覆盖的变量包括['交易品种', '交易方式', '交易时间', '单笔交易数量', '交易金额']
## 测试场景"13", 测试用例"第三十一条.2.1.1,1_4", 覆盖变量数目为4, 未覆盖的变量包括['交易品种', '交易方式', '交易时间', '单笔交易数量', '交易金额']
## 测试场景"13", 测试用例"第三十一条.2.1.2,1_2", 覆盖变量数目为3, 未覆盖的变量包括['交易品种', '交易方式', '交易方向', '交易时间', '单笔交易数量', '交易金额']
## 测试场景"13", 测试用例"第三十一条.2.1.2,1_3", 覆盖变量数目为3, 未覆盖的变量包括['交易品种', '交易方式', '交易方向', '交易时间', '单笔交易数量', '交易金额']
## 测试场景"13", 测试用例"第三十一条.2.1.2,1_4", 覆盖变量数目为3, 未覆盖的变量包括['交易品种', '交易方式', '交易方向', '交易时间', '单笔交易数量', '交易金额']
## 测试场景"13", 测试用例"第三十一条.2.2.1,1_2", 覆盖变量数目为4, 未覆盖的变量包括['交易品种', '交易方式', '交易时间', '单笔交易数量', '交易金额']
## 测试场景"13", 测试用例"第三十一条.2.2.1,1_3", 覆盖变量数目为4, 未覆盖的变量包括['交易品种', '交易方式', '交易时间', '单笔交易数量', '交易金额']
## 测试场景"13", 测试用例"第三十一条.2.2.1,1_4", 覆盖变量数目为4, 未覆盖的变量包括['交易品种', '交易方式', '交易时间', '单笔交易数量', '交易金额']
## 测试场景"13", 测试用例"第三十一条.2.2.2,1_2", 覆盖变量数目为3, 未覆盖的变量包括['交易品种', '交易方式', '交易方向', '交易时间', '单笔交易数量', '交易金额']
## 测试场景"13", 测试用例"第三十一条.2.2.2,1_3", 覆盖变量数目为3, 未覆盖的变量包括['交易品种', '交易方式', '交易方向', '交易时间', '单笔交易数量', '交易金额']
## 测试场景"13", 测试用例"第三十一条.2.2.2,1_4", 覆盖变量数目为3, 未覆盖的变量包括['交易品种', '交易方式', '交易方向', '交易时间', '单笔交易数量', '交易金额']
## 测试场景"13", 测试用例"第三十一条.2.3.1,1_2", 覆盖变量数目为4, 未覆盖的变量包括['交易品种', '交易方式', '交易时间', '单笔交易数量', '交易金额']
## 测试场景"13", 测试用例"第三十一条.2.3.1,1_3", 覆盖变量数目为4, 未覆盖的变量包括['交易品种', '交易方式', '交易时间', '单笔交易数量', '交易金额']
## 测试场景"13", 测试用例"第三十一条.2.3.1,1_4", 覆盖变量数目为4, 未覆盖的变量包括['交易品种', '交易方式', '交易时间', '单笔交易数量', '交易金额']
## 测试场景"13", 测试用例"第三十一条.2.3.2,1_2", 覆盖变量数目为3, 未覆盖的变量包括['交易品种', '交易方式', '交易方向', '交易时间', '单笔交易数量', '交易金额']
## 测试场景"13", 测试用例"第三十一条.2.3.2,1_3", 覆盖变量数目为3, 未覆盖的变量包括['交易品种', '交易方式', '交易方向', '交易时间', '单笔交易数量', '交易金额']
## 测试场景"13", 测试用例"第三十一条.2.3.2,1_4", 覆盖变量数目为3, 未覆盖的变量包括['交易品种', '交易方式', '交易方向', '交易时间', '单笔交易数量', '交易金额']
## 测试场景"13", 测试用例"第三十一条.2.4.1,1_2", 覆盖变量数目为4, 未覆盖的变量包括['交易品种', '交易方式', '交易时间', '单笔交易数量', '交易金额']
## 测试场景"13", 测试用例"第三十一条.2.4.1,1_3", 覆盖变量数目为4, 未覆盖的变量包括['交易品种', '交易方式', '交易时间', '单笔交易数量', '交易金额']
## 测试场景"13", 测试用例"第三十一条.2.4.1,1_4", 覆盖变量数目为4, 未覆盖的变量包括['交易品种', '交易方式', '交易时间', '单笔交易数量', '交易金额']
## 测试场景"13", 测试用例"第三十一条.2.4.2,1_2", 覆盖变量数目为3, 未覆盖的变量包括['交易品种', '交易方式', '交易方向', '交易时间', '单笔交易数量', '交易金额']
## 测试场景"13", 测试用例"第三十一条.2.4.2,1_3", 覆盖变量数目为3, 未覆盖的变量包括['交易品种', '交易方式', '交易方向', '交易时间', '单笔交易数量', '交易金额']
## 测试场景"13", 测试用例"第三十一条.2.4.2,1_4", 覆盖变量数目为3, 未覆盖的变量包括['交易品种', '交易方式', '交易方向', '交易时间', '单笔交易数量', '交易金额']
## 测试场景"13", 测试用例"第三十一条.1.1.1,1_2", 覆盖变量数目为5, 未覆盖的变量包括['交易方式', '交易时间', '单笔交易数量', '交易金额']
## 测试场景"13", 测试用例"第三十一条.1.1.1,1_3", 覆盖变量数目为5, 未覆盖的变量包括['交易方式', '交易时间', '单笔交易数量', '交易金额']
## 测试场景"13", 测试用例"第三十一条.1.1.1,1_4", 覆盖变量数目为5, 未覆盖的变量包括['交易方式', '交易时间', '单笔交易数量', '交易金额']
## 测试场景"13", 测试用例"第三十一条.1.2.1,1_2", 覆盖变量数目为4, 未覆盖的变量包括['交易方式', '交易方向', '交易时间', '单笔交易数量', '交易金额']
## 测试场景"13", 测试用例"第三十一条.1.2.1,1_3", 覆盖变量数目为4, 未覆盖的变量包括['交易方式', '交易方向', '交易时间', '单笔交易数量', '交易金额']
## 测试场景"13", 测试用例"第三十一条.1.2.1,1_4", 覆盖变量数目为4, 未覆盖的变量包括['交易方式', '交易方向', '交易时间', '单笔交易数量', '交易金额']
### 测试场景"13", 覆盖变量的最大数目为8, 整体未覆盖的变量包括['交易时间']

## 测试场景"14", 测试用例"第二十七条.6.1_1", 覆盖变量数目为5, 未覆盖的变量包括['交易品种', '交易时间']
## 测试场景"14", 测试用例"第二十七条.6.2_1", 覆盖变量数目为4, 未覆盖的变量包括['交易品种', '交易方向', '交易时间']
## 测试场景"14", 测试用例"第二十七条.5.1.1,1_2", 覆盖变量数目为5, 未覆盖的变量包括['交易品种', '交易方式']
## 测试场景"14", 测试用例"第二十七条.5.1.2,1_2", 覆盖变量数目为4, 未覆盖的变量包括['交易品种', '交易方式', '交易方向']
## 测试场景"14", 测试用例"第二十七条.5.2.1,1_2", 覆盖变量数目为5, 未覆盖的变量包括['交易品种', '交易方式']
## 测试场景"14", 测试用例"第二十七条.5.2.2,1_2", 覆盖变量数目为4, 未覆盖的变量包括['交易品种', '交易方式', '交易方向']
## 测试场景"14", 测试用例"第二十七条.5.3.1,1_2", 覆盖变量数目为5, 未覆盖的变量包括['交易品种', '交易方式']
## 测试场景"14", 测试用例"第二十七条.5.3.2,1_2", 覆盖变量数目为4, 未覆盖的变量包括['交易品种', '交易方式', '交易方向']
## 测试场景"14", 测试用例"第二十七条.5.4.1,1_2", 覆盖变量数目为5, 未覆盖的变量包括['交易品种', '交易方式']
## 测试场景"14", 测试用例"第二十七条.5.4.2,1_2", 覆盖变量数目为4, 未覆盖的变量包括['交易品种', '交易方式', '交易方向']
## 测试场景"14", 测试用例"第二十七条.1.1.1,1_2", 覆盖变量数目为5, 未覆盖的变量包括['交易方式', '交易时间']
## 测试场景"14", 测试用例"第二十七条.1.2.1,1_2", 覆盖变量数目为4, 未覆盖的变量包括['交易方式', '交易方向', '交易时间']
## 测试场景"14", 测试用例"第二十八条.2.1_1", 覆盖变量数目为6, 未覆盖的变量包括['交易时间']
## 测试场景"14", 测试用例"第二十八条.2.2_1", 覆盖变量数目为5, 未覆盖的变量包括['交易方向', '交易时间']
## 测试场景"14", 测试用例"第二十八条.1.1.1_1", 覆盖变量数目为5, 未覆盖的变量包括['交易方式', '交易时间']
## 测试场景"14", 测试用例"第二十八条.1.2.1_1", 覆盖变量数目为4, 未覆盖的变量包括['交易方式', '交易方向', '交易时间']
## 测试场景"14", 测试用例"第三十一条.2.1.1,1_2", 覆盖变量数目为4, 未覆盖的变量包括['交易品种', '交易方式', '交易时间']
## 测试场景"14", 测试用例"第三十一条.2.1.1,1_3", 覆盖变量数目为4, 未覆盖的变量包括['交易品种', '交易方式', '交易时间']
## 测试场景"14", 测试用例"第三十一条.2.1.1,1_4", 覆盖变量数目为4, 未覆盖的变量包括['交易品种', '交易方式', '交易时间']
## 测试场景"14", 测试用例"第三十一条.2.1.2,1_2", 覆盖变量数目为3, 未覆盖的变量包括['交易品种', '交易方式', '交易方向', '交易时间']
## 测试场景"14", 测试用例"第三十一条.2.1.2,1_3", 覆盖变量数目为3, 未覆盖的变量包括['交易品种', '交易方式', '交易方向', '交易时间']
## 测试场景"14", 测试用例"第三十一条.2.1.2,1_4", 覆盖变量数目为3, 未覆盖的变量包括['交易品种', '交易方式', '交易方向', '交易时间']
## 测试场景"14", 测试用例"第三十一条.2.2.1,1_2", 覆盖变量数目为4, 未覆盖的变量包括['交易品种', '交易方式', '交易时间']
## 测试场景"14", 测试用例"第三十一条.2.2.1,1_3", 覆盖变量数目为4, 未覆盖的变量包括['交易品种', '交易方式', '交易时间']
## 测试场景"14", 测试用例"第三十一条.2.2.1,1_4", 覆盖变量数目为4, 未覆盖的变量包括['交易品种', '交易方式', '交易时间']
## 测试场景"14", 测试用例"第三十一条.2.2.2,1_2", 覆盖变量数目为3, 未覆盖的变量包括['交易品种', '交易方式', '交易方向', '交易时间']
## 测试场景"14", 测试用例"第三十一条.2.2.2,1_3", 覆盖变量数目为3, 未覆盖的变量包括['交易品种', '交易方式', '交易方向', '交易时间']
## 测试场景"14", 测试用例"第三十一条.2.2.2,1_4", 覆盖变量数目为3, 未覆盖的变量包括['交易品种', '交易方式', '交易方向', '交易时间']
## 测试场景"14", 测试用例"第三十一条.2.3.1,1_2", 覆盖变量数目为4, 未覆盖的变量包括['交易品种', '交易方式', '交易时间']
## 测试场景"14", 测试用例"第三十一条.2.3.1,1_3", 覆盖变量数目为4, 未覆盖的变量包括['交易品种', '交易方式', '交易时间']
## 测试场景"14", 测试用例"第三十一条.2.3.1,1_4", 覆盖变量数目为4, 未覆盖的变量包括['交易品种', '交易方式', '交易时间']
## 测试场景"14", 测试用例"第三十一条.2.3.2,1_2", 覆盖变量数目为3, 未覆盖的变量包括['交易品种', '交易方式', '交易方向', '交易时间']
## 测试场景"14", 测试用例"第三十一条.2.3.2,1_3", 覆盖变量数目为3, 未覆盖的变量包括['交易品种', '交易方式', '交易方向', '交易时间']
## 测试场景"14", 测试用例"第三十一条.2.3.2,1_4", 覆盖变量数目为3, 未覆盖的变量包括['交易品种', '交易方式', '交易方向', '交易时间']
## 测试场景"14", 测试用例"第三十一条.2.4.1,1_2", 覆盖变量数目为4, 未覆盖的变量包括['交易品种', '交易方式', '交易时间']
## 测试场景"14", 测试用例"第三十一条.2.4.1,1_3", 覆盖变量数目为4, 未覆盖的变量包括['交易品种', '交易方式', '交易时间']
## 测试场景"14", 测试用例"第三十一条.2.4.1,1_4", 覆盖变量数目为4, 未覆盖的变量包括['交易品种', '交易方式', '交易时间']
## 测试场景"14", 测试用例"第三十一条.2.4.2,1_2", 覆盖变量数目为3, 未覆盖的变量包括['交易品种', '交易方式', '交易方向', '交易时间']
## 测试场景"14", 测试用例"第三十一条.2.4.2,1_3", 覆盖变量数目为3, 未覆盖的变量包括['交易品种', '交易方式', '交易方向', '交易时间']
## 测试场景"14", 测试用例"第三十一条.2.4.2,1_4", 覆盖变量数目为3, 未覆盖的变量包括['交易品种', '交易方式', '交易方向', '交易时间']
## 测试场景"14", 测试用例"第三十一条.1.1.1,1_2", 覆盖变量数目为5, 未覆盖的变量包括['交易方式', '交易时间']
## 测试场景"14", 测试用例"第三十一条.1.1.1,1_3", 覆盖变量数目为5, 未覆盖的变量包括['交易方式', '交易时间']
## 测试场景"14", 测试用例"第三十一条.1.1.1,1_4", 覆盖变量数目为5, 未覆盖的变量包括['交易方式', '交易时间']
## 测试场景"14", 测试用例"第三十一条.1.2.1,1_2", 覆盖变量数目为4, 未覆盖的变量包括['交易方式', '交易方向', '交易时间']
## 测试场景"14", 测试用例"第三十一条.1.2.1,1_3", 覆盖变量数目为4, 未覆盖的变量包括['交易方式', '交易方向', '交易时间']
## 测试场景"14", 测试用例"第三十一条.1.2.1,1_4", 覆盖变量数目为4, 未覆盖的变量包括['交易方式', '交易方向', '交易时间']
### 测试场景"14", 覆盖变量的最大数目为7, 所有变量全部覆盖

## 测试场景"15", 测试用例"第二十七条.6.1_1", 覆盖变量数目为6, 未覆盖的变量包括['交易品种']
## 测试场景"15", 测试用例"第二十七条.6.2_1", 覆盖变量数目为5, 未覆盖的变量包括['交易品种', '交易方向']
## 测试场景"15", 测试用例"第二十七条.5.1.1,1_2", 覆盖变量数目为4, 未覆盖的变量包括['交易品种', '交易方式', '状态']
## 测试场景"15", 测试用例"第二十七条.5.1.2,1_2", 覆盖变量数目为3, 未覆盖的变量包括['交易品种', '交易方式', '交易方向', '状态']
## 测试场景"15", 测试用例"第二十七条.5.2.1,1_2", 覆盖变量数目为4, 未覆盖的变量包括['交易品种', '交易方式', '状态']
## 测试场景"15", 测试用例"第二十七条.5.2.2,1_2", 覆盖变量数目为3, 未覆盖的变量包括['交易品种', '交易方式', '交易方向', '状态']
## 测试场景"15", 测试用例"第二十七条.5.3.1,1_2", 覆盖变量数目为4, 未覆盖的变量包括['交易品种', '交易方式', '状态']
## 测试场景"15", 测试用例"第二十七条.5.3.2,1_2", 覆盖变量数目为3, 未覆盖的变量包括['交易品种', '交易方式', '交易方向', '状态']
## 测试场景"15", 测试用例"第二十七条.5.4.1,1_2", 覆盖变量数目为4, 未覆盖的变量包括['交易品种', '交易方式', '状态']
## 测试场景"15", 测试用例"第二十七条.5.4.2,1_2", 覆盖变量数目为3, 未覆盖的变量包括['交易品种', '交易方式', '交易方向', '状态']
## 测试场景"15", 测试用例"第二十七条.1.1.1,1_2", 覆盖变量数目为5, 未覆盖的变量包括['交易方式', '状态']
## 测试场景"15", 测试用例"第二十七条.1.2.1,1_2", 覆盖变量数目为4, 未覆盖的变量包括['交易方式', '交易方向', '状态']
## 测试场景"15", 测试用例"第二十八条.2.1_1", 覆盖变量数目为6, 未覆盖的变量包括['状态']
## 测试场景"15", 测试用例"第二十八条.2.2_1", 覆盖变量数目为5, 未覆盖的变量包括['交易方向', '状态']
## 测试场景"15", 测试用例"第二十八条.1.1.1_1", 覆盖变量数目为5, 未覆盖的变量包括['交易方式', '状态']
## 测试场景"15", 测试用例"第二十八条.1.2.1_1", 覆盖变量数目为4, 未覆盖的变量包括['交易方式', '交易方向', '状态']
## 测试场景"15", 测试用例"第三十一条.2.1.1,1_2", 覆盖变量数目为4, 未覆盖的变量包括['交易品种', '交易方式', '状态']
## 测试场景"15", 测试用例"第三十一条.2.1.1,1_3", 覆盖变量数目为4, 未覆盖的变量包括['交易品种', '交易方式', '状态']
## 测试场景"15", 测试用例"第三十一条.2.1.1,1_4", 覆盖变量数目为4, 未覆盖的变量包括['交易品种', '交易方式', '状态']
## 测试场景"15", 测试用例"第三十一条.2.1.2,1_2", 覆盖变量数目为3, 未覆盖的变量包括['交易品种', '交易方式', '交易方向', '状态']
## 测试场景"15", 测试用例"第三十一条.2.1.2,1_3", 覆盖变量数目为3, 未覆盖的变量包括['交易品种', '交易方式', '交易方向', '状态']
## 测试场景"15", 测试用例"第三十一条.2.1.2,1_4", 覆盖变量数目为3, 未覆盖的变量包括['交易品种', '交易方式', '交易方向', '状态']
## 测试场景"15", 测试用例"第三十一条.2.2.1,1_2", 覆盖变量数目为4, 未覆盖的变量包括['交易品种', '交易方式', '状态']
## 测试场景"15", 测试用例"第三十一条.2.2.1,1_3", 覆盖变量数目为4, 未覆盖的变量包括['交易品种', '交易方式', '状态']
## 测试场景"15", 测试用例"第三十一条.2.2.1,1_4", 覆盖变量数目为4, 未覆盖的变量包括['交易品种', '交易方式', '状态']
## 测试场景"15", 测试用例"第三十一条.2.2.2,1_2", 覆盖变量数目为3, 未覆盖的变量包括['交易品种', '交易方式', '交易方向', '状态']
## 测试场景"15", 测试用例"第三十一条.2.2.2,1_3", 覆盖变量数目为3, 未覆盖的变量包括['交易品种', '交易方式', '交易方向', '状态']
## 测试场景"15", 测试用例"第三十一条.2.2.2,1_4", 覆盖变量数目为3, 未覆盖的变量包括['交易品种', '交易方式', '交易方向', '状态']
## 测试场景"15", 测试用例"第三十一条.2.3.1,1_2", 覆盖变量数目为4, 未覆盖的变量包括['交易品种', '交易方式', '状态']
## 测试场景"15", 测试用例"第三十一条.2.3.1,1_3", 覆盖变量数目为4, 未覆盖的变量包括['交易品种', '交易方式', '状态']
## 测试场景"15", 测试用例"第三十一条.2.3.1,1_4", 覆盖变量数目为4, 未覆盖的变量包括['交易品种', '交易方式', '状态']
## 测试场景"15", 测试用例"第三十一条.2.3.2,1_2", 覆盖变量数目为3, 未覆盖的变量包括['交易品种', '交易方式', '交易方向', '状态']
## 测试场景"15", 测试用例"第三十一条.2.3.2,1_3", 覆盖变量数目为3, 未覆盖的变量包括['交易品种', '交易方式', '交易方向', '状态']
## 测试场景"15", 测试用例"第三十一条.2.3.2,1_4", 覆盖变量数目为3, 未覆盖的变量包括['交易品种', '交易方式', '交易方向', '状态']
## 测试场景"15", 测试用例"第三十一条.2.4.1,1_2", 覆盖变量数目为4, 未覆盖的变量包括['交易品种', '交易方式', '状态']
## 测试场景"15", 测试用例"第三十一条.2.4.1,1_3", 覆盖变量数目为4, 未覆盖的变量包括['交易品种', '交易方式', '状态']
## 测试场景"15", 测试用例"第三十一条.2.4.1,1_4", 覆盖变量数目为4, 未覆盖的变量包括['交易品种', '交易方式', '状态']
## 测试场景"15", 测试用例"第三十一条.2.4.2,1_2", 覆盖变量数目为3, 未覆盖的变量包括['交易品种', '交易方式', '交易方向', '状态']
## 测试场景"15", 测试用例"第三十一条.2.4.2,1_3", 覆盖变量数目为3, 未覆盖的变量包括['交易品种', '交易方式', '交易方向', '状态']
## 测试场景"15", 测试用例"第三十一条.2.4.2,1_4", 覆盖变量数目为3, 未覆盖的变量包括['交易品种', '交易方式', '交易方向', '状态']
## 测试场景"15", 测试用例"第三十一条.1.1.1,1_2", 覆盖变量数目为5, 未覆盖的变量包括['交易方式', '状态']
## 测试场景"15", 测试用例"第三十一条.1.1.1,1_3", 覆盖变量数目为5, 未覆盖的变量包括['交易方式', '状态']
## 测试场景"15", 测试用例"第三十一条.1.1.1,1_4", 覆盖变量数目为5, 未覆盖的变量包括['交易方式', '状态']
## 测试场景"15", 测试用例"第三十一条.1.2.1,1_2", 覆盖变量数目为4, 未覆盖的变量包括['交易方式', '交易方向', '状态']
## 测试场景"15", 测试用例"第三十一条.1.2.1,1_3", 覆盖变量数目为4, 未覆盖的变量包括['交易方式', '交易方向', '状态']
## 测试场景"15", 测试用例"第三十一条.1.2.1,1_4", 覆盖变量数目为4, 未覆盖的变量包括['交易方式', '交易方向', '状态']
### 测试场景"15", 覆盖变量的最大数目为7, 所有变量全部覆盖

## 测试场景"16", 测试用例"第二十七条.2,第二十七条.3,第二十七条.4.1,1_1", 覆盖变量数目为3, 未覆盖的变量包括['交易品种', '交易方式', '交易方向', '交易时间', '单笔交易数量']
## 测试场景"16", 测试用例"第二十七条.2,第二十七条.3,第二十七条.4.2,1_1", 覆盖变量数目为4, 未覆盖的变量包括['交易品种', '交易方式', '交易时间', '单笔交易数量']
## 测试场景"16", 测试用例"第二十七条.5.1.1,1_1", 覆盖变量数目为4, 未覆盖的变量包括['交易品种', '交易方式', '交易方向', '单笔交易数量']
## 测试场景"16", 测试用例"第二十七条.5.1.2,1_1", 覆盖变量数目为5, 未覆盖的变量包括['交易品种', '交易方式', '单笔交易数量']
## 测试场景"16", 测试用例"第二十七条.5.2.1,1_1", 覆盖变量数目为4, 未覆盖的变量包括['交易品种', '交易方式', '交易方向', '单笔交易数量']
## 测试场景"16", 测试用例"第二十七条.5.2.2,1_1", 覆盖变量数目为5, 未覆盖的变量包括['交易品种', '交易方式', '单笔交易数量']
## 测试场景"16", 测试用例"第二十七条.5.3.1,1_1", 覆盖变量数目为4, 未覆盖的变量包括['交易品种', '交易方式', '交易方向', '单笔交易数量']
## 测试场景"16", 测试用例"第二十七条.5.3.2,1_1", 覆盖变量数目为5, 未覆盖的变量包括['交易品种', '交易方式', '单笔交易数量']
## 测试场景"16", 测试用例"第二十七条.5.4.1,1_1", 覆盖变量数目为4, 未覆盖的变量包括['交易品种', '交易方式', '交易方向', '单笔交易数量']
## 测试场景"16", 测试用例"第二十七条.5.4.2,1_1", 覆盖变量数目为5, 未覆盖的变量包括['交易品种', '交易方式', '单笔交易数量']
## 测试场景"16", 测试用例"第二十七条.1.1.1,1_1", 覆盖变量数目为4, 未覆盖的变量包括['交易方式', '交易方向', '交易时间', '单笔交易数量']
## 测试场景"16", 测试用例"第二十七条.1.2.1,1_1", 覆盖变量数目为5, 未覆盖的变量包括['交易方式', '交易时间', '单笔交易数量']
## 测试场景"16", 测试用例"第二十八条.2.1_2", 覆盖变量数目为5, 未覆盖的变量包括['交易方向', '交易时间', '单笔交易数量']
## 测试场景"16", 测试用例"第二十八条.2.1_3", 覆盖变量数目为6, 未覆盖的变量包括['交易方向', '交易时间']
## 测试场景"16", 测试用例"第二十八条.2.1_4", 覆盖变量数目为6, 未覆盖的变量包括['交易方向', '交易时间']
## 测试场景"16", 测试用例"第二十八条.2.2_2", 覆盖变量数目为6, 未覆盖的变量包括['交易时间', '单笔交易数量']
## 测试场景"16", 测试用例"第二十八条.2.2_3", 覆盖变量数目为7, 未覆盖的变量包括['交易时间']
## 测试场景"16", 测试用例"第二十八条.2.2_4", 覆盖变量数目为7, 未覆盖的变量包括['交易时间']
## 测试场景"16", 测试用例"第二十八条.1.1.1_2", 覆盖变量数目为4, 未覆盖的变量包括['交易方式', '交易方向', '交易时间', '单笔交易数量']
## 测试场景"16", 测试用例"第二十八条.1.1.1_3", 覆盖变量数目为5, 未覆盖的变量包括['交易方式', '交易方向', '交易时间']
## 测试场景"16", 测试用例"第二十八条.1.1.1_4", 覆盖变量数目为5, 未覆盖的变量包括['交易方式', '交易方向', '交易时间']
## 测试场景"16", 测试用例"第二十八条.1.2.1_2", 覆盖变量数目为5, 未覆盖的变量包括['交易方式', '交易时间', '单笔交易数量']
## 测试场景"16", 测试用例"第二十八条.1.2.1_3", 覆盖变量数目为6, 未覆盖的变量包括['交易方式', '交易时间']
## 测试场景"16", 测试用例"第二十八条.1.2.1_4", 覆盖变量数目为6, 未覆盖的变量包括['交易方式', '交易时间']
## 测试场景"16", 测试用例"第二十九条.2,第二十九条.4,第二十九条.6.1.1,1_1", 覆盖变量数目为3, 未覆盖的变量包括['交易品种', '交易方式', '交易方向', '交易时间', '单笔交易数量']
## 测试场景"16", 测试用例"第二十九条.2,第二十九条.4,第二十九条.6.1.2,1_1", 覆盖变量数目为4, 未覆盖的变量包括['交易品种', '交易方式', '交易时间', '单笔交易数量']
## 测试场景"16", 测试用例"第二十九条.2,第二十九条.4,第二十九条.6.2.1,1_1", 覆盖变量数目为3, 未覆盖的变量包括['交易品种', '交易方式', '交易方向', '交易时间', '单笔交易数量']
## 测试场景"16", 测试用例"第二十九条.2,第二十九条.4,第二十九条.6.2.2,1_1", 覆盖变量数目为4, 未覆盖的变量包括['交易品种', '交易方式', '交易时间', '单笔交易数量']
## 测试场景"16", 测试用例"第二十九条.2,第二十九条.4,第二十九条.6.3.1,1_1", 覆盖变量数目为3, 未覆盖的变量包括['交易品种', '交易方式', '交易方向', '交易时间', '单笔交易数量']
## 测试场景"16", 测试用例"第二十九条.2,第二十九条.4,第二十九条.6.3.2,1_1", 覆盖变量数目为4, 未覆盖的变量包括['交易品种', '交易方式', '交易时间', '单笔交易数量']
## 测试场景"16", 测试用例"第二十九条.2,第二十九条.4,第二十九条.6.4.1,1_1", 覆盖变量数目为3, 未覆盖的变量包括['交易品种', '交易方式', '交易方向', '交易时间', '单笔交易数量']
## 测试场景"16", 测试用例"第二十九条.2,第二十九条.4,第二十九条.6.4.2,1_1", 覆盖变量数目为4, 未覆盖的变量包括['交易品种', '交易方式', '交易时间', '单笔交易数量']
## 测试场景"16", 测试用例"第三十一条.2.1.1,1_1", 覆盖变量数目为3, 未覆盖的变量包括['交易品种', '交易方式', '交易方向', '交易时间', '单笔交易数量']
## 测试场景"16", 测试用例"第三十一条.2.1.2,1_1", 覆盖变量数目为4, 未覆盖的变量包括['交易品种', '交易方式', '交易时间', '单笔交易数量']
## 测试场景"16", 测试用例"第三十一条.2.2.1,1_1", 覆盖变量数目为3, 未覆盖的变量包括['交易品种', '交易方式', '交易方向', '交易时间', '单笔交易数量']
## 测试场景"16", 测试用例"第三十一条.2.2.2,1_1", 覆盖变量数目为4, 未覆盖的变量包括['交易品种', '交易方式', '交易时间', '单笔交易数量']
## 测试场景"16", 测试用例"第三十一条.2.3.1,1_1", 覆盖变量数目为3, 未覆盖的变量包括['交易品种', '交易方式', '交易方向', '交易时间', '单笔交易数量']
## 测试场景"16", 测试用例"第三十一条.2.3.2,1_1", 覆盖变量数目为4, 未覆盖的变量包括['交易品种', '交易方式', '交易时间', '单笔交易数量']
## 测试场景"16", 测试用例"第三十一条.2.4.1,1_1", 覆盖变量数目为3, 未覆盖的变量包括['交易品种', '交易方式', '交易方向', '交易时间', '单笔交易数量']
## 测试场景"16", 测试用例"第三十一条.2.4.2,1_1", 覆盖变量数目为4, 未覆盖的变量包括['交易品种', '交易方式', '交易时间', '单笔交易数量']
## 测试场景"16", 测试用例"第三十一条.1.1.1,1_1", 覆盖变量数目为4, 未覆盖的变量包括['交易方式', '交易方向', '交易时间', '单笔交易数量']
## 测试场景"16", 测试用例"第三十一条.1.2.1,1_1", 覆盖变量数目为5, 未覆盖的变量包括['交易方式', '交易时间', '单笔交易数量']
### 测试场景"16", 覆盖变量的最大数目为8, 所有变量全部覆盖

## 测试场景"17", 测试用例"第二十七条.2,第二十七条.3,第二十七条.4.1,1_1", 覆盖变量数目为3, 未覆盖的变量包括['交易品种', '交易方式', '交易方向', '交易时间', '单笔交易数量', '交易金额']
## 测试场景"17", 测试用例"第二十七条.2,第二十七条.3,第二十七条.4.2,1_1", 覆盖变量数目为4, 未覆盖的变量包括['交易品种', '交易方式', '交易时间', '单笔交易数量', '交易金额']
## 测试场景"17", 测试用例"第二十七条.5.1.1,1_1", 覆盖变量数目为4, 未覆盖的变量包括['交易品种', '交易方式', '交易方向', '单笔交易数量', '交易金额']
## 测试场景"17", 测试用例"第二十七条.5.1.2,1_1", 覆盖变量数目为5, 未覆盖的变量包括['交易品种', '交易方式', '单笔交易数量', '交易金额']
## 测试场景"17", 测试用例"第二十七条.5.2.1,1_1", 覆盖变量数目为4, 未覆盖的变量包括['交易品种', '交易方式', '交易方向', '单笔交易数量', '交易金额']
## 测试场景"17", 测试用例"第二十七条.5.2.2,1_1", 覆盖变量数目为5, 未覆盖的变量包括['交易品种', '交易方式', '单笔交易数量', '交易金额']
## 测试场景"17", 测试用例"第二十七条.5.3.1,1_1", 覆盖变量数目为4, 未覆盖的变量包括['交易品种', '交易方式', '交易方向', '单笔交易数量', '交易金额']
## 测试场景"17", 测试用例"第二十七条.5.3.2,1_1", 覆盖变量数目为5, 未覆盖的变量包括['交易品种', '交易方式', '单笔交易数量', '交易金额']
## 测试场景"17", 测试用例"第二十七条.5.4.1,1_1", 覆盖变量数目为4, 未覆盖的变量包括['交易品种', '交易方式', '交易方向', '单笔交易数量', '交易金额']
## 测试场景"17", 测试用例"第二十七条.5.4.2,1_1", 覆盖变量数目为5, 未覆盖的变量包括['交易品种', '交易方式', '单笔交易数量', '交易金额']
## 测试场景"17", 测试用例"第二十七条.1.1.1,1_1", 覆盖变量数目为4, 未覆盖的变量包括['交易方式', '交易方向', '交易时间', '单笔交易数量', '交易金额']
## 测试场景"17", 测试用例"第二十七条.1.2.1,1_1", 覆盖变量数目为5, 未覆盖的变量包括['交易方式', '交易时间', '单笔交易数量', '交易金额']
## 测试场景"17", 测试用例"第二十八条.2.1_2", 覆盖变量数目为6, 未覆盖的变量包括['交易方向', '交易时间', '交易金额']
## 测试场景"17", 测试用例"第二十八条.2.1_3", 覆盖变量数目为6, 未覆盖的变量包括['交易方向', '交易时间', '单笔交易数量']
## 测试场景"17", 测试用例"第二十八条.2.1_4", 覆盖变量数目为5, 未覆盖的变量包括['交易方向', '交易时间', '单笔交易数量', '交易金额']
## 测试场景"17", 测试用例"第二十八条.2.2_2", 覆盖变量数目为7, 未覆盖的变量包括['交易时间', '交易金额']
## 测试场景"17", 测试用例"第二十八条.2.2_3", 覆盖变量数目为7, 未覆盖的变量包括['交易时间', '单笔交易数量']
## 测试场景"17", 测试用例"第二十八条.2.2_4", 覆盖变量数目为6, 未覆盖的变量包括['交易时间', '单笔交易数量', '交易金额']
## 测试场景"17", 测试用例"第二十八条.1.1.1_2", 覆盖变量数目为6, 未覆盖的变量包括['交易方式', '交易方向', '交易时间']
## 测试场景"17", 测试用例"第二十八条.1.1.1_3", 覆盖变量数目为4, 未覆盖的变量包括['交易方式', '交易方向', '交易时间', '单笔交易数量', '交易金额']
## 测试场景"17", 测试用例"第二十八条.1.1.1_4", 覆盖变量数目为5, 未覆盖的变量包括['交易方式', '交易方向', '交易时间', '单笔交易数量']
## 测试场景"17", 测试用例"第二十八条.1.2.1_2", 覆盖变量数目为7, 未覆盖的变量包括['交易方式', '交易时间']
## 测试场景"17", 测试用例"第二十八条.1.2.1_3", 覆盖变量数目为5, 未覆盖的变量包括['交易方式', '交易时间', '单笔交易数量', '交易金额']
## 测试场景"17", 测试用例"第二十八条.1.2.1_4", 覆盖变量数目为6, 未覆盖的变量包括['交易方式', '交易时间', '单笔交易数量']
## 测试场景"17", 测试用例"第二十九条.2,第二十九条.4,第二十九条.6.1.1,1_1", 覆盖变量数目为3, 未覆盖的变量包括['交易品种', '交易方式', '交易方向', '交易时间', '单笔交易数量', '交易金额']
## 测试场景"17", 测试用例"第二十九条.2,第二十九条.4,第二十九条.6.1.2,1_1", 覆盖变量数目为4, 未覆盖的变量包括['交易品种', '交易方式', '交易时间', '单笔交易数量', '交易金额']
## 测试场景"17", 测试用例"第二十九条.2,第二十九条.4,第二十九条.6.2.1,1_1", 覆盖变量数目为3, 未覆盖的变量包括['交易品种', '交易方式', '交易方向', '交易时间', '单笔交易数量', '交易金额']
## 测试场景"17", 测试用例"第二十九条.2,第二十九条.4,第二十九条.6.2.2,1_1", 覆盖变量数目为4, 未覆盖的变量包括['交易品种', '交易方式', '交易时间', '单笔交易数量', '交易金额']
## 测试场景"17", 测试用例"第二十九条.2,第二十九条.4,第二十九条.6.3.1,1_1", 覆盖变量数目为3, 未覆盖的变量包括['交易品种', '交易方式', '交易方向', '交易时间', '单笔交易数量', '交易金额']
## 测试场景"17", 测试用例"第二十九条.2,第二十九条.4,第二十九条.6.3.2,1_1", 覆盖变量数目为4, 未覆盖的变量包括['交易品种', '交易方式', '交易时间', '单笔交易数量', '交易金额']
## 测试场景"17", 测试用例"第二十九条.2,第二十九条.4,第二十九条.6.4.1,1_1", 覆盖变量数目为3, 未覆盖的变量包括['交易品种', '交易方式', '交易方向', '交易时间', '单笔交易数量', '交易金额']
## 测试场景"17", 测试用例"第二十九条.2,第二十九条.4,第二十九条.6.4.2,1_1", 覆盖变量数目为4, 未覆盖的变量包括['交易品种', '交易方式', '交易时间', '单笔交易数量', '交易金额']
## 测试场景"17", 测试用例"第三十一条.2.1.1,1_1", 覆盖变量数目为3, 未覆盖的变量包括['交易品种', '交易方式', '交易方向', '交易时间', '单笔交易数量', '交易金额']
## 测试场景"17", 测试用例"第三十一条.2.1.2,1_1", 覆盖变量数目为4, 未覆盖的变量包括['交易品种', '交易方式', '交易时间', '单笔交易数量', '交易金额']
## 测试场景"17", 测试用例"第三十一条.2.2.1,1_1", 覆盖变量数目为3, 未覆盖的变量包括['交易品种', '交易方式', '交易方向', '交易时间', '单笔交易数量', '交易金额']
## 测试场景"17", 测试用例"第三十一条.2.2.2,1_1", 覆盖变量数目为4, 未覆盖的变量包括['交易品种', '交易方式', '交易时间', '单笔交易数量', '交易金额']
## 测试场景"17", 测试用例"第三十一条.2.3.1,1_1", 覆盖变量数目为3, 未覆盖的变量包括['交易品种', '交易方式', '交易方向', '交易时间', '单笔交易数量', '交易金额']
## 测试场景"17", 测试用例"第三十一条.2.3.2,1_1", 覆盖变量数目为4, 未覆盖的变量包括['交易品种', '交易方式', '交易时间', '单笔交易数量', '交易金额']
## 测试场景"17", 测试用例"第三十一条.2.4.1,1_1", 覆盖变量数目为3, 未覆盖的变量包括['交易品种', '交易方式', '交易方向', '交易时间', '单笔交易数量', '交易金额']
## 测试场景"17", 测试用例"第三十一条.2.4.2,1_1", 覆盖变量数目为4, 未覆盖的变量包括['交易品种', '交易方式', '交易时间', '单笔交易数量', '交易金额']
## 测试场景"17", 测试用例"第三十一条.1.1.1,1_1", 覆盖变量数目为4, 未覆盖的变量包括['交易方式', '交易方向', '交易时间', '单笔交易数量', '交易金额']
## 测试场景"17", 测试用例"第三十一条.1.2.1,1_1", 覆盖变量数目为5, 未覆盖的变量包括['交易方式', '交易时间', '单笔交易数量', '交易金额']
### 测试场景"17", 覆盖变量的最大数目为9, 所有变量全部覆盖

## 测试场景"18", 测试用例"第二十七条.6.1_1", 覆盖变量数目为4, 未覆盖的变量包括['交易品种', '交易方向', '交易时间', '单笔交易数量', '交易金额']
## 测试场景"18", 测试用例"第二十七条.6.2_1", 覆盖变量数目为5, 未覆盖的变量包括['交易品种', '交易时间', '单笔交易数量', '交易金额']
## 测试场景"18", 测试用例"第二十七条.5.1.1,1_2", 覆盖变量数目为3, 未覆盖的变量包括['交易品种', '交易方式', '交易方向', '交易时间', '单笔交易数量', '交易金额']
## 测试场景"18", 测试用例"第二十七条.5.1.2,1_2", 覆盖变量数目为4, 未覆盖的变量包括['交易品种', '交易方式', '交易时间', '单笔交易数量', '交易金额']
## 测试场景"18", 测试用例"第二十七条.5.2.1,1_2", 覆盖变量数目为3, 未覆盖的变量包括['交易品种', '交易方式', '交易方向', '交易时间', '单笔交易数量', '交易金额']
## 测试场景"18", 测试用例"第二十七条.5.2.2,1_2", 覆盖变量数目为4, 未覆盖的变量包括['交易品种', '交易方式', '交易时间', '单笔交易数量', '交易金额']
## 测试场景"18", 测试用例"第二十七条.5.3.1,1_2", 覆盖变量数目为3, 未覆盖的变量包括['交易品种', '交易方式', '交易方向', '交易时间', '单笔交易数量', '交易金额']
## 测试场景"18", 测试用例"第二十七条.5.3.2,1_2", 覆盖变量数目为4, 未覆盖的变量包括['交易品种', '交易方式', '交易时间', '单笔交易数量', '交易金额']
## 测试场景"18", 测试用例"第二十七条.5.4.1,1_2", 覆盖变量数目为3, 未覆盖的变量包括['交易品种', '交易方式', '交易方向', '交易时间', '单笔交易数量', '交易金额']
## 测试场景"18", 测试用例"第二十七条.5.4.2,1_2", 覆盖变量数目为4, 未覆盖的变量包括['交易品种', '交易方式', '交易时间', '单笔交易数量', '交易金额']
## 测试场景"18", 测试用例"第二十七条.1.1.1,1_2", 覆盖变量数目为4, 未覆盖的变量包括['交易方式', '交易方向', '交易时间', '单笔交易数量', '交易金额']
## 测试场景"18", 测试用例"第二十七条.1.2.1,1_2", 覆盖变量数目为5, 未覆盖的变量包括['交易方式', '交易时间', '单笔交易数量', '交易金额']
## 测试场景"18", 测试用例"第二十八条.2.1_1", 覆盖变量数目为6, 未覆盖的变量包括['交易方向', '交易时间', '交易金额']
## 测试场景"18", 测试用例"第二十八条.2.2_1", 覆盖变量数目为7, 未覆盖的变量包括['交易时间', '交易金额']
## 测试场景"18", 测试用例"第二十八条.1.1.1_1", 覆盖变量数目为6, 未覆盖的变量包括['交易方式', '交易方向', '交易时间']
## 测试场景"18", 测试用例"第二十八条.1.2.1_1", 覆盖变量数目为7, 未覆盖的变量包括['交易方式', '交易时间']
## 测试场景"18", 测试用例"第三十一条.2.1.1,1_2", 覆盖变量数目为3, 未覆盖的变量包括['交易品种', '交易方式', '交易方向', '交易时间', '单笔交易数量', '交易金额']
## 测试场景"18", 测试用例"第三十一条.2.1.1,1_3", 覆盖变量数目为3, 未覆盖的变量包括['交易品种', '交易方式', '交易方向', '交易时间', '单笔交易数量', '交易金额']
## 测试场景"18", 测试用例"第三十一条.2.1.1,1_4", 覆盖变量数目为3, 未覆盖的变量包括['交易品种', '交易方式', '交易方向', '交易时间', '单笔交易数量', '交易金额']
## 测试场景"18", 测试用例"第三十一条.2.1.2,1_2", 覆盖变量数目为4, 未覆盖的变量包括['交易品种', '交易方式', '交易时间', '单笔交易数量', '交易金额']
## 测试场景"18", 测试用例"第三十一条.2.1.2,1_3", 覆盖变量数目为4, 未覆盖的变量包括['交易品种', '交易方式', '交易时间', '单笔交易数量', '交易金额']
## 测试场景"18", 测试用例"第三十一条.2.1.2,1_4", 覆盖变量数目为4, 未覆盖的变量包括['交易品种', '交易方式', '交易时间', '单笔交易数量', '交易金额']
## 测试场景"18", 测试用例"第三十一条.2.2.1,1_2", 覆盖变量数目为3, 未覆盖的变量包括['交易品种', '交易方式', '交易方向', '交易时间', '单笔交易数量', '交易金额']
## 测试场景"18", 测试用例"第三十一条.2.2.1,1_3", 覆盖变量数目为3, 未覆盖的变量包括['交易品种', '交易方式', '交易方向', '交易时间', '单笔交易数量', '交易金额']
## 测试场景"18", 测试用例"第三十一条.2.2.1,1_4", 覆盖变量数目为3, 未覆盖的变量包括['交易品种', '交易方式', '交易方向', '交易时间', '单笔交易数量', '交易金额']
## 测试场景"18", 测试用例"第三十一条.2.2.2,1_2", 覆盖变量数目为4, 未覆盖的变量包括['交易品种', '交易方式', '交易时间', '单笔交易数量', '交易金额']
## 测试场景"18", 测试用例"第三十一条.2.2.2,1_3", 覆盖变量数目为4, 未覆盖的变量包括['交易品种', '交易方式', '交易时间', '单笔交易数量', '交易金额']
## 测试场景"18", 测试用例"第三十一条.2.2.2,1_4", 覆盖变量数目为4, 未覆盖的变量包括['交易品种', '交易方式', '交易时间', '单笔交易数量', '交易金额']
## 测试场景"18", 测试用例"第三十一条.2.3.1,1_2", 覆盖变量数目为3, 未覆盖的变量包括['交易品种', '交易方式', '交易方向', '交易时间', '单笔交易数量', '交易金额']
## 测试场景"18", 测试用例"第三十一条.2.3.1,1_3", 覆盖变量数目为3, 未覆盖的变量包括['交易品种', '交易方式', '交易方向', '交易时间', '单笔交易数量', '交易金额']
## 测试场景"18", 测试用例"第三十一条.2.3.1,1_4", 覆盖变量数目为3, 未覆盖的变量包括['交易品种', '交易方式', '交易方向', '交易时间', '单笔交易数量', '交易金额']
## 测试场景"18", 测试用例"第三十一条.2.3.2,1_2", 覆盖变量数目为4, 未覆盖的变量包括['交易品种', '交易方式', '交易时间', '单笔交易数量', '交易金额']
## 测试场景"18", 测试用例"第三十一条.2.3.2,1_3", 覆盖变量数目为4, 未覆盖的变量包括['交易品种', '交易方式', '交易时间', '单笔交易数量', '交易金额']
## 测试场景"18", 测试用例"第三十一条.2.3.2,1_4", 覆盖变量数目为4, 未覆盖的变量包括['交易品种', '交易方式', '交易时间', '单笔交易数量', '交易金额']
## 测试场景"18", 测试用例"第三十一条.2.4.1,1_2", 覆盖变量数目为3, 未覆盖的变量包括['交易品种', '交易方式', '交易方向', '交易时间', '单笔交易数量', '交易金额']
## 测试场景"18", 测试用例"第三十一条.2.4.1,1_3", 覆盖变量数目为3, 未覆盖的变量包括['交易品种', '交易方式', '交易方向', '交易时间', '单笔交易数量', '交易金额']
## 测试场景"18", 测试用例"第三十一条.2.4.1,1_4", 覆盖变量数目为3, 未覆盖的变量包括['交易品种', '交易方式', '交易方向', '交易时间', '单笔交易数量', '交易金额']
## 测试场景"18", 测试用例"第三十一条.2.4.2,1_2", 覆盖变量数目为4, 未覆盖的变量包括['交易品种', '交易方式', '交易时间', '单笔交易数量', '交易金额']
## 测试场景"18", 测试用例"第三十一条.2.4.2,1_3", 覆盖变量数目为4, 未覆盖的变量包括['交易品种', '交易方式', '交易时间', '单笔交易数量', '交易金额']
## 测试场景"18", 测试用例"第三十一条.2.4.2,1_4", 覆盖变量数目为4, 未覆盖的变量包括['交易品种', '交易方式', '交易时间', '单笔交易数量', '交易金额']
## 测试场景"18", 测试用例"第三十一条.1.1.1,1_2", 覆盖变量数目为4, 未覆盖的变量包括['交易方式', '交易方向', '交易时间', '单笔交易数量', '交易金额']
## 测试场景"18", 测试用例"第三十一条.1.1.1,1_3", 覆盖变量数目为4, 未覆盖的变量包括['交易方式', '交易方向', '交易时间', '单笔交易数量', '交易金额']
## 测试场景"18", 测试用例"第三十一条.1.1.1,1_4", 覆盖变量数目为4, 未覆盖的变量包括['交易方式', '交易方向', '交易时间', '单笔交易数量', '交易金额']
## 测试场景"18", 测试用例"第三十一条.1.2.1,1_2", 覆盖变量数目为5, 未覆盖的变量包括['交易方式', '交易时间', '单笔交易数量', '交易金额']
## 测试场景"18", 测试用例"第三十一条.1.2.1,1_3", 覆盖变量数目为5, 未覆盖的变量包括['交易方式', '交易时间', '单笔交易数量', '交易金额']
## 测试场景"18", 测试用例"第三十一条.1.2.1,1_4", 覆盖变量数目为5, 未覆盖的变量包括['交易方式', '交易时间', '单笔交易数量', '交易金额']
### 测试场景"18", 覆盖变量的最大数目为8, 整体未覆盖的变量包括['交易时间']

## 测试场景"19", 测试用例"第二十七条.6.1_1", 覆盖变量数目为4, 未覆盖的变量包括['交易品种', '交易方向', '交易时间']
## 测试场景"19", 测试用例"第二十七条.6.2_1", 覆盖变量数目为5, 未覆盖的变量包括['交易品种', '交易时间']
## 测试场景"19", 测试用例"第二十七条.5.1.1,1_2", 覆盖变量数目为4, 未覆盖的变量包括['交易品种', '交易方式', '交易方向']
## 测试场景"19", 测试用例"第二十七条.5.1.2,1_2", 覆盖变量数目为5, 未覆盖的变量包括['交易品种', '交易方式']
## 测试场景"19", 测试用例"第二十七条.5.2.1,1_2", 覆盖变量数目为4, 未覆盖的变量包括['交易品种', '交易方式', '交易方向']
## 测试场景"19", 测试用例"第二十七条.5.2.2,1_2", 覆盖变量数目为5, 未覆盖的变量包括['交易品种', '交易方式']
## 测试场景"19", 测试用例"第二十七条.5.3.1,1_2", 覆盖变量数目为4, 未覆盖的变量包括['交易品种', '交易方式', '交易方向']
## 测试场景"19", 测试用例"第二十七条.5.3.2,1_2", 覆盖变量数目为5, 未覆盖的变量包括['交易品种', '交易方式']
## 测试场景"19", 测试用例"第二十七条.5.4.1,1_2", 覆盖变量数目为4, 未覆盖的变量包括['交易品种', '交易方式', '交易方向']
## 测试场景"19", 测试用例"第二十七条.5.4.2,1_2", 覆盖变量数目为5, 未覆盖的变量包括['交易品种', '交易方式']
## 测试场景"19", 测试用例"第二十七条.1.1.1,1_2", 覆盖变量数目为4, 未覆盖的变量包括['交易方式', '交易方向', '交易时间']
## 测试场景"19", 测试用例"第二十七条.1.2.1,1_2", 覆盖变量数目为5, 未覆盖的变量包括['交易方式', '交易时间']
## 测试场景"19", 测试用例"第二十八条.2.1_1", 覆盖变量数目为5, 未覆盖的变量包括['交易方向', '交易时间']
## 测试场景"19", 测试用例"第二十八条.2.2_1", 覆盖变量数目为6, 未覆盖的变量包括['交易时间']
## 测试场景"19", 测试用例"第二十八条.1.1.1_1", 覆盖变量数目为4, 未覆盖的变量包括['交易方式', '交易方向', '交易时间']
## 测试场景"19", 测试用例"第二十八条.1.2.1_1", 覆盖变量数目为5, 未覆盖的变量包括['交易方式', '交易时间']
## 测试场景"19", 测试用例"第三十一条.2.1.1,1_2", 覆盖变量数目为3, 未覆盖的变量包括['交易品种', '交易方式', '交易方向', '交易时间']
## 测试场景"19", 测试用例"第三十一条.2.1.1,1_3", 覆盖变量数目为3, 未覆盖的变量包括['交易品种', '交易方式', '交易方向', '交易时间']
## 测试场景"19", 测试用例"第三十一条.2.1.1,1_4", 覆盖变量数目为3, 未覆盖的变量包括['交易品种', '交易方式', '交易方向', '交易时间']
## 测试场景"19", 测试用例"第三十一条.2.1.2,1_2", 覆盖变量数目为4, 未覆盖的变量包括['交易品种', '交易方式', '交易时间']
## 测试场景"19", 测试用例"第三十一条.2.1.2,1_3", 覆盖变量数目为4, 未覆盖的变量包括['交易品种', '交易方式', '交易时间']
## 测试场景"19", 测试用例"第三十一条.2.1.2,1_4", 覆盖变量数目为4, 未覆盖的变量包括['交易品种', '交易方式', '交易时间']
## 测试场景"19", 测试用例"第三十一条.2.2.1,1_2", 覆盖变量数目为3, 未覆盖的变量包括['交易品种', '交易方式', '交易方向', '交易时间']
## 测试场景"19", 测试用例"第三十一条.2.2.1,1_3", 覆盖变量数目为3, 未覆盖的变量包括['交易品种', '交易方式', '交易方向', '交易时间']
## 测试场景"19", 测试用例"第三十一条.2.2.1,1_4", 覆盖变量数目为3, 未覆盖的变量包括['交易品种', '交易方式', '交易方向', '交易时间']
## 测试场景"19", 测试用例"第三十一条.2.2.2,1_2", 覆盖变量数目为4, 未覆盖的变量包括['交易品种', '交易方式', '交易时间']
## 测试场景"19", 测试用例"第三十一条.2.2.2,1_3", 覆盖变量数目为4, 未覆盖的变量包括['交易品种', '交易方式', '交易时间']
## 测试场景"19", 测试用例"第三十一条.2.2.2,1_4", 覆盖变量数目为4, 未覆盖的变量包括['交易品种', '交易方式', '交易时间']
## 测试场景"19", 测试用例"第三十一条.2.3.1,1_2", 覆盖变量数目为3, 未覆盖的变量包括['交易品种', '交易方式', '交易方向', '交易时间']
## 测试场景"19", 测试用例"第三十一条.2.3.1,1_3", 覆盖变量数目为3, 未覆盖的变量包括['交易品种', '交易方式', '交易方向', '交易时间']
## 测试场景"19", 测试用例"第三十一条.2.3.1,1_4", 覆盖变量数目为3, 未覆盖的变量包括['交易品种', '交易方式', '交易方向', '交易时间']
## 测试场景"19", 测试用例"第三十一条.2.3.2,1_2", 覆盖变量数目为4, 未覆盖的变量包括['交易品种', '交易方式', '交易时间']
## 测试场景"19", 测试用例"第三十一条.2.3.2,1_3", 覆盖变量数目为4, 未覆盖的变量包括['交易品种', '交易方式', '交易时间']
## 测试场景"19", 测试用例"第三十一条.2.3.2,1_4", 覆盖变量数目为4, 未覆盖的变量包括['交易品种', '交易方式', '交易时间']
## 测试场景"19", 测试用例"第三十一条.2.4.1,1_2", 覆盖变量数目为3, 未覆盖的变量包括['交易品种', '交易方式', '交易方向', '交易时间']
## 测试场景"19", 测试用例"第三十一条.2.4.1,1_3", 覆盖变量数目为3, 未覆盖的变量包括['交易品种', '交易方式', '交易方向', '交易时间']
## 测试场景"19", 测试用例"第三十一条.2.4.1,1_4", 覆盖变量数目为3, 未覆盖的变量包括['交易品种', '交易方式', '交易方向', '交易时间']
## 测试场景"19", 测试用例"第三十一条.2.4.2,1_2", 覆盖变量数目为4, 未覆盖的变量包括['交易品种', '交易方式', '交易时间']
## 测试场景"19", 测试用例"第三十一条.2.4.2,1_3", 覆盖变量数目为4, 未覆盖的变量包括['交易品种', '交易方式', '交易时间']
## 测试场景"19", 测试用例"第三十一条.2.4.2,1_4", 覆盖变量数目为4, 未覆盖的变量包括['交易品种', '交易方式', '交易时间']
## 测试场景"19", 测试用例"第三十一条.1.1.1,1_2", 覆盖变量数目为4, 未覆盖的变量包括['交易方式', '交易方向', '交易时间']
## 测试场景"19", 测试用例"第三十一条.1.1.1,1_3", 覆盖变量数目为4, 未覆盖的变量包括['交易方式', '交易方向', '交易时间']
## 测试场景"19", 测试用例"第三十一条.1.1.1,1_4", 覆盖变量数目为4, 未覆盖的变量包括['交易方式', '交易方向', '交易时间']
## 测试场景"19", 测试用例"第三十一条.1.2.1,1_2", 覆盖变量数目为5, 未覆盖的变量包括['交易方式', '交易时间']
## 测试场景"19", 测试用例"第三十一条.1.2.1,1_3", 覆盖变量数目为5, 未覆盖的变量包括['交易方式', '交易时间']
## 测试场景"19", 测试用例"第三十一条.1.2.1,1_4", 覆盖变量数目为5, 未覆盖的变量包括['交易方式', '交易时间']
### 测试场景"19", 覆盖变量的最大数目为7, 所有变量全部覆盖

## 测试场景"20", 测试用例"第二十七条.6.1_1", 覆盖变量数目为5, 未覆盖的变量包括['交易品种', '交易方向']
## 测试场景"20", 测试用例"第二十七条.6.2_1", 覆盖变量数目为6, 未覆盖的变量包括['交易品种']
## 测试场景"20", 测试用例"第二十七条.5.1.1,1_2", 覆盖变量数目为3, 未覆盖的变量包括['交易品种', '交易方式', '交易方向', '状态']
## 测试场景"20", 测试用例"第二十七条.5.1.2,1_2", 覆盖变量数目为4, 未覆盖的变量包括['交易品种', '交易方式', '状态']
## 测试场景"20", 测试用例"第二十七条.5.2.1,1_2", 覆盖变量数目为3, 未覆盖的变量包括['交易品种', '交易方式', '交易方向', '状态']
## 测试场景"20", 测试用例"第二十七条.5.2.2,1_2", 覆盖变量数目为4, 未覆盖的变量包括['交易品种', '交易方式', '状态']
## 测试场景"20", 测试用例"第二十七条.5.3.1,1_2", 覆盖变量数目为3, 未覆盖的变量包括['交易品种', '交易方式', '交易方向', '状态']
## 测试场景"20", 测试用例"第二十七条.5.3.2,1_2", 覆盖变量数目为4, 未覆盖的变量包括['交易品种', '交易方式', '状态']
## 测试场景"20", 测试用例"第二十七条.5.4.1,1_2", 覆盖变量数目为3, 未覆盖的变量包括['交易品种', '交易方式', '交易方向', '状态']
## 测试场景"20", 测试用例"第二十七条.5.4.2,1_2", 覆盖变量数目为4, 未覆盖的变量包括['交易品种', '交易方式', '状态']
## 测试场景"20", 测试用例"第二十七条.1.1.1,1_2", 覆盖变量数目为4, 未覆盖的变量包括['交易方式', '交易方向', '状态']
## 测试场景"20", 测试用例"第二十七条.1.2.1,1_2", 覆盖变量数目为5, 未覆盖的变量包括['交易方式', '状态']
## 测试场景"20", 测试用例"第二十八条.2.1_1", 覆盖变量数目为5, 未覆盖的变量包括['交易方向', '状态']
## 测试场景"20", 测试用例"第二十八条.2.2_1", 覆盖变量数目为6, 未覆盖的变量包括['状态']
## 测试场景"20", 测试用例"第二十八条.1.1.1_1", 覆盖变量数目为4, 未覆盖的变量包括['交易方式', '交易方向', '状态']
## 测试场景"20", 测试用例"第二十八条.1.2.1_1", 覆盖变量数目为5, 未覆盖的变量包括['交易方式', '状态']
## 测试场景"20", 测试用例"第三十一条.2.1.1,1_2", 覆盖变量数目为3, 未覆盖的变量包括['交易品种', '交易方式', '交易方向', '状态']
## 测试场景"20", 测试用例"第三十一条.2.1.1,1_3", 覆盖变量数目为3, 未覆盖的变量包括['交易品种', '交易方式', '交易方向', '状态']
## 测试场景"20", 测试用例"第三十一条.2.1.1,1_4", 覆盖变量数目为3, 未覆盖的变量包括['交易品种', '交易方式', '交易方向', '状态']
## 测试场景"20", 测试用例"第三十一条.2.1.2,1_2", 覆盖变量数目为4, 未覆盖的变量包括['交易品种', '交易方式', '状态']
## 测试场景"20", 测试用例"第三十一条.2.1.2,1_3", 覆盖变量数目为4, 未覆盖的变量包括['交易品种', '交易方式', '状态']
## 测试场景"20", 测试用例"第三十一条.2.1.2,1_4", 覆盖变量数目为4, 未覆盖的变量包括['交易品种', '交易方式', '状态']
## 测试场景"20", 测试用例"第三十一条.2.2.1,1_2", 覆盖变量数目为3, 未覆盖的变量包括['交易品种', '交易方式', '交易方向', '状态']
## 测试场景"20", 测试用例"第三十一条.2.2.1,1_3", 覆盖变量数目为3, 未覆盖的变量包括['交易品种', '交易方式', '交易方向', '状态']
## 测试场景"20", 测试用例"第三十一条.2.2.1,1_4", 覆盖变量数目为3, 未覆盖的变量包括['交易品种', '交易方式', '交易方向', '状态']
## 测试场景"20", 测试用例"第三十一条.2.2.2,1_2", 覆盖变量数目为4, 未覆盖的变量包括['交易品种', '交易方式', '状态']
## 测试场景"20", 测试用例"第三十一条.2.2.2,1_3", 覆盖变量数目为4, 未覆盖的变量包括['交易品种', '交易方式', '状态']
## 测试场景"20", 测试用例"第三十一条.2.2.2,1_4", 覆盖变量数目为4, 未覆盖的变量包括['交易品种', '交易方式', '状态']
## 测试场景"20", 测试用例"第三十一条.2.3.1,1_2", 覆盖变量数目为3, 未覆盖的变量包括['交易品种', '交易方式', '交易方向', '状态']
## 测试场景"20", 测试用例"第三十一条.2.3.1,1_3", 覆盖变量数目为3, 未覆盖的变量包括['交易品种', '交易方式', '交易方向', '状态']
## 测试场景"20", 测试用例"第三十一条.2.3.1,1_4", 覆盖变量数目为3, 未覆盖的变量包括['交易品种', '交易方式', '交易方向', '状态']
## 测试场景"20", 测试用例"第三十一条.2.3.2,1_2", 覆盖变量数目为4, 未覆盖的变量包括['交易品种', '交易方式', '状态']
## 测试场景"20", 测试用例"第三十一条.2.3.2,1_3", 覆盖变量数目为4, 未覆盖的变量包括['交易品种', '交易方式', '状态']
## 测试场景"20", 测试用例"第三十一条.2.3.2,1_4", 覆盖变量数目为4, 未覆盖的变量包括['交易品种', '交易方式', '状态']
## 测试场景"20", 测试用例"第三十一条.2.4.1,1_2", 覆盖变量数目为3, 未覆盖的变量包括['交易品种', '交易方式', '交易方向', '状态']
## 测试场景"20", 测试用例"第三十一条.2.4.1,1_3", 覆盖变量数目为3, 未覆盖的变量包括['交易品种', '交易方式', '交易方向', '状态']
## 测试场景"20", 测试用例"第三十一条.2.4.1,1_4", 覆盖变量数目为3, 未覆盖的变量包括['交易品种', '交易方式', '交易方向', '状态']
## 测试场景"20", 测试用例"第三十一条.2.4.2,1_2", 覆盖变量数目为4, 未覆盖的变量包括['交易品种', '交易方式', '状态']
## 测试场景"20", 测试用例"第三十一条.2.4.2,1_3", 覆盖变量数目为4, 未覆盖的变量包括['交易品种', '交易方式', '状态']
## 测试场景"20", 测试用例"第三十一条.2.4.2,1_4", 覆盖变量数目为4, 未覆盖的变量包括['交易品种', '交易方式', '状态']
## 测试场景"20", 测试用例"第三十一条.1.1.1,1_2", 覆盖变量数目为4, 未覆盖的变量包括['交易方式', '交易方向', '状态']
## 测试场景"20", 测试用例"第三十一条.1.1.1,1_3", 覆盖变量数目为4, 未覆盖的变量包括['交易方式', '交易方向', '状态']
## 测试场景"20", 测试用例"第三十一条.1.1.1,1_4", 覆盖变量数目为4, 未覆盖的变量包括['交易方式', '交易方向', '状态']
## 测试场景"20", 测试用例"第三十一条.1.2.1,1_2", 覆盖变量数目为5, 未覆盖的变量包括['交易方式', '状态']
## 测试场景"20", 测试用例"第三十一条.1.2.1,1_3", 覆盖变量数目为5, 未覆盖的变量包括['交易方式', '状态']
## 测试场景"20", 测试用例"第三十一条.1.2.1,1_4", 覆盖变量数目为5, 未覆盖的变量包括['交易方式', '状态']
### 测试场景"20", 覆盖变量的最大数目为7, 所有变量全部覆盖

## 测试场景"21", 测试用例"第二十七条.2,第二十七条.3,第二十七条.4.1,1_1", 覆盖变量数目为4, 未覆盖的变量包括['交易品种', '交易方式', '时间', '申报价格']
## 测试场景"21", 测试用例"第二十七条.2,第二十七条.3,第二十七条.4.2,1_1", 覆盖变量数目为3, 未覆盖的变量包括['交易品种', '交易方式', '交易方向', '时间', '申报价格']
## 测试场景"21", 测试用例"第二十七条.5.1.1,1_1", 覆盖变量数目为4, 未覆盖的变量包括['交易品种', '交易方式', '时间', '申报价格']
## 测试场景"21", 测试用例"第二十七条.5.1.2,1_1", 覆盖变量数目为3, 未覆盖的变量包括['交易品种', '交易方式', '交易方向', '时间', '申报价格']
## 测试场景"21", 测试用例"第二十七条.5.2.1,1_1", 覆盖变量数目为4, 未覆盖的变量包括['交易品种', '交易方式', '时间', '申报价格']
## 测试场景"21", 测试用例"第二十七条.5.2.2,1_1", 覆盖变量数目为3, 未覆盖的变量包括['交易品种', '交易方式', '交易方向', '时间', '申报价格']
## 测试场景"21", 测试用例"第二十七条.5.3.1,1_1", 覆盖变量数目为4, 未覆盖的变量包括['交易品种', '交易方式', '时间', '申报价格']
## 测试场景"21", 测试用例"第二十七条.5.3.2,1_1", 覆盖变量数目为3, 未覆盖的变量包括['交易品种', '交易方式', '交易方向', '时间', '申报价格']
## 测试场景"21", 测试用例"第二十七条.5.4.1,1_1", 覆盖变量数目为4, 未覆盖的变量包括['交易品种', '交易方式', '时间', '申报价格']
## 测试场景"21", 测试用例"第二十七条.5.4.2,1_1", 覆盖变量数目为3, 未覆盖的变量包括['交易品种', '交易方式', '交易方向', '时间', '申报价格']
## 测试场景"21", 测试用例"第二十七条.1.1.1,1_1", 覆盖变量数目为6, 未覆盖的变量包括['时间', '申报价格']
## 测试场景"21", 测试用例"第二十七条.1.2.1,1_1", 覆盖变量数目为5, 未覆盖的变量包括['交易方向', '时间', '申报价格']
## 测试场景"21", 测试用例"第二十八条.2.1_2", 覆盖变量数目为5, 未覆盖的变量包括['交易方式', '时间', '申报价格']
## 测试场景"21", 测试用例"第二十八条.2.1_3", 覆盖变量数目为5, 未覆盖的变量包括['交易方式', '时间', '申报价格']
## 测试场景"21", 测试用例"第二十八条.2.1_4", 覆盖变量数目为5, 未覆盖的变量包括['交易方式', '时间', '申报价格']
## 测试场景"21", 测试用例"第二十八条.2.2_2", 覆盖变量数目为4, 未覆盖的变量包括['交易方式', '交易方向', '时间', '申报价格']
## 测试场景"21", 测试用例"第二十八条.2.2_3", 覆盖变量数目为4, 未覆盖的变量包括['交易方式', '交易方向', '时间', '申报价格']
## 测试场景"21", 测试用例"第二十八条.2.2_4", 覆盖变量数目为4, 未覆盖的变量包括['交易方式', '交易方向', '时间', '申报价格']
## 测试场景"21", 测试用例"第二十八条.1.1.1_2", 覆盖变量数目为6, 未覆盖的变量包括['时间', '申报价格']
## 测试场景"21", 测试用例"第二十八条.1.1.1_3", 覆盖变量数目为6, 未覆盖的变量包括['时间', '申报价格']
## 测试场景"21", 测试用例"第二十八条.1.1.1_4", 覆盖变量数目为6, 未覆盖的变量包括['时间', '申报价格']
## 测试场景"21", 测试用例"第二十八条.1.2.1_2", 覆盖变量数目为5, 未覆盖的变量包括['交易方向', '时间', '申报价格']
## 测试场景"21", 测试用例"第二十八条.1.2.1_3", 覆盖变量数目为5, 未覆盖的变量包括['交易方向', '时间', '申报价格']
## 测试场景"21", 测试用例"第二十八条.1.2.1_4", 覆盖变量数目为5, 未覆盖的变量包括['交易方向', '时间', '申报价格']
## 测试场景"21", 测试用例"第二十九条.2,第二十九条.4,第二十九条.6.1.1,1_1", 覆盖变量数目为4, 未覆盖的变量包括['交易品种', '交易方式', '时间', '申报价格']
## 测试场景"21", 测试用例"第二十九条.2,第二十九条.4,第二十九条.6.1.2,1_1", 覆盖变量数目为3, 未覆盖的变量包括['交易品种', '交易方式', '交易方向', '时间', '申报价格']
## 测试场景"21", 测试用例"第二十九条.2,第二十九条.4,第二十九条.6.2.1,1_1", 覆盖变量数目为4, 未覆盖的变量包括['交易品种', '交易方式', '时间', '申报价格']
## 测试场景"21", 测试用例"第二十九条.2,第二十九条.4,第二十九条.6.2.2,1_1", 覆盖变量数目为3, 未覆盖的变量包括['交易品种', '交易方式', '交易方向', '时间', '申报价格']
## 测试场景"21", 测试用例"第二十九条.2,第二十九条.4,第二十九条.6.3.1,1_1", 覆盖变量数目为4, 未覆盖的变量包括['交易品种', '交易方式', '时间', '申报价格']
## 测试场景"21", 测试用例"第二十九条.2,第二十九条.4,第二十九条.6.3.2,1_1", 覆盖变量数目为3, 未覆盖的变量包括['交易品种', '交易方式', '交易方向', '时间', '申报价格']
## 测试场景"21", 测试用例"第二十九条.2,第二十九条.4,第二十九条.6.4.1,1_1", 覆盖变量数目为4, 未覆盖的变量包括['交易品种', '交易方式', '时间', '申报价格']
## 测试场景"21", 测试用例"第二十九条.2,第二十九条.4,第二十九条.6.4.2,1_1", 覆盖变量数目为3, 未覆盖的变量包括['交易品种', '交易方式', '交易方向', '时间', '申报价格']
## 测试场景"21", 测试用例"第三十一条.2.1.1,1_1", 覆盖变量数目为5, 未覆盖的变量包括['交易品种', '时间', '申报价格']
## 测试场景"21", 测试用例"第三十一条.2.1.2,1_1", 覆盖变量数目为4, 未覆盖的变量包括['交易品种', '交易方向', '时间', '申报价格']
## 测试场景"21", 测试用例"第三十一条.2.2.1,1_1", 覆盖变量数目为5, 未覆盖的变量包括['交易品种', '时间', '申报价格']
## 测试场景"21", 测试用例"第三十一条.2.2.2,1_1", 覆盖变量数目为4, 未覆盖的变量包括['交易品种', '交易方向', '时间', '申报价格']
## 测试场景"21", 测试用例"第三十一条.2.3.1,1_1", 覆盖变量数目为5, 未覆盖的变量包括['交易品种', '时间', '申报价格']
## 测试场景"21", 测试用例"第三十一条.2.3.2,1_1", 覆盖变量数目为4, 未覆盖的变量包括['交易品种', '交易方向', '时间', '申报价格']
## 测试场景"21", 测试用例"第三十一条.2.4.1,1_1", 覆盖变量数目为5, 未覆盖的变量包括['交易品种', '时间', '申报价格']
## 测试场景"21", 测试用例"第三十一条.2.4.2,1_1", 覆盖变量数目为4, 未覆盖的变量包括['交易品种', '交易方向', '时间', '申报价格']
## 测试场景"21", 测试用例"第三十一条.1.1.1,1_1", 覆盖变量数目为8, 未覆盖的变量包括[]
## 测试场景"21", 测试用例"第三十一条.1.2.1,1_1", 覆盖变量数目为7, 未覆盖的变量包括['交易方向']
### 测试场景"21", 覆盖变量的最大数目为8, 所有变量全部覆盖

## 测试场景"22", 测试用例"第二十七条.6.1_1", 覆盖变量数目为4, 未覆盖的变量包括['交易品种', '交易方式', '时间', '申报价格']
## 测试场景"22", 测试用例"第二十七条.6.2_1", 覆盖变量数目为3, 未覆盖的变量包括['交易品种', '交易方式', '交易方向', '时间', '申报价格']
## 测试场景"22", 测试用例"第二十七条.5.1.1,1_2", 覆盖变量数目为4, 未覆盖的变量包括['交易品种', '交易方式', '时间', '申报价格']
## 测试场景"22", 测试用例"第二十七条.5.1.2,1_2", 覆盖变量数目为3, 未覆盖的变量包括['交易品种', '交易方式', '交易方向', '时间', '申报价格']
## 测试场景"22", 测试用例"第二十七条.5.2.1,1_2", 覆盖变量数目为4, 未覆盖的变量包括['交易品种', '交易方式', '时间', '申报价格']
## 测试场景"22", 测试用例"第二十七条.5.2.2,1_2", 覆盖变量数目为3, 未覆盖的变量包括['交易品种', '交易方式', '交易方向', '时间', '申报价格']
## 测试场景"22", 测试用例"第二十七条.5.3.1,1_2", 覆盖变量数目为4, 未覆盖的变量包括['交易品种', '交易方式', '时间', '申报价格']
## 测试场景"22", 测试用例"第二十七条.5.3.2,1_2", 覆盖变量数目为3, 未覆盖的变量包括['交易品种', '交易方式', '交易方向', '时间', '申报价格']
## 测试场景"22", 测试用例"第二十七条.5.4.1,1_2", 覆盖变量数目为4, 未覆盖的变量包括['交易品种', '交易方式', '时间', '申报价格']
## 测试场景"22", 测试用例"第二十七条.5.4.2,1_2", 覆盖变量数目为3, 未覆盖的变量包括['交易品种', '交易方式', '交易方向', '时间', '申报价格']
## 测试场景"22", 测试用例"第二十七条.1.1.1,1_2", 覆盖变量数目为6, 未覆盖的变量包括['时间', '申报价格']
## 测试场景"22", 测试用例"第二十七条.1.2.1,1_2", 覆盖变量数目为5, 未覆盖的变量包括['交易方向', '时间', '申报价格']
## 测试场景"22", 测试用例"第二十八条.2.1_1", 覆盖变量数目为6, 未覆盖的变量包括['交易方式', '时间']
## 测试场景"22", 测试用例"第二十八条.2.2_1", 覆盖变量数目为5, 未覆盖的变量包括['交易方式', '交易方向', '时间']
## 测试场景"22", 测试用例"第二十八条.1.1.1_1", 覆盖变量数目为7, 未覆盖的变量包括['时间']
## 测试场景"22", 测试用例"第二十八条.1.2.1_1", 覆盖变量数目为6, 未覆盖的变量包括['交易方向', '时间']
## 测试场景"22", 测试用例"第三十一条.2.1.1,1_2", 覆盖变量数目为5, 未覆盖的变量包括['交易品种', '时间', '申报价格']
## 测试场景"22", 测试用例"第三十一条.2.1.1,1_3", 覆盖变量数目为5, 未覆盖的变量包括['交易品种', '时间', '申报价格']
## 测试场景"22", 测试用例"第三十一条.2.1.1,1_4", 覆盖变量数目为5, 未覆盖的变量包括['交易品种', '时间', '申报价格']
## 测试场景"22", 测试用例"第三十一条.2.1.2,1_2", 覆盖变量数目为4, 未覆盖的变量包括['交易品种', '交易方向', '时间', '申报价格']
## 测试场景"22", 测试用例"第三十一条.2.1.2,1_3", 覆盖变量数目为4, 未覆盖的变量包括['交易品种', '交易方向', '时间', '申报价格']
## 测试场景"22", 测试用例"第三十一条.2.1.2,1_4", 覆盖变量数目为4, 未覆盖的变量包括['交易品种', '交易方向', '时间', '申报价格']
## 测试场景"22", 测试用例"第三十一条.2.2.1,1_2", 覆盖变量数目为5, 未覆盖的变量包括['交易品种', '时间', '申报价格']
## 测试场景"22", 测试用例"第三十一条.2.2.1,1_3", 覆盖变量数目为5, 未覆盖的变量包括['交易品种', '时间', '申报价格']
## 测试场景"22", 测试用例"第三十一条.2.2.1,1_4", 覆盖变量数目为5, 未覆盖的变量包括['交易品种', '时间', '申报价格']
## 测试场景"22", 测试用例"第三十一条.2.2.2,1_2", 覆盖变量数目为4, 未覆盖的变量包括['交易品种', '交易方向', '时间', '申报价格']
## 测试场景"22", 测试用例"第三十一条.2.2.2,1_3", 覆盖变量数目为4, 未覆盖的变量包括['交易品种', '交易方向', '时间', '申报价格']
## 测试场景"22", 测试用例"第三十一条.2.2.2,1_4", 覆盖变量数目为4, 未覆盖的变量包括['交易品种', '交易方向', '时间', '申报价格']
## 测试场景"22", 测试用例"第三十一条.2.3.1,1_2", 覆盖变量数目为5, 未覆盖的变量包括['交易品种', '时间', '申报价格']
## 测试场景"22", 测试用例"第三十一条.2.3.1,1_3", 覆盖变量数目为5, 未覆盖的变量包括['交易品种', '时间', '申报价格']
## 测试场景"22", 测试用例"第三十一条.2.3.1,1_4", 覆盖变量数目为5, 未覆盖的变量包括['交易品种', '时间', '申报价格']
## 测试场景"22", 测试用例"第三十一条.2.3.2,1_2", 覆盖变量数目为4, 未覆盖的变量包括['交易品种', '交易方向', '时间', '申报价格']
## 测试场景"22", 测试用例"第三十一条.2.3.2,1_3", 覆盖变量数目为4, 未覆盖的变量包括['交易品种', '交易方向', '时间', '申报价格']
## 测试场景"22", 测试用例"第三十一条.2.3.2,1_4", 覆盖变量数目为4, 未覆盖的变量包括['交易品种', '交易方向', '时间', '申报价格']
## 测试场景"22", 测试用例"第三十一条.2.4.1,1_2", 覆盖变量数目为5, 未覆盖的变量包括['交易品种', '时间', '申报价格']
## 测试场景"22", 测试用例"第三十一条.2.4.1,1_3", 覆盖变量数目为5, 未覆盖的变量包括['交易品种', '时间', '申报价格']
## 测试场景"22", 测试用例"第三十一条.2.4.1,1_4", 覆盖变量数目为5, 未覆盖的变量包括['交易品种', '时间', '申报价格']
## 测试场景"22", 测试用例"第三十一条.2.4.2,1_2", 覆盖变量数目为4, 未覆盖的变量包括['交易品种', '交易方向', '时间', '申报价格']
## 测试场景"22", 测试用例"第三十一条.2.4.2,1_3", 覆盖变量数目为4, 未覆盖的变量包括['交易品种', '交易方向', '时间', '申报价格']
## 测试场景"22", 测试用例"第三十一条.2.4.2,1_4", 覆盖变量数目为4, 未覆盖的变量包括['交易品种', '交易方向', '时间', '申报价格']
## 测试场景"22", 测试用例"第三十一条.1.1.1,1_2", 覆盖变量数目为8, 未覆盖的变量包括[]
## 测试场景"22", 测试用例"第三十一条.1.1.1,1_3", 覆盖变量数目为8, 未覆盖的变量包括[]
## 测试场景"22", 测试用例"第三十一条.1.1.1,1_4", 覆盖变量数目为8, 未覆盖的变量包括[]
## 测试场景"22", 测试用例"第三十一条.1.2.1,1_2", 覆盖变量数目为7, 未覆盖的变量包括['交易方向']
## 测试场景"22", 测试用例"第三十一条.1.2.1,1_3", 覆盖变量数目为7, 未覆盖的变量包括['交易方向']
## 测试场景"22", 测试用例"第三十一条.1.2.1,1_4", 覆盖变量数目为7, 未覆盖的变量包括['交易方向']
### 测试场景"22", 覆盖变量的最大数目为8, 所有变量全部覆盖

## 测试场景"23", 测试用例"第二十七条.2,第二十七条.3,第二十七条.4.1,1_1", 覆盖变量数目为4, 未覆盖的变量包括['交易品种', '交易方式', '时间', '申报价格']
## 测试场景"23", 测试用例"第二十七条.2,第二十七条.3,第二十七条.4.2,1_1", 覆盖变量数目为3, 未覆盖的变量包括['交易品种', '交易方式', '交易方向', '时间', '申报价格']
## 测试场景"23", 测试用例"第二十七条.5.1.1,1_1", 覆盖变量数目为4, 未覆盖的变量包括['交易品种', '交易方式', '时间', '申报价格']
## 测试场景"23", 测试用例"第二十七条.5.1.2,1_1", 覆盖变量数目为3, 未覆盖的变量包括['交易品种', '交易方式', '交易方向', '时间', '申报价格']
## 测试场景"23", 测试用例"第二十七条.5.2.1,1_1", 覆盖变量数目为4, 未覆盖的变量包括['交易品种', '交易方式', '时间', '申报价格']
## 测试场景"23", 测试用例"第二十七条.5.2.2,1_1", 覆盖变量数目为3, 未覆盖的变量包括['交易品种', '交易方式', '交易方向', '时间', '申报价格']
## 测试场景"23", 测试用例"第二十七条.5.3.1,1_1", 覆盖变量数目为4, 未覆盖的变量包括['交易品种', '交易方式', '时间', '申报价格']
## 测试场景"23", 测试用例"第二十七条.5.3.2,1_1", 覆盖变量数目为3, 未覆盖的变量包括['交易品种', '交易方式', '交易方向', '时间', '申报价格']
## 测试场景"23", 测试用例"第二十七条.5.4.1,1_1", 覆盖变量数目为4, 未覆盖的变量包括['交易品种', '交易方式', '时间', '申报价格']
## 测试场景"23", 测试用例"第二十七条.5.4.2,1_1", 覆盖变量数目为3, 未覆盖的变量包括['交易品种', '交易方式', '交易方向', '时间', '申报价格']
## 测试场景"23", 测试用例"第二十七条.1.1.1,1_1", 覆盖变量数目为6, 未覆盖的变量包括['时间', '申报价格']
## 测试场景"23", 测试用例"第二十七条.1.2.1,1_1", 覆盖变量数目为5, 未覆盖的变量包括['交易方向', '时间', '申报价格']
## 测试场景"23", 测试用例"第二十八条.2.1_2", 覆盖变量数目为5, 未覆盖的变量包括['交易方式', '时间', '申报价格']
## 测试场景"23", 测试用例"第二十八条.2.1_3", 覆盖变量数目为5, 未覆盖的变量包括['交易方式', '时间', '申报价格']
## 测试场景"23", 测试用例"第二十八条.2.1_4", 覆盖变量数目为5, 未覆盖的变量包括['交易方式', '时间', '申报价格']
## 测试场景"23", 测试用例"第二十八条.2.2_2", 覆盖变量数目为4, 未覆盖的变量包括['交易方式', '交易方向', '时间', '申报价格']
## 测试场景"23", 测试用例"第二十八条.2.2_3", 覆盖变量数目为4, 未覆盖的变量包括['交易方式', '交易方向', '时间', '申报价格']
## 测试场景"23", 测试用例"第二十八条.2.2_4", 覆盖变量数目为4, 未覆盖的变量包括['交易方式', '交易方向', '时间', '申报价格']
## 测试场景"23", 测试用例"第二十八条.1.1.1_2", 覆盖变量数目为6, 未覆盖的变量包括['时间', '申报价格']
## 测试场景"23", 测试用例"第二十八条.1.1.1_3", 覆盖变量数目为6, 未覆盖的变量包括['时间', '申报价格']
## 测试场景"23", 测试用例"第二十八条.1.1.1_4", 覆盖变量数目为6, 未覆盖的变量包括['时间', '申报价格']
## 测试场景"23", 测试用例"第二十八条.1.2.1_2", 覆盖变量数目为5, 未覆盖的变量包括['交易方向', '时间', '申报价格']
## 测试场景"23", 测试用例"第二十八条.1.2.1_3", 覆盖变量数目为5, 未覆盖的变量包括['交易方向', '时间', '申报价格']
## 测试场景"23", 测试用例"第二十八条.1.2.1_4", 覆盖变量数目为5, 未覆盖的变量包括['交易方向', '时间', '申报价格']
## 测试场景"23", 测试用例"第二十九条.2,第二十九条.4,第二十九条.6.1.1,1_1", 覆盖变量数目为4, 未覆盖的变量包括['交易品种', '交易方式', '时间', '申报价格']
## 测试场景"23", 测试用例"第二十九条.2,第二十九条.4,第二十九条.6.1.2,1_1", 覆盖变量数目为3, 未覆盖的变量包括['交易品种', '交易方式', '交易方向', '时间', '申报价格']
## 测试场景"23", 测试用例"第二十九条.2,第二十九条.4,第二十九条.6.2.1,1_1", 覆盖变量数目为4, 未覆盖的变量包括['交易品种', '交易方式', '时间', '申报价格']
## 测试场景"23", 测试用例"第二十九条.2,第二十九条.4,第二十九条.6.2.2,1_1", 覆盖变量数目为3, 未覆盖的变量包括['交易品种', '交易方式', '交易方向', '时间', '申报价格']
## 测试场景"23", 测试用例"第二十九条.2,第二十九条.4,第二十九条.6.3.1,1_1", 覆盖变量数目为4, 未覆盖的变量包括['交易品种', '交易方式', '时间', '申报价格']
## 测试场景"23", 测试用例"第二十九条.2,第二十九条.4,第二十九条.6.3.2,1_1", 覆盖变量数目为3, 未覆盖的变量包括['交易品种', '交易方式', '交易方向', '时间', '申报价格']
## 测试场景"23", 测试用例"第二十九条.2,第二十九条.4,第二十九条.6.4.1,1_1", 覆盖变量数目为4, 未覆盖的变量包括['交易品种', '交易方式', '时间', '申报价格']
## 测试场景"23", 测试用例"第二十九条.2,第二十九条.4,第二十九条.6.4.2,1_1", 覆盖变量数目为3, 未覆盖的变量包括['交易品种', '交易方式', '交易方向', '时间', '申报价格']
## 测试场景"23", 测试用例"第三十一条.2.1.1,1_1", 覆盖变量数目为6, 未覆盖的变量包括['交易品种', '时间']
## 测试场景"23", 测试用例"第三十一条.2.1.2,1_1", 覆盖变量数目为5, 未覆盖的变量包括['交易品种', '交易方向', '时间']
## 测试场景"23", 测试用例"第三十一条.2.2.1,1_1", 覆盖变量数目为6, 未覆盖的变量包括['交易品种', '时间']
## 测试场景"23", 测试用例"第三十一条.2.2.2,1_1", 覆盖变量数目为5, 未覆盖的变量包括['交易品种', '交易方向', '时间']
## 测试场景"23", 测试用例"第三十一条.2.3.1,1_1", 覆盖变量数目为6, 未覆盖的变量包括['交易品种', '时间']
## 测试场景"23", 测试用例"第三十一条.2.3.2,1_1", 覆盖变量数目为5, 未覆盖的变量包括['交易品种', '交易方向', '时间']
## 测试场景"23", 测试用例"第三十一条.2.4.1,1_1", 覆盖变量数目为6, 未覆盖的变量包括['交易品种', '时间']
## 测试场景"23", 测试用例"第三十一条.2.4.2,1_1", 覆盖变量数目为5, 未覆盖的变量包括['交易品种', '交易方向', '时间']
## 测试场景"23", 测试用例"第三十一条.1.1.1,1_1", 覆盖变量数目为7, 未覆盖的变量包括['申报价格']
## 测试场景"23", 测试用例"第三十一条.1.2.1,1_1", 覆盖变量数目为6, 未覆盖的变量包括['交易方向', '申报价格']
### 测试场景"23", 覆盖变量的最大数目为8, 所有变量全部覆盖

## 测试场景"24", 测试用例"第二十七条.6.1_1", 覆盖变量数目为4, 未覆盖的变量包括['交易品种', '交易方式', '时间', '申报价格']
## 测试场景"24", 测试用例"第二十七条.6.2_1", 覆盖变量数目为3, 未覆盖的变量包括['交易品种', '交易方式', '交易方向', '时间', '申报价格']
## 测试场景"24", 测试用例"第二十七条.5.1.1,1_2", 覆盖变量数目为4, 未覆盖的变量包括['交易品种', '交易方式', '时间', '申报价格']
## 测试场景"24", 测试用例"第二十七条.5.1.2,1_2", 覆盖变量数目为3, 未覆盖的变量包括['交易品种', '交易方式', '交易方向', '时间', '申报价格']
## 测试场景"24", 测试用例"第二十七条.5.2.1,1_2", 覆盖变量数目为4, 未覆盖的变量包括['交易品种', '交易方式', '时间', '申报价格']
## 测试场景"24", 测试用例"第二十七条.5.2.2,1_2", 覆盖变量数目为3, 未覆盖的变量包括['交易品种', '交易方式', '交易方向', '时间', '申报价格']
## 测试场景"24", 测试用例"第二十七条.5.3.1,1_2", 覆盖变量数目为4, 未覆盖的变量包括['交易品种', '交易方式', '时间', '申报价格']
## 测试场景"24", 测试用例"第二十七条.5.3.2,1_2", 覆盖变量数目为3, 未覆盖的变量包括['交易品种', '交易方式', '交易方向', '时间', '申报价格']
## 测试场景"24", 测试用例"第二十七条.5.4.1,1_2", 覆盖变量数目为4, 未覆盖的变量包括['交易品种', '交易方式', '时间', '申报价格']
## 测试场景"24", 测试用例"第二十七条.5.4.2,1_2", 覆盖变量数目为3, 未覆盖的变量包括['交易品种', '交易方式', '交易方向', '时间', '申报价格']
## 测试场景"24", 测试用例"第二十七条.1.1.1,1_2", 覆盖变量数目为6, 未覆盖的变量包括['时间', '申报价格']
## 测试场景"24", 测试用例"第二十七条.1.2.1,1_2", 覆盖变量数目为5, 未覆盖的变量包括['交易方向', '时间', '申报价格']
## 测试场景"24", 测试用例"第二十八条.2.1_1", 覆盖变量数目为5, 未覆盖的变量包括['交易方式', '时间', '申报价格']
## 测试场景"24", 测试用例"第二十八条.2.2_1", 覆盖变量数目为4, 未覆盖的变量包括['交易方式', '交易方向', '时间', '申报价格']
## 测试场景"24", 测试用例"第二十八条.1.1.1_1", 覆盖变量数目为6, 未覆盖的变量包括['时间', '申报价格']
## 测试场景"24", 测试用例"第二十八条.1.2.1_1", 覆盖变量数目为5, 未覆盖的变量包括['交易方向', '时间', '申报价格']
## 测试场景"24", 测试用例"第三十一条.2.1.1,1_2", 覆盖变量数目为6, 未覆盖的变量包括['交易品种', '时间']
## 测试场景"24", 测试用例"第三十一条.2.1.1,1_3", 覆盖变量数目为6, 未覆盖的变量包括['交易品种', '时间']
## 测试场景"24", 测试用例"第三十一条.2.1.1,1_4", 覆盖变量数目为6, 未覆盖的变量包括['交易品种', '时间']
## 测试场景"24", 测试用例"第三十一条.2.1.2,1_2", 覆盖变量数目为5, 未覆盖的变量包括['交易品种', '交易方向', '时间']
## 测试场景"24", 测试用例"第三十一条.2.1.2,1_3", 覆盖变量数目为5, 未覆盖的变量包括['交易品种', '交易方向', '时间']
## 测试场景"24", 测试用例"第三十一条.2.1.2,1_4", 覆盖变量数目为5, 未覆盖的变量包括['交易品种', '交易方向', '时间']
## 测试场景"24", 测试用例"第三十一条.2.2.1,1_2", 覆盖变量数目为6, 未覆盖的变量包括['交易品种', '时间']
## 测试场景"24", 测试用例"第三十一条.2.2.1,1_3", 覆盖变量数目为6, 未覆盖的变量包括['交易品种', '时间']
## 测试场景"24", 测试用例"第三十一条.2.2.1,1_4", 覆盖变量数目为6, 未覆盖的变量包括['交易品种', '时间']
## 测试场景"24", 测试用例"第三十一条.2.2.2,1_2", 覆盖变量数目为5, 未覆盖的变量包括['交易品种', '交易方向', '时间']
## 测试场景"24", 测试用例"第三十一条.2.2.2,1_3", 覆盖变量数目为5, 未覆盖的变量包括['交易品种', '交易方向', '时间']
## 测试场景"24", 测试用例"第三十一条.2.2.2,1_4", 覆盖变量数目为5, 未覆盖的变量包括['交易品种', '交易方向', '时间']
## 测试场景"24", 测试用例"第三十一条.2.3.1,1_2", 覆盖变量数目为6, 未覆盖的变量包括['交易品种', '时间']
## 测试场景"24", 测试用例"第三十一条.2.3.1,1_3", 覆盖变量数目为6, 未覆盖的变量包括['交易品种', '时间']
## 测试场景"24", 测试用例"第三十一条.2.3.1,1_4", 覆盖变量数目为6, 未覆盖的变量包括['交易品种', '时间']
## 测试场景"24", 测试用例"第三十一条.2.3.2,1_2", 覆盖变量数目为5, 未覆盖的变量包括['交易品种', '交易方向', '时间']
## 测试场景"24", 测试用例"第三十一条.2.3.2,1_3", 覆盖变量数目为5, 未覆盖的变量包括['交易品种', '交易方向', '时间']
## 测试场景"24", 测试用例"第三十一条.2.3.2,1_4", 覆盖变量数目为5, 未覆盖的变量包括['交易品种', '交易方向', '时间']
## 测试场景"24", 测试用例"第三十一条.2.4.1,1_2", 覆盖变量数目为6, 未覆盖的变量包括['交易品种', '时间']
## 测试场景"24", 测试用例"第三十一条.2.4.1,1_3", 覆盖变量数目为6, 未覆盖的变量包括['交易品种', '时间']
## 测试场景"24", 测试用例"第三十一条.2.4.1,1_4", 覆盖变量数目为6, 未覆盖的变量包括['交易品种', '时间']
## 测试场景"24", 测试用例"第三十一条.2.4.2,1_2", 覆盖变量数目为5, 未覆盖的变量包括['交易品种', '交易方向', '时间']
## 测试场景"24", 测试用例"第三十一条.2.4.2,1_3", 覆盖变量数目为5, 未覆盖的变量包括['交易品种', '交易方向', '时间']
## 测试场景"24", 测试用例"第三十一条.2.4.2,1_4", 覆盖变量数目为5, 未覆盖的变量包括['交易品种', '交易方向', '时间']
## 测试场景"24", 测试用例"第三十一条.1.1.1,1_2", 覆盖变量数目为7, 未覆盖的变量包括['申报价格']
## 测试场景"24", 测试用例"第三十一条.1.1.1,1_3", 覆盖变量数目为7, 未覆盖的变量包括['申报价格']
## 测试场景"24", 测试用例"第三十一条.1.1.1,1_4", 覆盖变量数目为7, 未覆盖的变量包括['申报价格']
## 测试场景"24", 测试用例"第三十一条.1.2.1,1_2", 覆盖变量数目为6, 未覆盖的变量包括['交易方向', '申报价格']
## 测试场景"24", 测试用例"第三十一条.1.2.1,1_3", 覆盖变量数目为6, 未覆盖的变量包括['交易方向', '申报价格']
## 测试场景"24", 测试用例"第三十一条.1.2.1,1_4", 覆盖变量数目为6, 未覆盖的变量包括['交易方向', '申报价格']
### 测试场景"24", 覆盖变量的最大数目为8, 所有变量全部覆盖

数据集data4的业务场景覆盖率为0.9696
