## 测试场景"1", 测试用例"3.11.1.1.1_1", 覆盖变量数目为3, 未覆盖的变量包括['操作', '交易市场', '交易方向', '盘后定价交易申报时间', '申报数量', '价格']
## 测试场景"1", 测试用例"3.11.1.1.2_1", 覆盖变量数目为3, 未覆盖的变量包括['操作', '交易市场', '交易方向', '盘后定价交易申报时间', '申报数量', '价格']
## 测试场景"1", 测试用例"3.11.1.1.3.1_1", 覆盖变量数目为6, 未覆盖的变量包括['盘后定价交易申报时间', '申报数量', '价格']
## 测试场景"1", 测试用例"3.11.1.2.3.1_1", 覆盖变量数目为5, 未覆盖的变量包括['交易方向', '盘后定价交易申报时间', '申报数量', '价格']
## 测试场景"1", 测试用例"3.2.1.1.1_1", 覆盖变量数目为5, 未覆盖的变量包括['交易品种', '盘后定价交易申报时间', '申报数量', '价格']
## 测试场景"1", 测试用例"3.2.1.2.1_1", 覆盖变量数目为4, 未覆盖的变量包括['交易品种', '交易方向', '盘后定价交易申报时间', '申报数量', '价格']
## 测试场景"1", 测试用例"3.2.2.1.1_1", 覆盖变量数目为6, 未覆盖的变量包括['交易品种', '申报数量', '价格']
## 测试场景"1", 测试用例"3.2.2.2.1_1", 覆盖变量数目为5, 未覆盖的变量包括['交易品种', '交易方向', '申报数量', '价格']
## 测试场景"1", 测试用例"3.2.3.1_1", 覆盖变量数目为3, 未覆盖的变量包括['操作', '交易品种', '交易方式', '盘后定价交易申报时间', '申报数量', '价格']
## 测试场景"1", 测试用例"3.2.3.2_1", 覆盖变量数目为2, 未覆盖的变量包括['操作', '交易品种', '交易方式', '交易方向', '盘后定价交易申报时间', '申报数量', '价格']
## 测试场景"1", 测试用例"3.2.4.1_1", 覆盖变量数目为5, 未覆盖的变量包括['交易品种', '盘后定价交易申报时间', '申报数量', '价格']
## 测试场景"1", 测试用例"3.2.4.2_1", 覆盖变量数目为4, 未覆盖的变量包括['交易品种', '交易方向', '盘后定价交易申报时间', '申报数量', '价格']
## 测试场景"1", 测试用例"3.2.5.1.1_1", 覆盖变量数目为3, 未覆盖的变量包括['操作', '交易品种', '交易方式', '盘后定价交易申报时间', '申报数量', '价格']
## 测试场景"1", 测试用例"3.2.5.2.1_1", 覆盖变量数目为2, 未覆盖的变量包括['操作', '交易品种', '交易方式', '交易方向', '盘后定价交易申报时间', '申报数量', '价格']
## 测试场景"1", 测试用例"3.2.6.1.1_1", 覆盖变量数目为4, 未覆盖的变量包括['交易品种', '交易方式', '盘后定价交易申报时间', '申报数量', '价格']
## 测试场景"1", 测试用例"3.2.6.2.1_1", 覆盖变量数目为3, 未覆盖的变量包括['交易品种', '交易方式', '交易方向', '盘后定价交易申报时间', '申报数量', '价格']
## 测试场景"1", 测试用例"3.3.1.1_1", 覆盖变量数目为5, 未覆盖的变量包括['操作', '盘后定价交易申报时间', '申报数量', '价格']
## 测试场景"1", 测试用例"3.3.1.2_1", 覆盖变量数目为4, 未覆盖的变量包括['操作', '交易方向', '盘后定价交易申报时间', '申报数量', '价格']
## 测试场景"1", 测试用例"3.5.1.1_2", 覆盖变量数目为5, 未覆盖的变量包括['交易品种', '交易方式', '盘后定价交易申报时间', '申报数量']
## 测试场景"1", 测试用例"3.5.1.1_3", 覆盖变量数目为5, 未覆盖的变量包括['交易品种', '交易方式', '盘后定价交易申报时间', '申报数量']
## 测试场景"1", 测试用例"3.5.1.1_4", 覆盖变量数目为5, 未覆盖的变量包括['交易品种', '交易方式', '盘后定价交易申报时间', '申报数量']
## 测试场景"1", 测试用例"3.5.1.2_2", 覆盖变量数目为4, 未覆盖的变量包括['交易品种', '交易方式', '交易方向', '盘后定价交易申报时间', '申报数量']
## 测试场景"1", 测试用例"3.5.1.2_3", 覆盖变量数目为4, 未覆盖的变量包括['交易品种', '交易方式', '交易方向', '盘后定价交易申报时间', '申报数量']
## 测试场景"1", 测试用例"3.5.1.2_4", 覆盖变量数目为4, 未覆盖的变量包括['交易品种', '交易方式', '交易方向', '盘后定价交易申报时间', '申报数量']
## 测试场景"1", 测试用例"3.6.1.1.1_1", 覆盖变量数目为5, 未覆盖的变量包括['交易品种', '交易方式', '盘后定价交易申报时间', '价格']
## 测试场景"1", 测试用例"3.6.1.2.1_1", 覆盖变量数目为4, 未覆盖的变量包括['交易品种', '交易方式', '交易方向', '盘后定价交易申报时间', '价格']
## 测试场景"1", 测试用例"3.7.1.1.1_1", 覆盖变量数目为5, 未覆盖的变量包括['交易品种', '盘后定价交易申报时间', '申报数量', '价格']
## 测试场景"1", 测试用例"3.7.1.2.1_1", 覆盖变量数目为4, 未覆盖的变量包括['交易品种', '交易方向', '盘后定价交易申报时间', '申报数量', '价格']
### 测试场景"1", 覆盖变量的最大数目为9, 所有变量全部覆盖

## 测试场景"2", 测试用例"3.11.1.1.3.1_2", 覆盖变量数目为6, 未覆盖的变量包括['盘后定价交易申报时间', '申报数量', '价格']
## 测试场景"2", 测试用例"3.11.1.2.3.1_2", 覆盖变量数目为5, 未覆盖的变量包括['交易方向', '盘后定价交易申报时间', '申报数量', '价格']
## 测试场景"2", 测试用例"3.2.1.1.1_2", 覆盖变量数目为5, 未覆盖的变量包括['交易品种', '盘后定价交易申报时间', '申报数量', '价格']
## 测试场景"2", 测试用例"3.2.1.2.1_2", 覆盖变量数目为4, 未覆盖的变量包括['交易品种', '交易方向', '盘后定价交易申报时间', '申报数量', '价格']
## 测试场景"2", 测试用例"3.2.2.1.1_2", 覆盖变量数目为6, 未覆盖的变量包括['交易品种', '申报数量', '价格']
## 测试场景"2", 测试用例"3.2.2.2.1_2", 覆盖变量数目为5, 未覆盖的变量包括['交易品种', '交易方向', '申报数量', '价格']
## 测试场景"2", 测试用例"3.2.4.1_2", 覆盖变量数目为5, 未覆盖的变量包括['交易品种', '盘后定价交易申报时间', '申报数量', '价格']
## 测试场景"2", 测试用例"3.2.4.2_2", 覆盖变量数目为4, 未覆盖的变量包括['交易品种', '交易方向', '盘后定价交易申报时间', '申报数量', '价格']
## 测试场景"2", 测试用例"3.2.5.1.1_2", 覆盖变量数目为3, 未覆盖的变量包括['操作', '交易品种', '交易方式', '盘后定价交易申报时间', '申报数量', '价格']
## 测试场景"2", 测试用例"3.2.5.2.1_2", 覆盖变量数目为2, 未覆盖的变量包括['操作', '交易品种', '交易方式', '交易方向', '盘后定价交易申报时间', '申报数量', '价格']
## 测试场景"2", 测试用例"3.5.1.1_1", 覆盖变量数目为5, 未覆盖的变量包括['交易品种', '交易方式', '盘后定价交易申报时间', '申报数量']
## 测试场景"2", 测试用例"3.5.1.2_1", 覆盖变量数目为4, 未覆盖的变量包括['交易品种', '交易方式', '交易方向', '盘后定价交易申报时间', '申报数量']
## 测试场景"2", 测试用例"3.6.1.1.1_2", 覆盖变量数目为4, 未覆盖的变量包括['交易品种', '交易方式', '盘后定价交易申报时间', '申报数量', '价格']
## 测试场景"2", 测试用例"3.6.1.2.1_2", 覆盖变量数目为3, 未覆盖的变量包括['交易品种', '交易方式', '交易方向', '盘后定价交易申报时间', '申报数量', '价格']
## 测试场景"2", 测试用例"3.7.1.1.1_2", 覆盖变量数目为5, 未覆盖的变量包括['交易品种', '盘后定价交易申报时间', '申报数量', '价格']
## 测试场景"2", 测试用例"3.7.1.1.1_3", 覆盖变量数目为5, 未覆盖的变量包括['交易品种', '盘后定价交易申报时间', '申报数量', '价格']
## 测试场景"2", 测试用例"3.7.1.1.1_4", 覆盖变量数目为5, 未覆盖的变量包括['交易品种', '盘后定价交易申报时间', '申报数量', '价格']
## 测试场景"2", 测试用例"3.7.1.2.1_2", 覆盖变量数目为4, 未覆盖的变量包括['交易品种', '交易方向', '盘后定价交易申报时间', '申报数量', '价格']
## 测试场景"2", 测试用例"3.7.1.2.1_3", 覆盖变量数目为4, 未覆盖的变量包括['交易品种', '交易方向', '盘后定价交易申报时间', '申报数量', '价格']
## 测试场景"2", 测试用例"3.7.1.2.1_4", 覆盖变量数目为4, 未覆盖的变量包括['交易品种', '交易方向', '盘后定价交易申报时间', '申报数量', '价格']
### 测试场景"2", 覆盖变量的最大数目为8, 整体未覆盖的变量包括['申报数量']

## 测试场景"3", 测试用例"3.11.1.1.3.1_2", 覆盖变量数目为6, 未覆盖的变量包括['盘后定价交易申报时间', '申报数量']
## 测试场景"3", 测试用例"3.11.1.2.3.1_2", 覆盖变量数目为5, 未覆盖的变量包括['交易方向', '盘后定价交易申报时间', '申报数量']
## 测试场景"3", 测试用例"3.2.1.1.1_2", 覆盖变量数目为5, 未覆盖的变量包括['交易品种', '盘后定价交易申报时间', '申报数量']
## 测试场景"3", 测试用例"3.2.1.2.1_2", 覆盖变量数目为4, 未覆盖的变量包括['交易品种', '交易方向', '盘后定价交易申报时间', '申报数量']
## 测试场景"3", 测试用例"3.2.2.1.1_2", 覆盖变量数目为6, 未覆盖的变量包括['交易品种', '申报数量']
## 测试场景"3", 测试用例"3.2.2.2.1_2", 覆盖变量数目为5, 未覆盖的变量包括['交易品种', '交易方向', '申报数量']
## 测试场景"3", 测试用例"3.2.4.1_2", 覆盖变量数目为5, 未覆盖的变量包括['交易品种', '盘后定价交易申报时间', '申报数量']
## 测试场景"3", 测试用例"3.2.4.2_2", 覆盖变量数目为4, 未覆盖的变量包括['交易品种', '交易方向', '盘后定价交易申报时间', '申报数量']
## 测试场景"3", 测试用例"3.2.5.1.1_2", 覆盖变量数目为3, 未覆盖的变量包括['操作', '交易品种', '交易方式', '盘后定价交易申报时间', '申报数量']
## 测试场景"3", 测试用例"3.2.5.2.1_2", 覆盖变量数目为2, 未覆盖的变量包括['操作', '交易品种', '交易方式', '交易方向', '盘后定价交易申报时间', '申报数量']
## 测试场景"3", 测试用例"3.5.1.1_1", 覆盖变量数目为4, 未覆盖的变量包括['交易品种', '交易方式', '盘后定价交易申报时间', '申报数量']
## 测试场景"3", 测试用例"3.5.1.2_1", 覆盖变量数目为3, 未覆盖的变量包括['交易品种', '交易方式', '交易方向', '盘后定价交易申报时间', '申报数量']
## 测试场景"3", 测试用例"3.6.1.1.1_2", 覆盖变量数目为5, 未覆盖的变量包括['交易品种', '交易方式', '盘后定价交易申报时间']
## 测试场景"3", 测试用例"3.6.1.2.1_2", 覆盖变量数目为4, 未覆盖的变量包括['交易品种', '交易方式', '交易方向', '盘后定价交易申报时间']
## 测试场景"3", 测试用例"3.7.1.1.1_2", 覆盖变量数目为5, 未覆盖的变量包括['交易品种', '盘后定价交易申报时间', '申报数量']
## 测试场景"3", 测试用例"3.7.1.1.1_3", 覆盖变量数目为5, 未覆盖的变量包括['交易品种', '盘后定价交易申报时间', '申报数量']
## 测试场景"3", 测试用例"3.7.1.1.1_4", 覆盖变量数目为5, 未覆盖的变量包括['交易品种', '盘后定价交易申报时间', '申报数量']
## 测试场景"3", 测试用例"3.7.1.2.1_2", 覆盖变量数目为4, 未覆盖的变量包括['交易品种', '交易方向', '盘后定价交易申报时间', '申报数量']
## 测试场景"3", 测试用例"3.7.1.2.1_3", 覆盖变量数目为4, 未覆盖的变量包括['交易品种', '交易方向', '盘后定价交易申报时间', '申报数量']
## 测试场景"3", 测试用例"3.7.1.2.1_4", 覆盖变量数目为4, 未覆盖的变量包括['交易品种', '交易方向', '盘后定价交易申报时间', '申报数量']
### 测试场景"3", 覆盖变量的最大数目为8, 所有变量全部覆盖

## 测试场景"4", 测试用例"3.11.1.1.3.1_2", 覆盖变量数目为6, 未覆盖的变量包括['盘后定价交易申报时间']
## 测试场景"4", 测试用例"3.11.1.2.3.1_2", 覆盖变量数目为5, 未覆盖的变量包括['交易方向', '盘后定价交易申报时间']
## 测试场景"4", 测试用例"3.2.1.1.1_2", 覆盖变量数目为5, 未覆盖的变量包括['交易品种', '盘后定价交易申报时间']
## 测试场景"4", 测试用例"3.2.1.2.1_2", 覆盖变量数目为4, 未覆盖的变量包括['交易品种', '交易方向', '盘后定价交易申报时间']
## 测试场景"4", 测试用例"3.2.2.1.1_2", 覆盖变量数目为6, 未覆盖的变量包括['交易品种']
## 测试场景"4", 测试用例"3.2.2.2.1_2", 覆盖变量数目为5, 未覆盖的变量包括['交易品种', '交易方向']
## 测试场景"4", 测试用例"3.2.4.1_2", 覆盖变量数目为5, 未覆盖的变量包括['交易品种', '盘后定价交易申报时间']
## 测试场景"4", 测试用例"3.2.4.2_2", 覆盖变量数目为4, 未覆盖的变量包括['交易品种', '交易方向', '盘后定价交易申报时间']
## 测试场景"4", 测试用例"3.2.5.1.1_2", 覆盖变量数目为3, 未覆盖的变量包括['操作', '交易品种', '交易方式', '盘后定价交易申报时间']
## 测试场景"4", 测试用例"3.2.5.2.1_2", 覆盖变量数目为2, 未覆盖的变量包括['操作', '交易品种', '交易方式', '交易方向', '盘后定价交易申报时间']
## 测试场景"4", 测试用例"3.5.1.1_1", 覆盖变量数目为4, 未覆盖的变量包括['交易品种', '交易方式', '盘后定价交易申报时间']
## 测试场景"4", 测试用例"3.5.1.2_1", 覆盖变量数目为3, 未覆盖的变量包括['交易品种', '交易方式', '交易方向', '盘后定价交易申报时间']
## 测试场景"4", 测试用例"3.6.1.1.1_2", 覆盖变量数目为4, 未覆盖的变量包括['交易品种', '交易方式', '盘后定价交易申报时间']
## 测试场景"4", 测试用例"3.6.1.2.1_2", 覆盖变量数目为3, 未覆盖的变量包括['交易品种', '交易方式', '交易方向', '盘后定价交易申报时间']
## 测试场景"4", 测试用例"3.7.1.1.1_2", 覆盖变量数目为5, 未覆盖的变量包括['交易品种', '盘后定价交易申报时间']
## 测试场景"4", 测试用例"3.7.1.1.1_3", 覆盖变量数目为5, 未覆盖的变量包括['交易品种', '盘后定价交易申报时间']
## 测试场景"4", 测试用例"3.7.1.1.1_4", 覆盖变量数目为5, 未覆盖的变量包括['交易品种', '盘后定价交易申报时间']
## 测试场景"4", 测试用例"3.7.1.2.1_2", 覆盖变量数目为4, 未覆盖的变量包括['交易品种', '交易方向', '盘后定价交易申报时间']
## 测试场景"4", 测试用例"3.7.1.2.1_3", 覆盖变量数目为4, 未覆盖的变量包括['交易品种', '交易方向', '盘后定价交易申报时间']
## 测试场景"4", 测试用例"3.7.1.2.1_4", 覆盖变量数目为4, 未覆盖的变量包括['交易品种', '交易方向', '盘后定价交易申报时间']
### 测试场景"4", 覆盖变量的最大数目为7, 所有变量全部覆盖

## 测试场景"5", 测试用例"3.11.1.1.1_1", 覆盖变量数目为3, 未覆盖的变量包括['操作', '交易市场', '交易方向', '盘后定价交易申报时间', '申报数量', '价格']
## 测试场景"5", 测试用例"3.11.1.1.2_1", 覆盖变量数目为3, 未覆盖的变量包括['操作', '交易市场', '交易方向', '盘后定价交易申报时间', '申报数量', '价格']
## 测试场景"5", 测试用例"3.11.1.1.3.1_1", 覆盖变量数目为5, 未覆盖的变量包括['交易方向', '盘后定价交易申报时间', '申报数量', '价格']
## 测试场景"5", 测试用例"3.11.1.2.3.1_1", 覆盖变量数目为6, 未覆盖的变量包括['盘后定价交易申报时间', '申报数量', '价格']
## 测试场景"5", 测试用例"3.2.1.1.1_1", 覆盖变量数目为4, 未覆盖的变量包括['交易品种', '交易方向', '盘后定价交易申报时间', '申报数量', '价格']
## 测试场景"5", 测试用例"3.2.1.2.1_1", 覆盖变量数目为5, 未覆盖的变量包括['交易品种', '盘后定价交易申报时间', '申报数量', '价格']
## 测试场景"5", 测试用例"3.2.2.1.1_1", 覆盖变量数目为5, 未覆盖的变量包括['交易品种', '交易方向', '申报数量', '价格']
## 测试场景"5", 测试用例"3.2.2.2.1_1", 覆盖变量数目为6, 未覆盖的变量包括['交易品种', '申报数量', '价格']
## 测试场景"5", 测试用例"3.2.3.1_1", 覆盖变量数目为2, 未覆盖的变量包括['操作', '交易品种', '交易方式', '交易方向', '盘后定价交易申报时间', '申报数量', '价格']
## 测试场景"5", 测试用例"3.2.3.2_1", 覆盖变量数目为3, 未覆盖的变量包括['操作', '交易品种', '交易方式', '盘后定价交易申报时间', '申报数量', '价格']
## 测试场景"5", 测试用例"3.2.4.1_1", 覆盖变量数目为4, 未覆盖的变量包括['交易品种', '交易方向', '盘后定价交易申报时间', '申报数量', '价格']
## 测试场景"5", 测试用例"3.2.4.2_1", 覆盖变量数目为5, 未覆盖的变量包括['交易品种', '盘后定价交易申报时间', '申报数量', '价格']
## 测试场景"5", 测试用例"3.2.5.1.1_1", 覆盖变量数目为2, 未覆盖的变量包括['操作', '交易品种', '交易方式', '交易方向', '盘后定价交易申报时间', '申报数量', '价格']
## 测试场景"5", 测试用例"3.2.5.2.1_1", 覆盖变量数目为3, 未覆盖的变量包括['操作', '交易品种', '交易方式', '盘后定价交易申报时间', '申报数量', '价格']
## 测试场景"5", 测试用例"3.2.6.1.1_1", 覆盖变量数目为3, 未覆盖的变量包括['交易品种', '交易方式', '交易方向', '盘后定价交易申报时间', '申报数量', '价格']
## 测试场景"5", 测试用例"3.2.6.2.1_1", 覆盖变量数目为4, 未覆盖的变量包括['交易品种', '交易方式', '盘后定价交易申报时间', '申报数量', '价格']
## 测试场景"5", 测试用例"3.3.1.1_1", 覆盖变量数目为4, 未覆盖的变量包括['操作', '交易方向', '盘后定价交易申报时间', '申报数量', '价格']
## 测试场景"5", 测试用例"3.3.1.2_1", 覆盖变量数目为5, 未覆盖的变量包括['操作', '盘后定价交易申报时间', '申报数量', '价格']
## 测试场景"5", 测试用例"3.5.1.1_2", 覆盖变量数目为4, 未覆盖的变量包括['交易品种', '交易方式', '交易方向', '盘后定价交易申报时间', '申报数量']
## 测试场景"5", 测试用例"3.5.1.1_3", 覆盖变量数目为4, 未覆盖的变量包括['交易品种', '交易方式', '交易方向', '盘后定价交易申报时间', '申报数量']
## 测试场景"5", 测试用例"3.5.1.1_4", 覆盖变量数目为4, 未覆盖的变量包括['交易品种', '交易方式', '交易方向', '盘后定价交易申报时间', '申报数量']
## 测试场景"5", 测试用例"3.5.1.2_2", 覆盖变量数目为5, 未覆盖的变量包括['交易品种', '交易方式', '盘后定价交易申报时间', '申报数量']
## 测试场景"5", 测试用例"3.5.1.2_3", 覆盖变量数目为5, 未覆盖的变量包括['交易品种', '交易方式', '盘后定价交易申报时间', '申报数量']
## 测试场景"5", 测试用例"3.5.1.2_4", 覆盖变量数目为5, 未覆盖的变量包括['交易品种', '交易方式', '盘后定价交易申报时间', '申报数量']
## 测试场景"5", 测试用例"3.6.1.1.1_1", 覆盖变量数目为4, 未覆盖的变量包括['交易品种', '交易方式', '交易方向', '盘后定价交易申报时间', '价格']
## 测试场景"5", 测试用例"3.6.1.2.1_1", 覆盖变量数目为5, 未覆盖的变量包括['交易品种', '交易方式', '盘后定价交易申报时间', '价格']
## 测试场景"5", 测试用例"3.7.1.1.1_1", 覆盖变量数目为4, 未覆盖的变量包括['交易品种', '交易方向', '盘后定价交易申报时间', '申报数量', '价格']
## 测试场景"5", 测试用例"3.7.1.2.1_1", 覆盖变量数目为5, 未覆盖的变量包括['交易品种', '盘后定价交易申报时间', '申报数量', '价格']
### 测试场景"5", 覆盖变量的最大数目为9, 所有变量全部覆盖

## 测试场景"6", 测试用例"3.11.1.1.3.1_2", 覆盖变量数目为5, 未覆盖的变量包括['交易方向', '盘后定价交易申报时间', '申报数量', '价格']
## 测试场景"6", 测试用例"3.11.1.2.3.1_2", 覆盖变量数目为6, 未覆盖的变量包括['盘后定价交易申报时间', '申报数量', '价格']
## 测试场景"6", 测试用例"3.2.1.1.1_2", 覆盖变量数目为4, 未覆盖的变量包括['交易品种', '交易方向', '盘后定价交易申报时间', '申报数量', '价格']
## 测试场景"6", 测试用例"3.2.1.2.1_2", 覆盖变量数目为5, 未覆盖的变量包括['交易品种', '盘后定价交易申报时间', '申报数量', '价格']
## 测试场景"6", 测试用例"3.2.2.1.1_2", 覆盖变量数目为5, 未覆盖的变量包括['交易品种', '交易方向', '申报数量', '价格']
## 测试场景"6", 测试用例"3.2.2.2.1_2", 覆盖变量数目为6, 未覆盖的变量包括['交易品种', '申报数量', '价格']
## 测试场景"6", 测试用例"3.2.4.1_2", 覆盖变量数目为4, 未覆盖的变量包括['交易品种', '交易方向', '盘后定价交易申报时间', '申报数量', '价格']
## 测试场景"6", 测试用例"3.2.4.2_2", 覆盖变量数目为5, 未覆盖的变量包括['交易品种', '盘后定价交易申报时间', '申报数量', '价格']
## 测试场景"6", 测试用例"3.2.5.1.1_2", 覆盖变量数目为2, 未覆盖的变量包括['操作', '交易品种', '交易方式', '交易方向', '盘后定价交易申报时间', '申报数量', '价格']
## 测试场景"6", 测试用例"3.2.5.2.1_2", 覆盖变量数目为3, 未覆盖的变量包括['操作', '交易品种', '交易方式', '盘后定价交易申报时间', '申报数量', '价格']
## 测试场景"6", 测试用例"3.5.1.1_1", 覆盖变量数目为4, 未覆盖的变量包括['交易品种', '交易方式', '交易方向', '盘后定价交易申报时间', '申报数量']
## 测试场景"6", 测试用例"3.5.1.2_1", 覆盖变量数目为5, 未覆盖的变量包括['交易品种', '交易方式', '盘后定价交易申报时间', '申报数量']
## 测试场景"6", 测试用例"3.6.1.1.1_2", 覆盖变量数目为3, 未覆盖的变量包括['交易品种', '交易方式', '交易方向', '盘后定价交易申报时间', '申报数量', '价格']
## 测试场景"6", 测试用例"3.6.1.2.1_2", 覆盖变量数目为4, 未覆盖的变量包括['交易品种', '交易方式', '盘后定价交易申报时间', '申报数量', '价格']
## 测试场景"6", 测试用例"3.7.1.1.1_2", 覆盖变量数目为4, 未覆盖的变量包括['交易品种', '交易方向', '盘后定价交易申报时间', '申报数量', '价格']
## 测试场景"6", 测试用例"3.7.1.1.1_3", 覆盖变量数目为4, 未覆盖的变量包括['交易品种', '交易方向', '盘后定价交易申报时间', '申报数量', '价格']
## 测试场景"6", 测试用例"3.7.1.1.1_4", 覆盖变量数目为4, 未覆盖的变量包括['交易品种', '交易方向', '盘后定价交易申报时间', '申报数量', '价格']
## 测试场景"6", 测试用例"3.7.1.2.1_2", 覆盖变量数目为5, 未覆盖的变量包括['交易品种', '盘后定价交易申报时间', '申报数量', '价格']
## 测试场景"6", 测试用例"3.7.1.2.1_3", 覆盖变量数目为5, 未覆盖的变量包括['交易品种', '盘后定价交易申报时间', '申报数量', '价格']
## 测试场景"6", 测试用例"3.7.1.2.1_4", 覆盖变量数目为5, 未覆盖的变量包括['交易品种', '盘后定价交易申报时间', '申报数量', '价格']
### 测试场景"6", 覆盖变量的最大数目为8, 整体未覆盖的变量包括['申报数量']

## 测试场景"7", 测试用例"3.11.1.1.3.1_2", 覆盖变量数目为5, 未覆盖的变量包括['交易方向', '盘后定价交易申报时间', '申报数量']
## 测试场景"7", 测试用例"3.11.1.2.3.1_2", 覆盖变量数目为6, 未覆盖的变量包括['盘后定价交易申报时间', '申报数量']
## 测试场景"7", 测试用例"3.2.1.1.1_2", 覆盖变量数目为4, 未覆盖的变量包括['交易品种', '交易方向', '盘后定价交易申报时间', '申报数量']
## 测试场景"7", 测试用例"3.2.1.2.1_2", 覆盖变量数目为5, 未覆盖的变量包括['交易品种', '盘后定价交易申报时间', '申报数量']
## 测试场景"7", 测试用例"3.2.2.1.1_2", 覆盖变量数目为5, 未覆盖的变量包括['交易品种', '交易方向', '申报数量']
## 测试场景"7", 测试用例"3.2.2.2.1_2", 覆盖变量数目为6, 未覆盖的变量包括['交易品种', '申报数量']
## 测试场景"7", 测试用例"3.2.4.1_2", 覆盖变量数目为4, 未覆盖的变量包括['交易品种', '交易方向', '盘后定价交易申报时间', '申报数量']
## 测试场景"7", 测试用例"3.2.4.2_2", 覆盖变量数目为5, 未覆盖的变量包括['交易品种', '盘后定价交易申报时间', '申报数量']
## 测试场景"7", 测试用例"3.2.5.1.1_2", 覆盖变量数目为2, 未覆盖的变量包括['操作', '交易品种', '交易方式', '交易方向', '盘后定价交易申报时间', '申报数量']
## 测试场景"7", 测试用例"3.2.5.2.1_2", 覆盖变量数目为3, 未覆盖的变量包括['操作', '交易品种', '交易方式', '盘后定价交易申报时间', '申报数量']
## 测试场景"7", 测试用例"3.5.1.1_1", 覆盖变量数目为3, 未覆盖的变量包括['交易品种', '交易方式', '交易方向', '盘后定价交易申报时间', '申报数量']
## 测试场景"7", 测试用例"3.5.1.2_1", 覆盖变量数目为4, 未覆盖的变量包括['交易品种', '交易方式', '盘后定价交易申报时间', '申报数量']
## 测试场景"7", 测试用例"3.6.1.1.1_2", 覆盖变量数目为4, 未覆盖的变量包括['交易品种', '交易方式', '交易方向', '盘后定价交易申报时间']
## 测试场景"7", 测试用例"3.6.1.2.1_2", 覆盖变量数目为5, 未覆盖的变量包括['交易品种', '交易方式', '盘后定价交易申报时间']
## 测试场景"7", 测试用例"3.7.1.1.1_2", 覆盖变量数目为4, 未覆盖的变量包括['交易品种', '交易方向', '盘后定价交易申报时间', '申报数量']
## 测试场景"7", 测试用例"3.7.1.1.1_3", 覆盖变量数目为4, 未覆盖的变量包括['交易品种', '交易方向', '盘后定价交易申报时间', '申报数量']
## 测试场景"7", 测试用例"3.7.1.1.1_4", 覆盖变量数目为4, 未覆盖的变量包括['交易品种', '交易方向', '盘后定价交易申报时间', '申报数量']
## 测试场景"7", 测试用例"3.7.1.2.1_2", 覆盖变量数目为5, 未覆盖的变量包括['交易品种', '盘后定价交易申报时间', '申报数量']
## 测试场景"7", 测试用例"3.7.1.2.1_3", 覆盖变量数目为5, 未覆盖的变量包括['交易品种', '盘后定价交易申报时间', '申报数量']
## 测试场景"7", 测试用例"3.7.1.2.1_4", 覆盖变量数目为5, 未覆盖的变量包括['交易品种', '盘后定价交易申报时间', '申报数量']
### 测试场景"7", 覆盖变量的最大数目为8, 所有变量全部覆盖

## 测试场景"8", 测试用例"3.11.1.1.3.1_2", 覆盖变量数目为5, 未覆盖的变量包括['交易方向', '盘后定价交易申报时间']
## 测试场景"8", 测试用例"3.11.1.2.3.1_2", 覆盖变量数目为6, 未覆盖的变量包括['盘后定价交易申报时间']
## 测试场景"8", 测试用例"3.2.1.1.1_2", 覆盖变量数目为4, 未覆盖的变量包括['交易品种', '交易方向', '盘后定价交易申报时间']
## 测试场景"8", 测试用例"3.2.1.2.1_2", 覆盖变量数目为5, 未覆盖的变量包括['交易品种', '盘后定价交易申报时间']
## 测试场景"8", 测试用例"3.2.2.1.1_2", 覆盖变量数目为5, 未覆盖的变量包括['交易品种', '交易方向']
## 测试场景"8", 测试用例"3.2.2.2.1_2", 覆盖变量数目为6, 未覆盖的变量包括['交易品种']
## 测试场景"8", 测试用例"3.2.4.1_2", 覆盖变量数目为4, 未覆盖的变量包括['交易品种', '交易方向', '盘后定价交易申报时间']
## 测试场景"8", 测试用例"3.2.4.2_2", 覆盖变量数目为5, 未覆盖的变量包括['交易品种', '盘后定价交易申报时间']
## 测试场景"8", 测试用例"3.2.5.1.1_2", 覆盖变量数目为2, 未覆盖的变量包括['操作', '交易品种', '交易方式', '交易方向', '盘后定价交易申报时间']
## 测试场景"8", 测试用例"3.2.5.2.1_2", 覆盖变量数目为3, 未覆盖的变量包括['操作', '交易品种', '交易方式', '盘后定价交易申报时间']
## 测试场景"8", 测试用例"3.5.1.1_1", 覆盖变量数目为3, 未覆盖的变量包括['交易品种', '交易方式', '交易方向', '盘后定价交易申报时间']
## 测试场景"8", 测试用例"3.5.1.2_1", 覆盖变量数目为4, 未覆盖的变量包括['交易品种', '交易方式', '盘后定价交易申报时间']
## 测试场景"8", 测试用例"3.6.1.1.1_2", 覆盖变量数目为3, 未覆盖的变量包括['交易品种', '交易方式', '交易方向', '盘后定价交易申报时间']
## 测试场景"8", 测试用例"3.6.1.2.1_2", 覆盖变量数目为4, 未覆盖的变量包括['交易品种', '交易方式', '盘后定价交易申报时间']
## 测试场景"8", 测试用例"3.7.1.1.1_2", 覆盖变量数目为4, 未覆盖的变量包括['交易品种', '交易方向', '盘后定价交易申报时间']
## 测试场景"8", 测试用例"3.7.1.1.1_3", 覆盖变量数目为4, 未覆盖的变量包括['交易品种', '交易方向', '盘后定价交易申报时间']
## 测试场景"8", 测试用例"3.7.1.1.1_4", 覆盖变量数目为4, 未覆盖的变量包括['交易品种', '交易方向', '盘后定价交易申报时间']
## 测试场景"8", 测试用例"3.7.1.2.1_2", 覆盖变量数目为5, 未覆盖的变量包括['交易品种', '盘后定价交易申报时间']
## 测试场景"8", 测试用例"3.7.1.2.1_3", 覆盖变量数目为5, 未覆盖的变量包括['交易品种', '盘后定价交易申报时间']
## 测试场景"8", 测试用例"3.7.1.2.1_4", 覆盖变量数目为5, 未覆盖的变量包括['交易品种', '盘后定价交易申报时间']
### 测试场景"8", 覆盖变量的最大数目为7, 所有变量全部覆盖

## 测试场景"9", 测试用例"3.11.1.1.1_1", 覆盖变量数目为3, 未覆盖的变量包括['操作', '交易市场', '交易方向', '状态', '时间']
## 测试场景"9", 测试用例"3.11.1.1.2_1", 覆盖变量数目为3, 未覆盖的变量包括['操作', '交易市场', '交易方向', '状态', '时间']
## 测试场景"9", 测试用例"3.11.1.1.3.1_1", 覆盖变量数目为6, 未覆盖的变量包括['状态', '时间']
## 测试场景"9", 测试用例"3.11.1.2.3.1_1", 覆盖变量数目为5, 未覆盖的变量包括['交易方向', '状态', '时间']
## 测试场景"9", 测试用例"3.2.1.1.1_1", 覆盖变量数目为5, 未覆盖的变量包括['交易品种', '状态', '时间']
## 测试场景"9", 测试用例"3.2.1.2.1_1", 覆盖变量数目为4, 未覆盖的变量包括['交易品种', '交易方向', '状态', '时间']
## 测试场景"9", 测试用例"3.2.2.1.1_1", 覆盖变量数目为5, 未覆盖的变量包括['交易品种', '状态', '时间']
## 测试场景"9", 测试用例"3.2.2.2.1_1", 覆盖变量数目为4, 未覆盖的变量包括['交易品种', '交易方向', '状态', '时间']
## 测试场景"9", 测试用例"3.2.3.1_1", 覆盖变量数目为4, 未覆盖的变量包括['操作', '交易品种', '交易方式', '时间']
## 测试场景"9", 测试用例"3.2.3.2_1", 覆盖变量数目为3, 未覆盖的变量包括['操作', '交易品种', '交易方式', '交易方向', '时间']
## 测试场景"9", 测试用例"3.2.4.1_1", 覆盖变量数目为5, 未覆盖的变量包括['交易品种', '状态', '时间']
## 测试场景"9", 测试用例"3.2.4.2_1", 覆盖变量数目为4, 未覆盖的变量包括['交易品种', '交易方向', '状态', '时间']
## 测试场景"9", 测试用例"3.2.5.1.1_1", 覆盖变量数目为3, 未覆盖的变量包括['操作', '交易品种', '交易方式', '状态', '时间']
## 测试场景"9", 测试用例"3.2.5.2.1_1", 覆盖变量数目为2, 未覆盖的变量包括['操作', '交易品种', '交易方式', '交易方向', '状态', '时间']
## 测试场景"9", 测试用例"3.2.6.1.1_1", 覆盖变量数目为4, 未覆盖的变量包括['交易品种', '交易方式', '状态', '时间']
## 测试场景"9", 测试用例"3.2.6.2.1_1", 覆盖变量数目为3, 未覆盖的变量包括['交易品种', '交易方式', '交易方向', '状态', '时间']
## 测试场景"9", 测试用例"3.3.1.1_1", 覆盖变量数目为5, 未覆盖的变量包括['操作', '状态', '时间']
## 测试场景"9", 测试用例"3.3.1.2_1", 覆盖变量数目为4, 未覆盖的变量包括['操作', '交易方向', '状态', '时间']
## 测试场景"9", 测试用例"3.5.1.1_2", 覆盖变量数目为4, 未覆盖的变量包括['交易品种', '交易方式', '状态', '时间']
## 测试场景"9", 测试用例"3.5.1.1_3", 覆盖变量数目为4, 未覆盖的变量包括['交易品种', '交易方式', '状态', '时间']
## 测试场景"9", 测试用例"3.5.1.1_4", 覆盖变量数目为4, 未覆盖的变量包括['交易品种', '交易方式', '状态', '时间']
## 测试场景"9", 测试用例"3.5.1.2_2", 覆盖变量数目为3, 未覆盖的变量包括['交易品种', '交易方式', '交易方向', '状态', '时间']
## 测试场景"9", 测试用例"3.5.1.2_3", 覆盖变量数目为3, 未覆盖的变量包括['交易品种', '交易方式', '交易方向', '状态', '时间']
## 测试场景"9", 测试用例"3.5.1.2_4", 覆盖变量数目为3, 未覆盖的变量包括['交易品种', '交易方式', '交易方向', '状态', '时间']
## 测试场景"9", 测试用例"3.6.1.1.1_1", 覆盖变量数目为4, 未覆盖的变量包括['交易品种', '交易方式', '状态', '时间']
## 测试场景"9", 测试用例"3.6.1.2.1_1", 覆盖变量数目为3, 未覆盖的变量包括['交易品种', '交易方式', '交易方向', '状态', '时间']
## 测试场景"9", 测试用例"3.7.1.1.1_1", 覆盖变量数目为5, 未覆盖的变量包括['交易品种', '状态', '时间']
## 测试场景"9", 测试用例"3.7.1.2.1_1", 覆盖变量数目为4, 未覆盖的变量包括['交易品种', '交易方向', '状态', '时间']
### 测试场景"9", 覆盖变量的最大数目为7, 整体未覆盖的变量包括['时间']

## 测试场景"10", 测试用例"3.11.1.1.1_1", 覆盖变量数目为3, 未覆盖的变量包括['操作', '交易市场', '交易方向', '状态', '时间']
## 测试场景"10", 测试用例"3.11.1.1.2_1", 覆盖变量数目为3, 未覆盖的变量包括['操作', '交易市场', '交易方向', '状态', '时间']
## 测试场景"10", 测试用例"3.11.1.1.3.1_1", 覆盖变量数目为5, 未覆盖的变量包括['交易方向', '状态', '时间']
## 测试场景"10", 测试用例"3.11.1.2.3.1_1", 覆盖变量数目为6, 未覆盖的变量包括['状态', '时间']
## 测试场景"10", 测试用例"3.2.1.1.1_1", 覆盖变量数目为4, 未覆盖的变量包括['交易品种', '交易方向', '状态', '时间']
## 测试场景"10", 测试用例"3.2.1.2.1_1", 覆盖变量数目为5, 未覆盖的变量包括['交易品种', '状态', '时间']
## 测试场景"10", 测试用例"3.2.2.1.1_1", 覆盖变量数目为4, 未覆盖的变量包括['交易品种', '交易方向', '状态', '时间']
## 测试场景"10", 测试用例"3.2.2.2.1_1", 覆盖变量数目为5, 未覆盖的变量包括['交易品种', '状态', '时间']
## 测试场景"10", 测试用例"3.2.3.1_1", 覆盖变量数目为3, 未覆盖的变量包括['操作', '交易品种', '交易方式', '交易方向', '时间']
## 测试场景"10", 测试用例"3.2.3.2_1", 覆盖变量数目为4, 未覆盖的变量包括['操作', '交易品种', '交易方式', '时间']
## 测试场景"10", 测试用例"3.2.4.1_1", 覆盖变量数目为4, 未覆盖的变量包括['交易品种', '交易方向', '状态', '时间']
## 测试场景"10", 测试用例"3.2.4.2_1", 覆盖变量数目为5, 未覆盖的变量包括['交易品种', '状态', '时间']
## 测试场景"10", 测试用例"3.2.5.1.1_1", 覆盖变量数目为2, 未覆盖的变量包括['操作', '交易品种', '交易方式', '交易方向', '状态', '时间']
## 测试场景"10", 测试用例"3.2.5.2.1_1", 覆盖变量数目为3, 未覆盖的变量包括['操作', '交易品种', '交易方式', '状态', '时间']
## 测试场景"10", 测试用例"3.2.6.1.1_1", 覆盖变量数目为3, 未覆盖的变量包括['交易品种', '交易方式', '交易方向', '状态', '时间']
## 测试场景"10", 测试用例"3.2.6.2.1_1", 覆盖变量数目为4, 未覆盖的变量包括['交易品种', '交易方式', '状态', '时间']
## 测试场景"10", 测试用例"3.3.1.1_1", 覆盖变量数目为4, 未覆盖的变量包括['操作', '交易方向', '状态', '时间']
## 测试场景"10", 测试用例"3.3.1.2_1", 覆盖变量数目为5, 未覆盖的变量包括['操作', '状态', '时间']
## 测试场景"10", 测试用例"3.5.1.1_2", 覆盖变量数目为3, 未覆盖的变量包括['交易品种', '交易方式', '交易方向', '状态', '时间']
## 测试场景"10", 测试用例"3.5.1.1_3", 覆盖变量数目为3, 未覆盖的变量包括['交易品种', '交易方式', '交易方向', '状态', '时间']
## 测试场景"10", 测试用例"3.5.1.1_4", 覆盖变量数目为3, 未覆盖的变量包括['交易品种', '交易方式', '交易方向', '状态', '时间']
## 测试场景"10", 测试用例"3.5.1.2_2", 覆盖变量数目为4, 未覆盖的变量包括['交易品种', '交易方式', '状态', '时间']
## 测试场景"10", 测试用例"3.5.1.2_3", 覆盖变量数目为4, 未覆盖的变量包括['交易品种', '交易方式', '状态', '时间']
## 测试场景"10", 测试用例"3.5.1.2_4", 覆盖变量数目为4, 未覆盖的变量包括['交易品种', '交易方式', '状态', '时间']
## 测试场景"10", 测试用例"3.6.1.1.1_1", 覆盖变量数目为3, 未覆盖的变量包括['交易品种', '交易方式', '交易方向', '状态', '时间']
## 测试场景"10", 测试用例"3.6.1.2.1_1", 覆盖变量数目为4, 未覆盖的变量包括['交易品种', '交易方式', '状态', '时间']
## 测试场景"10", 测试用例"3.7.1.1.1_1", 覆盖变量数目为4, 未覆盖的变量包括['交易品种', '交易方向', '状态', '时间']
## 测试场景"10", 测试用例"3.7.1.2.1_1", 覆盖变量数目为5, 未覆盖的变量包括['交易品种', '状态', '时间']
### 测试场景"10", 覆盖变量的最大数目为7, 整体未覆盖的变量包括['时间']

## 测试场景"11", 测试用例"3.11.1.1.3.1_2", 覆盖变量数目为7, 未覆盖的变量包括[]
## 测试场景"11", 测试用例"3.11.1.2.3.1_2", 覆盖变量数目为6, 未覆盖的变量包括['交易方向']
## 测试场景"11", 测试用例"3.2.1.1.1_2", 覆盖变量数目为5, 未覆盖的变量包括['交易品种', '状态']
## 测试场景"11", 测试用例"3.2.1.2.1_2", 覆盖变量数目为4, 未覆盖的变量包括['交易品种', '交易方向', '状态']
## 测试场景"11", 测试用例"3.2.2.1.1_2", 覆盖变量数目为5, 未覆盖的变量包括['交易品种', '状态']
## 测试场景"11", 测试用例"3.2.2.2.1_2", 覆盖变量数目为4, 未覆盖的变量包括['交易品种', '交易方向', '状态']
## 测试场景"11", 测试用例"3.2.4.1_2", 覆盖变量数目为5, 未覆盖的变量包括['交易品种', '状态']
## 测试场景"11", 测试用例"3.2.4.2_2", 覆盖变量数目为4, 未覆盖的变量包括['交易品种', '交易方向', '状态']
## 测试场景"11", 测试用例"3.2.5.1.1_2", 覆盖变量数目为3, 未覆盖的变量包括['操作', '交易品种', '交易方式', '状态']
## 测试场景"11", 测试用例"3.2.5.2.1_2", 覆盖变量数目为2, 未覆盖的变量包括['操作', '交易品种', '交易方式', '交易方向', '状态']
## 测试场景"11", 测试用例"3.5.1.1_1", 覆盖变量数目为4, 未覆盖的变量包括['交易品种', '交易方式', '状态']
## 测试场景"11", 测试用例"3.5.1.2_1", 覆盖变量数目为3, 未覆盖的变量包括['交易品种', '交易方式', '交易方向', '状态']
## 测试场景"11", 测试用例"3.6.1.1.1_2", 覆盖变量数目为4, 未覆盖的变量包括['交易品种', '交易方式', '状态']
## 测试场景"11", 测试用例"3.6.1.2.1_2", 覆盖变量数目为3, 未覆盖的变量包括['交易品种', '交易方式', '交易方向', '状态']
## 测试场景"11", 测试用例"3.7.1.1.1_2", 覆盖变量数目为5, 未覆盖的变量包括['交易品种', '状态']
## 测试场景"11", 测试用例"3.7.1.1.1_3", 覆盖变量数目为5, 未覆盖的变量包括['交易品种', '状态']
## 测试场景"11", 测试用例"3.7.1.1.1_4", 覆盖变量数目为5, 未覆盖的变量包括['交易品种', '状态']
## 测试场景"11", 测试用例"3.7.1.2.1_2", 覆盖变量数目为4, 未覆盖的变量包括['交易品种', '交易方向', '状态']
## 测试场景"11", 测试用例"3.7.1.2.1_3", 覆盖变量数目为4, 未覆盖的变量包括['交易品种', '交易方向', '状态']
## 测试场景"11", 测试用例"3.7.1.2.1_4", 覆盖变量数目为4, 未覆盖的变量包括['交易品种', '交易方向', '状态']
### 测试场景"11", 覆盖变量的最大数目为7, 所有变量全部覆盖

## 测试场景"12", 测试用例"3.11.1.1.1_1", 覆盖变量数目为3, 未覆盖的变量包括['操作', '交易市场', '交易方向', '状态']
## 测试场景"12", 测试用例"3.11.1.1.2_1", 覆盖变量数目为3, 未覆盖的变量包括['操作', '交易市场', '交易方向', '状态']
## 测试场景"12", 测试用例"3.11.1.1.3.1_1", 覆盖变量数目为6, 未覆盖的变量包括['交易方向']
## 测试场景"12", 测试用例"3.11.1.2.3.1_1", 覆盖变量数目为7, 未覆盖的变量包括[]
## 测试场景"12", 测试用例"3.2.1.1.1_1", 覆盖变量数目为4, 未覆盖的变量包括['交易品种', '交易方向', '状态']
## 测试场景"12", 测试用例"3.2.1.2.1_1", 覆盖变量数目为5, 未覆盖的变量包括['交易品种', '状态']
## 测试场景"12", 测试用例"3.2.2.1.1_1", 覆盖变量数目为4, 未覆盖的变量包括['交易品种', '交易方向', '状态']
## 测试场景"12", 测试用例"3.2.2.2.1_1", 覆盖变量数目为5, 未覆盖的变量包括['交易品种', '状态']
## 测试场景"12", 测试用例"3.2.3.1_1", 覆盖变量数目为2, 未覆盖的变量包括['操作', '交易品种', '交易方式', '交易方向', '状态']
## 测试场景"12", 测试用例"3.2.3.2_1", 覆盖变量数目为3, 未覆盖的变量包括['操作', '交易品种', '交易方式', '状态']
## 测试场景"12", 测试用例"3.2.4.1_1", 覆盖变量数目为4, 未覆盖的变量包括['交易品种', '交易方向', '状态']
## 测试场景"12", 测试用例"3.2.4.2_1", 覆盖变量数目为5, 未覆盖的变量包括['交易品种', '状态']
## 测试场景"12", 测试用例"3.2.5.1.1_1", 覆盖变量数目为2, 未覆盖的变量包括['操作', '交易品种', '交易方式', '交易方向', '状态']
## 测试场景"12", 测试用例"3.2.5.2.1_1", 覆盖变量数目为3, 未覆盖的变量包括['操作', '交易品种', '交易方式', '状态']
## 测试场景"12", 测试用例"3.2.6.1.1_1", 覆盖变量数目为3, 未覆盖的变量包括['交易品种', '交易方式', '交易方向', '状态']
## 测试场景"12", 测试用例"3.2.6.2.1_1", 覆盖变量数目为4, 未覆盖的变量包括['交易品种', '交易方式', '状态']
## 测试场景"12", 测试用例"3.3.1.1_1", 覆盖变量数目为4, 未覆盖的变量包括['操作', '交易方向', '状态']
## 测试场景"12", 测试用例"3.3.1.2_1", 覆盖变量数目为5, 未覆盖的变量包括['操作', '状态']
## 测试场景"12", 测试用例"3.5.1.1_2", 覆盖变量数目为3, 未覆盖的变量包括['交易品种', '交易方式', '交易方向', '状态']
## 测试场景"12", 测试用例"3.5.1.1_3", 覆盖变量数目为3, 未覆盖的变量包括['交易品种', '交易方式', '交易方向', '状态']
## 测试场景"12", 测试用例"3.5.1.1_4", 覆盖变量数目为3, 未覆盖的变量包括['交易品种', '交易方式', '交易方向', '状态']
## 测试场景"12", 测试用例"3.5.1.2_2", 覆盖变量数目为4, 未覆盖的变量包括['交易品种', '交易方式', '状态']
## 测试场景"12", 测试用例"3.5.1.2_3", 覆盖变量数目为4, 未覆盖的变量包括['交易品种', '交易方式', '状态']
## 测试场景"12", 测试用例"3.5.1.2_4", 覆盖变量数目为4, 未覆盖的变量包括['交易品种', '交易方式', '状态']
## 测试场景"12", 测试用例"3.6.1.1.1_1", 覆盖变量数目为3, 未覆盖的变量包括['交易品种', '交易方式', '交易方向', '状态']
## 测试场景"12", 测试用例"3.6.1.2.1_1", 覆盖变量数目为4, 未覆盖的变量包括['交易品种', '交易方式', '状态']
## 测试场景"12", 测试用例"3.7.1.1.1_1", 覆盖变量数目为4, 未覆盖的变量包括['交易品种', '交易方向', '状态']
## 测试场景"12", 测试用例"3.7.1.2.1_1", 覆盖变量数目为5, 未覆盖的变量包括['交易品种', '状态']
### 测试场景"12", 覆盖变量的最大数目为7, 所有变量全部覆盖

使用mengzi，数据集data1的业务场景覆盖率为0.9606
## 测试场景"1", 测试用例"3.11.1.1_1", 覆盖变量数目为5, 未覆盖的变量包括['操作', '盘后定价交易申报时间', '申报数量', '价格']
## 测试场景"1", 测试用例"3.2.1.1.1.1_1", 覆盖变量数目为6, 未覆盖的变量包括['盘后定价交易申报时间', '申报数量', '价格']
## 测试场景"1", 测试用例"3.2.1.1.2.1_1", 覆盖变量数目为5, 未覆盖的变量包括['交易方向', '盘后定价交易申报时间', '申报数量', '价格']
## 测试场景"1", 测试用例"3.2.2.1.1.1_1", 覆盖变量数目为7, 未覆盖的变量包括['申报数量', '价格']
## 测试场景"1", 测试用例"3.2.2.1.2.1_1", 覆盖变量数目为6, 未覆盖的变量包括['交易方向', '申报数量', '价格']
## 测试场景"1", 测试用例"3.2.3.1.1_1", 覆盖变量数目为5, 未覆盖的变量包括['操作', '盘后定价交易申报时间', '申报数量', '价格']
## 测试场景"1", 测试用例"3.2.3.1.2_1", 覆盖变量数目为4, 未覆盖的变量包括['操作', '交易方向', '盘后定价交易申报时间', '申报数量', '价格']
## 测试场景"1", 测试用例"3.2.4.1.1_1", 覆盖变量数目为6, 未覆盖的变量包括['盘后定价交易申报时间', '申报数量', '价格']
## 测试场景"1", 测试用例"3.2.4.1.2_1", 覆盖变量数目为5, 未覆盖的变量包括['交易方向', '盘后定价交易申报时间', '申报数量', '价格']
## 测试场景"1", 测试用例"3.2.5.1.1.1_1", 覆盖变量数目为6, 未覆盖的变量包括['盘后定价交易申报时间', '申报数量', '价格']
## 测试场景"1", 测试用例"3.2.5.1.2.1_1", 覆盖变量数目为5, 未覆盖的变量包括['交易方向', '盘后定价交易申报时间', '申报数量', '价格']
## 测试场景"1", 测试用例"3.2.6.1.1.1_1", 覆盖变量数目为6, 未覆盖的变量包括['盘后定价交易申报时间', '申报数量', '价格']
## 测试场景"1", 测试用例"3.2.6.1.2.1_1", 覆盖变量数目为5, 未覆盖的变量包括['交易方向', '盘后定价交易申报时间', '申报数量', '价格']
## 测试场景"1", 测试用例"3.3.1.1.1.1_1", 覆盖变量数目为5, 未覆盖的变量包括['操作', '盘后定价交易申报时间', '申报数量', '价格']
## 测试场景"1", 测试用例"3.3.1.1.2.1_1", 覆盖变量数目为4, 未覆盖的变量包括['操作', '交易方向', '盘后定价交易申报时间', '申报数量', '价格']
## 测试场景"1", 测试用例"3.5.1.1.1.1_1", 覆盖变量数目为6, 未覆盖的变量包括['盘后定价交易申报时间', '申报数量', '价格']
## 测试场景"1", 测试用例"3.5.1.1.2.1_1", 覆盖变量数目为5, 未覆盖的变量包括['交易方向', '盘后定价交易申报时间', '申报数量', '价格']
## 测试场景"1", 测试用例"3.5.2.1.1.1_1", 覆盖变量数目为6, 未覆盖的变量包括['盘后定价交易申报时间', '申报数量', '价格']
## 测试场景"1", 测试用例"3.5.2.1.2.1_1", 覆盖变量数目为5, 未覆盖的变量包括['交易方向', '盘后定价交易申报时间', '申报数量', '价格']
## 测试场景"1", 测试用例"3.6.1.1.1_1", 覆盖变量数目为6, 未覆盖的变量包括['交易方式', '盘后定价交易申报时间', '价格']
## 测试场景"1", 测试用例"3.6.1.2.1_1", 覆盖变量数目为5, 未覆盖的变量包括['交易方式', '交易方向', '盘后定价交易申报时间', '价格']
## 测试场景"1", 测试用例"3.7.1.1.1.1_1", 覆盖变量数目为6, 未覆盖的变量包括['盘后定价交易申报时间', '申报数量', '价格']
## 测试场景"1", 测试用例"3.7.1.1.2.1_1", 覆盖变量数目为5, 未覆盖的变量包括['交易方向', '盘后定价交易申报时间', '申报数量', '价格']
### 测试场景"1", 覆盖变量的最大数目为8, 整体未覆盖的变量包括['价格']

## 测试场景"2", 测试用例"3.2.1.1.1.1_2", 覆盖变量数目为6, 未覆盖的变量包括['盘后定价交易申报时间', '申报数量', '价格']
## 测试场景"2", 测试用例"3.2.1.1.2.1_2", 覆盖变量数目为5, 未覆盖的变量包括['交易方向', '盘后定价交易申报时间', '申报数量', '价格']
## 测试场景"2", 测试用例"3.2.2.1.1.1_2", 覆盖变量数目为7, 未覆盖的变量包括['申报数量', '价格']
## 测试场景"2", 测试用例"3.2.2.1.2.1_2", 覆盖变量数目为6, 未覆盖的变量包括['交易方向', '申报数量', '价格']
## 测试场景"2", 测试用例"3.2.3.1.1_2", 覆盖变量数目为5, 未覆盖的变量包括['操作', '盘后定价交易申报时间', '申报数量', '价格']
## 测试场景"2", 测试用例"3.2.3.1.2_2", 覆盖变量数目为4, 未覆盖的变量包括['操作', '交易方向', '盘后定价交易申报时间', '申报数量', '价格']
## 测试场景"2", 测试用例"3.2.4.1.1_2", 覆盖变量数目为6, 未覆盖的变量包括['盘后定价交易申报时间', '申报数量', '价格']
## 测试场景"2", 测试用例"3.2.4.1.2_2", 覆盖变量数目为5, 未覆盖的变量包括['交易方向', '盘后定价交易申报时间', '申报数量', '价格']
## 测试场景"2", 测试用例"3.2.5.1.1.1_2", 覆盖变量数目为6, 未覆盖的变量包括['盘后定价交易申报时间', '申报数量', '价格']
## 测试场景"2", 测试用例"3.2.5.1.2.1_2", 覆盖变量数目为5, 未覆盖的变量包括['交易方向', '盘后定价交易申报时间', '申报数量', '价格']
## 测试场景"2", 测试用例"3.6.1.1.1_2", 覆盖变量数目为5, 未覆盖的变量包括['交易方式', '盘后定价交易申报时间', '申报数量', '价格']
## 测试场景"2", 测试用例"3.6.1.2.1_2", 覆盖变量数目为4, 未覆盖的变量包括['交易方式', '交易方向', '盘后定价交易申报时间', '申报数量', '价格']
## 测试场景"2", 测试用例"3.7.1.1.1.1_2", 覆盖变量数目为6, 未覆盖的变量包括['盘后定价交易申报时间', '申报数量', '价格']
## 测试场景"2", 测试用例"3.7.1.1.2.1_2", 覆盖变量数目为5, 未覆盖的变量包括['交易方向', '盘后定价交易申报时间', '申报数量', '价格']
### 测试场景"2", 覆盖变量的最大数目为7, 整体未覆盖的变量包括['申报数量', '价格']

## 测试场景"3", 测试用例"3.2.1.1.1.1_2", 覆盖变量数目为6, 未覆盖的变量包括['盘后定价交易申报时间', '申报数量']
## 测试场景"3", 测试用例"3.2.1.1.2.1_2", 覆盖变量数目为5, 未覆盖的变量包括['交易方向', '盘后定价交易申报时间', '申报数量']
## 测试场景"3", 测试用例"3.2.2.1.1.1_2", 覆盖变量数目为7, 未覆盖的变量包括['申报数量']
## 测试场景"3", 测试用例"3.2.2.1.2.1_2", 覆盖变量数目为6, 未覆盖的变量包括['交易方向', '申报数量']
## 测试场景"3", 测试用例"3.2.3.1.1_2", 覆盖变量数目为5, 未覆盖的变量包括['操作', '盘后定价交易申报时间', '申报数量']
## 测试场景"3", 测试用例"3.2.3.1.2_2", 覆盖变量数目为4, 未覆盖的变量包括['操作', '交易方向', '盘后定价交易申报时间', '申报数量']
## 测试场景"3", 测试用例"3.2.4.1.1_2", 覆盖变量数目为6, 未覆盖的变量包括['盘后定价交易申报时间', '申报数量']
## 测试场景"3", 测试用例"3.2.4.1.2_2", 覆盖变量数目为5, 未覆盖的变量包括['交易方向', '盘后定价交易申报时间', '申报数量']
## 测试场景"3", 测试用例"3.2.5.1.1.1_2", 覆盖变量数目为6, 未覆盖的变量包括['盘后定价交易申报时间', '申报数量']
## 测试场景"3", 测试用例"3.2.5.1.2.1_2", 覆盖变量数目为5, 未覆盖的变量包括['交易方向', '盘后定价交易申报时间', '申报数量']
## 测试场景"3", 测试用例"3.6.1.1.1_2", 覆盖变量数目为6, 未覆盖的变量包括['交易方式', '盘后定价交易申报时间']
## 测试场景"3", 测试用例"3.6.1.2.1_2", 覆盖变量数目为5, 未覆盖的变量包括['交易方式', '交易方向', '盘后定价交易申报时间']
## 测试场景"3", 测试用例"3.7.1.1.1.1_2", 覆盖变量数目为6, 未覆盖的变量包括['盘后定价交易申报时间', '申报数量']
## 测试场景"3", 测试用例"3.7.1.1.2.1_2", 覆盖变量数目为5, 未覆盖的变量包括['交易方向', '盘后定价交易申报时间', '申报数量']
### 测试场景"3", 覆盖变量的最大数目为8, 所有变量全部覆盖

## 测试场景"4", 测试用例"3.2.1.1.1.1_2", 覆盖变量数目为6, 未覆盖的变量包括['盘后定价交易申报时间']
## 测试场景"4", 测试用例"3.2.1.1.2.1_2", 覆盖变量数目为5, 未覆盖的变量包括['交易方向', '盘后定价交易申报时间']
## 测试场景"4", 测试用例"3.2.2.1.1.1_2", 覆盖变量数目为7, 未覆盖的变量包括[]
## 测试场景"4", 测试用例"3.2.2.1.2.1_2", 覆盖变量数目为6, 未覆盖的变量包括['交易方向']
## 测试场景"4", 测试用例"3.2.3.1.1_2", 覆盖变量数目为5, 未覆盖的变量包括['操作', '盘后定价交易申报时间']
## 测试场景"4", 测试用例"3.2.3.1.2_2", 覆盖变量数目为4, 未覆盖的变量包括['操作', '交易方向', '盘后定价交易申报时间']
## 测试场景"4", 测试用例"3.2.4.1.1_2", 覆盖变量数目为6, 未覆盖的变量包括['盘后定价交易申报时间']
## 测试场景"4", 测试用例"3.2.4.1.2_2", 覆盖变量数目为5, 未覆盖的变量包括['交易方向', '盘后定价交易申报时间']
## 测试场景"4", 测试用例"3.2.5.1.1.1_2", 覆盖变量数目为6, 未覆盖的变量包括['盘后定价交易申报时间']
## 测试场景"4", 测试用例"3.2.5.1.2.1_2", 覆盖变量数目为5, 未覆盖的变量包括['交易方向', '盘后定价交易申报时间']
## 测试场景"4", 测试用例"3.6.1.1.1_2", 覆盖变量数目为5, 未覆盖的变量包括['交易方式', '盘后定价交易申报时间']
## 测试场景"4", 测试用例"3.6.1.2.1_2", 覆盖变量数目为4, 未覆盖的变量包括['交易方式', '交易方向', '盘后定价交易申报时间']
## 测试场景"4", 测试用例"3.7.1.1.1.1_2", 覆盖变量数目为6, 未覆盖的变量包括['盘后定价交易申报时间']
## 测试场景"4", 测试用例"3.7.1.1.2.1_2", 覆盖变量数目为5, 未覆盖的变量包括['交易方向', '盘后定价交易申报时间']
### 测试场景"4", 覆盖变量的最大数目为7, 所有变量全部覆盖

## 测试场景"5", 测试用例"3.11.1.1_1", 覆盖变量数目为4, 未覆盖的变量包括['操作', '交易方向', '盘后定价交易申报时间', '申报数量', '价格']
## 测试场景"5", 测试用例"3.2.1.1.1.1_1", 覆盖变量数目为5, 未覆盖的变量包括['交易方向', '盘后定价交易申报时间', '申报数量', '价格']
## 测试场景"5", 测试用例"3.2.1.1.2.1_1", 覆盖变量数目为6, 未覆盖的变量包括['盘后定价交易申报时间', '申报数量', '价格']
## 测试场景"5", 测试用例"3.2.2.1.1.1_1", 覆盖变量数目为6, 未覆盖的变量包括['交易方向', '申报数量', '价格']
## 测试场景"5", 测试用例"3.2.2.1.2.1_1", 覆盖变量数目为7, 未覆盖的变量包括['申报数量', '价格']
## 测试场景"5", 测试用例"3.2.3.1.1_1", 覆盖变量数目为4, 未覆盖的变量包括['操作', '交易方向', '盘后定价交易申报时间', '申报数量', '价格']
## 测试场景"5", 测试用例"3.2.3.1.2_1", 覆盖变量数目为5, 未覆盖的变量包括['操作', '盘后定价交易申报时间', '申报数量', '价格']
## 测试场景"5", 测试用例"3.2.4.1.1_1", 覆盖变量数目为5, 未覆盖的变量包括['交易方向', '盘后定价交易申报时间', '申报数量', '价格']
## 测试场景"5", 测试用例"3.2.4.1.2_1", 覆盖变量数目为6, 未覆盖的变量包括['盘后定价交易申报时间', '申报数量', '价格']
## 测试场景"5", 测试用例"3.2.5.1.1.1_1", 覆盖变量数目为5, 未覆盖的变量包括['交易方向', '盘后定价交易申报时间', '申报数量', '价格']
## 测试场景"5", 测试用例"3.2.5.1.2.1_1", 覆盖变量数目为6, 未覆盖的变量包括['盘后定价交易申报时间', '申报数量', '价格']
## 测试场景"5", 测试用例"3.2.6.1.1.1_1", 覆盖变量数目为5, 未覆盖的变量包括['交易方向', '盘后定价交易申报时间', '申报数量', '价格']
## 测试场景"5", 测试用例"3.2.6.1.2.1_1", 覆盖变量数目为6, 未覆盖的变量包括['盘后定价交易申报时间', '申报数量', '价格']
## 测试场景"5", 测试用例"3.3.1.1.1.1_1", 覆盖变量数目为4, 未覆盖的变量包括['操作', '交易方向', '盘后定价交易申报时间', '申报数量', '价格']
## 测试场景"5", 测试用例"3.3.1.1.2.1_1", 覆盖变量数目为5, 未覆盖的变量包括['操作', '盘后定价交易申报时间', '申报数量', '价格']
## 测试场景"5", 测试用例"3.5.1.1.1.1_1", 覆盖变量数目为5, 未覆盖的变量包括['交易方向', '盘后定价交易申报时间', '申报数量', '价格']
## 测试场景"5", 测试用例"3.5.1.1.2.1_1", 覆盖变量数目为6, 未覆盖的变量包括['盘后定价交易申报时间', '申报数量', '价格']
## 测试场景"5", 测试用例"3.5.2.1.1.1_1", 覆盖变量数目为5, 未覆盖的变量包括['交易方向', '盘后定价交易申报时间', '申报数量', '价格']
## 测试场景"5", 测试用例"3.5.2.1.2.1_1", 覆盖变量数目为6, 未覆盖的变量包括['盘后定价交易申报时间', '申报数量', '价格']
## 测试场景"5", 测试用例"3.6.1.1.1_1", 覆盖变量数目为5, 未覆盖的变量包括['交易方式', '交易方向', '盘后定价交易申报时间', '价格']
## 测试场景"5", 测试用例"3.6.1.2.1_1", 覆盖变量数目为6, 未覆盖的变量包括['交易方式', '盘后定价交易申报时间', '价格']
## 测试场景"5", 测试用例"3.7.1.1.1.1_1", 覆盖变量数目为5, 未覆盖的变量包括['交易方向', '盘后定价交易申报时间', '申报数量', '价格']
## 测试场景"5", 测试用例"3.7.1.1.2.1_1", 覆盖变量数目为6, 未覆盖的变量包括['盘后定价交易申报时间', '申报数量', '价格']
### 测试场景"5", 覆盖变量的最大数目为8, 整体未覆盖的变量包括['价格']

## 测试场景"6", 测试用例"3.2.1.1.1.1_2", 覆盖变量数目为5, 未覆盖的变量包括['交易方向', '盘后定价交易申报时间', '申报数量', '价格']
## 测试场景"6", 测试用例"3.2.1.1.2.1_2", 覆盖变量数目为6, 未覆盖的变量包括['盘后定价交易申报时间', '申报数量', '价格']
## 测试场景"6", 测试用例"3.2.2.1.1.1_2", 覆盖变量数目为6, 未覆盖的变量包括['交易方向', '申报数量', '价格']
## 测试场景"6", 测试用例"3.2.2.1.2.1_2", 覆盖变量数目为7, 未覆盖的变量包括['申报数量', '价格']
## 测试场景"6", 测试用例"3.2.3.1.1_2", 覆盖变量数目为4, 未覆盖的变量包括['操作', '交易方向', '盘后定价交易申报时间', '申报数量', '价格']
## 测试场景"6", 测试用例"3.2.3.1.2_2", 覆盖变量数目为5, 未覆盖的变量包括['操作', '盘后定价交易申报时间', '申报数量', '价格']
## 测试场景"6", 测试用例"3.2.4.1.1_2", 覆盖变量数目为5, 未覆盖的变量包括['交易方向', '盘后定价交易申报时间', '申报数量', '价格']
## 测试场景"6", 测试用例"3.2.4.1.2_2", 覆盖变量数目为6, 未覆盖的变量包括['盘后定价交易申报时间', '申报数量', '价格']
## 测试场景"6", 测试用例"3.2.5.1.1.1_2", 覆盖变量数目为5, 未覆盖的变量包括['交易方向', '盘后定价交易申报时间', '申报数量', '价格']
## 测试场景"6", 测试用例"3.2.5.1.2.1_2", 覆盖变量数目为6, 未覆盖的变量包括['盘后定价交易申报时间', '申报数量', '价格']
## 测试场景"6", 测试用例"3.6.1.1.1_2", 覆盖变量数目为4, 未覆盖的变量包括['交易方式', '交易方向', '盘后定价交易申报时间', '申报数量', '价格']
## 测试场景"6", 测试用例"3.6.1.2.1_2", 覆盖变量数目为5, 未覆盖的变量包括['交易方式', '盘后定价交易申报时间', '申报数量', '价格']
## 测试场景"6", 测试用例"3.7.1.1.1.1_2", 覆盖变量数目为5, 未覆盖的变量包括['交易方向', '盘后定价交易申报时间', '申报数量', '价格']
## 测试场景"6", 测试用例"3.7.1.1.2.1_2", 覆盖变量数目为6, 未覆盖的变量包括['盘后定价交易申报时间', '申报数量', '价格']
### 测试场景"6", 覆盖变量的最大数目为7, 整体未覆盖的变量包括['申报数量', '价格']

## 测试场景"7", 测试用例"3.2.1.1.1.1_2", 覆盖变量数目为5, 未覆盖的变量包括['交易方向', '盘后定价交易申报时间', '申报数量']
## 测试场景"7", 测试用例"3.2.1.1.2.1_2", 覆盖变量数目为6, 未覆盖的变量包括['盘后定价交易申报时间', '申报数量']
## 测试场景"7", 测试用例"3.2.2.1.1.1_2", 覆盖变量数目为6, 未覆盖的变量包括['交易方向', '申报数量']
## 测试场景"7", 测试用例"3.2.2.1.2.1_2", 覆盖变量数目为7, 未覆盖的变量包括['申报数量']
## 测试场景"7", 测试用例"3.2.3.1.1_2", 覆盖变量数目为4, 未覆盖的变量包括['操作', '交易方向', '盘后定价交易申报时间', '申报数量']
## 测试场景"7", 测试用例"3.2.3.1.2_2", 覆盖变量数目为5, 未覆盖的变量包括['操作', '盘后定价交易申报时间', '申报数量']
## 测试场景"7", 测试用例"3.2.4.1.1_2", 覆盖变量数目为5, 未覆盖的变量包括['交易方向', '盘后定价交易申报时间', '申报数量']
## 测试场景"7", 测试用例"3.2.4.1.2_2", 覆盖变量数目为6, 未覆盖的变量包括['盘后定价交易申报时间', '申报数量']
## 测试场景"7", 测试用例"3.2.5.1.1.1_2", 覆盖变量数目为5, 未覆盖的变量包括['交易方向', '盘后定价交易申报时间', '申报数量']
## 测试场景"7", 测试用例"3.2.5.1.2.1_2", 覆盖变量数目为6, 未覆盖的变量包括['盘后定价交易申报时间', '申报数量']
## 测试场景"7", 测试用例"3.6.1.1.1_2", 覆盖变量数目为5, 未覆盖的变量包括['交易方式', '交易方向', '盘后定价交易申报时间']
## 测试场景"7", 测试用例"3.6.1.2.1_2", 覆盖变量数目为6, 未覆盖的变量包括['交易方式', '盘后定价交易申报时间']
## 测试场景"7", 测试用例"3.7.1.1.1.1_2", 覆盖变量数目为5, 未覆盖的变量包括['交易方向', '盘后定价交易申报时间', '申报数量']
## 测试场景"7", 测试用例"3.7.1.1.2.1_2", 覆盖变量数目为6, 未覆盖的变量包括['盘后定价交易申报时间', '申报数量']
### 测试场景"7", 覆盖变量的最大数目为8, 所有变量全部覆盖

## 测试场景"8", 测试用例"3.2.1.1.1.1_2", 覆盖变量数目为5, 未覆盖的变量包括['交易方向', '盘后定价交易申报时间']
## 测试场景"8", 测试用例"3.2.1.1.2.1_2", 覆盖变量数目为6, 未覆盖的变量包括['盘后定价交易申报时间']
## 测试场景"8", 测试用例"3.2.2.1.1.1_2", 覆盖变量数目为6, 未覆盖的变量包括['交易方向']
## 测试场景"8", 测试用例"3.2.2.1.2.1_2", 覆盖变量数目为7, 未覆盖的变量包括[]
## 测试场景"8", 测试用例"3.2.3.1.1_2", 覆盖变量数目为4, 未覆盖的变量包括['操作', '交易方向', '盘后定价交易申报时间']
## 测试场景"8", 测试用例"3.2.3.1.2_2", 覆盖变量数目为5, 未覆盖的变量包括['操作', '盘后定价交易申报时间']
## 测试场景"8", 测试用例"3.2.4.1.1_2", 覆盖变量数目为5, 未覆盖的变量包括['交易方向', '盘后定价交易申报时间']
## 测试场景"8", 测试用例"3.2.4.1.2_2", 覆盖变量数目为6, 未覆盖的变量包括['盘后定价交易申报时间']
## 测试场景"8", 测试用例"3.2.5.1.1.1_2", 覆盖变量数目为5, 未覆盖的变量包括['交易方向', '盘后定价交易申报时间']
## 测试场景"8", 测试用例"3.2.5.1.2.1_2", 覆盖变量数目为6, 未覆盖的变量包括['盘后定价交易申报时间']
## 测试场景"8", 测试用例"3.6.1.1.1_2", 覆盖变量数目为4, 未覆盖的变量包括['交易方式', '交易方向', '盘后定价交易申报时间']
## 测试场景"8", 测试用例"3.6.1.2.1_2", 覆盖变量数目为5, 未覆盖的变量包括['交易方式', '盘后定价交易申报时间']
## 测试场景"8", 测试用例"3.7.1.1.1.1_2", 覆盖变量数目为5, 未覆盖的变量包括['交易方向', '盘后定价交易申报时间']
## 测试场景"8", 测试用例"3.7.1.1.2.1_2", 覆盖变量数目为6, 未覆盖的变量包括['盘后定价交易申报时间']
### 测试场景"8", 覆盖变量的最大数目为7, 所有变量全部覆盖

## 测试场景"9", 测试用例"3.11.1.1_1", 覆盖变量数目为5, 未覆盖的变量包括['操作', '状态', '时间']
## 测试场景"9", 测试用例"3.2.1.1.1.1_1", 覆盖变量数目为6, 未覆盖的变量包括['状态', '时间']
## 测试场景"9", 测试用例"3.2.1.1.2.1_1", 覆盖变量数目为5, 未覆盖的变量包括['交易方向', '状态', '时间']
## 测试场景"9", 测试用例"3.2.2.1.1.1_1", 覆盖变量数目为6, 未覆盖的变量包括['状态', '时间']
## 测试场景"9", 测试用例"3.2.2.1.2.1_1", 覆盖变量数目为5, 未覆盖的变量包括['交易方向', '状态', '时间']
## 测试场景"9", 测试用例"3.2.3.1.1_1", 覆盖变量数目为6, 未覆盖的变量包括['操作', '时间']
## 测试场景"9", 测试用例"3.2.3.1.2_1", 覆盖变量数目为5, 未覆盖的变量包括['操作', '交易方向', '时间']
## 测试场景"9", 测试用例"3.2.4.1.1_1", 覆盖变量数目为6, 未覆盖的变量包括['状态', '时间']
## 测试场景"9", 测试用例"3.2.4.1.2_1", 覆盖变量数目为5, 未覆盖的变量包括['交易方向', '状态', '时间']
## 测试场景"9", 测试用例"3.2.5.1.1.1_1", 覆盖变量数目为6, 未覆盖的变量包括['状态', '时间']
## 测试场景"9", 测试用例"3.2.5.1.2.1_1", 覆盖变量数目为5, 未覆盖的变量包括['交易方向', '状态', '时间']
## 测试场景"9", 测试用例"3.2.6.1.1.1_1", 覆盖变量数目为6, 未覆盖的变量包括['状态', '时间']
## 测试场景"9", 测试用例"3.2.6.1.2.1_1", 覆盖变量数目为5, 未覆盖的变量包括['交易方向', '状态', '时间']
## 测试场景"9", 测试用例"3.3.1.1.1.1_1", 覆盖变量数目为5, 未覆盖的变量包括['操作', '状态', '时间']
## 测试场景"9", 测试用例"3.3.1.1.2.1_1", 覆盖变量数目为4, 未覆盖的变量包括['操作', '交易方向', '状态', '时间']
## 测试场景"9", 测试用例"3.5.1.1.1.1_1", 覆盖变量数目为6, 未覆盖的变量包括['状态', '时间']
## 测试场景"9", 测试用例"3.5.1.1.2.1_1", 覆盖变量数目为5, 未覆盖的变量包括['交易方向', '状态', '时间']
## 测试场景"9", 测试用例"3.5.2.1.1.1_1", 覆盖变量数目为6, 未覆盖的变量包括['状态', '时间']
## 测试场景"9", 测试用例"3.5.2.1.2.1_1", 覆盖变量数目为5, 未覆盖的变量包括['交易方向', '状态', '时间']
## 测试场景"9", 测试用例"3.6.1.1.1_1", 覆盖变量数目为5, 未覆盖的变量包括['交易方式', '状态', '时间']
## 测试场景"9", 测试用例"3.6.1.2.1_1", 覆盖变量数目为4, 未覆盖的变量包括['交易方式', '交易方向', '状态', '时间']
## 测试场景"9", 测试用例"3.7.1.1.1.1_1", 覆盖变量数目为6, 未覆盖的变量包括['状态', '时间']
## 测试场景"9", 测试用例"3.7.1.1.2.1_1", 覆盖变量数目为5, 未覆盖的变量包括['交易方向', '状态', '时间']
### 测试场景"9", 覆盖变量的最大数目为7, 整体未覆盖的变量包括['时间']

## 测试场景"10", 测试用例"3.11.1.1_1", 覆盖变量数目为4, 未覆盖的变量包括['操作', '交易方向', '状态', '时间']
## 测试场景"10", 测试用例"3.2.1.1.1.1_1", 覆盖变量数目为5, 未覆盖的变量包括['交易方向', '状态', '时间']
## 测试场景"10", 测试用例"3.2.1.1.2.1_1", 覆盖变量数目为6, 未覆盖的变量包括['状态', '时间']
## 测试场景"10", 测试用例"3.2.2.1.1.1_1", 覆盖变量数目为5, 未覆盖的变量包括['交易方向', '状态', '时间']
## 测试场景"10", 测试用例"3.2.2.1.2.1_1", 覆盖变量数目为6, 未覆盖的变量包括['状态', '时间']
## 测试场景"10", 测试用例"3.2.3.1.1_1", 覆盖变量数目为5, 未覆盖的变量包括['操作', '交易方向', '时间']
## 测试场景"10", 测试用例"3.2.3.1.2_1", 覆盖变量数目为6, 未覆盖的变量包括['操作', '时间']
## 测试场景"10", 测试用例"3.2.4.1.1_1", 覆盖变量数目为5, 未覆盖的变量包括['交易方向', '状态', '时间']
## 测试场景"10", 测试用例"3.2.4.1.2_1", 覆盖变量数目为6, 未覆盖的变量包括['状态', '时间']
## 测试场景"10", 测试用例"3.2.5.1.1.1_1", 覆盖变量数目为5, 未覆盖的变量包括['交易方向', '状态', '时间']
## 测试场景"10", 测试用例"3.2.5.1.2.1_1", 覆盖变量数目为6, 未覆盖的变量包括['状态', '时间']
## 测试场景"10", 测试用例"3.2.6.1.1.1_1", 覆盖变量数目为5, 未覆盖的变量包括['交易方向', '状态', '时间']
## 测试场景"10", 测试用例"3.2.6.1.2.1_1", 覆盖变量数目为6, 未覆盖的变量包括['状态', '时间']
## 测试场景"10", 测试用例"3.3.1.1.1.1_1", 覆盖变量数目为4, 未覆盖的变量包括['操作', '交易方向', '状态', '时间']
## 测试场景"10", 测试用例"3.3.1.1.2.1_1", 覆盖变量数目为5, 未覆盖的变量包括['操作', '状态', '时间']
## 测试场景"10", 测试用例"3.5.1.1.1.1_1", 覆盖变量数目为5, 未覆盖的变量包括['交易方向', '状态', '时间']
## 测试场景"10", 测试用例"3.5.1.1.2.1_1", 覆盖变量数目为6, 未覆盖的变量包括['状态', '时间']
## 测试场景"10", 测试用例"3.5.2.1.1.1_1", 覆盖变量数目为5, 未覆盖的变量包括['交易方向', '状态', '时间']
## 测试场景"10", 测试用例"3.5.2.1.2.1_1", 覆盖变量数目为6, 未覆盖的变量包括['状态', '时间']
## 测试场景"10", 测试用例"3.6.1.1.1_1", 覆盖变量数目为4, 未覆盖的变量包括['交易方式', '交易方向', '状态', '时间']
## 测试场景"10", 测试用例"3.6.1.2.1_1", 覆盖变量数目为5, 未覆盖的变量包括['交易方式', '状态', '时间']
## 测试场景"10", 测试用例"3.7.1.1.1.1_1", 覆盖变量数目为5, 未覆盖的变量包括['交易方向', '状态', '时间']
## 测试场景"10", 测试用例"3.7.1.1.2.1_1", 覆盖变量数目为6, 未覆盖的变量包括['状态', '时间']
### 测试场景"10", 覆盖变量的最大数目为7, 整体未覆盖的变量包括['时间']

## 测试场景"11", 测试用例"3.2.1.1.1.1_2", 覆盖变量数目为6, 未覆盖的变量包括['状态']
## 测试场景"11", 测试用例"3.2.1.1.2.1_2", 覆盖变量数目为5, 未覆盖的变量包括['交易方向', '状态']
## 测试场景"11", 测试用例"3.2.2.1.1.1_2", 覆盖变量数目为6, 未覆盖的变量包括['状态']
## 测试场景"11", 测试用例"3.2.2.1.2.1_2", 覆盖变量数目为5, 未覆盖的变量包括['交易方向', '状态']
## 测试场景"11", 测试用例"3.2.3.1.1_2", 覆盖变量数目为5, 未覆盖的变量包括['操作', '状态']
## 测试场景"11", 测试用例"3.2.3.1.2_2", 覆盖变量数目为4, 未覆盖的变量包括['操作', '交易方向', '状态']
## 测试场景"11", 测试用例"3.2.4.1.1_2", 覆盖变量数目为6, 未覆盖的变量包括['状态']
## 测试场景"11", 测试用例"3.2.4.1.2_2", 覆盖变量数目为5, 未覆盖的变量包括['交易方向', '状态']
## 测试场景"11", 测试用例"3.2.5.1.1.1_2", 覆盖变量数目为6, 未覆盖的变量包括['状态']
## 测试场景"11", 测试用例"3.2.5.1.2.1_2", 覆盖变量数目为5, 未覆盖的变量包括['交易方向', '状态']
## 测试场景"11", 测试用例"3.6.1.1.1_2", 覆盖变量数目为5, 未覆盖的变量包括['交易方式', '状态']
## 测试场景"11", 测试用例"3.6.1.2.1_2", 覆盖变量数目为4, 未覆盖的变量包括['交易方式', '交易方向', '状态']
## 测试场景"11", 测试用例"3.7.1.1.1.1_2", 覆盖变量数目为6, 未覆盖的变量包括['状态']
## 测试场景"11", 测试用例"3.7.1.1.2.1_2", 覆盖变量数目为5, 未覆盖的变量包括['交易方向', '状态']
### 测试场景"11", 覆盖变量的最大数目为6, 整体未覆盖的变量包括['状态']

## 测试场景"12", 测试用例"3.11.1.1_1", 覆盖变量数目为4, 未覆盖的变量包括['操作', '交易方向', '状态']
## 测试场景"12", 测试用例"3.2.1.1.1.1_1", 覆盖变量数目为5, 未覆盖的变量包括['交易方向', '状态']
## 测试场景"12", 测试用例"3.2.1.1.2.1_1", 覆盖变量数目为6, 未覆盖的变量包括['状态']
## 测试场景"12", 测试用例"3.2.2.1.1.1_1", 覆盖变量数目为5, 未覆盖的变量包括['交易方向', '状态']
## 测试场景"12", 测试用例"3.2.2.1.2.1_1", 覆盖变量数目为6, 未覆盖的变量包括['状态']
## 测试场景"12", 测试用例"3.2.3.1.1_1", 覆盖变量数目为4, 未覆盖的变量包括['操作', '交易方向', '状态']
## 测试场景"12", 测试用例"3.2.3.1.2_1", 覆盖变量数目为5, 未覆盖的变量包括['操作', '状态']
## 测试场景"12", 测试用例"3.2.4.1.1_1", 覆盖变量数目为5, 未覆盖的变量包括['交易方向', '状态']
## 测试场景"12", 测试用例"3.2.4.1.2_1", 覆盖变量数目为6, 未覆盖的变量包括['状态']
## 测试场景"12", 测试用例"3.2.5.1.1.1_1", 覆盖变量数目为5, 未覆盖的变量包括['交易方向', '状态']
## 测试场景"12", 测试用例"3.2.5.1.2.1_1", 覆盖变量数目为6, 未覆盖的变量包括['状态']
## 测试场景"12", 测试用例"3.2.6.1.1.1_1", 覆盖变量数目为5, 未覆盖的变量包括['交易方向', '状态']
## 测试场景"12", 测试用例"3.2.6.1.2.1_1", 覆盖变量数目为6, 未覆盖的变量包括['状态']
## 测试场景"12", 测试用例"3.3.1.1.1.1_1", 覆盖变量数目为4, 未覆盖的变量包括['操作', '交易方向', '状态']
## 测试场景"12", 测试用例"3.3.1.1.2.1_1", 覆盖变量数目为5, 未覆盖的变量包括['操作', '状态']
## 测试场景"12", 测试用例"3.5.1.1.1.1_1", 覆盖变量数目为5, 未覆盖的变量包括['交易方向', '状态']
## 测试场景"12", 测试用例"3.5.1.1.2.1_1", 覆盖变量数目为6, 未覆盖的变量包括['状态']
## 测试场景"12", 测试用例"3.5.2.1.1.1_1", 覆盖变量数目为5, 未覆盖的变量包括['交易方向', '状态']
## 测试场景"12", 测试用例"3.5.2.1.2.1_1", 覆盖变量数目为6, 未覆盖的变量包括['状态']
## 测试场景"12", 测试用例"3.6.1.1.1_1", 覆盖变量数目为4, 未覆盖的变量包括['交易方式', '交易方向', '状态']
## 测试场景"12", 测试用例"3.6.1.2.1_1", 覆盖变量数目为5, 未覆盖的变量包括['交易方式', '状态']
## 测试场景"12", 测试用例"3.7.1.1.1.1_1", 覆盖变量数目为5, 未覆盖的变量包括['交易方向', '状态']
## 测试场景"12", 测试用例"3.7.1.1.2.1_1", 覆盖变量数目为6, 未覆盖的变量包括['状态']
### 测试场景"12", 覆盖变量的最大数目为6, 整体未覆盖的变量包括['状态']

使用finbert，数据集data1的业务场景覆盖率为0.8998
## 测试场景"1", 测试用例"3.11.1.1.1_1", 覆盖变量数目为2, 未覆盖的变量包括['操作', '交易市场', '交易品种', '交易方向', '盘后定价交易申报时间', '申报数量', '价格']
## 测试场景"1", 测试用例"3.11.1.1.2_1", 覆盖变量数目为2, 未覆盖的变量包括['操作', '交易市场', '交易品种', '交易方向', '盘后定价交易申报时间', '申报数量', '价格']
## 测试场景"1", 测试用例"3.11.1.1.3.1_1", 覆盖变量数目为5, 未覆盖的变量包括['交易品种', '盘后定价交易申报时间', '申报数量', '价格']
## 测试场景"1", 测试用例"3.11.1.2.3.1_1", 覆盖变量数目为4, 未覆盖的变量包括['交易品种', '交易方向', '盘后定价交易申报时间', '申报数量', '价格']
## 测试场景"1", 测试用例"3.11.2.1.1_1", 覆盖变量数目为2, 未覆盖的变量包括['操作', '交易市场', '交易品种', '交易方向', '盘后定价交易申报时间', '申报数量', '价格']
## 测试场景"1", 测试用例"3.11.2.1.2_1", 覆盖变量数目为2, 未覆盖的变量包括['操作', '交易市场', '交易品种', '交易方向', '盘后定价交易申报时间', '申报数量', '价格']
## 测试场景"1", 测试用例"3.11.2.1.3.1_1", 覆盖变量数目为5, 未覆盖的变量包括['交易品种', '盘后定价交易申报时间', '申报数量', '价格']
## 测试场景"1", 测试用例"3.11.2.2.3.1_1", 覆盖变量数目为4, 未覆盖的变量包括['交易品种', '交易方向', '盘后定价交易申报时间', '申报数量', '价格']
## 测试场景"1", 测试用例"3.2.1.1.1_1", 覆盖变量数目为4, 未覆盖的变量包括['交易品种', '交易方式', '盘后定价交易申报时间', '申报数量', '价格']
## 测试场景"1", 测试用例"3.2.1.2.1_1", 覆盖变量数目为3, 未覆盖的变量包括['交易品种', '交易方式', '交易方向', '盘后定价交易申报时间', '申报数量', '价格']
## 测试场景"1", 测试用例"3.2.2.1.1_1", 覆盖变量数目为5, 未覆盖的变量包括['交易品种', '交易方式', '申报数量', '价格']
## 测试场景"1", 测试用例"3.2.2.2.1_1", 覆盖变量数目为4, 未覆盖的变量包括['交易品种', '交易方式', '交易方向', '申报数量', '价格']
## 测试场景"1", 测试用例"3.2.3.1_1", 覆盖变量数目为4, 未覆盖的变量包括['交易品种', '交易方式', '盘后定价交易申报时间', '申报数量', '价格']
## 测试场景"1", 测试用例"3.2.3.2_1", 覆盖变量数目为3, 未覆盖的变量包括['交易品种', '交易方式', '交易方向', '盘后定价交易申报时间', '申报数量', '价格']
## 测试场景"1", 测试用例"3.2.4.1_2", 覆盖变量数目为4, 未覆盖的变量包括['操作', '交易品种', '盘后定价交易申报时间', '申报数量', '价格']
## 测试场景"1", 测试用例"3.2.4.1_3", 覆盖变量数目为4, 未覆盖的变量包括['操作', '交易品种', '盘后定价交易申报时间', '申报数量', '价格']
## 测试场景"1", 测试用例"3.2.4.1_4", 覆盖变量数目为4, 未覆盖的变量包括['操作', '交易品种', '盘后定价交易申报时间', '申报数量', '价格']
## 测试场景"1", 测试用例"3.2.4.1_5", 覆盖变量数目为4, 未覆盖的变量包括['操作', '交易品种', '盘后定价交易申报时间', '申报数量', '价格']
## 测试场景"1", 测试用例"3.2.4.1_6", 覆盖变量数目为4, 未覆盖的变量包括['操作', '交易品种', '盘后定价交易申报时间', '申报数量', '价格']
## 测试场景"1", 测试用例"3.2.4.1_7", 覆盖变量数目为4, 未覆盖的变量包括['操作', '交易品种', '盘后定价交易申报时间', '申报数量', '价格']
## 测试场景"1", 测试用例"3.2.4.1_8", 覆盖变量数目为4, 未覆盖的变量包括['操作', '交易品种', '盘后定价交易申报时间', '申报数量', '价格']
## 测试场景"1", 测试用例"3.2.4.2_2", 覆盖变量数目为3, 未覆盖的变量包括['操作', '交易品种', '交易方向', '盘后定价交易申报时间', '申报数量', '价格']
## 测试场景"1", 测试用例"3.2.4.2_3", 覆盖变量数目为3, 未覆盖的变量包括['操作', '交易品种', '交易方向', '盘后定价交易申报时间', '申报数量', '价格']
## 测试场景"1", 测试用例"3.2.4.2_4", 覆盖变量数目为3, 未覆盖的变量包括['操作', '交易品种', '交易方向', '盘后定价交易申报时间', '申报数量', '价格']
## 测试场景"1", 测试用例"3.2.4.2_5", 覆盖变量数目为3, 未覆盖的变量包括['操作', '交易品种', '交易方向', '盘后定价交易申报时间', '申报数量', '价格']
## 测试场景"1", 测试用例"3.2.4.2_6", 覆盖变量数目为3, 未覆盖的变量包括['操作', '交易品种', '交易方向', '盘后定价交易申报时间', '申报数量', '价格']
## 测试场景"1", 测试用例"3.2.4.2_7", 覆盖变量数目为3, 未覆盖的变量包括['操作', '交易品种', '交易方向', '盘后定价交易申报时间', '申报数量', '价格']
## 测试场景"1", 测试用例"3.2.4.2_8", 覆盖变量数目为3, 未覆盖的变量包括['操作', '交易品种', '交易方向', '盘后定价交易申报时间', '申报数量', '价格']
## 测试场景"1", 测试用例"3.2.5.1_2", 覆盖变量数目为4, 未覆盖的变量包括['交易品种', '交易方式', '盘后定价交易申报时间', '申报数量', '价格']
## 测试场景"1", 测试用例"3.2.5.1_3", 覆盖变量数目为4, 未覆盖的变量包括['交易品种', '交易方式', '盘后定价交易申报时间', '申报数量', '价格']
## 测试场景"1", 测试用例"3.2.5.1_4", 覆盖变量数目为4, 未覆盖的变量包括['交易品种', '交易方式', '盘后定价交易申报时间', '申报数量', '价格']
## 测试场景"1", 测试用例"3.2.5.2_2", 覆盖变量数目为3, 未覆盖的变量包括['交易品种', '交易方式', '交易方向', '盘后定价交易申报时间', '申报数量', '价格']
## 测试场景"1", 测试用例"3.2.5.2_3", 覆盖变量数目为3, 未覆盖的变量包括['交易品种', '交易方式', '交易方向', '盘后定价交易申报时间', '申报数量', '价格']
## 测试场景"1", 测试用例"3.2.5.2_4", 覆盖变量数目为3, 未覆盖的变量包括['交易品种', '交易方式', '交易方向', '盘后定价交易申报时间', '申报数量', '价格']
## 测试场景"1", 测试用例"3.3.1.1.1_1", 覆盖变量数目为5, 未覆盖的变量包括['操作', '盘后定价交易申报时间', '申报数量', '价格']
## 测试场景"1", 测试用例"3.3.1.2.1_1", 覆盖变量数目为4, 未覆盖的变量包括['操作', '交易方向', '盘后定价交易申报时间', '申报数量', '价格']
## 测试场景"1", 测试用例"3.5.1.1_2", 覆盖变量数目为4, 未覆盖的变量包括['交易品种', '交易方式', '盘后定价交易申报时间', '申报数量', '价格']
## 测试场景"1", 测试用例"3.5.1.1_3", 覆盖变量数目为4, 未覆盖的变量包括['交易品种', '交易方式', '盘后定价交易申报时间', '申报数量', '价格']
## 测试场景"1", 测试用例"3.5.1.1_4", 覆盖变量数目为4, 未覆盖的变量包括['交易品种', '交易方式', '盘后定价交易申报时间', '申报数量', '价格']
## 测试场景"1", 测试用例"3.5.1.2_2", 覆盖变量数目为4, 未覆盖的变量包括['交易品种', '交易方式', '盘后定价交易申报时间', '申报数量', '价格']
## 测试场景"1", 测试用例"3.5.1.2_3", 覆盖变量数目为4, 未覆盖的变量包括['交易品种', '交易方式', '盘后定价交易申报时间', '申报数量', '价格']
## 测试场景"1", 测试用例"3.5.1.2_4", 覆盖变量数目为4, 未覆盖的变量包括['交易品种', '交易方式', '盘后定价交易申报时间', '申报数量', '价格']
## 测试场景"1", 测试用例"3.6.1.1.1_1", 覆盖变量数目为4, 未覆盖的变量包括['交易品种', '交易方式', '盘后定价交易申报时间', '申报数量', '价格']
## 测试场景"1", 测试用例"3.6.1.2.1_1", 覆盖变量数目为3, 未覆盖的变量包括['交易品种', '交易方式', '交易方向', '盘后定价交易申报时间', '申报数量', '价格']
## 测试场景"1", 测试用例"3.7.1.1_1", 覆盖变量数目为3, 未覆盖的变量包括['操作', '交易品种', '交易方式', '盘后定价交易申报时间', '申报数量', '价格']
## 测试场景"1", 测试用例"3.7.1.2_1", 覆盖变量数目为2, 未覆盖的变量包括['操作', '交易品种', '交易方式', '交易方向', '盘后定价交易申报时间', '申报数量', '价格']
### 测试场景"1", 覆盖变量的最大数目为7, 整体未覆盖的变量包括['申报数量', '价格']

## 测试场景"2", 测试用例"3.11.1.1.3.1_2", 覆盖变量数目为5, 未覆盖的变量包括['交易品种', '盘后定价交易申报时间', '申报数量', '价格']
## 测试场景"2", 测试用例"3.11.1.2.3.1_2", 覆盖变量数目为4, 未覆盖的变量包括['交易品种', '交易方向', '盘后定价交易申报时间', '申报数量', '价格']
## 测试场景"2", 测试用例"3.2.1.1.1_2", 覆盖变量数目为4, 未覆盖的变量包括['交易品种', '交易方式', '盘后定价交易申报时间', '申报数量', '价格']
## 测试场景"2", 测试用例"3.2.1.2.1_2", 覆盖变量数目为3, 未覆盖的变量包括['交易品种', '交易方式', '交易方向', '盘后定价交易申报时间', '申报数量', '价格']
## 测试场景"2", 测试用例"3.2.2.1.1_2", 覆盖变量数目为5, 未覆盖的变量包括['交易品种', '交易方式', '申报数量', '价格']
## 测试场景"2", 测试用例"3.2.2.2.1_2", 覆盖变量数目为4, 未覆盖的变量包括['交易品种', '交易方式', '交易方向', '申报数量', '价格']
## 测试场景"2", 测试用例"3.2.4.1_1", 覆盖变量数目为4, 未覆盖的变量包括['操作', '交易品种', '盘后定价交易申报时间', '申报数量', '价格']
## 测试场景"2", 测试用例"3.2.4.2_1", 覆盖变量数目为3, 未覆盖的变量包括['操作', '交易品种', '交易方向', '盘后定价交易申报时间', '申报数量', '价格']
## 测试场景"2", 测试用例"3.2.5.1_1", 覆盖变量数目为4, 未覆盖的变量包括['交易品种', '交易方式', '盘后定价交易申报时间', '申报数量', '价格']
## 测试场景"2", 测试用例"3.2.5.2_1", 覆盖变量数目为3, 未覆盖的变量包括['交易品种', '交易方式', '交易方向', '盘后定价交易申报时间', '申报数量', '价格']
## 测试场景"2", 测试用例"3.5.1.1_1", 覆盖变量数目为4, 未覆盖的变量包括['交易品种', '交易方式', '盘后定价交易申报时间', '申报数量', '价格']
## 测试场景"2", 测试用例"3.5.1.2_1", 覆盖变量数目为4, 未覆盖的变量包括['交易品种', '交易方式', '盘后定价交易申报时间', '申报数量', '价格']
## 测试场景"2", 测试用例"3.6.1.1.1_2", 覆盖变量数目为4, 未覆盖的变量包括['交易品种', '交易方式', '盘后定价交易申报时间', '申报数量', '价格']
## 测试场景"2", 测试用例"3.6.1.1.1_3", 覆盖变量数目为4, 未覆盖的变量包括['交易品种', '交易方式', '盘后定价交易申报时间', '申报数量', '价格']
## 测试场景"2", 测试用例"3.6.1.1.1_4", 覆盖变量数目为4, 未覆盖的变量包括['交易品种', '交易方式', '盘后定价交易申报时间', '申报数量', '价格']
## 测试场景"2", 测试用例"3.6.1.2.1_2", 覆盖变量数目为3, 未覆盖的变量包括['交易品种', '交易方式', '交易方向', '盘后定价交易申报时间', '申报数量', '价格']
## 测试场景"2", 测试用例"3.6.1.2.1_3", 覆盖变量数目为3, 未覆盖的变量包括['交易品种', '交易方式', '交易方向', '盘后定价交易申报时间', '申报数量', '价格']
## 测试场景"2", 测试用例"3.6.1.2.1_4", 覆盖变量数目为3, 未覆盖的变量包括['交易品种', '交易方式', '交易方向', '盘后定价交易申报时间', '申报数量', '价格']
## 测试场景"2", 测试用例"3.7.1.1_2", 覆盖变量数目为3, 未覆盖的变量包括['操作', '交易品种', '交易方式', '盘后定价交易申报时间', '申报数量', '价格']
## 测试场景"2", 测试用例"3.7.1.1_3", 覆盖变量数目为3, 未覆盖的变量包括['操作', '交易品种', '交易方式', '盘后定价交易申报时间', '申报数量', '价格']
## 测试场景"2", 测试用例"3.7.1.1_4", 覆盖变量数目为3, 未覆盖的变量包括['操作', '交易品种', '交易方式', '盘后定价交易申报时间', '申报数量', '价格']
## 测试场景"2", 测试用例"3.7.1.2_2", 覆盖变量数目为2, 未覆盖的变量包括['操作', '交易品种', '交易方式', '交易方向', '盘后定价交易申报时间', '申报数量', '价格']
## 测试场景"2", 测试用例"3.7.1.2_3", 覆盖变量数目为2, 未覆盖的变量包括['操作', '交易品种', '交易方式', '交易方向', '盘后定价交易申报时间', '申报数量', '价格']
## 测试场景"2", 测试用例"3.7.1.2_4", 覆盖变量数目为2, 未覆盖的变量包括['操作', '交易品种', '交易方式', '交易方向', '盘后定价交易申报时间', '申报数量', '价格']
### 测试场景"2", 覆盖变量的最大数目为6, 整体未覆盖的变量包括['交易品种', '申报数量', '价格']

## 测试场景"3", 测试用例"3.11.1.1.3.1_2", 覆盖变量数目为5, 未覆盖的变量包括['交易品种', '盘后定价交易申报时间', '申报数量']
## 测试场景"3", 测试用例"3.11.1.2.3.1_2", 覆盖变量数目为4, 未覆盖的变量包括['交易品种', '交易方向', '盘后定价交易申报时间', '申报数量']
## 测试场景"3", 测试用例"3.2.1.1.1_2", 覆盖变量数目为4, 未覆盖的变量包括['交易品种', '交易方式', '盘后定价交易申报时间', '申报数量']
## 测试场景"3", 测试用例"3.2.1.2.1_2", 覆盖变量数目为3, 未覆盖的变量包括['交易品种', '交易方式', '交易方向', '盘后定价交易申报时间', '申报数量']
## 测试场景"3", 测试用例"3.2.2.1.1_2", 覆盖变量数目为5, 未覆盖的变量包括['交易品种', '交易方式', '申报数量']
## 测试场景"3", 测试用例"3.2.2.2.1_2", 覆盖变量数目为4, 未覆盖的变量包括['交易品种', '交易方式', '交易方向', '申报数量']
## 测试场景"3", 测试用例"3.2.4.1_1", 覆盖变量数目为4, 未覆盖的变量包括['操作', '交易品种', '盘后定价交易申报时间', '申报数量']
## 测试场景"3", 测试用例"3.2.4.2_1", 覆盖变量数目为3, 未覆盖的变量包括['操作', '交易品种', '交易方向', '盘后定价交易申报时间', '申报数量']
## 测试场景"3", 测试用例"3.2.5.1_1", 覆盖变量数目为4, 未覆盖的变量包括['交易品种', '交易方式', '盘后定价交易申报时间', '申报数量']
## 测试场景"3", 测试用例"3.2.5.2_1", 覆盖变量数目为3, 未覆盖的变量包括['交易品种', '交易方式', '交易方向', '盘后定价交易申报时间', '申报数量']
## 测试场景"3", 测试用例"3.5.1.1_1", 覆盖变量数目为4, 未覆盖的变量包括['交易品种', '交易方式', '盘后定价交易申报时间', '申报数量']
## 测试场景"3", 测试用例"3.5.1.2_1", 覆盖变量数目为4, 未覆盖的变量包括['交易品种', '交易方式', '盘后定价交易申报时间', '申报数量']
## 测试场景"3", 测试用例"3.6.1.1.1_2", 覆盖变量数目为4, 未覆盖的变量包括['交易品种', '交易方式', '盘后定价交易申报时间', '申报数量']
## 测试场景"3", 测试用例"3.6.1.1.1_3", 覆盖变量数目为4, 未覆盖的变量包括['交易品种', '交易方式', '盘后定价交易申报时间', '申报数量']
## 测试场景"3", 测试用例"3.6.1.1.1_4", 覆盖变量数目为4, 未覆盖的变量包括['交易品种', '交易方式', '盘后定价交易申报时间', '申报数量']
## 测试场景"3", 测试用例"3.6.1.2.1_2", 覆盖变量数目为3, 未覆盖的变量包括['交易品种', '交易方式', '交易方向', '盘后定价交易申报时间', '申报数量']
## 测试场景"3", 测试用例"3.6.1.2.1_3", 覆盖变量数目为3, 未覆盖的变量包括['交易品种', '交易方式', '交易方向', '盘后定价交易申报时间', '申报数量']
## 测试场景"3", 测试用例"3.6.1.2.1_4", 覆盖变量数目为3, 未覆盖的变量包括['交易品种', '交易方式', '交易方向', '盘后定价交易申报时间', '申报数量']
## 测试场景"3", 测试用例"3.7.1.1_2", 覆盖变量数目为3, 未覆盖的变量包括['操作', '交易品种', '交易方式', '盘后定价交易申报时间', '申报数量']
## 测试场景"3", 测试用例"3.7.1.1_3", 覆盖变量数目为3, 未覆盖的变量包括['操作', '交易品种', '交易方式', '盘后定价交易申报时间', '申报数量']
## 测试场景"3", 测试用例"3.7.1.1_4", 覆盖变量数目为3, 未覆盖的变量包括['操作', '交易品种', '交易方式', '盘后定价交易申报时间', '申报数量']
## 测试场景"3", 测试用例"3.7.1.2_2", 覆盖变量数目为2, 未覆盖的变量包括['操作', '交易品种', '交易方式', '交易方向', '盘后定价交易申报时间', '申报数量']
## 测试场景"3", 测试用例"3.7.1.2_3", 覆盖变量数目为2, 未覆盖的变量包括['操作', '交易品种', '交易方式', '交易方向', '盘后定价交易申报时间', '申报数量']
## 测试场景"3", 测试用例"3.7.1.2_4", 覆盖变量数目为2, 未覆盖的变量包括['操作', '交易品种', '交易方式', '交易方向', '盘后定价交易申报时间', '申报数量']
### 测试场景"3", 覆盖变量的最大数目为6, 整体未覆盖的变量包括['交易品种', '申报数量']

## 测试场景"4", 测试用例"3.11.1.1.3.1_2", 覆盖变量数目为5, 未覆盖的变量包括['交易品种', '盘后定价交易申报时间']
## 测试场景"4", 测试用例"3.11.1.2.3.1_2", 覆盖变量数目为4, 未覆盖的变量包括['交易品种', '交易方向', '盘后定价交易申报时间']
## 测试场景"4", 测试用例"3.2.1.1.1_2", 覆盖变量数目为4, 未覆盖的变量包括['交易品种', '交易方式', '盘后定价交易申报时间']
## 测试场景"4", 测试用例"3.2.1.2.1_2", 覆盖变量数目为3, 未覆盖的变量包括['交易品种', '交易方式', '交易方向', '盘后定价交易申报时间']
## 测试场景"4", 测试用例"3.2.2.1.1_2", 覆盖变量数目为5, 未覆盖的变量包括['交易品种', '交易方式']
## 测试场景"4", 测试用例"3.2.2.2.1_2", 覆盖变量数目为4, 未覆盖的变量包括['交易品种', '交易方式', '交易方向']
## 测试场景"4", 测试用例"3.2.4.1_1", 覆盖变量数目为4, 未覆盖的变量包括['操作', '交易品种', '盘后定价交易申报时间']
## 测试场景"4", 测试用例"3.2.4.2_1", 覆盖变量数目为3, 未覆盖的变量包括['操作', '交易品种', '交易方向', '盘后定价交易申报时间']
## 测试场景"4", 测试用例"3.2.5.1_1", 覆盖变量数目为4, 未覆盖的变量包括['交易品种', '交易方式', '盘后定价交易申报时间']
## 测试场景"4", 测试用例"3.2.5.2_1", 覆盖变量数目为3, 未覆盖的变量包括['交易品种', '交易方式', '交易方向', '盘后定价交易申报时间']
## 测试场景"4", 测试用例"3.5.1.1_1", 覆盖变量数目为4, 未覆盖的变量包括['交易品种', '交易方式', '盘后定价交易申报时间']
## 测试场景"4", 测试用例"3.5.1.2_1", 覆盖变量数目为4, 未覆盖的变量包括['交易品种', '交易方式', '盘后定价交易申报时间']
## 测试场景"4", 测试用例"3.6.1.1.1_2", 覆盖变量数目为4, 未覆盖的变量包括['交易品种', '交易方式', '盘后定价交易申报时间']
## 测试场景"4", 测试用例"3.6.1.1.1_3", 覆盖变量数目为4, 未覆盖的变量包括['交易品种', '交易方式', '盘后定价交易申报时间']
## 测试场景"4", 测试用例"3.6.1.1.1_4", 覆盖变量数目为4, 未覆盖的变量包括['交易品种', '交易方式', '盘后定价交易申报时间']
## 测试场景"4", 测试用例"3.6.1.2.1_2", 覆盖变量数目为3, 未覆盖的变量包括['交易品种', '交易方式', '交易方向', '盘后定价交易申报时间']
## 测试场景"4", 测试用例"3.6.1.2.1_3", 覆盖变量数目为3, 未覆盖的变量包括['交易品种', '交易方式', '交易方向', '盘后定价交易申报时间']
## 测试场景"4", 测试用例"3.6.1.2.1_4", 覆盖变量数目为3, 未覆盖的变量包括['交易品种', '交易方式', '交易方向', '盘后定价交易申报时间']
## 测试场景"4", 测试用例"3.7.1.1_2", 覆盖变量数目为3, 未覆盖的变量包括['操作', '交易品种', '交易方式', '盘后定价交易申报时间']
## 测试场景"4", 测试用例"3.7.1.1_3", 覆盖变量数目为3, 未覆盖的变量包括['操作', '交易品种', '交易方式', '盘后定价交易申报时间']
## 测试场景"4", 测试用例"3.7.1.1_4", 覆盖变量数目为3, 未覆盖的变量包括['操作', '交易品种', '交易方式', '盘后定价交易申报时间']
## 测试场景"4", 测试用例"3.7.1.2_2", 覆盖变量数目为2, 未覆盖的变量包括['操作', '交易品种', '交易方式', '交易方向', '盘后定价交易申报时间']
## 测试场景"4", 测试用例"3.7.1.2_3", 覆盖变量数目为2, 未覆盖的变量包括['操作', '交易品种', '交易方式', '交易方向', '盘后定价交易申报时间']
## 测试场景"4", 测试用例"3.7.1.2_4", 覆盖变量数目为2, 未覆盖的变量包括['操作', '交易品种', '交易方式', '交易方向', '盘后定价交易申报时间']
### 测试场景"4", 覆盖变量的最大数目为6, 整体未覆盖的变量包括['交易品种']

## 测试场景"5", 测试用例"3.11.1.1.1_1", 覆盖变量数目为2, 未覆盖的变量包括['操作', '交易市场', '交易品种', '交易方向', '盘后定价交易申报时间', '申报数量', '价格']
## 测试场景"5", 测试用例"3.11.1.1.2_1", 覆盖变量数目为2, 未覆盖的变量包括['操作', '交易市场', '交易品种', '交易方向', '盘后定价交易申报时间', '申报数量', '价格']
## 测试场景"5", 测试用例"3.11.1.1.3.1_1", 覆盖变量数目为4, 未覆盖的变量包括['交易品种', '交易方向', '盘后定价交易申报时间', '申报数量', '价格']
## 测试场景"5", 测试用例"3.11.1.2.3.1_1", 覆盖变量数目为5, 未覆盖的变量包括['交易品种', '盘后定价交易申报时间', '申报数量', '价格']
## 测试场景"5", 测试用例"3.11.2.1.1_1", 覆盖变量数目为2, 未覆盖的变量包括['操作', '交易市场', '交易品种', '交易方向', '盘后定价交易申报时间', '申报数量', '价格']
## 测试场景"5", 测试用例"3.11.2.1.2_1", 覆盖变量数目为2, 未覆盖的变量包括['操作', '交易市场', '交易品种', '交易方向', '盘后定价交易申报时间', '申报数量', '价格']
## 测试场景"5", 测试用例"3.11.2.1.3.1_1", 覆盖变量数目为4, 未覆盖的变量包括['交易品种', '交易方向', '盘后定价交易申报时间', '申报数量', '价格']
## 测试场景"5", 测试用例"3.11.2.2.3.1_1", 覆盖变量数目为5, 未覆盖的变量包括['交易品种', '盘后定价交易申报时间', '申报数量', '价格']
## 测试场景"5", 测试用例"3.2.1.1.1_1", 覆盖变量数目为3, 未覆盖的变量包括['交易品种', '交易方式', '交易方向', '盘后定价交易申报时间', '申报数量', '价格']
## 测试场景"5", 测试用例"3.2.1.2.1_1", 覆盖变量数目为4, 未覆盖的变量包括['交易品种', '交易方式', '盘后定价交易申报时间', '申报数量', '价格']
## 测试场景"5", 测试用例"3.2.2.1.1_1", 覆盖变量数目为4, 未覆盖的变量包括['交易品种', '交易方式', '交易方向', '申报数量', '价格']
## 测试场景"5", 测试用例"3.2.2.2.1_1", 覆盖变量数目为5, 未覆盖的变量包括['交易品种', '交易方式', '申报数量', '价格']
## 测试场景"5", 测试用例"3.2.3.1_1", 覆盖变量数目为3, 未覆盖的变量包括['交易品种', '交易方式', '交易方向', '盘后定价交易申报时间', '申报数量', '价格']
## 测试场景"5", 测试用例"3.2.3.2_1", 覆盖变量数目为4, 未覆盖的变量包括['交易品种', '交易方式', '盘后定价交易申报时间', '申报数量', '价格']
## 测试场景"5", 测试用例"3.2.4.1_2", 覆盖变量数目为3, 未覆盖的变量包括['操作', '交易品种', '交易方向', '盘后定价交易申报时间', '申报数量', '价格']
## 测试场景"5", 测试用例"3.2.4.1_3", 覆盖变量数目为3, 未覆盖的变量包括['操作', '交易品种', '交易方向', '盘后定价交易申报时间', '申报数量', '价格']
## 测试场景"5", 测试用例"3.2.4.1_4", 覆盖变量数目为3, 未覆盖的变量包括['操作', '交易品种', '交易方向', '盘后定价交易申报时间', '申报数量', '价格']
## 测试场景"5", 测试用例"3.2.4.1_5", 覆盖变量数目为3, 未覆盖的变量包括['操作', '交易品种', '交易方向', '盘后定价交易申报时间', '申报数量', '价格']
## 测试场景"5", 测试用例"3.2.4.1_6", 覆盖变量数目为3, 未覆盖的变量包括['操作', '交易品种', '交易方向', '盘后定价交易申报时间', '申报数量', '价格']
## 测试场景"5", 测试用例"3.2.4.1_7", 覆盖变量数目为3, 未覆盖的变量包括['操作', '交易品种', '交易方向', '盘后定价交易申报时间', '申报数量', '价格']
## 测试场景"5", 测试用例"3.2.4.1_8", 覆盖变量数目为3, 未覆盖的变量包括['操作', '交易品种', '交易方向', '盘后定价交易申报时间', '申报数量', '价格']
## 测试场景"5", 测试用例"3.2.4.2_2", 覆盖变量数目为4, 未覆盖的变量包括['操作', '交易品种', '盘后定价交易申报时间', '申报数量', '价格']
## 测试场景"5", 测试用例"3.2.4.2_3", 覆盖变量数目为4, 未覆盖的变量包括['操作', '交易品种', '盘后定价交易申报时间', '申报数量', '价格']
## 测试场景"5", 测试用例"3.2.4.2_4", 覆盖变量数目为4, 未覆盖的变量包括['操作', '交易品种', '盘后定价交易申报时间', '申报数量', '价格']
## 测试场景"5", 测试用例"3.2.4.2_5", 覆盖变量数目为4, 未覆盖的变量包括['操作', '交易品种', '盘后定价交易申报时间', '申报数量', '价格']
## 测试场景"5", 测试用例"3.2.4.2_6", 覆盖变量数目为4, 未覆盖的变量包括['操作', '交易品种', '盘后定价交易申报时间', '申报数量', '价格']
## 测试场景"5", 测试用例"3.2.4.2_7", 覆盖变量数目为4, 未覆盖的变量包括['操作', '交易品种', '盘后定价交易申报时间', '申报数量', '价格']
## 测试场景"5", 测试用例"3.2.4.2_8", 覆盖变量数目为4, 未覆盖的变量包括['操作', '交易品种', '盘后定价交易申报时间', '申报数量', '价格']
## 测试场景"5", 测试用例"3.2.5.1_2", 覆盖变量数目为3, 未覆盖的变量包括['交易品种', '交易方式', '交易方向', '盘后定价交易申报时间', '申报数量', '价格']
## 测试场景"5", 测试用例"3.2.5.1_3", 覆盖变量数目为3, 未覆盖的变量包括['交易品种', '交易方式', '交易方向', '盘后定价交易申报时间', '申报数量', '价格']
## 测试场景"5", 测试用例"3.2.5.1_4", 覆盖变量数目为3, 未覆盖的变量包括['交易品种', '交易方式', '交易方向', '盘后定价交易申报时间', '申报数量', '价格']
## 测试场景"5", 测试用例"3.2.5.2_2", 覆盖变量数目为4, 未覆盖的变量包括['交易品种', '交易方式', '盘后定价交易申报时间', '申报数量', '价格']
## 测试场景"5", 测试用例"3.2.5.2_3", 覆盖变量数目为4, 未覆盖的变量包括['交易品种', '交易方式', '盘后定价交易申报时间', '申报数量', '价格']
## 测试场景"5", 测试用例"3.2.5.2_4", 覆盖变量数目为4, 未覆盖的变量包括['交易品种', '交易方式', '盘后定价交易申报时间', '申报数量', '价格']
## 测试场景"5", 测试用例"3.3.1.1.1_1", 覆盖变量数目为4, 未覆盖的变量包括['操作', '交易方向', '盘后定价交易申报时间', '申报数量', '价格']
## 测试场景"5", 测试用例"3.3.1.2.1_1", 覆盖变量数目为5, 未覆盖的变量包括['操作', '盘后定价交易申报时间', '申报数量', '价格']
## 测试场景"5", 测试用例"3.5.1.1_2", 覆盖变量数目为3, 未覆盖的变量包括['交易品种', '交易方式', '交易方向', '盘后定价交易申报时间', '申报数量', '价格']
## 测试场景"5", 测试用例"3.5.1.1_3", 覆盖变量数目为3, 未覆盖的变量包括['交易品种', '交易方式', '交易方向', '盘后定价交易申报时间', '申报数量', '价格']
## 测试场景"5", 测试用例"3.5.1.1_4", 覆盖变量数目为3, 未覆盖的变量包括['交易品种', '交易方式', '交易方向', '盘后定价交易申报时间', '申报数量', '价格']
## 测试场景"5", 测试用例"3.5.1.2_2", 覆盖变量数目为4, 未覆盖的变量包括['交易品种', '交易方式', '盘后定价交易申报时间', '申报数量', '价格']
## 测试场景"5", 测试用例"3.5.1.2_3", 覆盖变量数目为4, 未覆盖的变量包括['交易品种', '交易方式', '盘后定价交易申报时间', '申报数量', '价格']
## 测试场景"5", 测试用例"3.5.1.2_4", 覆盖变量数目为4, 未覆盖的变量包括['交易品种', '交易方式', '盘后定价交易申报时间', '申报数量', '价格']
## 测试场景"5", 测试用例"3.6.1.1.1_1", 覆盖变量数目为3, 未覆盖的变量包括['交易品种', '交易方式', '交易方向', '盘后定价交易申报时间', '申报数量', '价格']
## 测试场景"5", 测试用例"3.6.1.2.1_1", 覆盖变量数目为4, 未覆盖的变量包括['交易品种', '交易方式', '盘后定价交易申报时间', '申报数量', '价格']
## 测试场景"5", 测试用例"3.7.1.1_1", 覆盖变量数目为2, 未覆盖的变量包括['操作', '交易品种', '交易方式', '交易方向', '盘后定价交易申报时间', '申报数量', '价格']
## 测试场景"5", 测试用例"3.7.1.2_1", 覆盖变量数目为3, 未覆盖的变量包括['操作', '交易品种', '交易方式', '盘后定价交易申报时间', '申报数量', '价格']
### 测试场景"5", 覆盖变量的最大数目为7, 整体未覆盖的变量包括['申报数量', '价格']

## 测试场景"6", 测试用例"3.11.1.1.3.1_2", 覆盖变量数目为4, 未覆盖的变量包括['交易品种', '交易方向', '盘后定价交易申报时间', '申报数量', '价格']
## 测试场景"6", 测试用例"3.11.1.2.3.1_2", 覆盖变量数目为5, 未覆盖的变量包括['交易品种', '盘后定价交易申报时间', '申报数量', '价格']
## 测试场景"6", 测试用例"3.2.1.1.1_2", 覆盖变量数目为3, 未覆盖的变量包括['交易品种', '交易方式', '交易方向', '盘后定价交易申报时间', '申报数量', '价格']
## 测试场景"6", 测试用例"3.2.1.2.1_2", 覆盖变量数目为4, 未覆盖的变量包括['交易品种', '交易方式', '盘后定价交易申报时间', '申报数量', '价格']
## 测试场景"6", 测试用例"3.2.2.1.1_2", 覆盖变量数目为4, 未覆盖的变量包括['交易品种', '交易方式', '交易方向', '申报数量', '价格']
## 测试场景"6", 测试用例"3.2.2.2.1_2", 覆盖变量数目为5, 未覆盖的变量包括['交易品种', '交易方式', '申报数量', '价格']
## 测试场景"6", 测试用例"3.2.4.1_1", 覆盖变量数目为3, 未覆盖的变量包括['操作', '交易品种', '交易方向', '盘后定价交易申报时间', '申报数量', '价格']
## 测试场景"6", 测试用例"3.2.4.2_1", 覆盖变量数目为4, 未覆盖的变量包括['操作', '交易品种', '盘后定价交易申报时间', '申报数量', '价格']
## 测试场景"6", 测试用例"3.2.5.1_1", 覆盖变量数目为3, 未覆盖的变量包括['交易品种', '交易方式', '交易方向', '盘后定价交易申报时间', '申报数量', '价格']
## 测试场景"6", 测试用例"3.2.5.2_1", 覆盖变量数目为4, 未覆盖的变量包括['交易品种', '交易方式', '盘后定价交易申报时间', '申报数量', '价格']
## 测试场景"6", 测试用例"3.5.1.1_1", 覆盖变量数目为3, 未覆盖的变量包括['交易品种', '交易方式', '交易方向', '盘后定价交易申报时间', '申报数量', '价格']
## 测试场景"6", 测试用例"3.5.1.2_1", 覆盖变量数目为4, 未覆盖的变量包括['交易品种', '交易方式', '盘后定价交易申报时间', '申报数量', '价格']
## 测试场景"6", 测试用例"3.6.1.1.1_2", 覆盖变量数目为3, 未覆盖的变量包括['交易品种', '交易方式', '交易方向', '盘后定价交易申报时间', '申报数量', '价格']
## 测试场景"6", 测试用例"3.6.1.1.1_3", 覆盖变量数目为3, 未覆盖的变量包括['交易品种', '交易方式', '交易方向', '盘后定价交易申报时间', '申报数量', '价格']
## 测试场景"6", 测试用例"3.6.1.1.1_4", 覆盖变量数目为3, 未覆盖的变量包括['交易品种', '交易方式', '交易方向', '盘后定价交易申报时间', '申报数量', '价格']
## 测试场景"6", 测试用例"3.6.1.2.1_2", 覆盖变量数目为4, 未覆盖的变量包括['交易品种', '交易方式', '盘后定价交易申报时间', '申报数量', '价格']
## 测试场景"6", 测试用例"3.6.1.2.1_3", 覆盖变量数目为4, 未覆盖的变量包括['交易品种', '交易方式', '盘后定价交易申报时间', '申报数量', '价格']
## 测试场景"6", 测试用例"3.6.1.2.1_4", 覆盖变量数目为4, 未覆盖的变量包括['交易品种', '交易方式', '盘后定价交易申报时间', '申报数量', '价格']
## 测试场景"6", 测试用例"3.7.1.1_2", 覆盖变量数目为2, 未覆盖的变量包括['操作', '交易品种', '交易方式', '交易方向', '盘后定价交易申报时间', '申报数量', '价格']
## 测试场景"6", 测试用例"3.7.1.1_3", 覆盖变量数目为2, 未覆盖的变量包括['操作', '交易品种', '交易方式', '交易方向', '盘后定价交易申报时间', '申报数量', '价格']
## 测试场景"6", 测试用例"3.7.1.1_4", 覆盖变量数目为2, 未覆盖的变量包括['操作', '交易品种', '交易方式', '交易方向', '盘后定价交易申报时间', '申报数量', '价格']
## 测试场景"6", 测试用例"3.7.1.2_2", 覆盖变量数目为3, 未覆盖的变量包括['操作', '交易品种', '交易方式', '盘后定价交易申报时间', '申报数量', '价格']
## 测试场景"6", 测试用例"3.7.1.2_3", 覆盖变量数目为3, 未覆盖的变量包括['操作', '交易品种', '交易方式', '盘后定价交易申报时间', '申报数量', '价格']
## 测试场景"6", 测试用例"3.7.1.2_4", 覆盖变量数目为3, 未覆盖的变量包括['操作', '交易品种', '交易方式', '盘后定价交易申报时间', '申报数量', '价格']
### 测试场景"6", 覆盖变量的最大数目为6, 整体未覆盖的变量包括['交易品种', '申报数量', '价格']

## 测试场景"7", 测试用例"3.11.1.1.3.1_2", 覆盖变量数目为4, 未覆盖的变量包括['交易品种', '交易方向', '盘后定价交易申报时间', '申报数量']
## 测试场景"7", 测试用例"3.11.1.2.3.1_2", 覆盖变量数目为5, 未覆盖的变量包括['交易品种', '盘后定价交易申报时间', '申报数量']
## 测试场景"7", 测试用例"3.2.1.1.1_2", 覆盖变量数目为3, 未覆盖的变量包括['交易品种', '交易方式', '交易方向', '盘后定价交易申报时间', '申报数量']
## 测试场景"7", 测试用例"3.2.1.2.1_2", 覆盖变量数目为4, 未覆盖的变量包括['交易品种', '交易方式', '盘后定价交易申报时间', '申报数量']
## 测试场景"7", 测试用例"3.2.2.1.1_2", 覆盖变量数目为4, 未覆盖的变量包括['交易品种', '交易方式', '交易方向', '申报数量']
## 测试场景"7", 测试用例"3.2.2.2.1_2", 覆盖变量数目为5, 未覆盖的变量包括['交易品种', '交易方式', '申报数量']
## 测试场景"7", 测试用例"3.2.4.1_1", 覆盖变量数目为3, 未覆盖的变量包括['操作', '交易品种', '交易方向', '盘后定价交易申报时间', '申报数量']
## 测试场景"7", 测试用例"3.2.4.2_1", 覆盖变量数目为4, 未覆盖的变量包括['操作', '交易品种', '盘后定价交易申报时间', '申报数量']
## 测试场景"7", 测试用例"3.2.5.1_1", 覆盖变量数目为3, 未覆盖的变量包括['交易品种', '交易方式', '交易方向', '盘后定价交易申报时间', '申报数量']
## 测试场景"7", 测试用例"3.2.5.2_1", 覆盖变量数目为4, 未覆盖的变量包括['交易品种', '交易方式', '盘后定价交易申报时间', '申报数量']
## 测试场景"7", 测试用例"3.5.1.1_1", 覆盖变量数目为3, 未覆盖的变量包括['交易品种', '交易方式', '交易方向', '盘后定价交易申报时间', '申报数量']
## 测试场景"7", 测试用例"3.5.1.2_1", 覆盖变量数目为4, 未覆盖的变量包括['交易品种', '交易方式', '盘后定价交易申报时间', '申报数量']
## 测试场景"7", 测试用例"3.6.1.1.1_2", 覆盖变量数目为3, 未覆盖的变量包括['交易品种', '交易方式', '交易方向', '盘后定价交易申报时间', '申报数量']
## 测试场景"7", 测试用例"3.6.1.1.1_3", 覆盖变量数目为3, 未覆盖的变量包括['交易品种', '交易方式', '交易方向', '盘后定价交易申报时间', '申报数量']
## 测试场景"7", 测试用例"3.6.1.1.1_4", 覆盖变量数目为3, 未覆盖的变量包括['交易品种', '交易方式', '交易方向', '盘后定价交易申报时间', '申报数量']
## 测试场景"7", 测试用例"3.6.1.2.1_2", 覆盖变量数目为4, 未覆盖的变量包括['交易品种', '交易方式', '盘后定价交易申报时间', '申报数量']
## 测试场景"7", 测试用例"3.6.1.2.1_3", 覆盖变量数目为4, 未覆盖的变量包括['交易品种', '交易方式', '盘后定价交易申报时间', '申报数量']
## 测试场景"7", 测试用例"3.6.1.2.1_4", 覆盖变量数目为4, 未覆盖的变量包括['交易品种', '交易方式', '盘后定价交易申报时间', '申报数量']
## 测试场景"7", 测试用例"3.7.1.1_2", 覆盖变量数目为2, 未覆盖的变量包括['操作', '交易品种', '交易方式', '交易方向', '盘后定价交易申报时间', '申报数量']
## 测试场景"7", 测试用例"3.7.1.1_3", 覆盖变量数目为2, 未覆盖的变量包括['操作', '交易品种', '交易方式', '交易方向', '盘后定价交易申报时间', '申报数量']
## 测试场景"7", 测试用例"3.7.1.1_4", 覆盖变量数目为2, 未覆盖的变量包括['操作', '交易品种', '交易方式', '交易方向', '盘后定价交易申报时间', '申报数量']
## 测试场景"7", 测试用例"3.7.1.2_2", 覆盖变量数目为3, 未覆盖的变量包括['操作', '交易品种', '交易方式', '盘后定价交易申报时间', '申报数量']
## 测试场景"7", 测试用例"3.7.1.2_3", 覆盖变量数目为3, 未覆盖的变量包括['操作', '交易品种', '交易方式', '盘后定价交易申报时间', '申报数量']
## 测试场景"7", 测试用例"3.7.1.2_4", 覆盖变量数目为3, 未覆盖的变量包括['操作', '交易品种', '交易方式', '盘后定价交易申报时间', '申报数量']
### 测试场景"7", 覆盖变量的最大数目为6, 整体未覆盖的变量包括['交易品种', '申报数量']

## 测试场景"8", 测试用例"3.11.1.1.3.1_2", 覆盖变量数目为4, 未覆盖的变量包括['交易品种', '交易方向', '盘后定价交易申报时间']
## 测试场景"8", 测试用例"3.11.1.2.3.1_2", 覆盖变量数目为5, 未覆盖的变量包括['交易品种', '盘后定价交易申报时间']
## 测试场景"8", 测试用例"3.2.1.1.1_2", 覆盖变量数目为3, 未覆盖的变量包括['交易品种', '交易方式', '交易方向', '盘后定价交易申报时间']
## 测试场景"8", 测试用例"3.2.1.2.1_2", 覆盖变量数目为4, 未覆盖的变量包括['交易品种', '交易方式', '盘后定价交易申报时间']
## 测试场景"8", 测试用例"3.2.2.1.1_2", 覆盖变量数目为4, 未覆盖的变量包括['交易品种', '交易方式', '交易方向']
## 测试场景"8", 测试用例"3.2.2.2.1_2", 覆盖变量数目为5, 未覆盖的变量包括['交易品种', '交易方式']
## 测试场景"8", 测试用例"3.2.4.1_1", 覆盖变量数目为3, 未覆盖的变量包括['操作', '交易品种', '交易方向', '盘后定价交易申报时间']
## 测试场景"8", 测试用例"3.2.4.2_1", 覆盖变量数目为4, 未覆盖的变量包括['操作', '交易品种', '盘后定价交易申报时间']
## 测试场景"8", 测试用例"3.2.5.1_1", 覆盖变量数目为3, 未覆盖的变量包括['交易品种', '交易方式', '交易方向', '盘后定价交易申报时间']
## 测试场景"8", 测试用例"3.2.5.2_1", 覆盖变量数目为4, 未覆盖的变量包括['交易品种', '交易方式', '盘后定价交易申报时间']
## 测试场景"8", 测试用例"3.5.1.1_1", 覆盖变量数目为3, 未覆盖的变量包括['交易品种', '交易方式', '交易方向', '盘后定价交易申报时间']
## 测试场景"8", 测试用例"3.5.1.2_1", 覆盖变量数目为4, 未覆盖的变量包括['交易品种', '交易方式', '盘后定价交易申报时间']
## 测试场景"8", 测试用例"3.6.1.1.1_2", 覆盖变量数目为3, 未覆盖的变量包括['交易品种', '交易方式', '交易方向', '盘后定价交易申报时间']
## 测试场景"8", 测试用例"3.6.1.1.1_3", 覆盖变量数目为3, 未覆盖的变量包括['交易品种', '交易方式', '交易方向', '盘后定价交易申报时间']
## 测试场景"8", 测试用例"3.6.1.1.1_4", 覆盖变量数目为3, 未覆盖的变量包括['交易品种', '交易方式', '交易方向', '盘后定价交易申报时间']
## 测试场景"8", 测试用例"3.6.1.2.1_2", 覆盖变量数目为4, 未覆盖的变量包括['交易品种', '交易方式', '盘后定价交易申报时间']
## 测试场景"8", 测试用例"3.6.1.2.1_3", 覆盖变量数目为4, 未覆盖的变量包括['交易品种', '交易方式', '盘后定价交易申报时间']
## 测试场景"8", 测试用例"3.6.1.2.1_4", 覆盖变量数目为4, 未覆盖的变量包括['交易品种', '交易方式', '盘后定价交易申报时间']
## 测试场景"8", 测试用例"3.7.1.1_2", 覆盖变量数目为2, 未覆盖的变量包括['操作', '交易品种', '交易方式', '交易方向', '盘后定价交易申报时间']
## 测试场景"8", 测试用例"3.7.1.1_3", 覆盖变量数目为2, 未覆盖的变量包括['操作', '交易品种', '交易方式', '交易方向', '盘后定价交易申报时间']
## 测试场景"8", 测试用例"3.7.1.1_4", 覆盖变量数目为2, 未覆盖的变量包括['操作', '交易品种', '交易方式', '交易方向', '盘后定价交易申报时间']
## 测试场景"8", 测试用例"3.7.1.2_2", 覆盖变量数目为3, 未覆盖的变量包括['操作', '交易品种', '交易方式', '盘后定价交易申报时间']
## 测试场景"8", 测试用例"3.7.1.2_3", 覆盖变量数目为3, 未覆盖的变量包括['操作', '交易品种', '交易方式', '盘后定价交易申报时间']
## 测试场景"8", 测试用例"3.7.1.2_4", 覆盖变量数目为3, 未覆盖的变量包括['操作', '交易品种', '交易方式', '盘后定价交易申报时间']
### 测试场景"8", 覆盖变量的最大数目为6, 整体未覆盖的变量包括['交易品种']

## 测试场景"9", 测试用例"3.11.1.1.1_1", 覆盖变量数目为2, 未覆盖的变量包括['操作', '交易市场', '交易品种', '交易方向', '状态', '时间']
## 测试场景"9", 测试用例"3.11.1.1.2_1", 覆盖变量数目为2, 未覆盖的变量包括['操作', '交易市场', '交易品种', '交易方向', '状态', '时间']
## 测试场景"9", 测试用例"3.11.1.1.3.1_1", 覆盖变量数目为5, 未覆盖的变量包括['交易品种', '状态', '时间']
## 测试场景"9", 测试用例"3.11.1.2.3.1_1", 覆盖变量数目为4, 未覆盖的变量包括['交易品种', '交易方向', '状态', '时间']
## 测试场景"9", 测试用例"3.11.2.1.1_1", 覆盖变量数目为2, 未覆盖的变量包括['操作', '交易市场', '交易品种', '交易方向', '状态', '时间']
## 测试场景"9", 测试用例"3.11.2.1.2_1", 覆盖变量数目为2, 未覆盖的变量包括['操作', '交易市场', '交易品种', '交易方向', '状态', '时间']
## 测试场景"9", 测试用例"3.11.2.1.3.1_1", 覆盖变量数目为5, 未覆盖的变量包括['交易品种', '状态', '时间']
## 测试场景"9", 测试用例"3.11.2.2.3.1_1", 覆盖变量数目为4, 未覆盖的变量包括['交易品种', '交易方向', '状态', '时间']
## 测试场景"9", 测试用例"3.2.1.1.1_1", 覆盖变量数目为4, 未覆盖的变量包括['交易品种', '交易方式', '状态', '时间']
## 测试场景"9", 测试用例"3.2.1.2.1_1", 覆盖变量数目为3, 未覆盖的变量包括['交易品种', '交易方式', '交易方向', '状态', '时间']
## 测试场景"9", 测试用例"3.2.2.1.1_1", 覆盖变量数目为4, 未覆盖的变量包括['交易品种', '交易方式', '状态', '时间']
## 测试场景"9", 测试用例"3.2.2.2.1_1", 覆盖变量数目为3, 未覆盖的变量包括['交易品种', '交易方式', '交易方向', '状态', '时间']
## 测试场景"9", 测试用例"3.2.3.1_1", 覆盖变量数目为4, 未覆盖的变量包括['交易品种', '交易方式', '状态', '时间']
## 测试场景"9", 测试用例"3.2.3.2_1", 覆盖变量数目为3, 未覆盖的变量包括['交易品种', '交易方式', '交易方向', '状态', '时间']
## 测试场景"9", 测试用例"3.2.4.1_2", 覆盖变量数目为4, 未覆盖的变量包括['操作', '交易品种', '状态', '时间']
## 测试场景"9", 测试用例"3.2.4.1_3", 覆盖变量数目为4, 未覆盖的变量包括['操作', '交易品种', '状态', '时间']
## 测试场景"9", 测试用例"3.2.4.1_4", 覆盖变量数目为4, 未覆盖的变量包括['操作', '交易品种', '状态', '时间']
## 测试场景"9", 测试用例"3.2.4.1_5", 覆盖变量数目为4, 未覆盖的变量包括['操作', '交易品种', '状态', '时间']
## 测试场景"9", 测试用例"3.2.4.1_6", 覆盖变量数目为4, 未覆盖的变量包括['操作', '交易品种', '状态', '时间']
## 测试场景"9", 测试用例"3.2.4.1_7", 覆盖变量数目为4, 未覆盖的变量包括['操作', '交易品种', '状态', '时间']
## 测试场景"9", 测试用例"3.2.4.1_8", 覆盖变量数目为4, 未覆盖的变量包括['操作', '交易品种', '状态', '时间']
## 测试场景"9", 测试用例"3.2.4.2_2", 覆盖变量数目为3, 未覆盖的变量包括['操作', '交易品种', '交易方向', '状态', '时间']
## 测试场景"9", 测试用例"3.2.4.2_3", 覆盖变量数目为3, 未覆盖的变量包括['操作', '交易品种', '交易方向', '状态', '时间']
## 测试场景"9", 测试用例"3.2.4.2_4", 覆盖变量数目为3, 未覆盖的变量包括['操作', '交易品种', '交易方向', '状态', '时间']
## 测试场景"9", 测试用例"3.2.4.2_5", 覆盖变量数目为3, 未覆盖的变量包括['操作', '交易品种', '交易方向', '状态', '时间']
## 测试场景"9", 测试用例"3.2.4.2_6", 覆盖变量数目为3, 未覆盖的变量包括['操作', '交易品种', '交易方向', '状态', '时间']
## 测试场景"9", 测试用例"3.2.4.2_7", 覆盖变量数目为3, 未覆盖的变量包括['操作', '交易品种', '交易方向', '状态', '时间']
## 测试场景"9", 测试用例"3.2.4.2_8", 覆盖变量数目为3, 未覆盖的变量包括['操作', '交易品种', '交易方向', '状态', '时间']
## 测试场景"9", 测试用例"3.2.5.1_2", 覆盖变量数目为4, 未覆盖的变量包括['交易品种', '交易方式', '状态', '时间']
## 测试场景"9", 测试用例"3.2.5.1_3", 覆盖变量数目为4, 未覆盖的变量包括['交易品种', '交易方式', '状态', '时间']
## 测试场景"9", 测试用例"3.2.5.1_4", 覆盖变量数目为4, 未覆盖的变量包括['交易品种', '交易方式', '状态', '时间']
## 测试场景"9", 测试用例"3.2.5.2_2", 覆盖变量数目为3, 未覆盖的变量包括['交易品种', '交易方式', '交易方向', '状态', '时间']
## 测试场景"9", 测试用例"3.2.5.2_3", 覆盖变量数目为3, 未覆盖的变量包括['交易品种', '交易方式', '交易方向', '状态', '时间']
## 测试场景"9", 测试用例"3.2.5.2_4", 覆盖变量数目为3, 未覆盖的变量包括['交易品种', '交易方式', '交易方向', '状态', '时间']
## 测试场景"9", 测试用例"3.3.1.1.1_1", 覆盖变量数目为5, 未覆盖的变量包括['操作', '状态', '时间']
## 测试场景"9", 测试用例"3.3.1.2.1_1", 覆盖变量数目为4, 未覆盖的变量包括['操作', '交易方向', '状态', '时间']
## 测试场景"9", 测试用例"3.5.1.1_2", 覆盖变量数目为4, 未覆盖的变量包括['交易品种', '交易方式', '状态', '时间']
## 测试场景"9", 测试用例"3.5.1.1_3", 覆盖变量数目为4, 未覆盖的变量包括['交易品种', '交易方式', '状态', '时间']
## 测试场景"9", 测试用例"3.5.1.1_4", 覆盖变量数目为4, 未覆盖的变量包括['交易品种', '交易方式', '状态', '时间']
## 测试场景"9", 测试用例"3.5.1.2_2", 覆盖变量数目为4, 未覆盖的变量包括['交易品种', '交易方式', '状态', '时间']
## 测试场景"9", 测试用例"3.5.1.2_3", 覆盖变量数目为4, 未覆盖的变量包括['交易品种', '交易方式', '状态', '时间']
## 测试场景"9", 测试用例"3.5.1.2_4", 覆盖变量数目为4, 未覆盖的变量包括['交易品种', '交易方式', '状态', '时间']
## 测试场景"9", 测试用例"3.6.1.1.1_1", 覆盖变量数目为4, 未覆盖的变量包括['交易品种', '交易方式', '状态', '时间']
## 测试场景"9", 测试用例"3.6.1.2.1_1", 覆盖变量数目为3, 未覆盖的变量包括['交易品种', '交易方式', '交易方向', '状态', '时间']
## 测试场景"9", 测试用例"3.7.1.1_1", 覆盖变量数目为3, 未覆盖的变量包括['操作', '交易品种', '交易方式', '状态', '时间']
## 测试场景"9", 测试用例"3.7.1.2_1", 覆盖变量数目为2, 未覆盖的变量包括['操作', '交易品种', '交易方式', '交易方向', '状态', '时间']
### 测试场景"9", 覆盖变量的最大数目为6, 整体未覆盖的变量包括['状态', '时间']

## 测试场景"10", 测试用例"3.11.1.1.1_1", 覆盖变量数目为2, 未覆盖的变量包括['操作', '交易市场', '交易品种', '交易方向', '状态', '时间']
## 测试场景"10", 测试用例"3.11.1.1.2_1", 覆盖变量数目为2, 未覆盖的变量包括['操作', '交易市场', '交易品种', '交易方向', '状态', '时间']
## 测试场景"10", 测试用例"3.11.1.1.3.1_1", 覆盖变量数目为4, 未覆盖的变量包括['交易品种', '交易方向', '状态', '时间']
## 测试场景"10", 测试用例"3.11.1.2.3.1_1", 覆盖变量数目为5, 未覆盖的变量包括['交易品种', '状态', '时间']
## 测试场景"10", 测试用例"3.11.2.1.1_1", 覆盖变量数目为2, 未覆盖的变量包括['操作', '交易市场', '交易品种', '交易方向', '状态', '时间']
## 测试场景"10", 测试用例"3.11.2.1.2_1", 覆盖变量数目为2, 未覆盖的变量包括['操作', '交易市场', '交易品种', '交易方向', '状态', '时间']
## 测试场景"10", 测试用例"3.11.2.1.3.1_1", 覆盖变量数目为4, 未覆盖的变量包括['交易品种', '交易方向', '状态', '时间']
## 测试场景"10", 测试用例"3.11.2.2.3.1_1", 覆盖变量数目为5, 未覆盖的变量包括['交易品种', '状态', '时间']
## 测试场景"10", 测试用例"3.2.1.1.1_1", 覆盖变量数目为3, 未覆盖的变量包括['交易品种', '交易方式', '交易方向', '状态', '时间']
## 测试场景"10", 测试用例"3.2.1.2.1_1", 覆盖变量数目为4, 未覆盖的变量包括['交易品种', '交易方式', '状态', '时间']
## 测试场景"10", 测试用例"3.2.2.1.1_1", 覆盖变量数目为3, 未覆盖的变量包括['交易品种', '交易方式', '交易方向', '状态', '时间']
## 测试场景"10", 测试用例"3.2.2.2.1_1", 覆盖变量数目为4, 未覆盖的变量包括['交易品种', '交易方式', '状态', '时间']
## 测试场景"10", 测试用例"3.2.3.1_1", 覆盖变量数目为3, 未覆盖的变量包括['交易品种', '交易方式', '交易方向', '状态', '时间']
## 测试场景"10", 测试用例"3.2.3.2_1", 覆盖变量数目为4, 未覆盖的变量包括['交易品种', '交易方式', '状态', '时间']
## 测试场景"10", 测试用例"3.2.4.1_2", 覆盖变量数目为3, 未覆盖的变量包括['操作', '交易品种', '交易方向', '状态', '时间']
## 测试场景"10", 测试用例"3.2.4.1_3", 覆盖变量数目为3, 未覆盖的变量包括['操作', '交易品种', '交易方向', '状态', '时间']
## 测试场景"10", 测试用例"3.2.4.1_4", 覆盖变量数目为3, 未覆盖的变量包括['操作', '交易品种', '交易方向', '状态', '时间']
## 测试场景"10", 测试用例"3.2.4.1_5", 覆盖变量数目为3, 未覆盖的变量包括['操作', '交易品种', '交易方向', '状态', '时间']
## 测试场景"10", 测试用例"3.2.4.1_6", 覆盖变量数目为3, 未覆盖的变量包括['操作', '交易品种', '交易方向', '状态', '时间']
## 测试场景"10", 测试用例"3.2.4.1_7", 覆盖变量数目为3, 未覆盖的变量包括['操作', '交易品种', '交易方向', '状态', '时间']
## 测试场景"10", 测试用例"3.2.4.1_8", 覆盖变量数目为3, 未覆盖的变量包括['操作', '交易品种', '交易方向', '状态', '时间']
## 测试场景"10", 测试用例"3.2.4.2_2", 覆盖变量数目为4, 未覆盖的变量包括['操作', '交易品种', '状态', '时间']
## 测试场景"10", 测试用例"3.2.4.2_3", 覆盖变量数目为4, 未覆盖的变量包括['操作', '交易品种', '状态', '时间']
## 测试场景"10", 测试用例"3.2.4.2_4", 覆盖变量数目为4, 未覆盖的变量包括['操作', '交易品种', '状态', '时间']
## 测试场景"10", 测试用例"3.2.4.2_5", 覆盖变量数目为4, 未覆盖的变量包括['操作', '交易品种', '状态', '时间']
## 测试场景"10", 测试用例"3.2.4.2_6", 覆盖变量数目为4, 未覆盖的变量包括['操作', '交易品种', '状态', '时间']
## 测试场景"10", 测试用例"3.2.4.2_7", 覆盖变量数目为4, 未覆盖的变量包括['操作', '交易品种', '状态', '时间']
## 测试场景"10", 测试用例"3.2.4.2_8", 覆盖变量数目为4, 未覆盖的变量包括['操作', '交易品种', '状态', '时间']
## 测试场景"10", 测试用例"3.2.5.1_2", 覆盖变量数目为3, 未覆盖的变量包括['交易品种', '交易方式', '交易方向', '状态', '时间']
## 测试场景"10", 测试用例"3.2.5.1_3", 覆盖变量数目为3, 未覆盖的变量包括['交易品种', '交易方式', '交易方向', '状态', '时间']
## 测试场景"10", 测试用例"3.2.5.1_4", 覆盖变量数目为3, 未覆盖的变量包括['交易品种', '交易方式', '交易方向', '状态', '时间']
## 测试场景"10", 测试用例"3.2.5.2_2", 覆盖变量数目为4, 未覆盖的变量包括['交易品种', '交易方式', '状态', '时间']
## 测试场景"10", 测试用例"3.2.5.2_3", 覆盖变量数目为4, 未覆盖的变量包括['交易品种', '交易方式', '状态', '时间']
## 测试场景"10", 测试用例"3.2.5.2_4", 覆盖变量数目为4, 未覆盖的变量包括['交易品种', '交易方式', '状态', '时间']
## 测试场景"10", 测试用例"3.3.1.1.1_1", 覆盖变量数目为4, 未覆盖的变量包括['操作', '交易方向', '状态', '时间']
## 测试场景"10", 测试用例"3.3.1.2.1_1", 覆盖变量数目为5, 未覆盖的变量包括['操作', '状态', '时间']
## 测试场景"10", 测试用例"3.5.1.1_2", 覆盖变量数目为3, 未覆盖的变量包括['交易品种', '交易方式', '交易方向', '状态', '时间']
## 测试场景"10", 测试用例"3.5.1.1_3", 覆盖变量数目为3, 未覆盖的变量包括['交易品种', '交易方式', '交易方向', '状态', '时间']
## 测试场景"10", 测试用例"3.5.1.1_4", 覆盖变量数目为3, 未覆盖的变量包括['交易品种', '交易方式', '交易方向', '状态', '时间']
## 测试场景"10", 测试用例"3.5.1.2_2", 覆盖变量数目为4, 未覆盖的变量包括['交易品种', '交易方式', '状态', '时间']
## 测试场景"10", 测试用例"3.5.1.2_3", 覆盖变量数目为4, 未覆盖的变量包括['交易品种', '交易方式', '状态', '时间']
## 测试场景"10", 测试用例"3.5.1.2_4", 覆盖变量数目为4, 未覆盖的变量包括['交易品种', '交易方式', '状态', '时间']
## 测试场景"10", 测试用例"3.6.1.1.1_1", 覆盖变量数目为3, 未覆盖的变量包括['交易品种', '交易方式', '交易方向', '状态', '时间']
## 测试场景"10", 测试用例"3.6.1.2.1_1", 覆盖变量数目为4, 未覆盖的变量包括['交易品种', '交易方式', '状态', '时间']
## 测试场景"10", 测试用例"3.7.1.1_1", 覆盖变量数目为2, 未覆盖的变量包括['操作', '交易品种', '交易方式', '交易方向', '状态', '时间']
## 测试场景"10", 测试用例"3.7.1.2_1", 覆盖变量数目为3, 未覆盖的变量包括['操作', '交易品种', '交易方式', '状态', '时间']
### 测试场景"10", 覆盖变量的最大数目为6, 整体未覆盖的变量包括['状态', '时间']

## 测试场景"11", 测试用例"3.11.1.1.3.1_2", 覆盖变量数目为6, 未覆盖的变量包括['交易品种']
## 测试场景"11", 测试用例"3.11.1.2.3.1_2", 覆盖变量数目为5, 未覆盖的变量包括['交易品种', '交易方向']
## 测试场景"11", 测试用例"3.2.1.1.1_2", 覆盖变量数目为4, 未覆盖的变量包括['交易品种', '交易方式', '状态']
## 测试场景"11", 测试用例"3.2.1.2.1_2", 覆盖变量数目为3, 未覆盖的变量包括['交易品种', '交易方式', '交易方向', '状态']
## 测试场景"11", 测试用例"3.2.2.1.1_2", 覆盖变量数目为4, 未覆盖的变量包括['交易品种', '交易方式', '状态']
## 测试场景"11", 测试用例"3.2.2.2.1_2", 覆盖变量数目为3, 未覆盖的变量包括['交易品种', '交易方式', '交易方向', '状态']
## 测试场景"11", 测试用例"3.2.4.1_1", 覆盖变量数目为4, 未覆盖的变量包括['操作', '交易品种', '状态']
## 测试场景"11", 测试用例"3.2.4.2_1", 覆盖变量数目为3, 未覆盖的变量包括['操作', '交易品种', '交易方向', '状态']
## 测试场景"11", 测试用例"3.2.5.1_1", 覆盖变量数目为4, 未覆盖的变量包括['交易品种', '交易方式', '状态']
## 测试场景"11", 测试用例"3.2.5.2_1", 覆盖变量数目为3, 未覆盖的变量包括['交易品种', '交易方式', '交易方向', '状态']
## 测试场景"11", 测试用例"3.5.1.1_1", 覆盖变量数目为4, 未覆盖的变量包括['交易品种', '交易方式', '状态']
## 测试场景"11", 测试用例"3.5.1.2_1", 覆盖变量数目为4, 未覆盖的变量包括['交易品种', '交易方式', '状态']
## 测试场景"11", 测试用例"3.6.1.1.1_2", 覆盖变量数目为4, 未覆盖的变量包括['交易品种', '交易方式', '状态']
## 测试场景"11", 测试用例"3.6.1.1.1_3", 覆盖变量数目为4, 未覆盖的变量包括['交易品种', '交易方式', '状态']
## 测试场景"11", 测试用例"3.6.1.1.1_4", 覆盖变量数目为4, 未覆盖的变量包括['交易品种', '交易方式', '状态']
## 测试场景"11", 测试用例"3.6.1.2.1_2", 覆盖变量数目为3, 未覆盖的变量包括['交易品种', '交易方式', '交易方向', '状态']
## 测试场景"11", 测试用例"3.6.1.2.1_3", 覆盖变量数目为3, 未覆盖的变量包括['交易品种', '交易方式', '交易方向', '状态']
## 测试场景"11", 测试用例"3.6.1.2.1_4", 覆盖变量数目为3, 未覆盖的变量包括['交易品种', '交易方式', '交易方向', '状态']
## 测试场景"11", 测试用例"3.7.1.1_2", 覆盖变量数目为3, 未覆盖的变量包括['操作', '交易品种', '交易方式', '状态']
## 测试场景"11", 测试用例"3.7.1.1_3", 覆盖变量数目为3, 未覆盖的变量包括['操作', '交易品种', '交易方式', '状态']
## 测试场景"11", 测试用例"3.7.1.1_4", 覆盖变量数目为3, 未覆盖的变量包括['操作', '交易品种', '交易方式', '状态']
## 测试场景"11", 测试用例"3.7.1.2_2", 覆盖变量数目为2, 未覆盖的变量包括['操作', '交易品种', '交易方式', '交易方向', '状态']
## 测试场景"11", 测试用例"3.7.1.2_3", 覆盖变量数目为2, 未覆盖的变量包括['操作', '交易品种', '交易方式', '交易方向', '状态']
## 测试场景"11", 测试用例"3.7.1.2_4", 覆盖变量数目为2, 未覆盖的变量包括['操作', '交易品种', '交易方式', '交易方向', '状态']
### 测试场景"11", 覆盖变量的最大数目为6, 整体未覆盖的变量包括['交易品种']

## 测试场景"12", 测试用例"3.11.1.1.1_1", 覆盖变量数目为2, 未覆盖的变量包括['操作', '交易市场', '交易品种', '交易方向', '状态']
## 测试场景"12", 测试用例"3.11.1.1.2_1", 覆盖变量数目为2, 未覆盖的变量包括['操作', '交易市场', '交易品种', '交易方向', '状态']
## 测试场景"12", 测试用例"3.11.1.1.3.1_1", 覆盖变量数目为5, 未覆盖的变量包括['交易品种', '交易方向']
## 测试场景"12", 测试用例"3.11.1.2.3.1_1", 覆盖变量数目为6, 未覆盖的变量包括['交易品种']
## 测试场景"12", 测试用例"3.11.2.1.1_1", 覆盖变量数目为2, 未覆盖的变量包括['操作', '交易市场', '交易品种', '交易方向', '状态']
## 测试场景"12", 测试用例"3.11.2.1.2_1", 覆盖变量数目为2, 未覆盖的变量包括['操作', '交易市场', '交易品种', '交易方向', '状态']
## 测试场景"12", 测试用例"3.11.2.1.3.1_1", 覆盖变量数目为5, 未覆盖的变量包括['交易品种', '交易方向']
## 测试场景"12", 测试用例"3.11.2.2.3.1_1", 覆盖变量数目为6, 未覆盖的变量包括['交易品种']
## 测试场景"12", 测试用例"3.2.1.1.1_1", 覆盖变量数目为3, 未覆盖的变量包括['交易品种', '交易方式', '交易方向', '状态']
## 测试场景"12", 测试用例"3.2.1.2.1_1", 覆盖变量数目为4, 未覆盖的变量包括['交易品种', '交易方式', '状态']
## 测试场景"12", 测试用例"3.2.2.1.1_1", 覆盖变量数目为3, 未覆盖的变量包括['交易品种', '交易方式', '交易方向', '状态']
## 测试场景"12", 测试用例"3.2.2.2.1_1", 覆盖变量数目为4, 未覆盖的变量包括['交易品种', '交易方式', '状态']
## 测试场景"12", 测试用例"3.2.3.1_1", 覆盖变量数目为3, 未覆盖的变量包括['交易品种', '交易方式', '交易方向', '状态']
## 测试场景"12", 测试用例"3.2.3.2_1", 覆盖变量数目为4, 未覆盖的变量包括['交易品种', '交易方式', '状态']
## 测试场景"12", 测试用例"3.2.4.1_2", 覆盖变量数目为3, 未覆盖的变量包括['操作', '交易品种', '交易方向', '状态']
## 测试场景"12", 测试用例"3.2.4.1_3", 覆盖变量数目为3, 未覆盖的变量包括['操作', '交易品种', '交易方向', '状态']
## 测试场景"12", 测试用例"3.2.4.1_4", 覆盖变量数目为3, 未覆盖的变量包括['操作', '交易品种', '交易方向', '状态']
## 测试场景"12", 测试用例"3.2.4.1_5", 覆盖变量数目为3, 未覆盖的变量包括['操作', '交易品种', '交易方向', '状态']
## 测试场景"12", 测试用例"3.2.4.1_6", 覆盖变量数目为3, 未覆盖的变量包括['操作', '交易品种', '交易方向', '状态']
## 测试场景"12", 测试用例"3.2.4.1_7", 覆盖变量数目为3, 未覆盖的变量包括['操作', '交易品种', '交易方向', '状态']
## 测试场景"12", 测试用例"3.2.4.1_8", 覆盖变量数目为3, 未覆盖的变量包括['操作', '交易品种', '交易方向', '状态']
## 测试场景"12", 测试用例"3.2.4.2_2", 覆盖变量数目为4, 未覆盖的变量包括['操作', '交易品种', '状态']
## 测试场景"12", 测试用例"3.2.4.2_3", 覆盖变量数目为4, 未覆盖的变量包括['操作', '交易品种', '状态']
## 测试场景"12", 测试用例"3.2.4.2_4", 覆盖变量数目为4, 未覆盖的变量包括['操作', '交易品种', '状态']
## 测试场景"12", 测试用例"3.2.4.2_5", 覆盖变量数目为4, 未覆盖的变量包括['操作', '交易品种', '状态']
## 测试场景"12", 测试用例"3.2.4.2_6", 覆盖变量数目为4, 未覆盖的变量包括['操作', '交易品种', '状态']
## 测试场景"12", 测试用例"3.2.4.2_7", 覆盖变量数目为4, 未覆盖的变量包括['操作', '交易品种', '状态']
## 测试场景"12", 测试用例"3.2.4.2_8", 覆盖变量数目为4, 未覆盖的变量包括['操作', '交易品种', '状态']
## 测试场景"12", 测试用例"3.2.5.1_2", 覆盖变量数目为3, 未覆盖的变量包括['交易品种', '交易方式', '交易方向', '状态']
## 测试场景"12", 测试用例"3.2.5.1_3", 覆盖变量数目为3, 未覆盖的变量包括['交易品种', '交易方式', '交易方向', '状态']
## 测试场景"12", 测试用例"3.2.5.1_4", 覆盖变量数目为3, 未覆盖的变量包括['交易品种', '交易方式', '交易方向', '状态']
## 测试场景"12", 测试用例"3.2.5.2_2", 覆盖变量数目为4, 未覆盖的变量包括['交易品种', '交易方式', '状态']
## 测试场景"12", 测试用例"3.2.5.2_3", 覆盖变量数目为4, 未覆盖的变量包括['交易品种', '交易方式', '状态']
## 测试场景"12", 测试用例"3.2.5.2_4", 覆盖变量数目为4, 未覆盖的变量包括['交易品种', '交易方式', '状态']
## 测试场景"12", 测试用例"3.3.1.1.1_1", 覆盖变量数目为4, 未覆盖的变量包括['操作', '交易方向', '状态']
## 测试场景"12", 测试用例"3.3.1.2.1_1", 覆盖变量数目为5, 未覆盖的变量包括['操作', '状态']
## 测试场景"12", 测试用例"3.5.1.1_2", 覆盖变量数目为3, 未覆盖的变量包括['交易品种', '交易方式', '交易方向', '状态']
## 测试场景"12", 测试用例"3.5.1.1_3", 覆盖变量数目为3, 未覆盖的变量包括['交易品种', '交易方式', '交易方向', '状态']
## 测试场景"12", 测试用例"3.5.1.1_4", 覆盖变量数目为3, 未覆盖的变量包括['交易品种', '交易方式', '交易方向', '状态']
## 测试场景"12", 测试用例"3.5.1.2_2", 覆盖变量数目为4, 未覆盖的变量包括['交易品种', '交易方式', '状态']
## 测试场景"12", 测试用例"3.5.1.2_3", 覆盖变量数目为4, 未覆盖的变量包括['交易品种', '交易方式', '状态']
## 测试场景"12", 测试用例"3.5.1.2_4", 覆盖变量数目为4, 未覆盖的变量包括['交易品种', '交易方式', '状态']
## 测试场景"12", 测试用例"3.6.1.1.1_1", 覆盖变量数目为3, 未覆盖的变量包括['交易品种', '交易方式', '交易方向', '状态']
## 测试场景"12", 测试用例"3.6.1.2.1_1", 覆盖变量数目为4, 未覆盖的变量包括['交易品种', '交易方式', '状态']
## 测试场景"12", 测试用例"3.7.1.1_1", 覆盖变量数目为2, 未覆盖的变量包括['操作', '交易品种', '交易方式', '交易方向', '状态']
## 测试场景"12", 测试用例"3.7.1.2_1", 覆盖变量数目为3, 未覆盖的变量包括['操作', '交易品种', '交易方式', '状态']
### 测试场景"12", 覆盖变量的最大数目为7, 所有变量全部覆盖

使用atom，数据集data1的业务场景覆盖率为0.7884
